#
# There is insufficient memory for the Java Runtime Environment to continue.
# Native memory allocation (malloc) failed to allocate 1325472 bytes. Error detail: Chunk::new
# Possible reasons:
#   The system is out of physical RAM or swap space
#   This process is running with CompressedOops enabled, and the Java Heap may be blocking the growth of the native heap
# Possible solutions:
#   Reduce memory load on the system
#   Increase physical memory or swap space
#   Check if swap backing store is full
#   Decrease Java heap size (-Xmx/-Xms)
#   Decrease number of Java threads
#   Decrease Java thread stack sizes (-Xss)
#   Set larger code cache with -XX:ReservedCodeCacheSize=
#   JVM is running with Unscaled Compressed Oops mode in which the Java heap is
#     placed in the first 4GB address space. The Java Heap base address is the
#     maximum limit for the native heap growth. Please use -XX:HeapBaseMinAddress
#     to set the Java Heap base and to place the Java Heap above 4GB virtual address.
# This output file may be truncated or incomplete.
#
#  Out of Memory Error (arena.cpp:150), pid=11824, tid=9544
#
# JRE version: OpenJDK Runtime Environment (22.0.2+9) (build 22.0.2+9-70)
# Java VM: OpenJDK 64-Bit Server VM (22.0.2+9-70, mixed mode, sharing, tiered, compressed oops, compressed class ptrs, g1 gc, windows-amd64)
# No core dump will be written. Minidumps are not enabled by default on client versions of Windows
#

---------------  S U M M A R Y ------------

Command Line: --add-opens=java.base/java.lang=ALL-UNNAMED --add-opens=java.base/java.lang.invoke=ALL-UNNAMED --add-opens=java.base/java.util=ALL-UNNAMED --add-opens=java.prefs/java.util.prefs=ALL-UNNAMED --add-exports=jdk.compiler/com.sun.tools.javac.api=ALL-UNNAMED --add-exports=jdk.compiler/com.sun.tools.javac.util=ALL-UNNAMED --add-opens=java.base/java.util=ALL-UNNAMED --add-opens=java.prefs/java.util.prefs=ALL-UNNAMED --add-opens=java.base/java.nio.charset=ALL-UNNAMED --add-opens=java.base/java.net=ALL-UNNAMED --add-opens=java.base/java.util.concurrent.atomic=ALL-UNNAMED --add-opens=java.xml/javax.xml.namespace=ALL-UNNAMED -XX:MaxMetaspaceSize=384m -XX:+HeapDumpOnOutOfMemoryError -Xms256m -Xmx512m -Dfile.encoding=windows-1252 -Duser.country=US -Duser.language=en -Duser.variant -javaagent:C:\Users\ASUS\.gradle\wrapper\dists\gradle-8.12.1-bin\eumc4uhoysa37zql93vfjkxy0\gradle-8.12.1\lib\agents\gradle-instrumentation-agent-8.12.1.jar org.gradle.launcher.daemon.bootstrap.GradleDaemon 8.12.1

Host: Intel(R) Core(TM) i5-7300HQ CPU @ 2.50GHz, 4 cores, 7G,  Windows 10 , 64 bit Build 19041 (10.0.19041.2546)
Time: Wed Mar 12 20:35:38 2025 SE Asia Standard Time elapsed time: 18.978308 seconds (0d 0h 0m 18s)

---------------  T H R E A D  ---------------

Current thread (0x00000114b2973b70):  JavaThread "C2 CompilerThread0" daemon [_thread_in_native, id=9544, stack(0x00000013ab400000,0x00000013ab500000) (1024K)]


Current CompileTask:
C2:18978 5094   !   4       java.net.URLClassLoader$1::run (81 bytes)

Stack: [0x00000013ab400000,0x00000013ab500000]
Native frames: (J=compiled Java code, j=interpreted, Vv=VM code, C=native code)
V  [jvm.dll+0x6e26e9]  (no source info available)
V  [jvm.dll+0x875753]  (no source info available)
V  [jvm.dll+0x877b7e]  (no source info available)
V  [jvm.dll+0x878253]  (no source info available)
V  [jvm.dll+0x27fc86]  (no source info available)
V  [jvm.dll+0xc3d0f]  (no source info available)
V  [jvm.dll+0xc3f6b]  (no source info available)
V  [jvm.dll+0x3bb47c]  (no source info available)
V  [jvm.dll+0x1df4ac]  (no source info available)
V  [jvm.dll+0x24793c]  (no source info available)
V  [jvm.dll+0x246e9f]  (no source info available)
V  [jvm.dll+0x1c4e80]  (no source info available)
V  [jvm.dll+0x2568f3]  (no source info available)
V  [jvm.dll+0x254baa]  (no source info available)
V  [jvm.dll+0x3f57a6]  (no source info available)
V  [jvm.dll+0x81dc0b]  (no source info available)
V  [jvm.dll+0x6e0d85]  (no source info available)
C  [ucrtbase.dll+0x21bb2]  (no source info available)
C  [KERNEL32.DLL+0x17614]  (no source info available)
C  [ntdll.dll+0x526a1]  (no source info available)


---------------  P R O C E S S  ---------------

Threads class SMR info:
_java_thread_list=0x00000114cf23a2b0, length=37, elements={
0x0000011498713990, 0x00000114b296d590, 0x00000114b29702b0, 0x00000114b2970ec0,
0x00000114b2971920, 0x00000114b2972380, 0x00000114b2972de0, 0x00000114b2973b70,
0x00000114b2ae06c0, 0x00000114b2b0af10, 0x00000114b2d187d0, 0x00000114cd6bfba0,
0x00000114cd60bb00, 0x00000114cd81eef0, 0x00000114cd66a570, 0x00000114cd66abe0,
0x00000114cd681010, 0x00000114cd866ee0, 0x00000114cd867570, 0x00000114cd868fb0,
0x00000114cd867c00, 0x00000114cd868290, 0x00000114cd869640, 0x00000114cd868920,
0x00000114cd8661c0, 0x00000114ce6ecbb0, 0x00000114ce6eec80, 0x00000114ce6f0030,
0x00000114ce6f2790, 0x00000114ce6f34b0, 0x00000114ce6f1a70, 0x00000114ce6ed240,
0x00000114ce6f2100, 0x00000114ce6f0d50, 0x00000114ce6ee5f0, 0x00000114ce6ed8d0,
0x00000114ce6f2e20
}

Java Threads: ( => current thread )
  0x0000011498713990 JavaThread "main"                              [_thread_blocked, id=2484, stack(0x00000013aa500000,0x00000013aa600000) (1024K)]
  0x00000114b296d590 JavaThread "Reference Handler"          daemon [_thread_blocked, id=12564, stack(0x00000013aae00000,0x00000013aaf00000) (1024K)]
  0x00000114b29702b0 JavaThread "Finalizer"                  daemon [_thread_blocked, id=12540, stack(0x00000013aaf00000,0x00000013ab000000) (1024K)]
  0x00000114b2970ec0 JavaThread "Signal Dispatcher"          daemon [_thread_blocked, id=2740, stack(0x00000013ab000000,0x00000013ab100000) (1024K)]
  0x00000114b2971920 JavaThread "Attach Listener"            daemon [_thread_blocked, id=12704, stack(0x00000013ab100000,0x00000013ab200000) (1024K)]
  0x00000114b2972380 JavaThread "Service Thread"             daemon [_thread_blocked, id=4488, stack(0x00000013ab200000,0x00000013ab300000) (1024K)]
  0x00000114b2972de0 JavaThread "Monitor Deflation Thread"   daemon [_thread_blocked, id=9536, stack(0x00000013ab300000,0x00000013ab400000) (1024K)]
=>0x00000114b2973b70 JavaThread "C2 CompilerThread0"         daemon [_thread_in_native, id=9544, stack(0x00000013ab400000,0x00000013ab500000) (1024K)]
  0x00000114b2ae06c0 JavaThread "C1 CompilerThread0"         daemon [_thread_blocked, id=1724, stack(0x00000013ab500000,0x00000013ab600000) (1024K)]
  0x00000114b2b0af10 JavaThread "Common-Cleaner"             daemon [_thread_blocked, id=12592, stack(0x00000013ab600000,0x00000013ab700000) (1024K)]
  0x00000114b2d187d0 JavaThread "Notification Thread"        daemon [_thread_blocked, id=10916, stack(0x00000013ab700000,0x00000013ab800000) (1024K)]
  0x00000114cd6bfba0 JavaThread "Daemon health stats"               [_thread_blocked, id=2980, stack(0x00000013abb00000,0x00000013abc00000) (1024K)]
  0x00000114cd60bb00 JavaThread "Incoming local TCP Connector on port 51294"        [_thread_in_native, id=7008, stack(0x00000013abc00000,0x00000013abd00000) (1024K)]
  0x00000114cd81eef0 JavaThread "Daemon periodic checks"            [_thread_blocked, id=4568, stack(0x00000013abd00000,0x00000013abe00000) (1024K)]
  0x00000114cd66a570 JavaThread "Daemon"                            [_thread_blocked, id=11256, stack(0x00000013abe00000,0x00000013abf00000) (1024K)]
  0x00000114cd66abe0 JavaThread "Handler for socket connection from /127.0.0.1:51294 to /127.0.0.1:51297"        [_thread_in_native, id=10316, stack(0x00000013abf00000,0x00000013ac000000) (1024K)]
  0x00000114cd681010 JavaThread "Cancel handler"                    [_thread_blocked, id=4532, stack(0x00000013ac000000,0x00000013ac100000) (1024K)]
  0x00000114cd866ee0 JavaThread "Daemon worker"                     [_thread_in_native, id=6696, stack(0x00000013ac100000,0x00000013ac200000) (1024K)]
  0x00000114cd867570 JavaThread "Asynchronous log dispatcher for DefaultDaemonConnection: socket connection from /127.0.0.1:51294 to /127.0.0.1:51297"        [_thread_blocked, id=1976, stack(0x00000013ac200000,0x00000013ac300000) (1024K)]
  0x00000114cd868fb0 JavaThread "Stdin handler"                     [_thread_blocked, id=13068, stack(0x00000013ac300000,0x00000013ac400000) (1024K)]
  0x00000114cd867c00 JavaThread "Daemon client event forwarder"        [_thread_blocked, id=4804, stack(0x00000013ac400000,0x00000013ac500000) (1024K)]
  0x00000114cd868290 JavaThread "Cache worker for journal cache (C:\Users\ASUS\.gradle\caches\journal-1)"        [_thread_blocked, id=6940, stack(0x00000013ac500000,0x00000013ac600000) (1024K)]
  0x00000114cd869640 JavaThread "File lock request listener"        [_thread_in_native, id=3952, stack(0x00000013ac600000,0x00000013ac700000) (1024K)]
  0x00000114cd868920 JavaThread "Cache worker for file hash cache (C:\Users\ASUS\.gradle\caches\8.12.1\fileHashes)"        [_thread_blocked, id=13268, stack(0x00000013ac700000,0x00000013ac800000) (1024K)]
  0x00000114cd8661c0 JavaThread "File lock release action executor"        [_thread_blocked, id=12340, stack(0x00000013ac800000,0x00000013ac900000) (1024K)]
  0x00000114ce6ecbb0 JavaThread "Cache worker for file hash cache (D:\codegym\case_study_6_back_end\Auction_Website_System\auction_website_system\auction_management\.gradle\8.12.1\fileHashes)"        [_thread_blocked, id=12668, stack(0x00000013ac900000,0x00000013aca00000) (1024K)]
  0x00000114ce6eec80 JavaThread "Cache worker for Build Output Cleanup Cache (D:\codegym\case_study_6_back_end\Auction_Website_System\auction_website_system\auction_management\.gradle\buildOutputCleanup)"        [_thread_blocked, id=10352, stack(0x00000013aca00000,0x00000013acb00000) (1024K)]
  0x00000114ce6f0030 JavaThread "File watcher server"        daemon [_thread_in_native, id=12568, stack(0x00000013acb00000,0x00000013acc00000) (1024K)]
  0x00000114ce6f2790 JavaThread "File watcher consumer"      daemon [_thread_blocked, id=5912, stack(0x00000013acc00000,0x00000013acd00000) (1024K)]
  0x00000114ce6f34b0 JavaThread "jar transforms"                    [_thread_blocked, id=8716, stack(0x00000013acd00000,0x00000013ace00000) (1024K)]
  0x00000114ce6f1a70 JavaThread "jar transforms Thread 2"           [_thread_blocked, id=5000, stack(0x00000013ace00000,0x00000013acf00000) (1024K)]
  0x00000114ce6ed240 JavaThread "Cache worker for checksums cache (D:\codegym\case_study_6_back_end\Auction_Website_System\auction_website_system\auction_management\.gradle\8.12.1\checksums)"        [_thread_blocked, id=12392, stack(0x00000013acf00000,0x00000013ad000000) (1024K)]
  0x00000114ce6f2100 JavaThread "Cache worker for file content cache (C:\Users\ASUS\.gradle\caches\8.12.1\fileContent)"        [_thread_blocked, id=13300, stack(0x00000013ad000000,0x00000013ad100000) (1024K)]
  0x00000114ce6f0d50 JavaThread "jar transforms Thread 3"           [_thread_blocked, id=5700, stack(0x00000013ad100000,0x00000013ad200000) (1024K)]
  0x00000114ce6ee5f0 JavaThread "jar transforms Thread 4"           [_thread_blocked, id=10252, stack(0x00000013ad200000,0x00000013ad300000) (1024K)]
  0x00000114ce6ed8d0 JavaThread "Cache worker for cache directory md-rule (C:\Users\ASUS\.gradle\caches\8.12.1\md-rule)"        [_thread_blocked, id=9872, stack(0x00000013ad300000,0x00000013ad400000) (1024K)]
  0x00000114ce6f2e20 JavaThread "Cache worker for cache directory md-supplier (C:\Users\ASUS\.gradle\caches\8.12.1\md-supplier)"        [_thread_blocked, id=5116, stack(0x00000013ad400000,0x00000013ad500000) (1024K)]
Total: 37

Other Threads:
  0x00000114b29534f0 VMThread "VM Thread"                           [id=10064, stack(0x00000013aad00000,0x00000013aae00000) (1024K)]
  0x00000114b293bb90 WatcherThread "VM Periodic Task Thread"        [id=9588, stack(0x00000013aac00000,0x00000013aad00000) (1024K)]
  0x000001149666a660 WorkerThread "GC Thread#0"                     [id=12384, stack(0x00000013aa700000,0x00000013aa800000) (1024K)]
  0x00000114b2db1cd0 WorkerThread "GC Thread#1"                     [id=10952, stack(0x00000013ab800000,0x00000013ab900000) (1024K)]
  0x00000114b2d9df20 WorkerThread "GC Thread#2"                     [id=10788, stack(0x00000013ab900000,0x00000013aba00000) (1024K)]
  0x00000114b2d9e2d0 WorkerThread "GC Thread#3"                     [id=8608, stack(0x00000013aba00000,0x00000013abb00000) (1024K)]
  0x000001149666e2f0 ConcurrentGCThread "G1 Main Marker"            [id=9584, stack(0x00000013aa800000,0x00000013aa900000) (1024K)]
  0x000001149666ebb0 WorkerThread "G1 Conc#0"                       [id=9740, stack(0x00000013aa900000,0x00000013aaa00000) (1024K)]
  0x00000114987de770 ConcurrentGCThread "G1 Refine#0"               [id=13204, stack(0x00000013aaa00000,0x00000013aab00000) (1024K)]
  0x00000114b2810450 ConcurrentGCThread "G1 Service"                [id=10732, stack(0x00000013aab00000,0x00000013aac00000) (1024K)]
Total: 10

Threads with active compile tasks:
C2 CompilerThread0  19096 5094   !   4       java.net.URLClassLoader$1::run (81 bytes)
Total: 1

VM state: not at safepoint (normal execution)

VM Mutex/Monitor currently owned by a thread: None

Heap address: 0x00000000e0000000, size: 512 MB, Compressed Oops mode: 32-bit

CDS archive(s) mapped at: [0x00000114b3000000-0x00000114b3c60000-0x00000114b3c60000), size 12976128, SharedBaseAddress: 0x00000114b3000000, ArchiveRelocationMode: 1.
Compressed class space mapped at: 0x00000114b4000000-0x00000114c8000000, reserved size: 335544320
Narrow klass base: 0x00000114b3000000, Narrow klass shift: 0, Narrow klass range: 0x15000000

GC Precious Log:
 CardTable entry size: 512
 Card Set container configuration: InlinePtr #cards 5 size 8 Array Of Cards #cards 12 size 40 Howl #buckets 4 coarsen threshold 1843 Howl Bitmap #cards 512 size 80 coarsen threshold 460 Card regions per heap region 1 cards per card region 2048
 CPUs: 4 total, 4 available
 Memory: 8076M
 Large Page Support: Disabled
 NUMA Support: Disabled
 Compressed Oops: Enabled (32-bit)
 Heap Region Size: 1M
 Heap Min Capacity: 256M
 Heap Initial Capacity: 256M
 Heap Max Capacity: 512M
 Pre-touch: Disabled
 Parallel Workers: 4
 Concurrent Workers: 1
 Concurrent Refinement Workers: 4
 Periodic GC: Disabled

Heap:
 garbage-first heap   total reserved 524288K, committed 262144K, used 124826K [0x00000000e0000000, 0x0000000100000000)
  region size 1024K, 99 young (101376K), 9 survivors (9216K)
 Metaspace       used 45704K, committed 47360K, reserved 393216K
  class space    used 6654K, committed 7424K, reserved 327680K

Heap Regions: E=young(eden), S=young(survivor), O=old, HS=humongous(starts), HC=humongous(continues), CS=collection set, F=free, TAMS=top-at-mark-start, PB=parsable bottom
|   0|0x00000000e0000000, 0x00000000e0100000, 0x00000000e0100000|100%|HS|  |TAMS 0x00000000e0000000| PB 0x00000000e0000000| Complete |  0
|   1|0x00000000e0100000, 0x00000000e0200000, 0x00000000e0200000|100%|HC|  |TAMS 0x00000000e0100000| PB 0x00000000e0100000| Complete |  0
|   2|0x00000000e0200000, 0x00000000e0300000, 0x00000000e0300000|100%|HC|  |TAMS 0x00000000e0200000| PB 0x00000000e0200000| Complete |  0
|   3|0x00000000e0300000, 0x00000000e0400000, 0x00000000e0400000|100%| O|  |TAMS 0x00000000e0300000| PB 0x00000000e0300000| Untracked |  0
|   4|0x00000000e0400000, 0x00000000e0500000, 0x00000000e0500000|100%|HS|  |TAMS 0x00000000e0400000| PB 0x00000000e0400000| Complete |  0
|   5|0x00000000e0500000, 0x00000000e0600000, 0x00000000e0600000|100%| O|  |TAMS 0x00000000e0500000| PB 0x00000000e0500000| Untracked |  0
|   6|0x00000000e0600000, 0x00000000e0700000, 0x00000000e0700000|100%| O|  |TAMS 0x00000000e0600000| PB 0x00000000e0600000| Untracked |  0
|   7|0x00000000e0700000, 0x00000000e0800000, 0x00000000e0800000|100%|HS|  |TAMS 0x00000000e0700000| PB 0x00000000e0700000| Complete |  0
|   8|0x00000000e0800000, 0x00000000e0900000, 0x00000000e0900000|100%| O|  |TAMS 0x00000000e0800000| PB 0x00000000e0800000| Untracked |  0
|   9|0x00000000e0900000, 0x00000000e0a00000, 0x00000000e0a00000|100%| O|  |TAMS 0x00000000e0900000| PB 0x00000000e0900000| Untracked |  0
|  10|0x00000000e0a00000, 0x00000000e0b00000, 0x00000000e0b00000|100%| O|  |TAMS 0x00000000e0a00000| PB 0x00000000e0a00000| Untracked |  0
|  11|0x00000000e0b00000, 0x00000000e0c00000, 0x00000000e0c00000|100%| O|  |TAMS 0x00000000e0b00000| PB 0x00000000e0b00000| Untracked |  0
|  12|0x00000000e0c00000, 0x00000000e0d00000, 0x00000000e0d00000|100%| O|  |TAMS 0x00000000e0c00000| PB 0x00000000e0c00000| Untracked |  0
|  13|0x00000000e0d00000, 0x00000000e0e00000, 0x00000000e0e00000|100%| O|  |TAMS 0x00000000e0d00000| PB 0x00000000e0d00000| Untracked |  0
|  14|0x00000000e0e00000, 0x00000000e0f00000, 0x00000000e0f00000|100%| O|  |TAMS 0x00000000e0e00000| PB 0x00000000e0e00000| Untracked |  0
|  15|0x00000000e0f00000, 0x00000000e1000000, 0x00000000e1000000|100%| O|  |TAMS 0x00000000e0f00000| PB 0x00000000e0f00000| Untracked |  0
|  16|0x00000000e1000000, 0x00000000e1100000, 0x00000000e1100000|100%| O|  |TAMS 0x00000000e1000000| PB 0x00000000e1000000| Untracked |  0
|  17|0x00000000e1100000, 0x00000000e1200000, 0x00000000e1200000|100%| O|  |TAMS 0x00000000e1100000| PB 0x00000000e1100000| Untracked |  0
|  18|0x00000000e1200000, 0x00000000e1300000, 0x00000000e1300000|100%| O|  |TAMS 0x00000000e1200000| PB 0x00000000e1200000| Untracked |  0
|  19|0x00000000e1300000, 0x00000000e1400000, 0x00000000e1400000|100%| O|  |TAMS 0x00000000e1300000| PB 0x00000000e1300000| Untracked |  0
|  20|0x00000000e1400000, 0x00000000e1500000, 0x00000000e1500000|100%| O|  |TAMS 0x00000000e1400000| PB 0x00000000e1400000| Untracked |  0
|  21|0x00000000e1500000, 0x00000000e1600000, 0x00000000e1600000|100%| O|  |TAMS 0x00000000e1500000| PB 0x00000000e1500000| Untracked |  0
|  22|0x00000000e1600000, 0x00000000e1700000, 0x00000000e1700000|100%| O|Cm|TAMS 0x00000000e1600000| PB 0x00000000e1600000| Complete |  0
|  23|0x00000000e1700000, 0x00000000e17e6af0, 0x00000000e1800000| 90%| O|  |TAMS 0x00000000e1700000| PB 0x00000000e1700000| Untracked |  0
|  24|0x00000000e1800000, 0x00000000e1900000, 0x00000000e1900000|100%|HS|  |TAMS 0x00000000e1800000| PB 0x00000000e1800000| Complete |  0
|  25|0x00000000e1900000, 0x00000000e1900000, 0x00000000e1a00000|  0%| F|  |TAMS 0x00000000e1900000| PB 0x00000000e1900000| Untracked |  0
|  26|0x00000000e1a00000, 0x00000000e1a00000, 0x00000000e1b00000|  0%| F|  |TAMS 0x00000000e1a00000| PB 0x00000000e1a00000| Untracked |  0
|  27|0x00000000e1b00000, 0x00000000e1b00000, 0x00000000e1c00000|  0%| F|  |TAMS 0x00000000e1b00000| PB 0x00000000e1b00000| Untracked |  0
|  28|0x00000000e1c00000, 0x00000000e1c00000, 0x00000000e1d00000|  0%| F|  |TAMS 0x00000000e1c00000| PB 0x00000000e1c00000| Untracked |  0
|  29|0x00000000e1d00000, 0x00000000e1d00000, 0x00000000e1e00000|  0%| F|  |TAMS 0x00000000e1d00000| PB 0x00000000e1d00000| Untracked |  0
|  30|0x00000000e1e00000, 0x00000000e1e00000, 0x00000000e1f00000|  0%| F|  |TAMS 0x00000000e1e00000| PB 0x00000000e1e00000| Untracked |  0
|  31|0x00000000e1f00000, 0x00000000e1f00000, 0x00000000e2000000|  0%| F|  |TAMS 0x00000000e1f00000| PB 0x00000000e1f00000| Untracked |  0
|  32|0x00000000e2000000, 0x00000000e2000000, 0x00000000e2100000|  0%| F|  |TAMS 0x00000000e2000000| PB 0x00000000e2000000| Untracked |  0
|  33|0x00000000e2100000, 0x00000000e2100000, 0x00000000e2200000|  0%| F|  |TAMS 0x00000000e2100000| PB 0x00000000e2100000| Untracked |  0
|  34|0x00000000e2200000, 0x00000000e2200000, 0x00000000e2300000|  0%| F|  |TAMS 0x00000000e2200000| PB 0x00000000e2200000| Untracked |  0
|  35|0x00000000e2300000, 0x00000000e2300000, 0x00000000e2400000|  0%| F|  |TAMS 0x00000000e2300000| PB 0x00000000e2300000| Untracked |  0
|  36|0x00000000e2400000, 0x00000000e2400000, 0x00000000e2500000|  0%| F|  |TAMS 0x00000000e2400000| PB 0x00000000e2400000| Untracked |  0
|  37|0x00000000e2500000, 0x00000000e2500000, 0x00000000e2600000|  0%| F|  |TAMS 0x00000000e2500000| PB 0x00000000e2500000| Untracked |  0
|  38|0x00000000e2600000, 0x00000000e2600000, 0x00000000e2700000|  0%| F|  |TAMS 0x00000000e2600000| PB 0x00000000e2600000| Untracked |  0
|  39|0x00000000e2700000, 0x00000000e2700000, 0x00000000e2800000|  0%| F|  |TAMS 0x00000000e2700000| PB 0x00000000e2700000| Untracked |  0
|  40|0x00000000e2800000, 0x00000000e2800000, 0x00000000e2900000|  0%| F|  |TAMS 0x00000000e2800000| PB 0x00000000e2800000| Untracked |  0
|  41|0x00000000e2900000, 0x00000000e2900000, 0x00000000e2a00000|  0%| F|  |TAMS 0x00000000e2900000| PB 0x00000000e2900000| Untracked |  0
|  42|0x00000000e2a00000, 0x00000000e2a00000, 0x00000000e2b00000|  0%| F|  |TAMS 0x00000000e2a00000| PB 0x00000000e2a00000| Untracked |  0
|  43|0x00000000e2b00000, 0x00000000e2b00000, 0x00000000e2c00000|  0%| F|  |TAMS 0x00000000e2b00000| PB 0x00000000e2b00000| Untracked |  0
|  44|0x00000000e2c00000, 0x00000000e2c00000, 0x00000000e2d00000|  0%| F|  |TAMS 0x00000000e2c00000| PB 0x00000000e2c00000| Untracked |  0
|  45|0x00000000e2d00000, 0x00000000e2d00000, 0x00000000e2e00000|  0%| F|  |TAMS 0x00000000e2d00000| PB 0x00000000e2d00000| Untracked |  0
|  46|0x00000000e2e00000, 0x00000000e2e00000, 0x00000000e2f00000|  0%| F|  |TAMS 0x00000000e2e00000| PB 0x00000000e2e00000| Untracked |  0
|  47|0x00000000e2f00000, 0x00000000e2f00000, 0x00000000e3000000|  0%| F|  |TAMS 0x00000000e2f00000| PB 0x00000000e2f00000| Untracked |  0
|  48|0x00000000e3000000, 0x00000000e3000000, 0x00000000e3100000|  0%| F|  |TAMS 0x00000000e3000000| PB 0x00000000e3000000| Untracked |  0
|  49|0x00000000e3100000, 0x00000000e3100000, 0x00000000e3200000|  0%| F|  |TAMS 0x00000000e3100000| PB 0x00000000e3100000| Untracked |  0
|  50|0x00000000e3200000, 0x00000000e3200000, 0x00000000e3300000|  0%| F|  |TAMS 0x00000000e3200000| PB 0x00000000e3200000| Untracked |  0
|  51|0x00000000e3300000, 0x00000000e3300000, 0x00000000e3400000|  0%| F|  |TAMS 0x00000000e3300000| PB 0x00000000e3300000| Untracked |  0
|  52|0x00000000e3400000, 0x00000000e3400000, 0x00000000e3500000|  0%| F|  |TAMS 0x00000000e3400000| PB 0x00000000e3400000| Untracked |  0
|  53|0x00000000e3500000, 0x00000000e3500000, 0x00000000e3600000|  0%| F|  |TAMS 0x00000000e3500000| PB 0x00000000e3500000| Untracked |  0
|  54|0x00000000e3600000, 0x00000000e3600000, 0x00000000e3700000|  0%| F|  |TAMS 0x00000000e3600000| PB 0x00000000e3600000| Untracked |  0
|  55|0x00000000e3700000, 0x00000000e3700000, 0x00000000e3800000|  0%| F|  |TAMS 0x00000000e3700000| PB 0x00000000e3700000| Untracked |  0
|  56|0x00000000e3800000, 0x00000000e3800000, 0x00000000e3900000|  0%| F|  |TAMS 0x00000000e3800000| PB 0x00000000e3800000| Untracked |  0
|  57|0x00000000e3900000, 0x00000000e3900000, 0x00000000e3a00000|  0%| F|  |TAMS 0x00000000e3900000| PB 0x00000000e3900000| Untracked |  0
|  58|0x00000000e3a00000, 0x00000000e3a00000, 0x00000000e3b00000|  0%| F|  |TAMS 0x00000000e3a00000| PB 0x00000000e3a00000| Untracked |  0
|  59|0x00000000e3b00000, 0x00000000e3b00000, 0x00000000e3c00000|  0%| F|  |TAMS 0x00000000e3b00000| PB 0x00000000e3b00000| Untracked |  0
|  60|0x00000000e3c00000, 0x00000000e3c00000, 0x00000000e3d00000|  0%| F|  |TAMS 0x00000000e3c00000| PB 0x00000000e3c00000| Untracked |  0
|  61|0x00000000e3d00000, 0x00000000e3d00000, 0x00000000e3e00000|  0%| F|  |TAMS 0x00000000e3d00000| PB 0x00000000e3d00000| Untracked |  0
|  62|0x00000000e3e00000, 0x00000000e3e00000, 0x00000000e3f00000|  0%| F|  |TAMS 0x00000000e3e00000| PB 0x00000000e3e00000| Untracked |  0
|  63|0x00000000e3f00000, 0x00000000e3f00000, 0x00000000e4000000|  0%| F|  |TAMS 0x00000000e3f00000| PB 0x00000000e3f00000| Untracked |  0
|  64|0x00000000e4000000, 0x00000000e4000000, 0x00000000e4100000|  0%| F|  |TAMS 0x00000000e4000000| PB 0x00000000e4000000| Untracked |  0
|  65|0x00000000e4100000, 0x00000000e4100000, 0x00000000e4200000|  0%| F|  |TAMS 0x00000000e4100000| PB 0x00000000e4100000| Untracked |  0
|  66|0x00000000e4200000, 0x00000000e4200000, 0x00000000e4300000|  0%| F|  |TAMS 0x00000000e4200000| PB 0x00000000e4200000| Untracked |  0
|  67|0x00000000e4300000, 0x00000000e4300000, 0x00000000e4400000|  0%| F|  |TAMS 0x00000000e4300000| PB 0x00000000e4300000| Untracked |  0
|  68|0x00000000e4400000, 0x00000000e4400000, 0x00000000e4500000|  0%| F|  |TAMS 0x00000000e4400000| PB 0x00000000e4400000| Untracked |  0
|  69|0x00000000e4500000, 0x00000000e4500000, 0x00000000e4600000|  0%| F|  |TAMS 0x00000000e4500000| PB 0x00000000e4500000| Untracked |  0
|  70|0x00000000e4600000, 0x00000000e4600000, 0x00000000e4700000|  0%| F|  |TAMS 0x00000000e4600000| PB 0x00000000e4600000| Untracked |  0
|  71|0x00000000e4700000, 0x00000000e4700000, 0x00000000e4800000|  0%| F|  |TAMS 0x00000000e4700000| PB 0x00000000e4700000| Untracked |  0
|  72|0x00000000e4800000, 0x00000000e4800000, 0x00000000e4900000|  0%| F|  |TAMS 0x00000000e4800000| PB 0x00000000e4800000| Untracked |  0
|  73|0x00000000e4900000, 0x00000000e4900000, 0x00000000e4a00000|  0%| F|  |TAMS 0x00000000e4900000| PB 0x00000000e4900000| Untracked |  0
|  74|0x00000000e4a00000, 0x00000000e4a00000, 0x00000000e4b00000|  0%| F|  |TAMS 0x00000000e4a00000| PB 0x00000000e4a00000| Untracked |  0
|  75|0x00000000e4b00000, 0x00000000e4b00000, 0x00000000e4c00000|  0%| F|  |TAMS 0x00000000e4b00000| PB 0x00000000e4b00000| Untracked |  0
|  76|0x00000000e4c00000, 0x00000000e4c00000, 0x00000000e4d00000|  0%| F|  |TAMS 0x00000000e4c00000| PB 0x00000000e4c00000| Untracked |  0
|  77|0x00000000e4d00000, 0x00000000e4d00000, 0x00000000e4e00000|  0%| F|  |TAMS 0x00000000e4d00000| PB 0x00000000e4d00000| Untracked |  0
|  78|0x00000000e4e00000, 0x00000000e4e00000, 0x00000000e4f00000|  0%| F|  |TAMS 0x00000000e4e00000| PB 0x00000000e4e00000| Untracked |  0
|  79|0x00000000e4f00000, 0x00000000e4f00000, 0x00000000e5000000|  0%| F|  |TAMS 0x00000000e4f00000| PB 0x00000000e4f00000| Untracked |  0
|  80|0x00000000e5000000, 0x00000000e5000000, 0x00000000e5100000|  0%| F|  |TAMS 0x00000000e5000000| PB 0x00000000e5000000| Untracked |  0
|  81|0x00000000e5100000, 0x00000000e5100000, 0x00000000e5200000|  0%| F|  |TAMS 0x00000000e5100000| PB 0x00000000e5100000| Untracked |  0
|  82|0x00000000e5200000, 0x00000000e5200000, 0x00000000e5300000|  0%| F|  |TAMS 0x00000000e5200000| PB 0x00000000e5200000| Untracked |  0
|  83|0x00000000e5300000, 0x00000000e5300000, 0x00000000e5400000|  0%| F|  |TAMS 0x00000000e5300000| PB 0x00000000e5300000| Untracked |  0
|  84|0x00000000e5400000, 0x00000000e5400000, 0x00000000e5500000|  0%| F|  |TAMS 0x00000000e5400000| PB 0x00000000e5400000| Untracked |  0
|  85|0x00000000e5500000, 0x00000000e5500000, 0x00000000e5600000|  0%| F|  |TAMS 0x00000000e5500000| PB 0x00000000e5500000| Untracked |  0
|  86|0x00000000e5600000, 0x00000000e5600000, 0x00000000e5700000|  0%| F|  |TAMS 0x00000000e5600000| PB 0x00000000e5600000| Untracked |  0
|  87|0x00000000e5700000, 0x00000000e5700000, 0x00000000e5800000|  0%| F|  |TAMS 0x00000000e5700000| PB 0x00000000e5700000| Untracked |  0
|  88|0x00000000e5800000, 0x00000000e5800000, 0x00000000e5900000|  0%| F|  |TAMS 0x00000000e5800000| PB 0x00000000e5800000| Untracked |  0
|  89|0x00000000e5900000, 0x00000000e5900000, 0x00000000e5a00000|  0%| F|  |TAMS 0x00000000e5900000| PB 0x00000000e5900000| Untracked |  0
|  90|0x00000000e5a00000, 0x00000000e5a00000, 0x00000000e5b00000|  0%| F|  |TAMS 0x00000000e5a00000| PB 0x00000000e5a00000| Untracked |  0
|  91|0x00000000e5b00000, 0x00000000e5b00000, 0x00000000e5c00000|  0%| F|  |TAMS 0x00000000e5b00000| PB 0x00000000e5b00000| Untracked |  0
|  92|0x00000000e5c00000, 0x00000000e5c00000, 0x00000000e5d00000|  0%| F|  |TAMS 0x00000000e5c00000| PB 0x00000000e5c00000| Untracked |  0
|  93|0x00000000e5d00000, 0x00000000e5d00000, 0x00000000e5e00000|  0%| F|  |TAMS 0x00000000e5d00000| PB 0x00000000e5d00000| Untracked |  0
|  94|0x00000000e5e00000, 0x00000000e5e00000, 0x00000000e5f00000|  0%| F|  |TAMS 0x00000000e5e00000| PB 0x00000000e5e00000| Untracked |  0
|  95|0x00000000e5f00000, 0x00000000e5f00000, 0x00000000e6000000|  0%| F|  |TAMS 0x00000000e5f00000| PB 0x00000000e5f00000| Untracked |  0
|  96|0x00000000e6000000, 0x00000000e6000000, 0x00000000e6100000|  0%| F|  |TAMS 0x00000000e6000000| PB 0x00000000e6000000| Untracked |  0
|  97|0x00000000e6100000, 0x00000000e6100000, 0x00000000e6200000|  0%| F|  |TAMS 0x00000000e6100000| PB 0x00000000e6100000| Untracked |  0
|  98|0x00000000e6200000, 0x00000000e6200000, 0x00000000e6300000|  0%| F|  |TAMS 0x00000000e6200000| PB 0x00000000e6200000| Untracked |  0
|  99|0x00000000e6300000, 0x00000000e6300000, 0x00000000e6400000|  0%| F|  |TAMS 0x00000000e6300000| PB 0x00000000e6300000| Untracked |  0
| 100|0x00000000e6400000, 0x00000000e6400000, 0x00000000e6500000|  0%| F|  |TAMS 0x00000000e6400000| PB 0x00000000e6400000| Untracked |  0
| 101|0x00000000e6500000, 0x00000000e6500000, 0x00000000e6600000|  0%| F|  |TAMS 0x00000000e6500000| PB 0x00000000e6500000| Untracked |  0
| 102|0x00000000e6600000, 0x00000000e6600000, 0x00000000e6700000|  0%| F|  |TAMS 0x00000000e6600000| PB 0x00000000e6600000| Untracked |  0
| 103|0x00000000e6700000, 0x00000000e6700000, 0x00000000e6800000|  0%| F|  |TAMS 0x00000000e6700000| PB 0x00000000e6700000| Untracked |  0
| 104|0x00000000e6800000, 0x00000000e6800000, 0x00000000e6900000|  0%| F|  |TAMS 0x00000000e6800000| PB 0x00000000e6800000| Untracked |  0
| 105|0x00000000e6900000, 0x00000000e6900000, 0x00000000e6a00000|  0%| F|  |TAMS 0x00000000e6900000| PB 0x00000000e6900000| Untracked |  0
| 106|0x00000000e6a00000, 0x00000000e6a00000, 0x00000000e6b00000|  0%| F|  |TAMS 0x00000000e6a00000| PB 0x00000000e6a00000| Untracked |  0
| 107|0x00000000e6b00000, 0x00000000e6b00000, 0x00000000e6c00000|  0%| F|  |TAMS 0x00000000e6b00000| PB 0x00000000e6b00000| Untracked |  0
| 108|0x00000000e6c00000, 0x00000000e6c00000, 0x00000000e6d00000|  0%| F|  |TAMS 0x00000000e6c00000| PB 0x00000000e6c00000| Untracked |  0
| 109|0x00000000e6d00000, 0x00000000e6d00000, 0x00000000e6e00000|  0%| F|  |TAMS 0x00000000e6d00000| PB 0x00000000e6d00000| Untracked |  0
| 110|0x00000000e6e00000, 0x00000000e6e00000, 0x00000000e6f00000|  0%| F|  |TAMS 0x00000000e6e00000| PB 0x00000000e6e00000| Untracked |  0
| 111|0x00000000e6f00000, 0x00000000e6f00000, 0x00000000e7000000|  0%| F|  |TAMS 0x00000000e6f00000| PB 0x00000000e6f00000| Untracked |  0
| 112|0x00000000e7000000, 0x00000000e7000000, 0x00000000e7100000|  0%| F|  |TAMS 0x00000000e7000000| PB 0x00000000e7000000| Untracked |  0
| 113|0x00000000e7100000, 0x00000000e7100000, 0x00000000e7200000|  0%| F|  |TAMS 0x00000000e7100000| PB 0x00000000e7100000| Untracked |  0
| 114|0x00000000e7200000, 0x00000000e7200000, 0x00000000e7300000|  0%| F|  |TAMS 0x00000000e7200000| PB 0x00000000e7200000| Untracked |  0
| 115|0x00000000e7300000, 0x00000000e7300000, 0x00000000e7400000|  0%| F|  |TAMS 0x00000000e7300000| PB 0x00000000e7300000| Untracked |  0
| 116|0x00000000e7400000, 0x00000000e7400000, 0x00000000e7500000|  0%| F|  |TAMS 0x00000000e7400000| PB 0x00000000e7400000| Untracked |  0
| 117|0x00000000e7500000, 0x00000000e7500000, 0x00000000e7600000|  0%| F|  |TAMS 0x00000000e7500000| PB 0x00000000e7500000| Untracked |  0
| 118|0x00000000e7600000, 0x00000000e7600000, 0x00000000e7700000|  0%| F|  |TAMS 0x00000000e7600000| PB 0x00000000e7600000| Untracked |  0
| 119|0x00000000e7700000, 0x00000000e7700000, 0x00000000e7800000|  0%| F|  |TAMS 0x00000000e7700000| PB 0x00000000e7700000| Untracked |  0
| 120|0x00000000e7800000, 0x00000000e7800000, 0x00000000e7900000|  0%| F|  |TAMS 0x00000000e7800000| PB 0x00000000e7800000| Untracked |  0
| 121|0x00000000e7900000, 0x00000000e7900000, 0x00000000e7a00000|  0%| F|  |TAMS 0x00000000e7900000| PB 0x00000000e7900000| Untracked |  0
| 122|0x00000000e7a00000, 0x00000000e7a00000, 0x00000000e7b00000|  0%| F|  |TAMS 0x00000000e7a00000| PB 0x00000000e7a00000| Untracked |  0
| 123|0x00000000e7b00000, 0x00000000e7b00000, 0x00000000e7c00000|  0%| F|  |TAMS 0x00000000e7b00000| PB 0x00000000e7b00000| Untracked |  0
| 124|0x00000000e7c00000, 0x00000000e7c00000, 0x00000000e7d00000|  0%| F|  |TAMS 0x00000000e7c00000| PB 0x00000000e7c00000| Untracked |  0
| 125|0x00000000e7d00000, 0x00000000e7d00000, 0x00000000e7e00000|  0%| F|  |TAMS 0x00000000e7d00000| PB 0x00000000e7d00000| Untracked |  0
| 126|0x00000000e7e00000, 0x00000000e7e00000, 0x00000000e7f00000|  0%| F|  |TAMS 0x00000000e7e00000| PB 0x00000000e7e00000| Untracked |  0
| 127|0x00000000e7f00000, 0x00000000e7f00000, 0x00000000e8000000|  0%| F|  |TAMS 0x00000000e7f00000| PB 0x00000000e7f00000| Untracked |  0
| 128|0x00000000e8000000, 0x00000000e8000000, 0x00000000e8100000|  0%| F|  |TAMS 0x00000000e8000000| PB 0x00000000e8000000| Untracked |  0
| 129|0x00000000e8100000, 0x00000000e8100000, 0x00000000e8200000|  0%| F|  |TAMS 0x00000000e8100000| PB 0x00000000e8100000| Untracked |  0
| 130|0x00000000e8200000, 0x00000000e8200000, 0x00000000e8300000|  0%| F|  |TAMS 0x00000000e8200000| PB 0x00000000e8200000| Untracked |  0
| 131|0x00000000e8300000, 0x00000000e8300000, 0x00000000e8400000|  0%| F|  |TAMS 0x00000000e8300000| PB 0x00000000e8300000| Untracked |  0
| 132|0x00000000e8400000, 0x00000000e8400000, 0x00000000e8500000|  0%| F|  |TAMS 0x00000000e8400000| PB 0x00000000e8400000| Untracked |  0
| 133|0x00000000e8500000, 0x00000000e8500000, 0x00000000e8600000|  0%| F|  |TAMS 0x00000000e8500000| PB 0x00000000e8500000| Untracked |  0
| 134|0x00000000e8600000, 0x00000000e8600000, 0x00000000e8700000|  0%| F|  |TAMS 0x00000000e8600000| PB 0x00000000e8600000| Untracked |  0
| 135|0x00000000e8700000, 0x00000000e8700000, 0x00000000e8800000|  0%| F|  |TAMS 0x00000000e8700000| PB 0x00000000e8700000| Untracked |  0
| 136|0x00000000e8800000, 0x00000000e8800000, 0x00000000e8900000|  0%| F|  |TAMS 0x00000000e8800000| PB 0x00000000e8800000| Untracked |  0
| 137|0x00000000e8900000, 0x00000000e8900000, 0x00000000e8a00000|  0%| F|  |TAMS 0x00000000e8900000| PB 0x00000000e8900000| Untracked |  0
| 138|0x00000000e8a00000, 0x00000000e8a00000, 0x00000000e8b00000|  0%| F|  |TAMS 0x00000000e8a00000| PB 0x00000000e8a00000| Untracked |  0
| 139|0x00000000e8b00000, 0x00000000e8b00000, 0x00000000e8c00000|  0%| F|  |TAMS 0x00000000e8b00000| PB 0x00000000e8b00000| Untracked |  0
| 140|0x00000000e8c00000, 0x00000000e8c00000, 0x00000000e8d00000|  0%| F|  |TAMS 0x00000000e8c00000| PB 0x00000000e8c00000| Untracked |  0
| 141|0x00000000e8d00000, 0x00000000e8d00000, 0x00000000e8e00000|  0%| F|  |TAMS 0x00000000e8d00000| PB 0x00000000e8d00000| Untracked |  0
| 142|0x00000000e8e00000, 0x00000000e8e00000, 0x00000000e8f00000|  0%| F|  |TAMS 0x00000000e8e00000| PB 0x00000000e8e00000| Untracked |  0
| 143|0x00000000e8f00000, 0x00000000e8f00000, 0x00000000e9000000|  0%| F|  |TAMS 0x00000000e8f00000| PB 0x00000000e8f00000| Untracked |  0
| 144|0x00000000e9000000, 0x00000000e9000000, 0x00000000e9100000|  0%| F|  |TAMS 0x00000000e9000000| PB 0x00000000e9000000| Untracked |  0
| 145|0x00000000e9100000, 0x00000000e9100000, 0x00000000e9200000|  0%| F|  |TAMS 0x00000000e9100000| PB 0x00000000e9100000| Untracked |  0
| 146|0x00000000e9200000, 0x00000000e9200000, 0x00000000e9300000|  0%| F|  |TAMS 0x00000000e9200000| PB 0x00000000e9200000| Untracked |  0
| 147|0x00000000e9300000, 0x00000000e9300000, 0x00000000e9400000|  0%| F|  |TAMS 0x00000000e9300000| PB 0x00000000e9300000| Untracked |  0
| 148|0x00000000e9400000, 0x00000000e9400000, 0x00000000e9500000|  0%| F|  |TAMS 0x00000000e9400000| PB 0x00000000e9400000| Untracked |  0
| 149|0x00000000e9500000, 0x00000000e9500000, 0x00000000e9600000|  0%| F|  |TAMS 0x00000000e9500000| PB 0x00000000e9500000| Untracked |  0
| 150|0x00000000e9600000, 0x00000000e9600000, 0x00000000e9700000|  0%| F|  |TAMS 0x00000000e9600000| PB 0x00000000e9600000| Untracked |  0
| 151|0x00000000e9700000, 0x00000000e9700000, 0x00000000e9800000|  0%| F|  |TAMS 0x00000000e9700000| PB 0x00000000e9700000| Untracked |  0
| 152|0x00000000e9800000, 0x00000000e9800000, 0x00000000e9900000|  0%| F|  |TAMS 0x00000000e9800000| PB 0x00000000e9800000| Untracked |  0
| 153|0x00000000e9900000, 0x00000000e9900000, 0x00000000e9a00000|  0%| F|  |TAMS 0x00000000e9900000| PB 0x00000000e9900000| Untracked |  0
| 154|0x00000000e9a00000, 0x00000000e9a00000, 0x00000000e9b00000|  0%| F|  |TAMS 0x00000000e9a00000| PB 0x00000000e9a00000| Untracked |  0
| 155|0x00000000e9b00000, 0x00000000e9b00000, 0x00000000e9c00000|  0%| F|  |TAMS 0x00000000e9b00000| PB 0x00000000e9b00000| Untracked |  0
| 156|0x00000000e9c00000, 0x00000000e9c00000, 0x00000000e9d00000|  0%| F|  |TAMS 0x00000000e9c00000| PB 0x00000000e9c00000| Untracked |  0
| 157|0x00000000e9d00000, 0x00000000e9d80000, 0x00000000e9e00000| 50%| E|  |TAMS 0x00000000e9d00000| PB 0x00000000e9d00000| Complete |  0
| 158|0x00000000e9e00000, 0x00000000e9f00000, 0x00000000e9f00000|100%| E|CS|TAMS 0x00000000e9e00000| PB 0x00000000e9e00000| Complete |  0
| 159|0x00000000e9f00000, 0x00000000ea000000, 0x00000000ea000000|100%| E|CS|TAMS 0x00000000e9f00000| PB 0x00000000e9f00000| Complete |  0
| 160|0x00000000ea000000, 0x00000000ea100000, 0x00000000ea100000|100%| E|CS|TAMS 0x00000000ea000000| PB 0x00000000ea000000| Complete |  0
| 161|0x00000000ea100000, 0x00000000ea200000, 0x00000000ea200000|100%| E|CS|TAMS 0x00000000ea100000| PB 0x00000000ea100000| Complete |  0
| 162|0x00000000ea200000, 0x00000000ea300000, 0x00000000ea300000|100%| E|CS|TAMS 0x00000000ea200000| PB 0x00000000ea200000| Complete |  0
| 163|0x00000000ea300000, 0x00000000ea400000, 0x00000000ea400000|100%| E|CS|TAMS 0x00000000ea300000| PB 0x00000000ea300000| Complete |  0
| 164|0x00000000ea400000, 0x00000000ea500000, 0x00000000ea500000|100%| E|CS|TAMS 0x00000000ea400000| PB 0x00000000ea400000| Complete |  0
| 165|0x00000000ea500000, 0x00000000ea600000, 0x00000000ea600000|100%| E|CS|TAMS 0x00000000ea500000| PB 0x00000000ea500000| Complete |  0
| 166|0x00000000ea600000, 0x00000000ea700000, 0x00000000ea700000|100%| E|CS|TAMS 0x00000000ea600000| PB 0x00000000ea600000| Complete |  0
| 167|0x00000000ea700000, 0x00000000ea800000, 0x00000000ea800000|100%| E|CS|TAMS 0x00000000ea700000| PB 0x00000000ea700000| Complete |  0
| 168|0x00000000ea800000, 0x00000000ea900000, 0x00000000ea900000|100%| E|CS|TAMS 0x00000000ea800000| PB 0x00000000ea800000| Complete |  0
| 169|0x00000000ea900000, 0x00000000eaa00000, 0x00000000eaa00000|100%| E|CS|TAMS 0x00000000ea900000| PB 0x00000000ea900000| Complete |  0
| 170|0x00000000eaa00000, 0x00000000eab00000, 0x00000000eab00000|100%| E|CS|TAMS 0x00000000eaa00000| PB 0x00000000eaa00000| Complete |  0
| 171|0x00000000eab00000, 0x00000000eac00000, 0x00000000eac00000|100%| E|CS|TAMS 0x00000000eab00000| PB 0x00000000eab00000| Complete |  0
| 172|0x00000000eac00000, 0x00000000ead00000, 0x00000000ead00000|100%| E|CS|TAMS 0x00000000eac00000| PB 0x00000000eac00000| Complete |  0
| 173|0x00000000ead00000, 0x00000000eae00000, 0x00000000eae00000|100%| E|CS|TAMS 0x00000000ead00000| PB 0x00000000ead00000| Complete |  0
| 174|0x00000000eae00000, 0x00000000eaf00000, 0x00000000eaf00000|100%| E|CS|TAMS 0x00000000eae00000| PB 0x00000000eae00000| Complete |  0
| 175|0x00000000eaf00000, 0x00000000eb000000, 0x00000000eb000000|100%| E|CS|TAMS 0x00000000eaf00000| PB 0x00000000eaf00000| Complete |  0
| 176|0x00000000eb000000, 0x00000000eb100000, 0x00000000eb100000|100%| E|CS|TAMS 0x00000000eb000000| PB 0x00000000eb000000| Complete |  0
| 177|0x00000000eb100000, 0x00000000eb200000, 0x00000000eb200000|100%| E|CS|TAMS 0x00000000eb100000| PB 0x00000000eb100000| Complete |  0
| 178|0x00000000eb200000, 0x00000000eb300000, 0x00000000eb300000|100%| E|CS|TAMS 0x00000000eb200000| PB 0x00000000eb200000| Complete |  0
| 179|0x00000000eb300000, 0x00000000eb400000, 0x00000000eb400000|100%| E|CS|TAMS 0x00000000eb300000| PB 0x00000000eb300000| Complete |  0
| 180|0x00000000eb400000, 0x00000000eb500000, 0x00000000eb500000|100%| E|CS|TAMS 0x00000000eb400000| PB 0x00000000eb400000| Complete |  0
| 181|0x00000000eb500000, 0x00000000eb600000, 0x00000000eb600000|100%| E|CS|TAMS 0x00000000eb500000| PB 0x00000000eb500000| Complete |  0
| 182|0x00000000eb600000, 0x00000000eb700000, 0x00000000eb700000|100%| E|CS|TAMS 0x00000000eb600000| PB 0x00000000eb600000| Complete |  0
| 183|0x00000000eb700000, 0x00000000eb800000, 0x00000000eb800000|100%| E|CS|TAMS 0x00000000eb700000| PB 0x00000000eb700000| Complete |  0
| 184|0x00000000eb800000, 0x00000000eb900000, 0x00000000eb900000|100%| E|CS|TAMS 0x00000000eb800000| PB 0x00000000eb800000| Complete |  0
| 185|0x00000000eb900000, 0x00000000eba00000, 0x00000000eba00000|100%| E|CS|TAMS 0x00000000eb900000| PB 0x00000000eb900000| Complete |  0
| 186|0x00000000eba00000, 0x00000000ebb00000, 0x00000000ebb00000|100%| E|CS|TAMS 0x00000000eba00000| PB 0x00000000eba00000| Complete |  0
| 187|0x00000000ebb00000, 0x00000000ebc00000, 0x00000000ebc00000|100%| E|CS|TAMS 0x00000000ebb00000| PB 0x00000000ebb00000| Complete |  0
| 188|0x00000000ebc00000, 0x00000000ebd00000, 0x00000000ebd00000|100%| E|CS|TAMS 0x00000000ebc00000| PB 0x00000000ebc00000| Complete |  0
| 189|0x00000000ebd00000, 0x00000000ebe00000, 0x00000000ebe00000|100%| E|CS|TAMS 0x00000000ebd00000| PB 0x00000000ebd00000| Complete |  0
| 190|0x00000000ebe00000, 0x00000000ebf00000, 0x00000000ebf00000|100%| E|  |TAMS 0x00000000ebe00000| PB 0x00000000ebe00000| Complete |  0
| 191|0x00000000ebf00000, 0x00000000ec000000, 0x00000000ec000000|100%| E|CS|TAMS 0x00000000ebf00000| PB 0x00000000ebf00000| Complete |  0
| 192|0x00000000ec000000, 0x00000000ec100000, 0x00000000ec100000|100%| E|CS|TAMS 0x00000000ec000000| PB 0x00000000ec000000| Complete |  0
| 193|0x00000000ec100000, 0x00000000ec200000, 0x00000000ec200000|100%| E|CS|TAMS 0x00000000ec100000| PB 0x00000000ec100000| Complete |  0
| 194|0x00000000ec200000, 0x00000000ec300000, 0x00000000ec300000|100%| E|CS|TAMS 0x00000000ec200000| PB 0x00000000ec200000| Complete |  0
| 195|0x00000000ec300000, 0x00000000ec400000, 0x00000000ec400000|100%| E|CS|TAMS 0x00000000ec300000| PB 0x00000000ec300000| Complete |  0
| 196|0x00000000ec400000, 0x00000000ec500000, 0x00000000ec500000|100%| E|CS|TAMS 0x00000000ec400000| PB 0x00000000ec400000| Complete |  0
| 197|0x00000000ec500000, 0x00000000ec600000, 0x00000000ec600000|100%| E|CS|TAMS 0x00000000ec500000| PB 0x00000000ec500000| Complete |  0
| 198|0x00000000ec600000, 0x00000000ec700000, 0x00000000ec700000|100%| E|CS|TAMS 0x00000000ec600000| PB 0x00000000ec600000| Complete |  0
| 199|0x00000000ec700000, 0x00000000ec800000, 0x00000000ec800000|100%| E|CS|TAMS 0x00000000ec700000| PB 0x00000000ec700000| Complete |  0
| 200|0x00000000ec800000, 0x00000000ec900000, 0x00000000ec900000|100%| E|CS|TAMS 0x00000000ec800000| PB 0x00000000ec800000| Complete |  0
| 201|0x00000000ec900000, 0x00000000eca00000, 0x00000000eca00000|100%| E|CS|TAMS 0x00000000ec900000| PB 0x00000000ec900000| Complete |  0
| 202|0x00000000eca00000, 0x00000000ecb00000, 0x00000000ecb00000|100%| E|CS|TAMS 0x00000000eca00000| PB 0x00000000eca00000| Complete |  0
| 203|0x00000000ecb00000, 0x00000000ecc00000, 0x00000000ecc00000|100%| E|CS|TAMS 0x00000000ecb00000| PB 0x00000000ecb00000| Complete |  0
| 204|0x00000000ecc00000, 0x00000000ecd00000, 0x00000000ecd00000|100%| E|CS|TAMS 0x00000000ecc00000| PB 0x00000000ecc00000| Complete |  0
| 205|0x00000000ecd00000, 0x00000000ece00000, 0x00000000ece00000|100%| E|CS|TAMS 0x00000000ecd00000| PB 0x00000000ecd00000| Complete |  0
| 206|0x00000000ece00000, 0x00000000ecf00000, 0x00000000ecf00000|100%| E|CS|TAMS 0x00000000ece00000| PB 0x00000000ece00000| Complete |  0
| 207|0x00000000ecf00000, 0x00000000ed000000, 0x00000000ed000000|100%| E|CS|TAMS 0x00000000ecf00000| PB 0x00000000ecf00000| Complete |  0
| 208|0x00000000ed000000, 0x00000000ed100000, 0x00000000ed100000|100%| E|CS|TAMS 0x00000000ed000000| PB 0x00000000ed000000| Complete |  0
| 209|0x00000000ed100000, 0x00000000ed200000, 0x00000000ed200000|100%| E|CS|TAMS 0x00000000ed100000| PB 0x00000000ed100000| Complete |  0
| 210|0x00000000ed200000, 0x00000000ed300000, 0x00000000ed300000|100%| E|CS|TAMS 0x00000000ed200000| PB 0x00000000ed200000| Complete |  0
| 211|0x00000000ed300000, 0x00000000ed400000, 0x00000000ed400000|100%| E|CS|TAMS 0x00000000ed300000| PB 0x00000000ed300000| Complete |  0
| 212|0x00000000ed400000, 0x00000000ed500000, 0x00000000ed500000|100%| E|CS|TAMS 0x00000000ed400000| PB 0x00000000ed400000| Complete |  0
| 213|0x00000000ed500000, 0x00000000ed600000, 0x00000000ed600000|100%| E|CS|TAMS 0x00000000ed500000| PB 0x00000000ed500000| Complete |  0
| 214|0x00000000ed600000, 0x00000000ed700000, 0x00000000ed700000|100%| E|CS|TAMS 0x00000000ed600000| PB 0x00000000ed600000| Complete |  0
| 215|0x00000000ed700000, 0x00000000ed800000, 0x00000000ed800000|100%| E|CS|TAMS 0x00000000ed700000| PB 0x00000000ed700000| Complete |  0
| 216|0x00000000ed800000, 0x00000000ed900000, 0x00000000ed900000|100%| E|CS|TAMS 0x00000000ed800000| PB 0x00000000ed800000| Complete |  0
| 217|0x00000000ed900000, 0x00000000eda00000, 0x00000000eda00000|100%| E|CS|TAMS 0x00000000ed900000| PB 0x00000000ed900000| Complete |  0
| 218|0x00000000eda00000, 0x00000000edb00000, 0x00000000edb00000|100%| E|CS|TAMS 0x00000000eda00000| PB 0x00000000eda00000| Complete |  0
| 219|0x00000000edb00000, 0x00000000edc00000, 0x00000000edc00000|100%| E|CS|TAMS 0x00000000edb00000| PB 0x00000000edb00000| Complete |  0
| 220|0x00000000edc00000, 0x00000000edd00000, 0x00000000edd00000|100%| E|CS|TAMS 0x00000000edc00000| PB 0x00000000edc00000| Complete |  0
| 221|0x00000000edd00000, 0x00000000ede00000, 0x00000000ede00000|100%| E|CS|TAMS 0x00000000edd00000| PB 0x00000000edd00000| Complete |  0
| 222|0x00000000ede00000, 0x00000000edf00000, 0x00000000edf00000|100%| E|CS|TAMS 0x00000000ede00000| PB 0x00000000ede00000| Complete |  0
| 223|0x00000000edf00000, 0x00000000ee000000, 0x00000000ee000000|100%| E|CS|TAMS 0x00000000edf00000| PB 0x00000000edf00000| Complete |  0
| 224|0x00000000ee000000, 0x00000000ee100000, 0x00000000ee100000|100%| E|CS|TAMS 0x00000000ee000000| PB 0x00000000ee000000| Complete |  0
| 225|0x00000000ee100000, 0x00000000ee200000, 0x00000000ee200000|100%| E|CS|TAMS 0x00000000ee100000| PB 0x00000000ee100000| Complete |  0
| 226|0x00000000ee200000, 0x00000000ee300000, 0x00000000ee300000|100%| E|CS|TAMS 0x00000000ee200000| PB 0x00000000ee200000| Complete |  0
| 227|0x00000000ee300000, 0x00000000ee400000, 0x00000000ee400000|100%| E|CS|TAMS 0x00000000ee300000| PB 0x00000000ee300000| Complete |  0
| 228|0x00000000ee400000, 0x00000000ee500000, 0x00000000ee500000|100%| E|CS|TAMS 0x00000000ee400000| PB 0x00000000ee400000| Complete |  0
| 229|0x00000000ee500000, 0x00000000ee600000, 0x00000000ee600000|100%| E|CS|TAMS 0x00000000ee500000| PB 0x00000000ee500000| Complete |  0
| 230|0x00000000ee600000, 0x00000000ee700000, 0x00000000ee700000|100%| E|CS|TAMS 0x00000000ee600000| PB 0x00000000ee600000| Complete |  0
| 231|0x00000000ee700000, 0x00000000ee800000, 0x00000000ee800000|100%| E|CS|TAMS 0x00000000ee700000| PB 0x00000000ee700000| Complete |  0
| 232|0x00000000ee800000, 0x00000000ee900000, 0x00000000ee900000|100%| E|CS|TAMS 0x00000000ee800000| PB 0x00000000ee800000| Complete |  0
| 233|0x00000000ee900000, 0x00000000eea00000, 0x00000000eea00000|100%| E|CS|TAMS 0x00000000ee900000| PB 0x00000000ee900000| Complete |  0
| 234|0x00000000eea00000, 0x00000000eeb00000, 0x00000000eeb00000|100%| S|CS|TAMS 0x00000000eea00000| PB 0x00000000eea00000| Complete |  0
| 235|0x00000000eeb00000, 0x00000000eec00000, 0x00000000eec00000|100%| S|CS|TAMS 0x00000000eeb00000| PB 0x00000000eeb00000| Complete |  0
| 236|0x00000000eec00000, 0x00000000eed00000, 0x00000000eed00000|100%| S|CS|TAMS 0x00000000eec00000| PB 0x00000000eec00000| Complete |  0
| 237|0x00000000eed00000, 0x00000000eee00000, 0x00000000eee00000|100%| S|CS|TAMS 0x00000000eed00000| PB 0x00000000eed00000| Complete |  0
| 238|0x00000000eee00000, 0x00000000eef00000, 0x00000000eef00000|100%| S|CS|TAMS 0x00000000eee00000| PB 0x00000000eee00000| Complete |  0
| 239|0x00000000eef00000, 0x00000000ef000000, 0x00000000ef000000|100%| S|CS|TAMS 0x00000000eef00000| PB 0x00000000eef00000| Complete |  0
| 240|0x00000000ef000000, 0x00000000ef100000, 0x00000000ef100000|100%| S|CS|TAMS 0x00000000ef000000| PB 0x00000000ef000000| Complete |  0
| 241|0x00000000ef100000, 0x00000000ef200000, 0x00000000ef200000|100%| S|CS|TAMS 0x00000000ef100000| PB 0x00000000ef100000| Complete |  0
| 242|0x00000000ef200000, 0x00000000ef300000, 0x00000000ef300000|100%| S|CS|TAMS 0x00000000ef200000| PB 0x00000000ef200000| Complete |  0
| 243|0x00000000ef300000, 0x00000000ef400000, 0x00000000ef400000|100%| E|CS|TAMS 0x00000000ef300000| PB 0x00000000ef300000| Complete |  0
| 244|0x00000000ef400000, 0x00000000ef500000, 0x00000000ef500000|100%| E|CS|TAMS 0x00000000ef400000| PB 0x00000000ef400000| Complete |  0
| 245|0x00000000ef500000, 0x00000000ef600000, 0x00000000ef600000|100%| E|CS|TAMS 0x00000000ef500000| PB 0x00000000ef500000| Complete |  0
| 246|0x00000000ef600000, 0x00000000ef700000, 0x00000000ef700000|100%| E|CS|TAMS 0x00000000ef600000| PB 0x00000000ef600000| Complete |  0
| 247|0x00000000ef700000, 0x00000000ef800000, 0x00000000ef800000|100%| E|CS|TAMS 0x00000000ef700000| PB 0x00000000ef700000| Complete |  0
| 248|0x00000000ef800000, 0x00000000ef900000, 0x00000000ef900000|100%| E|CS|TAMS 0x00000000ef800000| PB 0x00000000ef800000| Complete |  0
| 249|0x00000000ef900000, 0x00000000efa00000, 0x00000000efa00000|100%| E|CS|TAMS 0x00000000ef900000| PB 0x00000000ef900000| Complete |  0
| 250|0x00000000efa00000, 0x00000000efb00000, 0x00000000efb00000|100%| E|CS|TAMS 0x00000000efa00000| PB 0x00000000efa00000| Complete |  0
| 251|0x00000000efb00000, 0x00000000efc00000, 0x00000000efc00000|100%| E|CS|TAMS 0x00000000efb00000| PB 0x00000000efb00000| Complete |  0
| 252|0x00000000efc00000, 0x00000000efd00000, 0x00000000efd00000|100%| E|CS|TAMS 0x00000000efc00000| PB 0x00000000efc00000| Complete |  0
| 253|0x00000000efd00000, 0x00000000efe00000, 0x00000000efe00000|100%| E|CS|TAMS 0x00000000efd00000| PB 0x00000000efd00000| Complete |  0
| 254|0x00000000efe00000, 0x00000000eff00000, 0x00000000eff00000|100%| E|CS|TAMS 0x00000000efe00000| PB 0x00000000efe00000| Complete |  0
| 255|0x00000000eff00000, 0x00000000f0000000, 0x00000000f0000000|100%| E|CS|TAMS 0x00000000eff00000| PB 0x00000000eff00000| Complete |  0

Card table byte_map: [0x00000114afa60000,0x00000114afb60000] _byte_map_base: 0x00000114af360000

Marking Bits: (CMBitMap*) 0x000001149666aa20
 Bits: [0x00000114afb60000, 0x00000114b0360000)

Polling page: 0x0000011496530000

Metaspace:

Usage:
  Non-class:     38.13 MB used.
      Class:      6.50 MB used.
       Both:     44.63 MB used.

Virtual space:
  Non-class space:       64.00 MB reserved,      39.00 MB ( 61%) committed,  1 nodes.
      Class space:      320.00 MB reserved,       7.25 MB (  2%) committed,  1 nodes.
             Both:      384.00 MB reserved,      46.25 MB ( 12%) committed. 

Chunk freelists:
   Non-Class:  8.70 MB
       Class:  8.72 MB
        Both:  17.42 MB

MaxMetaspaceSize: 384.00 MB
CompressedClassSpaceSize: 320.00 MB
Initial GC threshold: 21.00 MB
Current GC threshold: 59.81 MB
CDS: on
 - commit_granule_bytes: 65536.
 - commit_granule_words: 8192.
 - virtual_space_node_default_size: 8388608.
 - enlarge_chunks_in_place: 1.
 - use_allocation_guard: 0.


Internal statistics:

num_allocs_failed_limit: 12.
num_arena_births: 2812.
num_arena_deaths: 0.
num_vsnodes_births: 2.
num_vsnodes_deaths: 0.
num_space_committed: 740.
num_space_uncommitted: 0.
num_chunks_returned_to_freelist: 12.
num_chunks_taken_from_freelist: 4800.
num_chunk_merges: 12.
num_chunk_splits: 3189.
num_chunks_enlarged: 2029.
num_inconsistent_stats: 0.

CodeHeap 'non-profiled nmethods': size=120000Kb used=2806Kb max_used=2806Kb free=117193Kb
 bounds [0x00000114a8530000, 0x00000114a87f0000, 0x00000114afa60000]
CodeHeap 'profiled nmethods': size=120000Kb used=8883Kb max_used=8917Kb free=111116Kb
 bounds [0x00000114a0a60000, 0x00000114a1340000, 0x00000114a7f90000]
CodeHeap 'non-nmethods': size=5760Kb used=2741Kb max_used=2772Kb free=3018Kb
 bounds [0x00000114a7f90000, 0x00000114a8250000, 0x00000114a8530000]
 total_blobs=5466 nmethods=4596 adapters=774
 compilation: enabled
              stopped_count=0, restarted_count=0
 full_count=0

Compilation events (20 events):
Event: 18.831 Thread 0x00000114b2ae06c0 5098       1       org.gradle.cache.internal.locklistener.DefaultFileLockContentionHandler::access$300 (5 bytes)
Event: 18.831 Thread 0x00000114b2ae06c0 nmethod 5098 0x00000114a87ece90 code [0x00000114a87ed020, 0x00000114a87ed0d0]
Event: 18.832 Thread 0x00000114b2ae06c0 5099       3       com.google.common.cache.LocalCache::isExpired (57 bytes)
Event: 18.832 Thread 0x00000114b2ae06c0 nmethod 5099 0x00000114a0b7f310 code [0x00000114a0b7f520, 0x00000114a0b7fc08]
Event: 18.880 Thread 0x00000114b2ae06c0 5100       3       java.util.regex.Pattern::range (294 bytes)
Event: 18.881 Thread 0x00000114b2ae06c0 nmethod 5100 0x00000114a0aea790 code [0x00000114a0aeabc0, 0x00000114a0aec378]
Event: 18.916 Thread 0x00000114b2ae06c0 5101  s    3       java.io.ByteArrayInputStream::read (36 bytes)
Event: 18.916 Thread 0x00000114b2ae06c0 nmethod 5101 0x00000114a0b7ee10 code [0x00000114a0b7efc0, 0x00000114a0b7f218]
Event: 18.932 Thread 0x00000114b2ae06c0 5102       3       java.util.Collections$SingletonSet::contains (9 bytes)
Event: 18.932 Thread 0x00000114b2ae06c0 nmethod 5102 0x00000114a0b7e890 code [0x00000114a0b7ea40, 0x00000114a0b7ed18]
Event: 18.932 Thread 0x00000114b2ae06c0 5103       3       java.lang.invoke.DirectMethodHandle$Holder::invokeStatic (14 bytes)
Event: 18.933 Thread 0x00000114b2ae06c0 nmethod 5103 0x00000114a0b7e090 code [0x00000114a0b7e260, 0x00000114a0b7e750]
Event: 18.933 Thread 0x00000114b2ae06c0 5104       3       java.lang.invoke.DirectMethodHandle$Holder::invokeStatic (17 bytes)
Event: 18.933 Thread 0x00000114b2ae06c0 nmethod 5104 0x00000114a0b7d910 code [0x00000114a0b7dae0, 0x00000114a0b7df68]
Event: 18.933 Thread 0x00000114b2ae06c0 5105       1       javax.management.ObjectName::getCanonicalName (5 bytes)
Event: 18.933 Thread 0x00000114b2ae06c0 nmethod 5105 0x00000114a87ed190 code [0x00000114a87ed320, 0x00000114a87ed3e8]
Event: 18.953 Thread 0x00000114b2ae06c0 5106       3       com.google.common.base.Preconditions::checkState (17 bytes)
Event: 18.953 Thread 0x00000114b2ae06c0 nmethod 5106 0x00000114a0b7d210 code [0x00000114a0b7d3e0, 0x00000114a0b7d750]
Event: 18.956 Thread 0x00000114b2ae06c0 5107       3       com.google.common.cache.LocalCache::recordsWrite (20 bytes)
Event: 18.956 Thread 0x00000114b2ae06c0 nmethod 5107 0x00000114a0aea190 code [0x00000114a0aea340, 0x00000114a0aea660]

GC Heap History (14 events):
Event: 0.696 GC heap before
{Heap before GC invocations=0 (full 0):
 garbage-first heap   total reserved 524288K, committed 262144K, used 14336K [0x00000000e0000000, 0x0000000100000000)
  region size 1024K, 14 young (14336K), 0 survivors (0K)
 Metaspace       used 800K, committed 960K, reserved 393216K
  class space    used 67K, committed 128K, reserved 327680K
}
Event: 0.702 GC heap after
{Heap after GC invocations=1 (full 0):
 garbage-first heap   total reserved 524288K, committed 262144K, used 1296K [0x00000000e0000000, 0x0000000100000000)
  region size 1024K, 2 young (2048K), 2 survivors (2048K)
 Metaspace       used 800K, committed 960K, reserved 393216K
  class space    used 67K, committed 128K, reserved 327680K
}
Event: 1.592 GC heap before
{Heap before GC invocations=1 (full 0):
 garbage-first heap   total reserved 524288K, committed 262144K, used 25872K [0x00000000e0000000, 0x0000000100000000)
  region size 1024K, 24 young (24576K), 2 survivors (2048K)
 Metaspace       used 3526K, committed 3712K, reserved 393216K
  class space    used 452K, committed 512K, reserved 327680K
}
Event: 1.597 GC heap after
{Heap after GC invocations=2 (full 0):
 garbage-first heap   total reserved 524288K, committed 262144K, used 10184K [0x00000000e0000000, 0x0000000100000000)
  region size 1024K, 3 young (3072K), 3 survivors (3072K)
 Metaspace       used 3526K, committed 3712K, reserved 393216K
  class space    used 452K, committed 512K, reserved 327680K
}
Event: 9.325 GC heap before
{Heap before GC invocations=2 (full 0):
 garbage-first heap   total reserved 524288K, committed 262144K, used 164808K [0x00000000e0000000, 0x0000000100000000)
  region size 1024K, 153 young (156672K), 3 survivors (3072K)
 Metaspace       used 20367K, committed 21056K, reserved 393216K
  class space    used 3027K, committed 3328K, reserved 327680K
}
Event: 9.339 GC heap after
{Heap after GC invocations=3 (full 0):
 garbage-first heap   total reserved 524288K, committed 262144K, used 23496K [0x00000000e0000000, 0x0000000100000000)
  region size 1024K, 15 young (15360K), 15 survivors (15360K)
 Metaspace       used 20367K, committed 21056K, reserved 393216K
  class space    used 3027K, committed 3328K, reserved 327680K
}
Event: 9.638 GC heap before
{Heap before GC invocations=3 (full 0):
 garbage-first heap   total reserved 524288K, committed 262144K, used 27592K [0x00000000e0000000, 0x0000000100000000)
  region size 1024K, 20 young (20480K), 15 survivors (15360K)
 Metaspace       used 20794K, committed 21504K, reserved 393216K
  class space    used 3098K, committed 3392K, reserved 327680K
}
Event: 9.649 GC heap after
{Heap after GC invocations=4 (full 0):
 garbage-first heap   total reserved 524288K, committed 262144K, used 25511K [0x00000000e0000000, 0x0000000100000000)
  region size 1024K, 2 young (2048K), 2 survivors (2048K)
 Metaspace       used 20794K, committed 21504K, reserved 393216K
  class space    used 3098K, committed 3392K, reserved 327680K
}
Event: 15.133 GC heap before
{Heap before GC invocations=5 (full 0):
 garbage-first heap   total reserved 524288K, committed 262144K, used 140199K [0x00000000e0000000, 0x0000000100000000)
  region size 1024K, 111 young (113664K), 2 survivors (2048K)
 Metaspace       used 34838K, committed 35968K, reserved 393216K
  class space    used 4964K, committed 5504K, reserved 327680K
}
Event: 15.142 GC heap after
{Heap after GC invocations=6 (full 0):
 garbage-first heap   total reserved 524288K, committed 262144K, used 33151K [0x00000000e0000000, 0x0000000100000000)
  region size 1024K, 10 young (10240K), 10 survivors (10240K)
 Metaspace       used 34838K, committed 35968K, reserved 393216K
  class space    used 4964K, committed 5504K, reserved 327680K
}
Event: 15.251 GC heap before
{Heap before GC invocations=6 (full 0):
 garbage-first heap   total reserved 524288K, committed 262144K, used 36223K [0x00000000e0000000, 0x0000000100000000)
  region size 1024K, 14 young (14336K), 10 survivors (10240K)
 Metaspace       used 35178K, committed 36288K, reserved 393216K
  class space    used 5022K, committed 5568K, reserved 327680K
}
Event: 15.258 GC heap after
{Heap after GC invocations=7 (full 0):
 garbage-first heap   total reserved 524288K, committed 262144K, used 32666K [0x00000000e0000000, 0x0000000100000000)
  region size 1024K, 9 young (9216K), 9 survivors (9216K)
 Metaspace       used 35178K, committed 36288K, reserved 393216K
  class space    used 5022K, committed 5568K, reserved 327680K
}
Event: 15.486 GC heap before
{Heap before GC invocations=7 (full 0):
 garbage-first heap   total reserved 524288K, committed 262144K, used 35738K [0x00000000e0000000, 0x0000000100000000)
  region size 1024K, 13 young (13312K), 9 survivors (9216K)
 Metaspace       used 35486K, committed 36608K, reserved 393216K
  class space    used 5073K, committed 5632K, reserved 327680K
}
Event: 15.494 GC heap after
{Heap after GC invocations=8 (full 0):
 garbage-first heap   total reserved 524288K, committed 262144K, used 32666K [0x00000000e0000000, 0x0000000100000000)
  region size 1024K, 9 young (9216K), 9 survivors (9216K)
 Metaspace       used 35486K, committed 36608K, reserved 393216K
  class space    used 5073K, committed 5632K, reserved 327680K
}

Dll operation events (15 events):
Event: 0.100 Loaded shared library C:\Users\ASUS\.jdks\openjdk-22.0.2\bin\java.dll
Event: 0.173 Loaded shared library C:\Users\ASUS\.jdks\openjdk-22.0.2\bin\jsvml.dll
Event: 0.254 Loaded shared library C:\Users\ASUS\.jdks\openjdk-22.0.2\bin\zip.dll
Event: 0.257 Loaded shared library C:\Users\ASUS\.jdks\openjdk-22.0.2\bin\instrument.dll
Event: 0.262 Loaded shared library C:\Users\ASUS\.jdks\openjdk-22.0.2\bin\net.dll
Event: 0.264 Loaded shared library C:\Users\ASUS\.jdks\openjdk-22.0.2\bin\nio.dll
Event: 0.267 Loaded shared library C:\Users\ASUS\.jdks\openjdk-22.0.2\bin\zip.dll
Event: 0.773 Loaded shared library C:\Users\ASUS\.jdks\openjdk-22.0.2\bin\jimage.dll
Event: 1.218 Loaded shared library C:\Users\ASUS\.jdks\openjdk-22.0.2\bin\verify.dll
Event: 1.407 Loaded shared library C:\Users\ASUS\.gradle\native\1def1411415f61bf3af743bc5b6707747c0891f09f0c88961ee8f79bc544acac\windows-amd64\native-platform.dll
Event: 1.413 Loaded shared library C:\Users\ASUS\.gradle\native\0.2.6\x86_64-windows-gnu\gradle-fileevents.dll
Event: 3.840 Loaded shared library C:\Users\ASUS\.jdks\openjdk-22.0.2\bin\management.dll
Event: 3.859 Loaded shared library C:\Users\ASUS\.jdks\openjdk-22.0.2\bin\management_ext.dll
Event: 4.166 Loaded shared library C:\Users\ASUS\.jdks\openjdk-22.0.2\bin\extnet.dll
Event: 4.527 Loaded shared library C:\Users\ASUS\.jdks\openjdk-22.0.2\bin\sunmscapi.dll

Deoptimization events (20 events):
Event: 17.908 Thread 0x00000114cd866ee0 DEOPT PACKING pc=0x00000114a86ec31c sp=0x00000013ac1f88f0
Event: 17.908 Thread 0x00000114cd866ee0 DEOPT UNPACKING pc=0x00000114a7fe46a2 sp=0x00000013ac1f8898 mode 2
Event: 17.908 Thread 0x00000114cd866ee0 Uncommon trap: trap_request=0xffffffc6 fr.pc=0x00000114a86ec31c relative=0x00000000000002dc
Event: 17.908 Thread 0x00000114cd866ee0 Uncommon trap: reason=bimorphic_or_optimized_type_check action=maybe_recompile pc=0x00000114a86ec31c method=com.google.common.base.CharMatcher.indexIn(Ljava/lang/CharSequence;I)I @ 31 c2
Event: 17.908 Thread 0x00000114cd866ee0 DEOPT PACKING pc=0x00000114a86ec31c sp=0x00000013ac1f88e0
Event: 17.908 Thread 0x00000114cd866ee0 DEOPT UNPACKING pc=0x00000114a7fe46a2 sp=0x00000013ac1f8888 mode 2
Event: 17.924 Thread 0x00000114cd866ee0 Uncommon trap: trap_request=0xffffffc6 fr.pc=0x00000114a86ec31c relative=0x00000000000002dc
Event: 17.924 Thread 0x00000114cd866ee0 Uncommon trap: reason=bimorphic_or_optimized_type_check action=maybe_recompile pc=0x00000114a86ec31c method=com.google.common.base.CharMatcher.indexIn(Ljava/lang/CharSequence;I)I @ 31 c2
Event: 17.924 Thread 0x00000114cd866ee0 DEOPT PACKING pc=0x00000114a86ec31c sp=0x00000013ac1f88e0
Event: 17.924 Thread 0x00000114cd866ee0 DEOPT UNPACKING pc=0x00000114a7fe46a2 sp=0x00000013ac1f8888 mode 2
Event: 18.045 Thread 0x00000114cd866ee0 Uncommon trap: trap_request=0xffffff45 fr.pc=0x00000114a85fc800 relative=0x0000000000000260
Event: 18.045 Thread 0x00000114cd866ee0 Uncommon trap: reason=unstable_if action=reinterpret pc=0x00000114a85fc800 method=org.objectweb.asm.Frame.push(I)V @ 26 c2
Event: 18.045 Thread 0x00000114cd866ee0 DEOPT PACKING pc=0x00000114a85fc800 sp=0x00000013ac1f9460
Event: 18.045 Thread 0x00000114cd866ee0 DEOPT UNPACKING pc=0x00000114a7fe46a2 sp=0x00000013ac1f9408 mode 2
Event: 18.064 Thread 0x00000114cd866ee0 Uncommon trap: trap_request=0xffffffc6 fr.pc=0x00000114a86ec31c relative=0x00000000000002dc
Event: 18.064 Thread 0x00000114cd866ee0 Uncommon trap: reason=bimorphic_or_optimized_type_check action=maybe_recompile pc=0x00000114a86ec31c method=com.google.common.base.CharMatcher.indexIn(Ljava/lang/CharSequence;I)I @ 31 c2
Event: 18.064 Thread 0x00000114cd866ee0 DEOPT PACKING pc=0x00000114a86ec31c sp=0x00000013ac1f9640
Event: 18.064 Thread 0x00000114cd866ee0 DEOPT UNPACKING pc=0x00000114a7fe46a2 sp=0x00000013ac1f95e8 mode 2
Event: 18.545 Thread 0x00000114cd866ee0 DEOPT PACKING pc=0x00000114a0b3b6b9 sp=0x00000013ac1f83a0
Event: 18.545 Thread 0x00000114cd866ee0 DEOPT UNPACKING pc=0x00000114a7fe4e42 sp=0x00000013ac1f7838 mode 0

Classes loaded (20 events):
Event: 17.610 Loading class javax/net/ssl/X509TrustManager
Event: 17.610 Loading class javax/net/ssl/X509TrustManager done
Event: 17.614 Loading class javax/net/ssl/SSLException
Event: 17.615 Loading class javax/net/ssl/SSLException done
Event: 17.615 Loading class java/security/cert/CertificateParsingException
Event: 17.615 Loading class java/security/cert/CertificateException
Event: 17.616 Loading class java/security/cert/CertificateException done
Event: 17.616 Loading class java/security/cert/CertificateParsingException done
Event: 17.616 Loading class javax/net/ssl/SSLPeerUnverifiedException
Event: 17.621 Loading class javax/net/ssl/SSLPeerUnverifiedException done
Event: 17.621 Loading class javax/naming/NamingException
Event: 17.621 Loading class javax/naming/NamingException done
Event: 17.621 Loading class javax/naming/InvalidNameException
Event: 17.621 Loading class javax/naming/InvalidNameException done
Event: 17.893 Loading class java/util/function/IntBinaryOperator
Event: 17.895 Loading class java/util/function/IntBinaryOperator done
Event: 18.546 Loading class java/io/DeleteOnExitHook
Event: 18.549 Loading class java/io/DeleteOnExitHook done
Event: 18.549 Loading class java/io/DeleteOnExitHook$1
Event: 18.549 Loading class java/io/DeleteOnExitHook$1 done

Classes unloaded (0 events):
No events

Classes redefined (0 events):
No events

Internal exceptions (20 events):
Event: 17.595 Thread 0x00000114cd866ee0 Exception <a 'java/lang/NoSuchMethodError'{0x00000000ebb358a0}: 'java.lang.Object java.lang.invoke.DirectMethodHandle$Holder.invokeSpecial(java.lang.Object, java.lang.Object, java.lang.Object, java.lang.Object, java.lang.Object, java.lang.Object, java.lang.Object, java.lang.Object, java.lang.Object, java.lang.Object, java.lang.Object, java.lang.Object, java.lang.Object, java.lang.Object, java.lang.Object, java.lang.Object, java.lang.Object, java.lang.Object)'> (0x00000000ebb358a0) 
thrown [s\open\src\hotsp
Event: 17.595 Thread 0x00000114cd866ee0 Exception <a 'java/lang/NoSuchMethodError'{0x00000000ebb3ade8}: 'java.lang.Object java.lang.invoke.DelegatingMethodHandle$Holder.reinvoke_L(java.lang.Object, java.lang.Object, java.lang.Object, java.lang.Object, java.lang.Object, java.lang.Object, java.lang.Object, java.lang.Object, java.lang.Object, java.lang.Object, java.lang.Object, java.lang.Object, java.lang.Object, java.lang.Object, java.lang.Object, java.lang.Object, java.lang.Object)'> (0x00000000ebb3ade8) 
thrown [s\open\src\hotspot\share\interpre
Event: 17.838 Thread 0x00000114cd866ee0 Exception <a 'java/lang/ClassNotFoundException'{0x00000000eb8c3638}: build_315juk645saq3vz5v7h6bchilBeanInfo> (0x00000000eb8c3638) 
thrown [s\open\src\hotspot\share\classfile\systemDictionary.cpp, line 313]
Event: 17.839 Thread 0x00000114cd866ee0 Exception <a 'java/lang/ClassNotFoundException'{0x00000000eb8cd150}: org/gradle/api/internal/project/ProjectScriptBeanInfo> (0x00000000eb8cd150) 
thrown [s\open\src\hotspot\share\classfile\systemDictionary.cpp, line 313]
Event: 17.839 Thread 0x00000114cd866ee0 Exception <a 'java/lang/ClassNotFoundException'{0x00000000eb8d6d88}: org/gradle/api/internal/project/ProjectScriptCustomizer> (0x00000000eb8d6d88) 
thrown [s\open\src\hotspot\share\classfile\systemDictionary.cpp, line 313]
Event: 17.840 Thread 0x00000114cd866ee0 Exception <a 'java/lang/ClassNotFoundException'{0x00000000eb8ee4e0}: build_315juk645saq3vz5v7h6bchilCustomizer> (0x00000000eb8ee4e0) 
thrown [s\open\src\hotspot\share\classfile\systemDictionary.cpp, line 313]
Event: 17.863 Thread 0x00000114cd866ee0 Exception <a 'java/lang/ClassNotFoundException'{0x00000000eb74d850}: org/gradle/internal/metaobject/ConfigureDelegateBeanInfo> (0x00000000eb74d850) 
thrown [s\open\src\hotspot\share\classfile\systemDictionary.cpp, line 313]
Event: 17.864 Thread 0x00000114cd866ee0 Exception <a 'java/lang/ClassNotFoundException'{0x00000000eb75c0e0}: org/gradle/internal/metaobject/ConfigureDelegateCustomizer> (0x00000000eb75c0e0) 
thrown [s\open\src\hotspot\share\classfile\systemDictionary.cpp, line 313]
Event: 17.902 Thread 0x00000114cd866ee0 Exception <a 'java/lang/ClassNotFoundException'{0x00000000eb6023a8}: org/gradle/plugin/use/internal/PluginRequestCollector$PluginDependenciesSpecImplBeanInfo> (0x00000000eb6023a8) 
thrown [s\open\src\hotspot\share\classfile\systemDictionary.cpp, line 313]
Event: 17.903 Thread 0x00000114cd866ee0 Exception <a 'java/lang/ClassNotFoundException'{0x00000000eb612440}: org/gradle/plugin/use/internal/PluginRequestCollector$PluginDependenciesSpecImplCustomizer> (0x00000000eb612440) 
thrown [s\open\src\hotspot\share\classfile\systemDictionary.cpp, line 313]
Event: 17.905 Thread 0x00000114cd866ee0 Exception <a 'java/lang/NoSuchMethodError'{0x00000000eb6206d8}: 'java.lang.Object java.lang.invoke.DirectMethodHandle$Holder.invokeVirtual(java.lang.Object, java.lang.Object, java.lang.Object, int)'> (0x00000000eb6206d8) 
thrown [s\open\src\hotspot\share\interpreter\linkResolver.cpp, line 774]
Event: 17.922 Thread 0x00000114cd866ee0 Exception <a 'java/lang/ClassNotFoundException'{0x00000000eb66ea18}: org/gradle/plugin/use/internal/PluginRequestCollector$PluginDependencySpecImplBeanInfo> (0x00000000eb66ea18) 
thrown [s\open\src\hotspot\share\classfile\systemDictionary.cpp, line 313]
Event: 17.922 Thread 0x00000114cd866ee0 Exception <a 'java/lang/ClassNotFoundException'{0x00000000eb67e778}: org/gradle/plugin/use/internal/PluginRequestCollector$PluginDependencySpecImplCustomizer> (0x00000000eb67e778) 
thrown [s\open\src\hotspot\share\classfile\systemDictionary.cpp, line 313]
Event: 18.236 Thread 0x00000114cd866ee0 Exception <a 'java/lang/NoSuchMethodError'{0x00000000eae518e8}: 'java.lang.Object java.lang.invoke.DirectMethodHandle$Holder.newInvokeSpecial(java.lang.Object, java.lang.Object, java.lang.Object, java.lang.Object, java.lang.Object, java.lang.Object, java.lang.Object, java.lang.Object, java.lang.Object, java.lang.Object, java.lang.Object, java.lang.Object, java.lang.Object, java.lang.Object, java.lang.Object, java.lang.Object, java.lang.Object, java.lang.Object, java.lang.Object, java.lang.Object, java.lang
Event: 18.236 Thread 0x00000114cd866ee0 Exception <a 'java/lang/NoSuchMethodError'{0x00000000eae594c8}: 'java.lang.Object java.lang.invoke.DirectMethodHandle$Holder.invokeSpecial(java.lang.Object, java.lang.Object, java.lang.Object, java.lang.Object, java.lang.Object, java.lang.Object, java.lang.Object, java.lang.Object, java.lang.Object, java.lang.Object, java.lang.Object, java.lang.Object, java.lang.Object, java.lang.Object, java.lang.Object, java.lang.Object, java.lang.Object, java.lang.Object, java.lang.Object, java.lang.Object, java.lang.Ob
Event: 18.237 Thread 0x00000114cd866ee0 Exception <a 'java/lang/NoSuchMethodError'{0x00000000eae5f7d0}: 'java.lang.Object java.lang.invoke.DelegatingMethodHandle$Holder.reinvoke_L(java.lang.Object, java.lang.Object, java.lang.Object, java.lang.Object, java.lang.Object, java.lang.Object, java.lang.Object, java.lang.Object, java.lang.Object, java.lang.Object, java.lang.Object, java.lang.Object, java.lang.Object, java.lang.Object, java.lang.Object, java.lang.Object, java.lang.Object, java.lang.Object, java.lang.Object, java.lang.Object, java.lang.O
Event: 18.528 Thread 0x00000114cd866ee0 Exception <a 'java/lang/NoSuchMethodError'{0x00000000ea77ef28}: 'java.lang.Object java.lang.invoke.DirectMethodHandle$Holder.newInvokeSpecial(java.lang.Object, int, java.lang.Object)'> (0x00000000ea77ef28) 
thrown [s\open\src\hotspot\share\interpreter\linkResolver.cpp, line 774]
Event: 18.816 Thread 0x00000114cd866ee0 Exception <a 'java/lang/NoSuchMethodError'{0x00000000ea24eb88}: 'java.lang.Object java.lang.invoke.DirectMethodHandle$Holder.newInvokeSpecial(java.lang.Object, java.lang.Object, java.lang.Object, int)'> (0x00000000ea24eb88) 
thrown [s\open\src\hotspot\share\interpreter\linkResolver.cpp, line 774]
Event: 18.817 Thread 0x00000114cd866ee0 Exception <a 'java/lang/NoSuchMethodError'{0x00000000ea253200}: 'java.lang.Object java.lang.invoke.Invokers$Holder.linkToTargetMethod(java.lang.Object, java.lang.Object, int, java.lang.Object)'> (0x00000000ea253200) 
thrown [s\open\src\hotspot\share\interpreter\linkResolver.cpp, line 774]
Event: 18.966 Thread 0x00000114cd866ee0 Exception <a 'java/lang/NoSuchMethodError'{0x00000000ea096a78}: 'int java.lang.invoke.DirectMethodHandle$Holder.invokeSpecialIFC(java.lang.Object, java.lang.Object, java.lang.Object)'> (0x00000000ea096a78) 
thrown [s\open\src\hotspot\share\interpreter\linkResolver.cpp, line 774]

ZGC Phase Switch (0 events):
No events

VM Operations (20 events):
Event: 15.156 Executing VM operation: HandshakeAllThreads (Deoptimize)
Event: 15.157 Executing VM operation: HandshakeAllThreads (Deoptimize) done
Event: 15.251 Executing VM operation: CollectForMetadataAllocation (Metadata GC Threshold)
Event: 15.258 Executing VM operation: CollectForMetadataAllocation (Metadata GC Threshold) done
Event: 15.486 Executing VM operation: CollectForMetadataAllocation (Metadata GC Threshold)
Event: 15.494 Executing VM operation: CollectForMetadataAllocation (Metadata GC Threshold) done
Event: 15.526 Executing VM operation: G1PauseRemark
Event: 15.530 Executing VM operation: G1PauseRemark done
Event: 15.540 Executing VM operation: G1PauseCleanup
Event: 15.542 Executing VM operation: G1PauseCleanup done
Event: 16.549 Executing VM operation: Cleanup
Event: 16.581 Executing VM operation: Cleanup done
Event: 16.861 Executing VM operation: HandshakeAllThreads (Deoptimize)
Event: 16.861 Executing VM operation: HandshakeAllThreads (Deoptimize) done
Event: 17.298 Executing VM operation: HandshakeAllThreads (Deoptimize)
Event: 17.298 Executing VM operation: HandshakeAllThreads (Deoptimize) done
Event: 17.408 Executing VM operation: ICBufferFull
Event: 17.408 Executing VM operation: ICBufferFull done
Event: 18.410 Executing VM operation: Cleanup
Event: 18.410 Executing VM operation: Cleanup done

Memory protections (0 events):
No events

Nmethod flushes (20 events):
Event: 15.530 Thread 0x00000114b29534f0 flushing  nmethod 0x00000114a0d77190
Event: 15.530 Thread 0x00000114b29534f0 flushing  nmethod 0x00000114a0d79010
Event: 15.530 Thread 0x00000114b29534f0 flushing  nmethod 0x00000114a0d85990
Event: 15.530 Thread 0x00000114b29534f0 flushing  nmethod 0x00000114a0d8a010
Event: 15.530 Thread 0x00000114b29534f0 flushing  nmethod 0x00000114a0d90990
Event: 15.530 Thread 0x00000114b29534f0 flushing  nmethod 0x00000114a0d91710
Event: 15.530 Thread 0x00000114b29534f0 flushing  nmethod 0x00000114a0d91e10
Event: 15.530 Thread 0x00000114b29534f0 flushing  nmethod 0x00000114a0dcbf10
Event: 15.530 Thread 0x00000114b29534f0 flushing  nmethod 0x00000114a0dcc310
Event: 15.530 Thread 0x00000114b29534f0 flushing  nmethod 0x00000114a0dcd390
Event: 15.530 Thread 0x00000114b29534f0 flushing  nmethod 0x00000114a0dce790
Event: 15.530 Thread 0x00000114b29534f0 flushing  nmethod 0x00000114a0dd1f90
Event: 15.530 Thread 0x00000114b29534f0 flushing  nmethod 0x00000114a0dd2290
Event: 15.530 Thread 0x00000114b29534f0 flushing  nmethod 0x00000114a0dfaa10
Event: 15.530 Thread 0x00000114b29534f0 flushing  nmethod 0x00000114a0e17e90
Event: 15.530 Thread 0x00000114b29534f0 flushing  nmethod 0x00000114a0e18f10
Event: 15.530 Thread 0x00000114b29534f0 flushing  nmethod 0x00000114a0e19210
Event: 15.530 Thread 0x00000114b29534f0 flushing  nmethod 0x00000114a0e1a610
Event: 15.530 Thread 0x00000114b29534f0 flushing  nmethod 0x00000114a0f17f10
Event: 15.530 Thread 0x00000114b29534f0 flushing  nmethod 0x00000114a0f61310

Events (20 events):
Event: 4.611 Thread 0x00000114cd66a570 Thread added: 0x00000114cd866ee0
Event: 4.627 Thread 0x00000114cd866ee0 Thread added: 0x00000114cd867570
Event: 4.631 Thread 0x00000114cd866ee0 Thread added: 0x00000114cd868fb0
Event: 4.633 Thread 0x00000114cd866ee0 Thread added: 0x00000114cd867c00
Event: 5.604 Thread 0x00000114cd866ee0 Thread added: 0x00000114cd868290
Event: 5.622 Thread 0x00000114cd866ee0 Thread added: 0x00000114cd869640
Event: 6.541 Thread 0x00000114cd866ee0 Thread added: 0x00000114cd868920
Event: 6.544 Thread 0x00000114cd869640 Thread added: 0x00000114cd8661c0
Event: 9.761 Thread 0x00000114cd866ee0 Thread added: 0x00000114ce6ecbb0
Event: 9.854 Thread 0x00000114cd866ee0 Thread added: 0x00000114ce6eec80
Event: 10.494 Thread 0x00000114cd866ee0 Thread added: 0x00000114ce6f0030
Event: 10.502 Thread 0x00000114cd866ee0 Thread added: 0x00000114ce6f2790
Event: 11.656 Thread 0x00000114cd866ee0 Thread added: 0x00000114ce6f34b0
Event: 11.872 Thread 0x00000114cd866ee0 Thread added: 0x00000114ce6f1a70
Event: 13.901 Thread 0x00000114cd866ee0 Thread added: 0x00000114ce6ed240
Event: 14.012 Thread 0x00000114cd866ee0 Thread added: 0x00000114ce6f2100
Event: 14.845 Thread 0x00000114cd866ee0 Thread added: 0x00000114ce6f0d50
Event: 14.906 Thread 0x00000114cd866ee0 Thread added: 0x00000114ce6ee5f0
Event: 15.899 Thread 0x00000114cd866ee0 Thread added: 0x00000114ce6ed8d0
Event: 16.099 Thread 0x00000114cd866ee0 Thread added: 0x00000114ce6f2e20


Dynamic libraries:
0x00007ff6eb250000 - 0x00007ff6eb25e000 	C:\Users\ASUS\.jdks\openjdk-22.0.2\bin\java.exe
0x00007ff9955b0000 - 0x00007ff9957a8000 	C:\Windows\SYSTEM32\ntdll.dll
0x00007ff993a60000 - 0x00007ff993b1f000 	C:\Windows\System32\KERNEL32.DLL
0x00007ff993010000 - 0x00007ff9932e2000 	C:\Windows\System32\KERNELBASE.dll
0x00007ff993390000 - 0x00007ff993490000 	C:\Windows\System32\ucrtbase.dll
0x00007ff98d7c0000 - 0x00007ff98d7d7000 	C:\Users\ASUS\.jdks\openjdk-22.0.2\bin\jli.dll
0x00007ff993bd0000 - 0x00007ff993d71000 	C:\Windows\System32\USER32.dll
0x00007ff992ca0000 - 0x00007ff992cc2000 	C:\Windows\System32\win32u.dll
0x00007ff994670000 - 0x00007ff99469b000 	C:\Windows\System32\GDI32.dll
0x00007ff992cd0000 - 0x00007ff992ddf000 	C:\Windows\System32\gdi32full.dll
0x00007ff9932f0000 - 0x00007ff99338d000 	C:\Windows\System32\msvcp_win.dll
0x00007ff98e6b0000 - 0x00007ff98e6cb000 	C:\Users\ASUS\.jdks\openjdk-22.0.2\bin\VCRUNTIME140.dll
0x00007ff97f370000 - 0x00007ff97f60a000 	C:\Windows\WinSxS\amd64_microsoft.windows.common-controls_6595b64144ccf1df_6.0.19041.1110_none_60b5254171f9507e\COMCTL32.dll
0x00007ff995460000 - 0x00007ff9954fe000 	C:\Windows\System32\msvcrt.dll
0x00007ff993eb0000 - 0x00007ff993ee2000 	C:\Windows\System32\IMM32.DLL
0x00007ff98e980000 - 0x00007ff98e98c000 	C:\Users\ASUS\.jdks\openjdk-22.0.2\bin\vcruntime140_1.dll
0x00007ff98b2b0000 - 0x00007ff98b33e000 	C:\Users\ASUS\.jdks\openjdk-22.0.2\bin\msvcp140.dll
0x00007ff92cec0000 - 0x00007ff92dc09000 	C:\Users\ASUS\.jdks\openjdk-22.0.2\bin\server\jvm.dll
0x00007ff993ef0000 - 0x00007ff993f9e000 	C:\Windows\System32\ADVAPI32.dll
0x00007ff993fa0000 - 0x00007ff99403c000 	C:\Windows\System32\sechost.dll
0x00007ff994700000 - 0x00007ff994825000 	C:\Windows\System32\RPCRT4.dll
0x00007ff995500000 - 0x00007ff99556b000 	C:\Windows\System32\WS2_32.dll
0x00007ff992220000 - 0x00007ff99226b000 	C:\Windows\SYSTEM32\POWRPROF.dll
0x00007ff989100000 - 0x00007ff989127000 	C:\Windows\SYSTEM32\WINMM.dll
0x00007ff98ccc0000 - 0x00007ff98ccca000 	C:\Windows\SYSTEM32\VERSION.dll
0x00007ff9920e0000 - 0x00007ff9920f2000 	C:\Windows\SYSTEM32\UMPDC.dll
0x00007ff990b60000 - 0x00007ff990b72000 	C:\Windows\SYSTEM32\kernel.appcore.dll
0x00007ff98e930000 - 0x00007ff98e93a000 	C:\Users\ASUS\.jdks\openjdk-22.0.2\bin\jimage.dll
0x00007ff97c450000 - 0x00007ff97c634000 	C:\Windows\SYSTEM32\DBGHELP.DLL
0x00007ff97b120000 - 0x00007ff97b155000 	C:\Windows\SYSTEM32\dbgcore.DLL
0x00007ff992e50000 - 0x00007ff992ed2000 	C:\Windows\System32\bcryptPrimitives.dll
0x00007ff98e6a0000 - 0x00007ff98e6af000 	C:\Users\ASUS\.jdks\openjdk-22.0.2\bin\instrument.dll
0x00007ff98d7a0000 - 0x00007ff98d7be000 	C:\Users\ASUS\.jdks\openjdk-22.0.2\bin\java.dll
0x00007ff9948e0000 - 0x00007ff995025000 	C:\Windows\System32\SHELL32.dll
0x00007ff995040000 - 0x00007ff99516a000 	C:\Windows\System32\ole32.dll
0x00007ff994040000 - 0x00007ff994395000 	C:\Windows\System32\combase.dll
0x00007ff990d60000 - 0x00007ff9914f2000 	C:\Windows\SYSTEM32\windows.storage.dll
0x00007ff992700000 - 0x00007ff992730000 	C:\Windows\SYSTEM32\Wldp.dll
0x00007ff993b20000 - 0x00007ff993bcd000 	C:\Windows\System32\SHCORE.dll
0x00007ff9944a0000 - 0x00007ff9944f5000 	C:\Windows\System32\shlwapi.dll
0x00007ff992be0000 - 0x00007ff992bff000 	C:\Windows\SYSTEM32\profapi.dll
0x00007ff964a40000 - 0x00007ff964b17000 	C:\Users\ASUS\.jdks\openjdk-22.0.2\bin\jsvml.dll
0x00007ff98d780000 - 0x00007ff98d797000 	C:\Users\ASUS\.jdks\openjdk-22.0.2\bin\zip.dll
0x00007ff98e2c0000 - 0x00007ff98e2d0000 	C:\Users\ASUS\.jdks\openjdk-22.0.2\bin\net.dll
0x00007ff992460000 - 0x00007ff9924ca000 	C:\Windows\system32\mswsock.dll
0x00007ff98d760000 - 0x00007ff98d776000 	C:\Users\ASUS\.jdks\openjdk-22.0.2\bin\nio.dll
0x00007ff98d5a0000 - 0x00007ff98d5b0000 	C:\Users\ASUS\.jdks\openjdk-22.0.2\bin\verify.dll
0x00007ff98e990000 - 0x00007ff98e9b7000 	C:\Users\ASUS\.gradle\native\1def1411415f61bf3af743bc5b6707747c0891f09f0c88961ee8f79bc544acac\windows-amd64\native-platform.dll
0x00007ff9649c0000 - 0x00007ff964a38000 	C:\Users\ASUS\.gradle\native\0.2.6\x86_64-windows-gnu\gradle-fileevents.dll
0x00007ff98d590000 - 0x00007ff98d59a000 	C:\Users\ASUS\.jdks\openjdk-22.0.2\bin\management.dll
0x00007ff98d1f0000 - 0x00007ff98d1fb000 	C:\Users\ASUS\.jdks\openjdk-22.0.2\bin\management_ext.dll
0x00007ff995030000 - 0x00007ff995038000 	C:\Windows\System32\PSAPI.DLL
0x00007ff992100000 - 0x00007ff99213b000 	C:\Windows\SYSTEM32\IPHLPAPI.DLL
0x00007ff9943a0000 - 0x00007ff9943a8000 	C:\Windows\System32\NSI.dll
0x00007ff98d1e0000 - 0x00007ff98d1e9000 	C:\Users\ASUS\.jdks\openjdk-22.0.2\bin\extnet.dll
0x00007ff992650000 - 0x00007ff992668000 	C:\Windows\SYSTEM32\CRYPTSP.dll
0x00007ff991d10000 - 0x00007ff991d44000 	C:\Windows\system32\rsaenh.dll
0x00007ff992ee0000 - 0x00007ff992f07000 	C:\Windows\System32\bcrypt.dll
0x00007ff992ba0000 - 0x00007ff992bce000 	C:\Windows\SYSTEM32\USERENV.dll
0x00007ff992670000 - 0x00007ff99267c000 	C:\Windows\SYSTEM32\CRYPTBASE.dll
0x00007ff98d1d0000 - 0x00007ff98d1de000 	C:\Users\ASUS\.jdks\openjdk-22.0.2\bin\sunmscapi.dll
0x00007ff993490000 - 0x00007ff9935e6000 	C:\Windows\System32\CRYPT32.dll
0x00007ff992770000 - 0x00007ff992797000 	C:\Windows\SYSTEM32\ncrypt.dll
0x00007ff992730000 - 0x00007ff99276b000 	C:\Windows\SYSTEM32\NTASN1.dll
0x00007ff9618f0000 - 0x00007ff9618f7000 	C:\Windows\system32\wshunix.dll

dbghelp: loaded successfully - version: 4.0.5 - missing functions: none
symbol engine: initialized successfully - sym options: 0x614 - pdb path: .;C:\Users\ASUS\.jdks\openjdk-22.0.2\bin;C:\Windows\SYSTEM32;C:\Windows\WinSxS\amd64_microsoft.windows.common-controls_6595b64144ccf1df_6.0.19041.1110_none_60b5254171f9507e;C:\Users\ASUS\.jdks\openjdk-22.0.2\bin\server;C:\Users\ASUS\.gradle\native\1def1411415f61bf3af743bc5b6707747c0891f09f0c88961ee8f79bc544acac\windows-amd64;C:\Users\ASUS\.gradle\native\0.2.6\x86_64-windows-gnu

VM Arguments:
jvm_args: --add-opens=java.base/java.lang=ALL-UNNAMED --add-opens=java.base/java.lang.invoke=ALL-UNNAMED --add-opens=java.base/java.util=ALL-UNNAMED --add-opens=java.prefs/java.util.prefs=ALL-UNNAMED --add-exports=jdk.compiler/com.sun.tools.javac.api=ALL-UNNAMED --add-exports=jdk.compiler/com.sun.tools.javac.util=ALL-UNNAMED --add-opens=java.base/java.util=ALL-UNNAMED --add-opens=java.prefs/java.util.prefs=ALL-UNNAMED --add-opens=java.base/java.nio.charset=ALL-UNNAMED --add-opens=java.base/java.net=ALL-UNNAMED --add-opens=java.base/java.util.concurrent.atomic=ALL-UNNAMED --add-opens=java.xml/javax.xml.namespace=ALL-UNNAMED -XX:MaxMetaspaceSize=384m -XX:+HeapDumpOnOutOfMemoryError -Xms256m -Xmx512m -Dfile.encoding=windows-1252 -Duser.country=US -Duser.language=en -Duser.variant -javaagent:C:\Users\ASUS\.gradle\wrapper\dists\gradle-8.12.1-bin\eumc4uhoysa37zql93vfjkxy0\gradle-8.12.1\lib\agents\gradle-instrumentation-agent-8.12.1.jar 
java_command: org.gradle.launcher.daemon.bootstrap.GradleDaemon 8.12.1
java_class_path (initial): C:\Users\ASUS\.gradle\wrapper\dists\gradle-8.12.1-bin\eumc4uhoysa37zql93vfjkxy0\gradle-8.12.1\lib\gradle-daemon-main-8.12.1.jar
Launcher Type: SUN_STANDARD

[Global flags]
     intx CICompilerCount                          = 3                                         {product} {ergonomic}
   size_t CompressedClassSpaceSize                 = 335544320                                 {product} {ergonomic}
     uint ConcGCThreads                            = 1                                         {product} {ergonomic}
     uint G1ConcRefinementThreads                  = 4                                         {product} {ergonomic}
   size_t G1HeapRegionSize                         = 1048576                                   {product} {ergonomic}
     bool HeapDumpOnOutOfMemoryError               = true                                   {manageable} {command line}
   size_t InitialHeapSize                          = 268435456                                 {product} {command line}
   size_t MarkStackSize                            = 4194304                                   {product} {ergonomic}
   size_t MaxHeapSize                              = 536870912                                 {product} {command line}
   size_t MaxMetaspaceSize                         = 402653184                                 {product} {command line}
   size_t MaxNewSize                               = 321912832                                 {product} {ergonomic}
   size_t MinHeapDeltaBytes                        = 1048576                                   {product} {ergonomic}
   size_t MinHeapSize                              = 268435456                                 {product} {command line}
    uintx NonNMethodCodeHeapSize                   = 5832780                                {pd product} {ergonomic}
    uintx NonProfiledCodeHeapSize                  = 122912730                              {pd product} {ergonomic}
    uintx ProfiledCodeHeapSize                     = 122912730                              {pd product} {ergonomic}
    uintx ReservedCodeCacheSize                    = 251658240                              {pd product} {ergonomic}
     bool SegmentedCodeCache                       = true                                      {product} {ergonomic}
   size_t SoftMaxHeapSize                          = 536870912                              {manageable} {ergonomic}
     bool UseCompressedOops                        = true                           {product lp64_product} {ergonomic}
     bool UseG1GC                                  = true                                      {product} {ergonomic}
     bool UseLargePagesIndividualAllocation        = false                                  {pd product} {ergonomic}

Logging:
Log output configuration:
 #0: stdout all=warning uptime,level,tags foldmultilines=false
 #1: stderr all=off uptime,level,tags foldmultilines=false

Environment Variables:
PATH=C:\Python313\Scripts\;C:\Python313\;C:\Windows\system32;C:\Windows;C:\Windows\System32\Wbem;C:\Windows\System32\WindowsPowerShell\v1.0\;C:\Windows\System32\OpenSSH\;C:\Program Files\Git\cmd;C:\ProgramData\chocolatey\bin;C:\Users\ASUS\AppData\Local\nvm;C:\nvm4w\nodejs;D:\JAVA FULL STACK\;C:\Program Files\MySQL\MySQL Shell 8.0\bin\;C:\Users\ASUS\AppData\Local\Microsoft\WindowsApps;D:\WebStorm 2024.1.5\bin;;C:\Users\ASUS\AppData\Local\nvm;C:\nvm4w\nodejs;C:\Users\ASUS\AppData\Roaming\npm
USERNAME=ASUS
OS=Windows_NT
PROCESSOR_IDENTIFIER=Intel64 Family 6 Model 158 Stepping 9, GenuineIntel
TMP=C:\Users\ASUS\AppData\Local\Temp
TEMP=C:\Users\ASUS\AppData\Local\Temp




Periodic native trim disabled

---------------  S Y S T E M  ---------------

OS:
 Windows 10 , 64 bit Build 19041 (10.0.19041.2546)
OS uptime: 0 days 1:00 hours

CPU: total 4 (initial active 4) (4 cores per cpu, 1 threads per core) family 6 model 158 stepping 9 microcode 0xb4, cx8, cmov, fxsr, mmx, 3dnowpref, sse, sse2, sse3, ssse3, sse4.1, sse4.2, popcnt, lzcnt, tsc, tscinvbit, avx, avx2, aes, erms, clmul, bmi1, bmi2, adx, fma, vzeroupper, clflush, clflushopt, rdtscp, f16c
Processor Information for all 4 processors :
  Max Mhz: 2501, Current Mhz: 2500, Mhz Limit: 2475

Memory: 4k page, system-wide physical 8076M (311M free)
TotalPageFile size 16228M (AvailPageFile size 12M)
current process WorkingSet (physical memory assigned to process): 356M, peak: 358M
current process commit charge ("private bytes"): 455M, peak: 456M

vm_info: OpenJDK 64-Bit Server VM (22.0.2+9-70) for windows-amd64 JRE (22.0.2+9-70), built on 2024-06-04T16:52:23Z by "mach5one" with MS VC++ 17.6 (VS2022)

END.
