#
# There is insufficient memory for the Java Runtime Environment to continue.
# Native memory allocation (mmap) failed to map 134217728 bytes. Error detail: G1 virtual space
# Possible reasons:
#   The system is out of physical RAM or swap space
#   This process is running with CompressedOops enabled, and the Java Heap may be blocking the growth of the native heap
# Possible solutions:
#   Reduce memory load on the system
#   Increase physical memory or swap space
#   Check if swap backing store is full
#   Decrease Java heap size (-Xmx/-Xms)
#   Decrease number of Java threads
#   Decrease Java thread stack sizes (-Xss)
#   Set larger code cache with -XX:ReservedCodeCacheSize=
#   JVM is running with Unscaled Compressed Oops mode in which the Java heap is
#     placed in the first 4GB address space. The Java Heap base address is the
#     maximum limit for the native heap growth. Please use -XX:HeapBaseMinAddress
#     to set the Java Heap base and to place the Java Heap above 4GB virtual address.
# This output file may be truncated or incomplete.
#
#  Out of Memory Error (os_windows.cpp:3613), pid=12480, tid=6696
#
# JRE version:  (17.0.12+7) (build )
# Java VM: OpenJDK 64-Bit Server VM (17.0.12+7-LTS, mixed mode, emulated-client, sharing, tiered, compressed oops, compressed class ptrs, g1 gc, windows-amd64)
# No core dump will be written. Minidumps are not enabled by default on client versions of Windows
#

---------------  S U M M A R Y ------------

Command Line: -XX:TieredStopAtLevel=1 -Dspring.output.ansi.enabled=always -Dcom.sun.management.jmxremote -Dspring.jmx.enabled=true -Dspring.liveBeansView.mbeanDomain -Dspring.application.admin.enabled=true -Dmanagement.endpoints.jmx.exposure.include=* -javaagent:D:\Java\IntelliJ IDEA 2024.1.4\lib\idea_rt.jar=61451:D:\Java\IntelliJ IDEA 2024.1.4\bin -Dfile.encoding=UTF-8 com.example.auction_management.AuctionManagementApplication

Host: Intel(R) Core(TM) i5-7300HQ CPU @ 2.50GHz, 4 cores, 7G,  Windows 10 , 64 bit Build 19041 (10.0.19041.2546)
Time: Thu Mar 13 01:13:02 2025 SE Asia Standard Time elapsed time: 0.023494 seconds (0d 0h 0m 0s)

---------------  T H R E A D  ---------------

Current thread (0x0000023122ef6b00):  JavaThread "Unknown thread" [_thread_in_vm, id=6696, stack(0x000000b2b2800000,0x000000b2b2900000)]

Stack: [0x000000b2b2800000,0x000000b2b2900000]
Native frames: (J=compiled Java code, j=interpreted, Vv=VM code, C=native code)
V  [jvm.dll+0x67f4f9]
V  [jvm.dll+0x836eaa]
V  [jvm.dll+0x83896e]
V  [jvm.dll+0x838fd3]
V  [jvm.dll+0x247f6f]
V  [jvm.dll+0x67c2b9]
V  [jvm.dll+0x670d7a]
V  [jvm.dll+0x307b5b]
V  [jvm.dll+0x30f046]
V  [jvm.dll+0x35f22e]
V  [jvm.dll+0x35f46f]
V  [jvm.dll+0x2deb7c]
V  [jvm.dll+0x2dfad4]
V  [jvm.dll+0x80870b]
V  [jvm.dll+0x36cfa1]
V  [jvm.dll+0x7e70f5]
V  [jvm.dll+0x3f0adf]
V  [jvm.dll+0x3f2631]
C  [jli.dll+0x528f]
C  [ucrtbase.dll+0x21bb2]
C  [KERNEL32.DLL+0x17614]
C  [ntdll.dll+0x526a1]


---------------  P R O C E S S  ---------------

Threads class SMR info:
_java_thread_list=0x00007ff955f76f18, length=0, elements={
}

Java Threads: ( => current thread )

Other Threads:
  0x0000023122f4edb0 GCTaskThread "GC Thread#0" [stack: 0x000000b2b2900000,0x000000b2b2a00000] [id=10692]
  0x0000023120ebdf00 ConcurrentGCThread "G1 Main Marker" [stack: 0x000000b2b2a00000,0x000000b2b2b00000] [id=6896]
  0x0000023120ebe920 ConcurrentGCThread "G1 Conc#0" [stack: 0x000000b2b2b00000,0x000000b2b2c00000] [id=9384]

[error occurred during error reporting (printing all threads), id 0xc0000005, EXCEPTION_ACCESS_VIOLATION (0xc0000005) at pc=0x00007ff95572f277]

VM state: not at safepoint (not fully initialized)

VM Mutex/Monitor currently owned by a thread:  ([mutex/lock_event])
[0x0000023122ef0a50] Heap_lock - owner thread: 0x0000023122ef6b00

Heap address: 0x0000000081c00000, size: 2020 MB, Compressed Oops mode: 32-bit

CDS archive(s) mapped at: [0x0000000000000000-0x0000000000000000-0x0000000000000000), size 0, SharedBaseAddress: 0x0000000800000000, ArchiveRelocationMode: 1.
Narrow klass base: 0x0000000000000000, Narrow klass shift: 0, Narrow klass range: 0x0

GC Precious Log:
<Empty>

Heap:
 garbage-first heap   total 0K, used 0K [0x0000000081c00000, 0x0000000100000000)
  region size 1024K, 0 young (0K), 0 survivors (0K)

[error occurred during error reporting (printing heap information), id 0xc0000005, EXCEPTION_ACCESS_VIOLATION (0xc0000005) at pc=0x00007ff955b18829]

GC Heap History (0 events):
No events

Dll operation events (1 events):
Event: 0.011 Loaded shared library C:\Users\ASUS\.jdks\corretto-17.0.12\bin\java.dll

Deoptimization events (0 events):
No events

Classes loaded (0 events):
No events

Classes unloaded (0 events):
No events

Classes redefined (0 events):
No events

Internal exceptions (0 events):
No events

VM Operations (0 events):
No events

Events (0 events):
No events


Dynamic libraries:
0x00007ff713a00000 - 0x00007ff713a0e000 	C:\Users\ASUS\.jdks\corretto-17.0.12\bin\java.exe
0x00007ff9955b0000 - 0x00007ff9957a8000 	C:\Windows\SYSTEM32\ntdll.dll
0x00007ff993a60000 - 0x00007ff993b1f000 	C:\Windows\System32\KERNEL32.DLL
0x00007ff993010000 - 0x00007ff9932e2000 	C:\Windows\System32\KERNELBASE.dll
0x00007ff993390000 - 0x00007ff993490000 	C:\Windows\System32\ucrtbase.dll
0x00007ff98bc50000 - 0x00007ff98bc67000 	C:\Users\ASUS\.jdks\corretto-17.0.12\bin\jli.dll
0x00007ff993bd0000 - 0x00007ff993d71000 	C:\Windows\System32\USER32.dll
0x00007ff992ca0000 - 0x00007ff992cc2000 	C:\Windows\System32\win32u.dll
0x00007ff994670000 - 0x00007ff99469b000 	C:\Windows\System32\GDI32.dll
0x00007ff992cd0000 - 0x00007ff992ddf000 	C:\Windows\System32\gdi32full.dll
0x00007ff98b400000 - 0x00007ff98b41b000 	C:\Users\ASUS\.jdks\corretto-17.0.12\bin\VCRUNTIME140.dll
0x00007ff9932f0000 - 0x00007ff99338d000 	C:\Windows\System32\msvcp_win.dll
0x00007ff97f370000 - 0x00007ff97f60a000 	C:\Windows\WinSxS\amd64_microsoft.windows.common-controls_6595b64144ccf1df_6.0.19041.1110_none_60b5254171f9507e\COMCTL32.dll
0x00007ff995460000 - 0x00007ff9954fe000 	C:\Windows\System32\msvcrt.dll
0x00007ff993eb0000 - 0x00007ff993ee2000 	C:\Windows\System32\IMM32.DLL
0x00007ff98e640000 - 0x00007ff98e64c000 	C:\Users\ASUS\.jdks\corretto-17.0.12\bin\vcruntime140_1.dll
0x00007ff9659f0000 - 0x00007ff965a7d000 	C:\Users\ASUS\.jdks\corretto-17.0.12\bin\msvcp140.dll
0x00007ff955440000 - 0x00007ff9560aa000 	C:\Users\ASUS\.jdks\corretto-17.0.12\bin\server\jvm.dll
0x00007ff993ef0000 - 0x00007ff993f9e000 	C:\Windows\System32\ADVAPI32.dll
0x00007ff993fa0000 - 0x00007ff99403c000 	C:\Windows\System32\sechost.dll
0x00007ff994700000 - 0x00007ff994825000 	C:\Windows\System32\RPCRT4.dll
0x00007ff995500000 - 0x00007ff99556b000 	C:\Windows\System32\WS2_32.dll
0x00007ff992220000 - 0x00007ff99226b000 	C:\Windows\SYSTEM32\POWRPROF.dll
0x00007ff989100000 - 0x00007ff989127000 	C:\Windows\SYSTEM32\WINMM.dll
0x00007ff98ccc0000 - 0x00007ff98ccca000 	C:\Windows\SYSTEM32\VERSION.dll
0x00007ff9920e0000 - 0x00007ff9920f2000 	C:\Windows\SYSTEM32\UMPDC.dll
0x00007ff990b60000 - 0x00007ff990b72000 	C:\Windows\SYSTEM32\kernel.appcore.dll
0x00007ff98e3f0000 - 0x00007ff98e3fa000 	C:\Users\ASUS\.jdks\corretto-17.0.12\bin\jimage.dll
0x00007ff97c450000 - 0x00007ff97c634000 	C:\Windows\SYSTEM32\DBGHELP.DLL
0x00007ff97b120000 - 0x00007ff97b155000 	C:\Windows\SYSTEM32\dbgcore.DLL
0x00007ff992e50000 - 0x00007ff992ed2000 	C:\Windows\System32\bcryptPrimitives.dll
0x00007ff98b450000 - 0x00007ff98b45e000 	C:\Users\ASUS\.jdks\corretto-17.0.12\bin\instrument.dll
0x00007ff98b280000 - 0x00007ff98b2a5000 	C:\Users\ASUS\.jdks\corretto-17.0.12\bin\java.dll

dbghelp: loaded successfully - version: 4.0.5 - missing functions: none
symbol engine: initialized successfully - sym options: 0x614 - pdb path: .;C:\Users\ASUS\.jdks\corretto-17.0.12\bin;C:\Windows\SYSTEM32;C:\Windows\WinSxS\amd64_microsoft.windows.common-controls_6595b64144ccf1df_6.0.19041.1110_none_60b5254171f9507e;C:\Users\ASUS\.jdks\corretto-17.0.12\bin\server

VM Arguments:
jvm_args: -XX:TieredStopAtLevel=1 -Dspring.output.ansi.enabled=always -Dcom.sun.management.jmxremote -Dspring.jmx.enabled=true -Dspring.liveBeansView.mbeanDomain -Dspring.application.admin.enabled=true -Dmanagement.endpoints.jmx.exposure.include=* -javaagent:D:\Java\IntelliJ IDEA 2024.1.4\lib\idea_rt.jar=61451:D:\Java\IntelliJ IDEA 2024.1.4\bin -Dfile.encoding=UTF-8 
java_command: com.example.auction_management.AuctionManagementApplication
java_class_path (initial): D:\codegym\case_study_6_back_end\Auction_Website_System\auction_website_system\auction_management\build\classes\java\main;D:\codegym\case_study_6_back_end\Auction_Website_System\auction_website_system\auction_management\build\resources\main;C:\Users\ASUS\.gradle\caches\modules-2\files-2.1\org.projectlombok\lombok\1.18.36\5a30490a6e14977d97d9c73c924c1f1b5311ea95\lombok-1.18.36.jar;C:\Users\ASUS\.gradle\caches\modules-2\files-2.1\org.springframework.boot\spring-boot-starter-data-jpa\3.4.3\29c90fec6e887dc01df09ea4c3548b5a04b7afb4\spring-boot-starter-data-jpa-3.4.3.jar;C:\Users\ASUS\.gradle\caches\modules-2\files-2.1\org.springframework.boot\spring-boot-starter-thymeleaf\3.4.3\6bbf0643625e924632407b3b659c2a1bbff0bd4e\spring-boot-starter-thymeleaf-3.4.3.jar;C:\Users\ASUS\.gradle\caches\modules-2\files-2.1\org.springframework.boot\spring-boot-starter-websocket\3.4.3\39f9ff32f35e9cd0937969ea3af3ddf59090dc7b\spring-boot-starter-websocket-3.4.3.jar;C:\Users\ASUS\.gradle\caches\modules-2\files-2.1\org.springframework.boot\spring-boot-starter-web\3.4.3\87e7a401e7d249fefc7f372f5681e8620234624c\spring-boot-starter-web-3.4.3.jar;C:\Users\ASUS\.gradle\caches\modules-2\files-2.1\org.springframework.boot\spring-boot-starter-mail\3.4.3\e9f326755180984e7166c829c48552f12762e596\spring-boot-starter-mail-3.4.3.jar;C:\Users\ASUS\.gradle\caches\modules-2\files-2.1\org.apache.poi\poi-ooxml\5.2.3\2efd11c940adb18c03eb9ce7ad88fc40ee6a196\poi-ooxml-5.2.3.jar;C:\Users\ASUS\.gradle\caches\modules-2\files-2.1\org.apache.poi\poi\5.2.3\2fb22ae74ad5aea6af1a9c64b9542f2ccf348604\poi-5.2.3.jar;C:\Users\ASUS\.gradle\caches\modules-2\files-2.1\org.springframework.boot\spring-boot-starter-validation\3.4.3\cbbea0ff19a55bc84926a04be99045c7eba2420\spring-boot-starter-validation-3.4.3.jar;C:\Users\ASUS\.gradle\caches\modules-2\files-2.1\com.paypal.sdk\rest-api-sdk\1.14.0\9f226d6034f4b30f7f05e1d44093729ee0a08767\rest-api-sdk-1.14.0.jar;C:\Users\ASUS\.gradle\caches\modules-2\files-2.
Launcher Type: SUN_STANDARD

[Global flags]
     intx CICompilerCount                          = 3                                         {product} {ergonomic}
     uint ConcGCThreads                            = 1                                         {product} {ergonomic}
     uint G1ConcRefinementThreads                  = 4                                         {product} {ergonomic}
   size_t G1HeapRegionSize                         = 1048576                                   {product} {ergonomic}
    uintx GCDrainStackTargetSize                   = 64                                        {product} {ergonomic}
   size_t InitialHeapSize                          = 134217728                                 {product} {ergonomic}
     bool ManagementServer                         = true                                      {product} {command line}
   size_t MarkStackSize                            = 4194304                                   {product} {ergonomic}
   size_t MaxHeapSize                              = 2118123520                                {product} {ergonomic}
   size_t MinHeapDeltaBytes                        = 1048576                                   {product} {ergonomic}
   size_t MinHeapSize                              = 8388608                                   {product} {ergonomic}
    uintx NonProfiledCodeHeapSize                  = 0                                      {pd product} {ergonomic}
     bool ProfileInterpreter                       = false                                  {pd product} {command line}
    uintx ProfiledCodeHeapSize                     = 0                                      {pd product} {ergonomic}
   size_t SoftMaxHeapSize                          = 2118123520                             {manageable} {ergonomic}
     intx TieredStopAtLevel                        = 1                                         {product} {command line}
     bool UseCompressedClassPointers               = true                           {product lp64_product} {ergonomic}
     bool UseCompressedOops                        = true                           {product lp64_product} {ergonomic}
     bool UseG1GC                                  = true                                      {product} {ergonomic}
     bool UseLargePagesIndividualAllocation        = false                                  {pd product} {ergonomic}

Logging:
Log output configuration:
 #0: stdout all=warning uptime,level,tags
 #1: stderr all=off uptime,level,tags

Environment Variables:
PATH=C:\Python313\Scripts\;C:\Python313\;C:\Windows\system32;C:\Windows;C:\Windows\System32\Wbem;C:\Windows\System32\WindowsPowerShell\v1.0\;C:\Windows\System32\OpenSSH\;C:\Program Files\Git\cmd;C:\ProgramData\chocolatey\bin;C:\Users\ASUS\AppData\Local\nvm;C:\nvm4w\nodejs;D:\JAVA FULL STACK\;C:\Program Files\MySQL\MySQL Shell 8.0\bin\;C:\Users\ASUS\AppData\Local\Microsoft\WindowsApps;D:\WebStorm 2024.1.5\bin;;C:\Users\ASUS\AppData\Local\nvm;C:\nvm4w\nodejs;C:\Users\ASUS\AppData\Roaming\npm
USERNAME=ASUS
OS=Windows_NT
PROCESSOR_IDENTIFIER=Intel64 Family 6 Model 158 Stepping 9, GenuineIntel
TMP=C:\Users\ASUS\AppData\Local\Temp
TEMP=C:\Users\ASUS\AppData\Local\Temp



Periodic native trim disabled


---------------  S Y S T E M  ---------------

OS:
 Windows 10 , 64 bit Build 19041 (10.0.19041.2546)
OS uptime: 0 days 5:37 hours

CPU: total 4 (initial active 4) (4 cores per cpu, 1 threads per core) family 6 model 158 stepping 9 microcode 0xb4, cx8, cmov, fxsr, mmx, 3dnowpref, sse, sse2, sse3, ssse3, sse4.1, sse4.2, popcnt, lzcnt, tsc, tscinvbit, avx, avx2, aes, erms, clmul, bmi1, bmi2, adx, fma, vzeroupper, clflush, clflushopt
Processor Information for all 4 processors :
  Max Mhz: 2501, Current Mhz: 2500, Mhz Limit: 2475

Memory: 4k page, system-wide physical 8076M (1040M free)
TotalPageFile size 16308M (AvailPageFile size 123M)
current process WorkingSet (physical memory assigned to process): 10M, peak: 10M
current process commit charge ("private bytes"): 47M, peak: 175M

vm_info: OpenJDK 64-Bit Server VM (17.0.12+7-LTS) for windows-amd64 JRE (17.0.12+7-LTS), built on Jul 10 2024 20:46:33 by "Administrator" with MS VC++ 16.10 / 16.11 (VS2019)

END.
