#
# There is insufficient memory for the Java Runtime Environment to continue.
# Native memory allocation (malloc) failed to allocate 32744 bytes. Error detail: Chunk::new
# Possible reasons:
#   The system is out of physical RAM or swap space
#   This process is running with CompressedOops enabled, and the Java Heap may be blocking the growth of the native heap
# Possible solutions:
#   Reduce memory load on the system
#   Increase physical memory or swap space
#   Check if swap backing store is full
#   Decrease Java heap size (-Xmx/-Xms)
#   Decrease number of Java threads
#   Decrease Java thread stack sizes (-Xss)
#   Set larger code cache with -XX:ReservedCodeCacheSize=
#   JVM is running with Unscaled Compressed Oops mode in which the Java heap is
#     placed in the first 4GB address space. The Java Heap base address is the
#     maximum limit for the native heap growth. Please use -XX:HeapBaseMinAddress
#     to set the Java Heap base and to place the Java Heap above 4GB virtual address.
# This output file may be truncated or incomplete.
#
#  Out of Memory Error (arena.cpp:150), pid=9832, tid=11600
#
# JRE version: OpenJDK Runtime Environment (22.0.2+9) (build 22.0.2+9-70)
# Java VM: OpenJDK 64-Bit Server VM (22.0.2+9-70, mixed mode, sharing, tiered, compressed oops, compressed class ptrs, g1 gc, windows-amd64)
# No core dump will be written. Minidumps are not enabled by default on client versions of Windows
#

---------------  S U M M A R Y ------------

Command Line: --add-opens=java.base/java.lang=ALL-UNNAMED --add-opens=java.base/java.lang.invoke=ALL-UNNAMED --add-opens=java.base/java.util=ALL-UNNAMED --add-opens=java.prefs/java.util.prefs=ALL-UNNAMED --add-exports=jdk.compiler/com.sun.tools.javac.api=ALL-UNNAMED --add-exports=jdk.compiler/com.sun.tools.javac.util=ALL-UNNAMED --add-opens=java.base/java.util=ALL-UNNAMED --add-opens=java.prefs/java.util.prefs=ALL-UNNAMED --add-opens=java.base/java.nio.charset=ALL-UNNAMED --add-opens=java.base/java.net=ALL-UNNAMED --add-opens=java.base/java.util.concurrent.atomic=ALL-UNNAMED --add-opens=java.xml/javax.xml.namespace=ALL-UNNAMED -XX:MaxMetaspaceSize=384m -XX:+HeapDumpOnOutOfMemoryError -Xms256m -Xmx512m -Dfile.encoding=windows-1252 -Duser.country=US -Duser.language=en -Duser.variant -javaagent:C:\Users\ASUS\.gradle\wrapper\dists\gradle-8.12.1-bin\eumc4uhoysa37zql93vfjkxy0\gradle-8.12.1\lib\agents\gradle-instrumentation-agent-8.12.1.jar org.gradle.launcher.daemon.bootstrap.GradleDaemon 8.12.1

Host: Intel(R) Core(TM) i5-7300HQ CPU @ 2.50GHz, 4 cores, 7G,  Windows 10 , 64 bit Build 19041 (10.0.19041.2546)
Time: Sun Mar 16 20:42:54 2025 SE Asia Standard Time elapsed time: 22.953216 seconds (0d 0h 0m 22s)

---------------  T H R E A D  ---------------

Current thread (0x000001f39de57d70):  JavaThread "C1 CompilerThread0" daemon [_thread_in_native, id=11600, stack(0x0000006504200000,0x0000006504300000) (1024K)]


Current CompileTask:
C1:22953 5283       3      
[error occurred during error reporting (printing current compile task), id 0xe0000001, Out of Memory Error (s\open\src\hotspot\share\memory\arena.cpp:150)]
Stack: [0x0000006504200000,0x0000006504300000]
Native frames: (J=compiled Java code, j=interpreted, Vv=VM code, C=native code)
V  [jvm.dll+0x6e26e9]  (no source info available)
V  [jvm.dll+0x875753]  (no source info available)
V  [jvm.dll+0x877b7e]  (no source info available)
V  [jvm.dll+0x878253]  (no source info available)
V  [jvm.dll+0x27fc86]  (no source info available)
V  [jvm.dll+0xc3d0f]  (no source info available)
V  [jvm.dll+0xc3f6b]  (no source info available)
V  [jvm.dll+0x7ddefc]  (no source info available)
V  [jvm.dll+0x7ddfe9]  (no source info available)
V  [jvm.dll+0x694cf9]  (no source info available)
V  [jvm.dll+0x25aae7]  (no source info available)
V  [jvm.dll+0x25b0e7]  (no source info available)
V  [jvm.dll+0x8755b7]  (no source info available)
V  [jvm.dll+0x877b7e]  (no source info available)
V  [jvm.dll+0x878253]  (no source info available)
V  [jvm.dll+0x27fc86]  (no source info available)
V  [jvm.dll+0xc3d0f]  (no source info available)
V  [jvm.dll+0xc3f6b]  (no source info available)
V  [jvm.dll+0x1f774b]  (no source info available)
V  [jvm.dll+0x18ae17]  (no source info available)
V  [jvm.dll+0x182863]  (no source info available)
V  [jvm.dll+0x17d2ae]  (no source info available)
V  [jvm.dll+0x16b3b0]  (no source info available)
V  [jvm.dll+0x153d92]  (no source info available)
V  [jvm.dll+0x1535c3]  (no source info available)
V  [jvm.dll+0x1538a0]  (no source info available)
V  [jvm.dll+0x152c1d]  (no source info available)
V  [jvm.dll+0x154add]  (no source info available)
V  [jvm.dll+0x2568f3]  (no source info available)
V  [jvm.dll+0x254baa]  (no source info available)
V  [jvm.dll+0x3f57a6]  (no source info available)
V  [jvm.dll+0x81dc0b]  (no source info available)
V  [jvm.dll+0x6e0d85]  (no source info available)
C  [ucrtbase.dll+0x21bb2]  (no source info available)
C  [KERNEL32.DLL+0x17614]  (no source info available)
C  [ntdll.dll+0x526a1]  (no source info available)


---------------  P R O C E S S  ---------------

Threads class SMR info:
_java_thread_list=0x000001f3bb88f2d0, length=37, elements={
0x000001f381a22fc0, 0x000001f39de4e390, 0x000001f39de510b0, 0x000001f39de532a0,
0x000001f39de544a0, 0x000001f39de54f00, 0x000001f39de55cc0, 0x000001f39de56c00,
0x000001f39de57d70, 0x000001f39de1ee30, 0x000001f3b71fbda0, 0x000001f3b8a040d0,
0x000001f3b8b9e020, 0x000001f3b8af7100, 0x000001f3b8b381d0, 0x000001f3b8ab0810,
0x000001f3b8d7fbe0, 0x000001f3b8a61e50, 0x000001f3b8a5f060, 0x000001f3b8a5f6f0,
0x000001f3b8a5fd80, 0x000001f3b8a624e0, 0x000001f3b8a60410, 0x000001f3b8a60aa0,
0x000001f3b8a617c0, 0x000001f3b91a17a0, 0x000001f3b919f6d0, 0x000001f3b91a1e30,
0x000001f3b91a03f0, 0x000001f3b919dc90, 0x000001f3b91a1110, 0x000001f3b919b530,
0x000001f3b91a2b50, 0x000001f3b919c250, 0x000001f3b919fd60, 0x000001f3b919bbc0,
0x000001f3b919c8e0
}

Java Threads: ( => current thread )
  0x000001f381a22fc0 JavaThread "main"                              [_thread_blocked, id=11776, stack(0x0000006503200000,0x0000006503300000) (1024K)]
  0x000001f39de4e390 JavaThread "Reference Handler"          daemon [_thread_blocked, id=10112, stack(0x0000006503b00000,0x0000006503c00000) (1024K)]
  0x000001f39de510b0 JavaThread "Finalizer"                  daemon [_thread_blocked, id=11916, stack(0x0000006503c00000,0x0000006503d00000) (1024K)]
  0x000001f39de532a0 JavaThread "Signal Dispatcher"          daemon [_thread_blocked, id=13740, stack(0x0000006503d00000,0x0000006503e00000) (1024K)]
  0x000001f39de544a0 JavaThread "Attach Listener"            daemon [_thread_blocked, id=1188, stack(0x0000006503e00000,0x0000006503f00000) (1024K)]
  0x000001f39de54f00 JavaThread "Service Thread"             daemon [_thread_blocked, id=4632, stack(0x0000006503f00000,0x0000006504000000) (1024K)]
  0x000001f39de55cc0 JavaThread "Monitor Deflation Thread"   daemon [_thread_blocked, id=9124, stack(0x0000006504000000,0x0000006504100000) (1024K)]
  0x000001f39de56c00 JavaThread "C2 CompilerThread0"         daemon [_thread_in_native, id=6812, stack(0x0000006504100000,0x0000006504200000) (1024K)]
=>0x000001f39de57d70 JavaThread "C1 CompilerThread0"         daemon [_thread_in_native, id=11600, stack(0x0000006504200000,0x0000006504300000) (1024K)]
  0x000001f39de1ee30 JavaThread "Common-Cleaner"             daemon [_thread_blocked, id=3460, stack(0x0000006504300000,0x0000006504400000) (1024K)]
  0x000001f3b71fbda0 JavaThread "Notification Thread"        daemon [_thread_blocked, id=14100, stack(0x0000006504400000,0x0000006504500000) (1024K)]
  0x000001f3b8a040d0 JavaThread "Daemon health stats"               [_thread_blocked, id=8708, stack(0x0000006504800000,0x0000006504900000) (1024K)]
  0x000001f3b8b9e020 JavaThread "Incoming local TCP Connector on port 63601"        [_thread_in_native, id=7404, stack(0x0000006504900000,0x0000006504a00000) (1024K)]
  0x000001f3b8af7100 JavaThread "Daemon periodic checks"            [_thread_blocked, id=9080, stack(0x0000006504a00000,0x0000006504b00000) (1024K)]
  0x000001f3b8b381d0 JavaThread "Daemon"                            [_thread_blocked, id=10468, stack(0x0000006504b00000,0x0000006504c00000) (1024K)]
  0x000001f3b8ab0810 JavaThread "Handler for socket connection from /127.0.0.1:63601 to /127.0.0.1:63602"        [_thread_in_native, id=9056, stack(0x0000006504c00000,0x0000006504d00000) (1024K)]
  0x000001f3b8d7fbe0 JavaThread "Cancel handler"                    [_thread_blocked, id=3340, stack(0x0000006504d00000,0x0000006504e00000) (1024K)]
  0x000001f3b8a61e50 JavaThread "Daemon worker"                     [_thread_in_vm, id=12816, stack(0x0000006504e00000,0x0000006504f00000) (1024K)]
  0x000001f3b8a5f060 JavaThread "Asynchronous log dispatcher for DefaultDaemonConnection: socket connection from /127.0.0.1:63601 to /127.0.0.1:63602"        [_thread_blocked, id=14296, stack(0x0000006504f00000,0x0000006505000000) (1024K)]
  0x000001f3b8a5f6f0 JavaThread "Stdin handler"                     [_thread_blocked, id=8160, stack(0x0000006505000000,0x0000006505100000) (1024K)]
  0x000001f3b8a5fd80 JavaThread "Daemon client event forwarder"        [_thread_blocked, id=12728, stack(0x0000006505100000,0x0000006505200000) (1024K)]
  0x000001f3b8a624e0 JavaThread "Cache worker for journal cache (C:\Users\ASUS\.gradle\caches\journal-1)"        [_thread_blocked, id=14168, stack(0x0000006505200000,0x0000006505300000) (1024K)]
  0x000001f3b8a60410 JavaThread "File lock request listener"        [_thread_in_native, id=8768, stack(0x0000006505300000,0x0000006505400000) (1024K)]
  0x000001f3b8a60aa0 JavaThread "Cache worker for file hash cache (C:\Users\ASUS\.gradle\caches\8.12.1\fileHashes)"        [_thread_blocked, id=10320, stack(0x0000006505400000,0x0000006505500000) (1024K)]
  0x000001f3b8a617c0 JavaThread "Cache worker for file hash cache (D:\codegym\case_study_6_back_end\Auction_Website_System\auction_website_system\auction_management\.gradle\8.12.1\fileHashes)"        [_thread_blocked, id=11912, stack(0x0000006505500000,0x0000006505600000) (1024K)]
  0x000001f3b91a17a0 JavaThread "Cache worker for Build Output Cleanup Cache (D:\codegym\case_study_6_back_end\Auction_Website_System\auction_website_system\auction_management\.gradle\buildOutputCleanup)"        [_thread_blocked, id=12968, stack(0x0000006505600000,0x0000006505700000) (1024K)]
  0x000001f3b919f6d0 JavaThread "File lock release action executor"        [_thread_blocked, id=11560, stack(0x0000006505700000,0x0000006505800000) (1024K)]
  0x000001f3b91a1e30 JavaThread "File watcher server"        daemon [_thread_in_native, id=13632, stack(0x0000006505800000,0x0000006505900000) (1024K)]
  0x000001f3b91a03f0 JavaThread "File watcher consumer"      daemon [_thread_blocked, id=10168, stack(0x0000006505900000,0x0000006505a00000) (1024K)]
  0x000001f3b919dc90 JavaThread "jar transforms"                    [_thread_blocked, id=9800, stack(0x0000006505a00000,0x0000006505b00000) (1024K)]
  0x000001f3b91a1110 JavaThread "jar transforms Thread 2"           [_thread_blocked, id=7208, stack(0x0000006505c00000,0x0000006505d00000) (1024K)]
  0x000001f3b919b530 JavaThread "Cache worker for checksums cache (D:\codegym\case_study_6_back_end\Auction_Website_System\auction_website_system\auction_management\.gradle\8.12.1\checksums)"        [_thread_blocked, id=13144, stack(0x0000006505d00000,0x0000006505e00000) (1024K)]
  0x000001f3b91a2b50 JavaThread "Cache worker for file content cache (C:\Users\ASUS\.gradle\caches\8.12.1\fileContent)"        [_thread_blocked, id=3304, stack(0x0000006505e00000,0x0000006505f00000) (1024K)]
  0x000001f3b919c250 JavaThread "jar transforms Thread 3"           [_thread_blocked, id=9604, stack(0x0000006505b00000,0x0000006505c00000) (1024K)]
  0x000001f3b919fd60 JavaThread "jar transforms Thread 4"           [_thread_blocked, id=2264, stack(0x0000006505f00000,0x0000006506000000) (1024K)]
  0x000001f3b919bbc0 JavaThread "Cache worker for cache directory md-rule (C:\Users\ASUS\.gradle\caches\8.12.1\md-rule)"        [_thread_blocked, id=11988, stack(0x0000006506000000,0x0000006506100000) (1024K)]
  0x000001f3b919c8e0 JavaThread "Cache worker for cache directory md-supplier (C:\Users\ASUS\.gradle\caches\8.12.1\md-supplier)"        [_thread_blocked, id=416, stack(0x0000006506100000,0x0000006506200000) (1024K)]
Total: 37

Other Threads:
  0x000001f39de33280 VMThread "VM Thread"                           [id=7712, stack(0x0000006503a00000,0x0000006503b00000) (1024K)]
  0x000001f39de1c0b0 WatcherThread "VM Periodic Task Thread"        [id=2656, stack(0x0000006503900000,0x0000006503a00000) (1024K)]
  0x000001f383c1b1b0 WorkerThread "GC Thread#0"                     [id=9984, stack(0x0000006503400000,0x0000006503500000) (1024K)]
  0x000001f3b72ec090 WorkerThread "GC Thread#1"                     [id=1448, stack(0x0000006504500000,0x0000006504600000) (1024K)]
  0x000001f3b72ec440 WorkerThread "GC Thread#2"                     [id=6972, stack(0x0000006504600000,0x0000006504700000) (1024K)]
  0x000001f3b7315600 WorkerThread "GC Thread#3"                     [id=8088, stack(0x0000006504700000,0x0000006504800000) (1024K)]
  0x000001f383c1ff50 ConcurrentGCThread "G1 Main Marker"            [id=3584, stack(0x0000006503500000,0x0000006503600000) (1024K)]
  0x000001f383c209c0 WorkerThread "G1 Conc#0"                       [id=10620, stack(0x0000006503600000,0x0000006503700000) (1024K)]
  0x000001f383cbe550 ConcurrentGCThread "G1 Refine#0"               [id=9776, stack(0x0000006503700000,0x0000006503800000) (1024K)]
  0x000001f39dcf1350 ConcurrentGCThread "G1 Service"                [id=11984, stack(0x0000006503800000,0x0000006503900000) (1024K)]
Total: 10

Threads with active compile tasks:
C2 CompilerThread0  23050 5258       4       java.lang.invoke.InvokerBytecodeGenerator::addMethod (737 bytes)
C1 CompilerThread0  23050 5283       3       java.lang.reflect.ProxyGenerator::addProxyMethod (190 bytes)
Total: 2

VM state: not at safepoint (normal execution)

VM Mutex/Monitor currently owned by a thread: None

Heap address: 0x00000000e0000000, size: 512 MB, Compressed Oops mode: 32-bit

CDS archive(s) mapped at: [0x000001f39e000000-0x000001f39ec60000-0x000001f39ec60000), size 12976128, SharedBaseAddress: 0x000001f39e000000, ArchiveRelocationMode: 1.
Compressed class space mapped at: 0x000001f39f000000-0x000001f3b3000000, reserved size: 335544320
Narrow klass base: 0x000001f39e000000, Narrow klass shift: 0, Narrow klass range: 0x15000000

GC Precious Log:
 CardTable entry size: 512
 Card Set container configuration: InlinePtr #cards 5 size 8 Array Of Cards #cards 12 size 40 Howl #buckets 4 coarsen threshold 1843 Howl Bitmap #cards 512 size 80 coarsen threshold 460 Card regions per heap region 1 cards per card region 2048
 CPUs: 4 total, 4 available
 Memory: 8076M
 Large Page Support: Disabled
 NUMA Support: Disabled
 Compressed Oops: Enabled (32-bit)
 Heap Region Size: 1M
 Heap Min Capacity: 256M
 Heap Initial Capacity: 256M
 Heap Max Capacity: 512M
 Pre-touch: Disabled
 Parallel Workers: 4
 Concurrent Workers: 1
 Concurrent Refinement Workers: 4
 Periodic GC: Disabled

Heap:
 garbage-first heap   total reserved 524288K, committed 262144K, used 142808K [0x00000000e0000000, 0x0000000100000000)
  region size 1024K, 117 young (119808K), 10 survivors (10240K)
 Metaspace       used 47145K, committed 48896K, reserved 393216K
  class space    used 6917K, committed 7744K, reserved 327680K

Heap Regions: E=young(eden), S=young(survivor), O=old, HS=humongous(starts), HC=humongous(continues), CS=collection set, F=free, TAMS=top-at-mark-start, PB=parsable bottom
|   0|0x00000000e0000000, 0x00000000e0100000, 0x00000000e0100000|100%|HS|  |TAMS 0x00000000e0000000| PB 0x00000000e0000000| Complete |  0
|   1|0x00000000e0100000, 0x00000000e0200000, 0x00000000e0200000|100%|HC|  |TAMS 0x00000000e0100000| PB 0x00000000e0100000| Complete |  0
|   2|0x00000000e0200000, 0x00000000e0300000, 0x00000000e0300000|100%|HC|  |TAMS 0x00000000e0200000| PB 0x00000000e0200000| Complete |  0
|   3|0x00000000e0300000, 0x00000000e0400000, 0x00000000e0400000|100%| O|  |TAMS 0x00000000e0300000| PB 0x00000000e0300000| Untracked |  0
|   4|0x00000000e0400000, 0x00000000e0500000, 0x00000000e0500000|100%| O|  |TAMS 0x00000000e0400000| PB 0x00000000e0400000| Untracked |  0
|   5|0x00000000e0500000, 0x00000000e0600000, 0x00000000e0600000|100%| O|  |TAMS 0x00000000e0500000| PB 0x00000000e0500000| Untracked |  0
|   6|0x00000000e0600000, 0x00000000e0700000, 0x00000000e0700000|100%| O|  |TAMS 0x00000000e0600000| PB 0x00000000e0600000| Untracked |  0
|   7|0x00000000e0700000, 0x00000000e0800000, 0x00000000e0800000|100%| O|  |TAMS 0x00000000e0700000| PB 0x00000000e0700000| Untracked |  0
|   8|0x00000000e0800000, 0x00000000e0900000, 0x00000000e0900000|100%|HS|  |TAMS 0x00000000e0800000| PB 0x00000000e0800000| Complete |  0
|   9|0x00000000e0900000, 0x00000000e0a00000, 0x00000000e0a00000|100%| O|  |TAMS 0x00000000e0900000| PB 0x00000000e0900000| Untracked |  0
|  10|0x00000000e0a00000, 0x00000000e0b00000, 0x00000000e0b00000|100%| O|  |TAMS 0x00000000e0a00000| PB 0x00000000e0a00000| Untracked |  0
|  11|0x00000000e0b00000, 0x00000000e0c00000, 0x00000000e0c00000|100%| O|  |TAMS 0x00000000e0b00000| PB 0x00000000e0b00000| Untracked |  0
|  12|0x00000000e0c00000, 0x00000000e0d00000, 0x00000000e0d00000|100%| O|  |TAMS 0x00000000e0c00000| PB 0x00000000e0c00000| Untracked |  0
|  13|0x00000000e0d00000, 0x00000000e0e00000, 0x00000000e0e00000|100%| O|  |TAMS 0x00000000e0d00000| PB 0x00000000e0d00000| Untracked |  0
|  14|0x00000000e0e00000, 0x00000000e0f00000, 0x00000000e0f00000|100%| O|  |TAMS 0x00000000e0e00000| PB 0x00000000e0e00000| Untracked |  0
|  15|0x00000000e0f00000, 0x00000000e1000000, 0x00000000e1000000|100%| O|  |TAMS 0x00000000e0f00000| PB 0x00000000e0f00000| Untracked |  0
|  16|0x00000000e1000000, 0x00000000e1100000, 0x00000000e1100000|100%| O|  |TAMS 0x00000000e1000000| PB 0x00000000e1000000| Untracked |  0
|  17|0x00000000e1100000, 0x00000000e1200000, 0x00000000e1200000|100%| O|  |TAMS 0x00000000e1100000| PB 0x00000000e1100000| Untracked |  0
|  18|0x00000000e1200000, 0x00000000e1300000, 0x00000000e1300000|100%| O|  |TAMS 0x00000000e1200000| PB 0x00000000e1200000| Untracked |  0
|  19|0x00000000e1300000, 0x00000000e1400000, 0x00000000e1400000|100%| O|  |TAMS 0x00000000e1300000| PB 0x00000000e1300000| Untracked |  0
|  20|0x00000000e1400000, 0x00000000e1500000, 0x00000000e1500000|100%| O|  |TAMS 0x00000000e1400000| PB 0x00000000e1400000| Untracked |  0
|  21|0x00000000e1500000, 0x00000000e1600000, 0x00000000e1600000|100%| O|  |TAMS 0x00000000e1500000| PB 0x00000000e1500000| Untracked |  0
|  22|0x00000000e1600000, 0x00000000e1700000, 0x00000000e1700000|100%| O|Cm|TAMS 0x00000000e1600000| PB 0x00000000e1600000| Complete |  0
|  23|0x00000000e1700000, 0x00000000e1800000, 0x00000000e1800000|100%|HS|  |TAMS 0x00000000e1700000| PB 0x00000000e1700000| Complete |  0
|  24|0x00000000e1800000, 0x00000000e1900000, 0x00000000e1900000|100%|HS|  |TAMS 0x00000000e1800000| PB 0x00000000e1800000| Complete |  0
|  25|0x00000000e1900000, 0x00000000e1900000, 0x00000000e1a00000|  0%| F|  |TAMS 0x00000000e1900000| PB 0x00000000e1900000| Untracked |  0
|  26|0x00000000e1a00000, 0x00000000e1a00000, 0x00000000e1b00000|  0%| F|  |TAMS 0x00000000e1a00000| PB 0x00000000e1a00000| Untracked |  0
|  27|0x00000000e1b00000, 0x00000000e1b00000, 0x00000000e1c00000|  0%| F|  |TAMS 0x00000000e1b00000| PB 0x00000000e1b00000| Untracked |  0
|  28|0x00000000e1c00000, 0x00000000e1c00000, 0x00000000e1d00000|  0%| F|  |TAMS 0x00000000e1c00000| PB 0x00000000e1c00000| Untracked |  0
|  29|0x00000000e1d00000, 0x00000000e1d00000, 0x00000000e1e00000|  0%| F|  |TAMS 0x00000000e1d00000| PB 0x00000000e1d00000| Untracked |  0
|  30|0x00000000e1e00000, 0x00000000e1e00000, 0x00000000e1f00000|  0%| F|  |TAMS 0x00000000e1e00000| PB 0x00000000e1e00000| Untracked |  0
|  31|0x00000000e1f00000, 0x00000000e1f00000, 0x00000000e2000000|  0%| F|  |TAMS 0x00000000e1f00000| PB 0x00000000e1f00000| Untracked |  0
|  32|0x00000000e2000000, 0x00000000e2000000, 0x00000000e2100000|  0%| F|  |TAMS 0x00000000e2000000| PB 0x00000000e2000000| Untracked |  0
|  33|0x00000000e2100000, 0x00000000e2100000, 0x00000000e2200000|  0%| F|  |TAMS 0x00000000e2100000| PB 0x00000000e2100000| Untracked |  0
|  34|0x00000000e2200000, 0x00000000e2200000, 0x00000000e2300000|  0%| F|  |TAMS 0x00000000e2200000| PB 0x00000000e2200000| Untracked |  0
|  35|0x00000000e2300000, 0x00000000e2300000, 0x00000000e2400000|  0%| F|  |TAMS 0x00000000e2300000| PB 0x00000000e2300000| Untracked |  0
|  36|0x00000000e2400000, 0x00000000e2400000, 0x00000000e2500000|  0%| F|  |TAMS 0x00000000e2400000| PB 0x00000000e2400000| Untracked |  0
|  37|0x00000000e2500000, 0x00000000e2500000, 0x00000000e2600000|  0%| F|  |TAMS 0x00000000e2500000| PB 0x00000000e2500000| Untracked |  0
|  38|0x00000000e2600000, 0x00000000e2600000, 0x00000000e2700000|  0%| F|  |TAMS 0x00000000e2600000| PB 0x00000000e2600000| Untracked |  0
|  39|0x00000000e2700000, 0x00000000e2700000, 0x00000000e2800000|  0%| F|  |TAMS 0x00000000e2700000| PB 0x00000000e2700000| Untracked |  0
|  40|0x00000000e2800000, 0x00000000e2800000, 0x00000000e2900000|  0%| F|  |TAMS 0x00000000e2800000| PB 0x00000000e2800000| Untracked |  0
|  41|0x00000000e2900000, 0x00000000e2900000, 0x00000000e2a00000|  0%| F|  |TAMS 0x00000000e2900000| PB 0x00000000e2900000| Untracked |  0
|  42|0x00000000e2a00000, 0x00000000e2a00000, 0x00000000e2b00000|  0%| F|  |TAMS 0x00000000e2a00000| PB 0x00000000e2a00000| Untracked |  0
|  43|0x00000000e2b00000, 0x00000000e2b00000, 0x00000000e2c00000|  0%| F|  |TAMS 0x00000000e2b00000| PB 0x00000000e2b00000| Untracked |  0
|  44|0x00000000e2c00000, 0x00000000e2c00000, 0x00000000e2d00000|  0%| F|  |TAMS 0x00000000e2c00000| PB 0x00000000e2c00000| Untracked |  0
|  45|0x00000000e2d00000, 0x00000000e2d00000, 0x00000000e2e00000|  0%| F|  |TAMS 0x00000000e2d00000| PB 0x00000000e2d00000| Untracked |  0
|  46|0x00000000e2e00000, 0x00000000e2e00000, 0x00000000e2f00000|  0%| F|  |TAMS 0x00000000e2e00000| PB 0x00000000e2e00000| Untracked |  0
|  47|0x00000000e2f00000, 0x00000000e2f00000, 0x00000000e3000000|  0%| F|  |TAMS 0x00000000e2f00000| PB 0x00000000e2f00000| Untracked |  0
|  48|0x00000000e3000000, 0x00000000e3000000, 0x00000000e3100000|  0%| F|  |TAMS 0x00000000e3000000| PB 0x00000000e3000000| Untracked |  0
|  49|0x00000000e3100000, 0x00000000e3100000, 0x00000000e3200000|  0%| F|  |TAMS 0x00000000e3100000| PB 0x00000000e3100000| Untracked |  0
|  50|0x00000000e3200000, 0x00000000e3200000, 0x00000000e3300000|  0%| F|  |TAMS 0x00000000e3200000| PB 0x00000000e3200000| Untracked |  0
|  51|0x00000000e3300000, 0x00000000e3300000, 0x00000000e3400000|  0%| F|  |TAMS 0x00000000e3300000| PB 0x00000000e3300000| Untracked |  0
|  52|0x00000000e3400000, 0x00000000e3400000, 0x00000000e3500000|  0%| F|  |TAMS 0x00000000e3400000| PB 0x00000000e3400000| Untracked |  0
|  53|0x00000000e3500000, 0x00000000e3500000, 0x00000000e3600000|  0%| F|  |TAMS 0x00000000e3500000| PB 0x00000000e3500000| Untracked |  0
|  54|0x00000000e3600000, 0x00000000e3600000, 0x00000000e3700000|  0%| F|  |TAMS 0x00000000e3600000| PB 0x00000000e3600000| Untracked |  0
|  55|0x00000000e3700000, 0x00000000e3700000, 0x00000000e3800000|  0%| F|  |TAMS 0x00000000e3700000| PB 0x00000000e3700000| Untracked |  0
|  56|0x00000000e3800000, 0x00000000e3800000, 0x00000000e3900000|  0%| F|  |TAMS 0x00000000e3800000| PB 0x00000000e3800000| Untracked |  0
|  57|0x00000000e3900000, 0x00000000e3900000, 0x00000000e3a00000|  0%| F|  |TAMS 0x00000000e3900000| PB 0x00000000e3900000| Untracked |  0
|  58|0x00000000e3a00000, 0x00000000e3a00000, 0x00000000e3b00000|  0%| F|  |TAMS 0x00000000e3a00000| PB 0x00000000e3a00000| Untracked |  0
|  59|0x00000000e3b00000, 0x00000000e3b00000, 0x00000000e3c00000|  0%| F|  |TAMS 0x00000000e3b00000| PB 0x00000000e3b00000| Untracked |  0
|  60|0x00000000e3c00000, 0x00000000e3c00000, 0x00000000e3d00000|  0%| F|  |TAMS 0x00000000e3c00000| PB 0x00000000e3c00000| Untracked |  0
|  61|0x00000000e3d00000, 0x00000000e3d00000, 0x00000000e3e00000|  0%| F|  |TAMS 0x00000000e3d00000| PB 0x00000000e3d00000| Untracked |  0
|  62|0x00000000e3e00000, 0x00000000e3e00000, 0x00000000e3f00000|  0%| F|  |TAMS 0x00000000e3e00000| PB 0x00000000e3e00000| Untracked |  0
|  63|0x00000000e3f00000, 0x00000000e3f00000, 0x00000000e4000000|  0%| F|  |TAMS 0x00000000e3f00000| PB 0x00000000e3f00000| Untracked |  0
|  64|0x00000000e4000000, 0x00000000e4000000, 0x00000000e4100000|  0%| F|  |TAMS 0x00000000e4000000| PB 0x00000000e4000000| Untracked |  0
|  65|0x00000000e4100000, 0x00000000e4100000, 0x00000000e4200000|  0%| F|  |TAMS 0x00000000e4100000| PB 0x00000000e4100000| Untracked |  0
|  66|0x00000000e4200000, 0x00000000e4200000, 0x00000000e4300000|  0%| F|  |TAMS 0x00000000e4200000| PB 0x00000000e4200000| Untracked |  0
|  67|0x00000000e4300000, 0x00000000e4300000, 0x00000000e4400000|  0%| F|  |TAMS 0x00000000e4300000| PB 0x00000000e4300000| Untracked |  0
|  68|0x00000000e4400000, 0x00000000e4400000, 0x00000000e4500000|  0%| F|  |TAMS 0x00000000e4400000| PB 0x00000000e4400000| Untracked |  0
|  69|0x00000000e4500000, 0x00000000e4500000, 0x00000000e4600000|  0%| F|  |TAMS 0x00000000e4500000| PB 0x00000000e4500000| Untracked |  0
|  70|0x00000000e4600000, 0x00000000e4600000, 0x00000000e4700000|  0%| F|  |TAMS 0x00000000e4600000| PB 0x00000000e4600000| Untracked |  0
|  71|0x00000000e4700000, 0x00000000e4700000, 0x00000000e4800000|  0%| F|  |TAMS 0x00000000e4700000| PB 0x00000000e4700000| Untracked |  0
|  72|0x00000000e4800000, 0x00000000e4800000, 0x00000000e4900000|  0%| F|  |TAMS 0x00000000e4800000| PB 0x00000000e4800000| Untracked |  0
|  73|0x00000000e4900000, 0x00000000e4900000, 0x00000000e4a00000|  0%| F|  |TAMS 0x00000000e4900000| PB 0x00000000e4900000| Untracked |  0
|  74|0x00000000e4a00000, 0x00000000e4a00000, 0x00000000e4b00000|  0%| F|  |TAMS 0x00000000e4a00000| PB 0x00000000e4a00000| Untracked |  0
|  75|0x00000000e4b00000, 0x00000000e4b00000, 0x00000000e4c00000|  0%| F|  |TAMS 0x00000000e4b00000| PB 0x00000000e4b00000| Untracked |  0
|  76|0x00000000e4c00000, 0x00000000e4c00000, 0x00000000e4d00000|  0%| F|  |TAMS 0x00000000e4c00000| PB 0x00000000e4c00000| Untracked |  0
|  77|0x00000000e4d00000, 0x00000000e4d00000, 0x00000000e4e00000|  0%| F|  |TAMS 0x00000000e4d00000| PB 0x00000000e4d00000| Untracked |  0
|  78|0x00000000e4e00000, 0x00000000e4e00000, 0x00000000e4f00000|  0%| F|  |TAMS 0x00000000e4e00000| PB 0x00000000e4e00000| Untracked |  0
|  79|0x00000000e4f00000, 0x00000000e4f00000, 0x00000000e5000000|  0%| F|  |TAMS 0x00000000e4f00000| PB 0x00000000e4f00000| Untracked |  0
|  80|0x00000000e5000000, 0x00000000e5000000, 0x00000000e5100000|  0%| F|  |TAMS 0x00000000e5000000| PB 0x00000000e5000000| Untracked |  0
|  81|0x00000000e5100000, 0x00000000e5100000, 0x00000000e5200000|  0%| F|  |TAMS 0x00000000e5100000| PB 0x00000000e5100000| Untracked |  0
|  82|0x00000000e5200000, 0x00000000e5200000, 0x00000000e5300000|  0%| F|  |TAMS 0x00000000e5200000| PB 0x00000000e5200000| Untracked |  0
|  83|0x00000000e5300000, 0x00000000e5300000, 0x00000000e5400000|  0%| F|  |TAMS 0x00000000e5300000| PB 0x00000000e5300000| Untracked |  0
|  84|0x00000000e5400000, 0x00000000e5400000, 0x00000000e5500000|  0%| F|  |TAMS 0x00000000e5400000| PB 0x00000000e5400000| Untracked |  0
|  85|0x00000000e5500000, 0x00000000e5500000, 0x00000000e5600000|  0%| F|  |TAMS 0x00000000e5500000| PB 0x00000000e5500000| Untracked |  0
|  86|0x00000000e5600000, 0x00000000e5600000, 0x00000000e5700000|  0%| F|  |TAMS 0x00000000e5600000| PB 0x00000000e5600000| Untracked |  0
|  87|0x00000000e5700000, 0x00000000e5700000, 0x00000000e5800000|  0%| F|  |TAMS 0x00000000e5700000| PB 0x00000000e5700000| Untracked |  0
|  88|0x00000000e5800000, 0x00000000e5800000, 0x00000000e5900000|  0%| F|  |TAMS 0x00000000e5800000| PB 0x00000000e5800000| Untracked |  0
|  89|0x00000000e5900000, 0x00000000e5900000, 0x00000000e5a00000|  0%| F|  |TAMS 0x00000000e5900000| PB 0x00000000e5900000| Untracked |  0
|  90|0x00000000e5a00000, 0x00000000e5a00000, 0x00000000e5b00000|  0%| F|  |TAMS 0x00000000e5a00000| PB 0x00000000e5a00000| Untracked |  0
|  91|0x00000000e5b00000, 0x00000000e5b00000, 0x00000000e5c00000|  0%| F|  |TAMS 0x00000000e5b00000| PB 0x00000000e5b00000| Untracked |  0
|  92|0x00000000e5c00000, 0x00000000e5c00000, 0x00000000e5d00000|  0%| F|  |TAMS 0x00000000e5c00000| PB 0x00000000e5c00000| Untracked |  0
|  93|0x00000000e5d00000, 0x00000000e5d00000, 0x00000000e5e00000|  0%| F|  |TAMS 0x00000000e5d00000| PB 0x00000000e5d00000| Untracked |  0
|  94|0x00000000e5e00000, 0x00000000e5e00000, 0x00000000e5f00000|  0%| F|  |TAMS 0x00000000e5e00000| PB 0x00000000e5e00000| Untracked |  0
|  95|0x00000000e5f00000, 0x00000000e5f00000, 0x00000000e6000000|  0%| F|  |TAMS 0x00000000e5f00000| PB 0x00000000e5f00000| Untracked |  0
|  96|0x00000000e6000000, 0x00000000e6000000, 0x00000000e6100000|  0%| F|  |TAMS 0x00000000e6000000| PB 0x00000000e6000000| Untracked |  0
|  97|0x00000000e6100000, 0x00000000e6100000, 0x00000000e6200000|  0%| F|  |TAMS 0x00000000e6100000| PB 0x00000000e6100000| Untracked |  0
|  98|0x00000000e6200000, 0x00000000e6200000, 0x00000000e6300000|  0%| F|  |TAMS 0x00000000e6200000| PB 0x00000000e6200000| Untracked |  0
|  99|0x00000000e6300000, 0x00000000e6300000, 0x00000000e6400000|  0%| F|  |TAMS 0x00000000e6300000| PB 0x00000000e6300000| Untracked |  0
| 100|0x00000000e6400000, 0x00000000e6400000, 0x00000000e6500000|  0%| F|  |TAMS 0x00000000e6400000| PB 0x00000000e6400000| Untracked |  0
| 101|0x00000000e6500000, 0x00000000e6500000, 0x00000000e6600000|  0%| F|  |TAMS 0x00000000e6500000| PB 0x00000000e6500000| Untracked |  0
| 102|0x00000000e6600000, 0x00000000e6600000, 0x00000000e6700000|  0%| F|  |TAMS 0x00000000e6600000| PB 0x00000000e6600000| Untracked |  0
| 103|0x00000000e6700000, 0x00000000e6700000, 0x00000000e6800000|  0%| F|  |TAMS 0x00000000e6700000| PB 0x00000000e6700000| Untracked |  0
| 104|0x00000000e6800000, 0x00000000e6800000, 0x00000000e6900000|  0%| F|  |TAMS 0x00000000e6800000| PB 0x00000000e6800000| Untracked |  0
| 105|0x00000000e6900000, 0x00000000e6900000, 0x00000000e6a00000|  0%| F|  |TAMS 0x00000000e6900000| PB 0x00000000e6900000| Untracked |  0
| 106|0x00000000e6a00000, 0x00000000e6a00000, 0x00000000e6b00000|  0%| F|  |TAMS 0x00000000e6a00000| PB 0x00000000e6a00000| Untracked |  0
| 107|0x00000000e6b00000, 0x00000000e6b00000, 0x00000000e6c00000|  0%| F|  |TAMS 0x00000000e6b00000| PB 0x00000000e6b00000| Untracked |  0
| 108|0x00000000e6c00000, 0x00000000e6c00000, 0x00000000e6d00000|  0%| F|  |TAMS 0x00000000e6c00000| PB 0x00000000e6c00000| Untracked |  0
| 109|0x00000000e6d00000, 0x00000000e6d00000, 0x00000000e6e00000|  0%| F|  |TAMS 0x00000000e6d00000| PB 0x00000000e6d00000| Untracked |  0
| 110|0x00000000e6e00000, 0x00000000e6e00000, 0x00000000e6f00000|  0%| F|  |TAMS 0x00000000e6e00000| PB 0x00000000e6e00000| Untracked |  0
| 111|0x00000000e6f00000, 0x00000000e6f00000, 0x00000000e7000000|  0%| F|  |TAMS 0x00000000e6f00000| PB 0x00000000e6f00000| Untracked |  0
| 112|0x00000000e7000000, 0x00000000e7000000, 0x00000000e7100000|  0%| F|  |TAMS 0x00000000e7000000| PB 0x00000000e7000000| Untracked |  0
| 113|0x00000000e7100000, 0x00000000e7100000, 0x00000000e7200000|  0%| F|  |TAMS 0x00000000e7100000| PB 0x00000000e7100000| Untracked |  0
| 114|0x00000000e7200000, 0x00000000e7200000, 0x00000000e7300000|  0%| F|  |TAMS 0x00000000e7200000| PB 0x00000000e7200000| Untracked |  0
| 115|0x00000000e7300000, 0x00000000e7300000, 0x00000000e7400000|  0%| F|  |TAMS 0x00000000e7300000| PB 0x00000000e7300000| Untracked |  0
| 116|0x00000000e7400000, 0x00000000e7400000, 0x00000000e7500000|  0%| F|  |TAMS 0x00000000e7400000| PB 0x00000000e7400000| Untracked |  0
| 117|0x00000000e7500000, 0x00000000e7500000, 0x00000000e7600000|  0%| F|  |TAMS 0x00000000e7500000| PB 0x00000000e7500000| Untracked |  0
| 118|0x00000000e7600000, 0x00000000e7600000, 0x00000000e7700000|  0%| F|  |TAMS 0x00000000e7600000| PB 0x00000000e7600000| Untracked |  0
| 119|0x00000000e7700000, 0x00000000e7700000, 0x00000000e7800000|  0%| F|  |TAMS 0x00000000e7700000| PB 0x00000000e7700000| Untracked |  0
| 120|0x00000000e7800000, 0x00000000e7800000, 0x00000000e7900000|  0%| F|  |TAMS 0x00000000e7800000| PB 0x00000000e7800000| Untracked |  0
| 121|0x00000000e7900000, 0x00000000e7900000, 0x00000000e7a00000|  0%| F|  |TAMS 0x00000000e7900000| PB 0x00000000e7900000| Untracked |  0
| 122|0x00000000e7a00000, 0x00000000e7a00000, 0x00000000e7b00000|  0%| F|  |TAMS 0x00000000e7a00000| PB 0x00000000e7a00000| Untracked |  0
| 123|0x00000000e7b00000, 0x00000000e7b00000, 0x00000000e7c00000|  0%| F|  |TAMS 0x00000000e7b00000| PB 0x00000000e7b00000| Untracked |  0
| 124|0x00000000e7c00000, 0x00000000e7c00000, 0x00000000e7d00000|  0%| F|  |TAMS 0x00000000e7c00000| PB 0x00000000e7c00000| Untracked |  0
| 125|0x00000000e7d00000, 0x00000000e7d00000, 0x00000000e7e00000|  0%| F|  |TAMS 0x00000000e7d00000| PB 0x00000000e7d00000| Untracked |  0
| 126|0x00000000e7e00000, 0x00000000e7e00000, 0x00000000e7f00000|  0%| F|  |TAMS 0x00000000e7e00000| PB 0x00000000e7e00000| Untracked |  0
| 127|0x00000000e7f00000, 0x00000000e7f00000, 0x00000000e8000000|  0%| F|  |TAMS 0x00000000e7f00000| PB 0x00000000e7f00000| Untracked |  0
| 128|0x00000000e8000000, 0x00000000e8000000, 0x00000000e8100000|  0%| F|  |TAMS 0x00000000e8000000| PB 0x00000000e8000000| Untracked |  0
| 129|0x00000000e8100000, 0x00000000e8100000, 0x00000000e8200000|  0%| F|  |TAMS 0x00000000e8100000| PB 0x00000000e8100000| Untracked |  0
| 130|0x00000000e8200000, 0x00000000e8200000, 0x00000000e8300000|  0%| F|  |TAMS 0x00000000e8200000| PB 0x00000000e8200000| Untracked |  0
| 131|0x00000000e8300000, 0x00000000e8300000, 0x00000000e8400000|  0%| F|  |TAMS 0x00000000e8300000| PB 0x00000000e8300000| Untracked |  0
| 132|0x00000000e8400000, 0x00000000e8400000, 0x00000000e8500000|  0%| F|  |TAMS 0x00000000e8400000| PB 0x00000000e8400000| Untracked |  0
| 133|0x00000000e8500000, 0x00000000e8500000, 0x00000000e8600000|  0%| F|  |TAMS 0x00000000e8500000| PB 0x00000000e8500000| Untracked |  0
| 134|0x00000000e8600000, 0x00000000e8600000, 0x00000000e8700000|  0%| F|  |TAMS 0x00000000e8600000| PB 0x00000000e8600000| Untracked |  0
| 135|0x00000000e8700000, 0x00000000e8776190, 0x00000000e8800000| 46%| S|CS|TAMS 0x00000000e8700000| PB 0x00000000e8700000| Complete |  0
| 136|0x00000000e8800000, 0x00000000e8900000, 0x00000000e8900000|100%| S|CS|TAMS 0x00000000e8800000| PB 0x00000000e8800000| Complete |  0
| 137|0x00000000e8900000, 0x00000000e8a00000, 0x00000000e8a00000|100%| S|CS|TAMS 0x00000000e8900000| PB 0x00000000e8900000| Complete |  0
| 138|0x00000000e8a00000, 0x00000000e8b00000, 0x00000000e8b00000|100%| S|CS|TAMS 0x00000000e8a00000| PB 0x00000000e8a00000| Complete |  0
| 139|0x00000000e8b00000, 0x00000000e8c00000, 0x00000000e8c00000|100%| S|CS|TAMS 0x00000000e8b00000| PB 0x00000000e8b00000| Complete |  0
| 140|0x00000000e8c00000, 0x00000000e8d00000, 0x00000000e8d00000|100%| S|CS|TAMS 0x00000000e8c00000| PB 0x00000000e8c00000| Complete |  0
| 141|0x00000000e8d00000, 0x00000000e8e00000, 0x00000000e8e00000|100%| S|CS|TAMS 0x00000000e8d00000| PB 0x00000000e8d00000| Complete |  0
| 142|0x00000000e8e00000, 0x00000000e8f00000, 0x00000000e8f00000|100%| S|CS|TAMS 0x00000000e8e00000| PB 0x00000000e8e00000| Complete |  0
| 143|0x00000000e8f00000, 0x00000000e9000000, 0x00000000e9000000|100%| S|CS|TAMS 0x00000000e8f00000| PB 0x00000000e8f00000| Complete |  0
| 144|0x00000000e9000000, 0x00000000e9100000, 0x00000000e9100000|100%| S|CS|TAMS 0x00000000e9000000| PB 0x00000000e9000000| Complete |  0
| 145|0x00000000e9100000, 0x00000000e9100000, 0x00000000e9200000|  0%| F|  |TAMS 0x00000000e9100000| PB 0x00000000e9100000| Untracked |  0
| 146|0x00000000e9200000, 0x00000000e9200000, 0x00000000e9300000|  0%| F|  |TAMS 0x00000000e9200000| PB 0x00000000e9200000| Untracked |  0
| 147|0x00000000e9300000, 0x00000000e9300000, 0x00000000e9400000|  0%| F|  |TAMS 0x00000000e9300000| PB 0x00000000e9300000| Untracked |  0
| 148|0x00000000e9400000, 0x00000000e9400000, 0x00000000e9500000|  0%| F|  |TAMS 0x00000000e9400000| PB 0x00000000e9400000| Untracked |  0
| 149|0x00000000e9500000, 0x00000000e9600000, 0x00000000e9600000|100%| E|  |TAMS 0x00000000e9500000| PB 0x00000000e9500000| Complete |  0
| 150|0x00000000e9600000, 0x00000000e9700000, 0x00000000e9700000|100%| E|CS|TAMS 0x00000000e9600000| PB 0x00000000e9600000| Complete |  0
| 151|0x00000000e9700000, 0x00000000e9800000, 0x00000000e9800000|100%| E|CS|TAMS 0x00000000e9700000| PB 0x00000000e9700000| Complete |  0
| 152|0x00000000e9800000, 0x00000000e9900000, 0x00000000e9900000|100%| E|CS|TAMS 0x00000000e9800000| PB 0x00000000e9800000| Complete |  0
| 153|0x00000000e9900000, 0x00000000e9a00000, 0x00000000e9a00000|100%| E|CS|TAMS 0x00000000e9900000| PB 0x00000000e9900000| Complete |  0
| 154|0x00000000e9a00000, 0x00000000e9b00000, 0x00000000e9b00000|100%| E|CS|TAMS 0x00000000e9a00000| PB 0x00000000e9a00000| Complete |  0
| 155|0x00000000e9b00000, 0x00000000e9c00000, 0x00000000e9c00000|100%| E|CS|TAMS 0x00000000e9b00000| PB 0x00000000e9b00000| Complete |  0
| 156|0x00000000e9c00000, 0x00000000e9d00000, 0x00000000e9d00000|100%| E|CS|TAMS 0x00000000e9c00000| PB 0x00000000e9c00000| Complete |  0
| 157|0x00000000e9d00000, 0x00000000e9e00000, 0x00000000e9e00000|100%| E|CS|TAMS 0x00000000e9d00000| PB 0x00000000e9d00000| Complete |  0
| 158|0x00000000e9e00000, 0x00000000e9f00000, 0x00000000e9f00000|100%| E|CS|TAMS 0x00000000e9e00000| PB 0x00000000e9e00000| Complete |  0
| 159|0x00000000e9f00000, 0x00000000ea000000, 0x00000000ea000000|100%| E|CS|TAMS 0x00000000e9f00000| PB 0x00000000e9f00000| Complete |  0
| 160|0x00000000ea000000, 0x00000000ea100000, 0x00000000ea100000|100%| E|CS|TAMS 0x00000000ea000000| PB 0x00000000ea000000| Complete |  0
| 161|0x00000000ea100000, 0x00000000ea200000, 0x00000000ea200000|100%| E|CS|TAMS 0x00000000ea100000| PB 0x00000000ea100000| Complete |  0
| 162|0x00000000ea200000, 0x00000000ea300000, 0x00000000ea300000|100%| E|CS|TAMS 0x00000000ea200000| PB 0x00000000ea200000| Complete |  0
| 163|0x00000000ea300000, 0x00000000ea400000, 0x00000000ea400000|100%| E|CS|TAMS 0x00000000ea300000| PB 0x00000000ea300000| Complete |  0
| 164|0x00000000ea400000, 0x00000000ea500000, 0x00000000ea500000|100%| E|CS|TAMS 0x00000000ea400000| PB 0x00000000ea400000| Complete |  0
| 165|0x00000000ea500000, 0x00000000ea600000, 0x00000000ea600000|100%| E|CS|TAMS 0x00000000ea500000| PB 0x00000000ea500000| Complete |  0
| 166|0x00000000ea600000, 0x00000000ea700000, 0x00000000ea700000|100%| E|CS|TAMS 0x00000000ea600000| PB 0x00000000ea600000| Complete |  0
| 167|0x00000000ea700000, 0x00000000ea800000, 0x00000000ea800000|100%| E|CS|TAMS 0x00000000ea700000| PB 0x00000000ea700000| Complete |  0
| 168|0x00000000ea800000, 0x00000000ea900000, 0x00000000ea900000|100%| E|CS|TAMS 0x00000000ea800000| PB 0x00000000ea800000| Complete |  0
| 169|0x00000000ea900000, 0x00000000eaa00000, 0x00000000eaa00000|100%| E|CS|TAMS 0x00000000ea900000| PB 0x00000000ea900000| Complete |  0
| 170|0x00000000eaa00000, 0x00000000eab00000, 0x00000000eab00000|100%| E|CS|TAMS 0x00000000eaa00000| PB 0x00000000eaa00000| Complete |  0
| 171|0x00000000eab00000, 0x00000000eac00000, 0x00000000eac00000|100%| E|CS|TAMS 0x00000000eab00000| PB 0x00000000eab00000| Complete |  0
| 172|0x00000000eac00000, 0x00000000ead00000, 0x00000000ead00000|100%| E|CS|TAMS 0x00000000eac00000| PB 0x00000000eac00000| Complete |  0
| 173|0x00000000ead00000, 0x00000000eae00000, 0x00000000eae00000|100%| E|CS|TAMS 0x00000000ead00000| PB 0x00000000ead00000| Complete |  0
| 174|0x00000000eae00000, 0x00000000eaf00000, 0x00000000eaf00000|100%| E|CS|TAMS 0x00000000eae00000| PB 0x00000000eae00000| Complete |  0
| 175|0x00000000eaf00000, 0x00000000eb000000, 0x00000000eb000000|100%| E|CS|TAMS 0x00000000eaf00000| PB 0x00000000eaf00000| Complete |  0
| 176|0x00000000eb000000, 0x00000000eb100000, 0x00000000eb100000|100%| E|CS|TAMS 0x00000000eb000000| PB 0x00000000eb000000| Complete |  0
| 177|0x00000000eb100000, 0x00000000eb200000, 0x00000000eb200000|100%| E|CS|TAMS 0x00000000eb100000| PB 0x00000000eb100000| Complete |  0
| 178|0x00000000eb200000, 0x00000000eb300000, 0x00000000eb300000|100%| E|CS|TAMS 0x00000000eb200000| PB 0x00000000eb200000| Complete |  0
| 179|0x00000000eb300000, 0x00000000eb400000, 0x00000000eb400000|100%| E|CS|TAMS 0x00000000eb300000| PB 0x00000000eb300000| Complete |  0
| 180|0x00000000eb400000, 0x00000000eb500000, 0x00000000eb500000|100%| E|CS|TAMS 0x00000000eb400000| PB 0x00000000eb400000| Complete |  0
| 181|0x00000000eb500000, 0x00000000eb600000, 0x00000000eb600000|100%| E|CS|TAMS 0x00000000eb500000| PB 0x00000000eb500000| Complete |  0
| 182|0x00000000eb600000, 0x00000000eb700000, 0x00000000eb700000|100%| E|CS|TAMS 0x00000000eb600000| PB 0x00000000eb600000| Complete |  0
| 183|0x00000000eb700000, 0x00000000eb800000, 0x00000000eb800000|100%| E|CS|TAMS 0x00000000eb700000| PB 0x00000000eb700000| Complete |  0
| 184|0x00000000eb800000, 0x00000000eb900000, 0x00000000eb900000|100%| E|CS|TAMS 0x00000000eb800000| PB 0x00000000eb800000| Complete |  0
| 185|0x00000000eb900000, 0x00000000eba00000, 0x00000000eba00000|100%| E|CS|TAMS 0x00000000eb900000| PB 0x00000000eb900000| Complete |  0
| 186|0x00000000eba00000, 0x00000000ebb00000, 0x00000000ebb00000|100%| E|CS|TAMS 0x00000000eba00000| PB 0x00000000eba00000| Complete |  0
| 187|0x00000000ebb00000, 0x00000000ebc00000, 0x00000000ebc00000|100%| E|CS|TAMS 0x00000000ebb00000| PB 0x00000000ebb00000| Complete |  0
| 188|0x00000000ebc00000, 0x00000000ebd00000, 0x00000000ebd00000|100%| E|CS|TAMS 0x00000000ebc00000| PB 0x00000000ebc00000| Complete |  0
| 189|0x00000000ebd00000, 0x00000000ebe00000, 0x00000000ebe00000|100%| E|CS|TAMS 0x00000000ebd00000| PB 0x00000000ebd00000| Complete |  0
| 190|0x00000000ebe00000, 0x00000000ebf00000, 0x00000000ebf00000|100%| E|CS|TAMS 0x00000000ebe00000| PB 0x00000000ebe00000| Complete |  0
| 191|0x00000000ebf00000, 0x00000000ec000000, 0x00000000ec000000|100%| E|CS|TAMS 0x00000000ebf00000| PB 0x00000000ebf00000| Complete |  0
| 192|0x00000000ec000000, 0x00000000ec100000, 0x00000000ec100000|100%| E|CS|TAMS 0x00000000ec000000| PB 0x00000000ec000000| Complete |  0
| 193|0x00000000ec100000, 0x00000000ec200000, 0x00000000ec200000|100%| E|CS|TAMS 0x00000000ec100000| PB 0x00000000ec100000| Complete |  0
| 194|0x00000000ec200000, 0x00000000ec300000, 0x00000000ec300000|100%| E|CS|TAMS 0x00000000ec200000| PB 0x00000000ec200000| Complete |  0
| 195|0x00000000ec300000, 0x00000000ec400000, 0x00000000ec400000|100%| E|CS|TAMS 0x00000000ec300000| PB 0x00000000ec300000| Complete |  0
| 196|0x00000000ec400000, 0x00000000ec500000, 0x00000000ec500000|100%| E|CS|TAMS 0x00000000ec400000| PB 0x00000000ec400000| Complete |  0
| 197|0x00000000ec500000, 0x00000000ec600000, 0x00000000ec600000|100%| E|CS|TAMS 0x00000000ec500000| PB 0x00000000ec500000| Complete |  0
| 198|0x00000000ec600000, 0x00000000ec700000, 0x00000000ec700000|100%| E|CS|TAMS 0x00000000ec600000| PB 0x00000000ec600000| Complete |  0
| 199|0x00000000ec700000, 0x00000000ec800000, 0x00000000ec800000|100%| E|CS|TAMS 0x00000000ec700000| PB 0x00000000ec700000| Complete |  0
| 200|0x00000000ec800000, 0x00000000ec900000, 0x00000000ec900000|100%| E|CS|TAMS 0x00000000ec800000| PB 0x00000000ec800000| Complete |  0
| 201|0x00000000ec900000, 0x00000000eca00000, 0x00000000eca00000|100%| E|CS|TAMS 0x00000000ec900000| PB 0x00000000ec900000| Complete |  0
| 202|0x00000000eca00000, 0x00000000ecb00000, 0x00000000ecb00000|100%| E|CS|TAMS 0x00000000eca00000| PB 0x00000000eca00000| Complete |  0
| 203|0x00000000ecb00000, 0x00000000ecc00000, 0x00000000ecc00000|100%| E|CS|TAMS 0x00000000ecb00000| PB 0x00000000ecb00000| Complete |  0
| 204|0x00000000ecc00000, 0x00000000ecd00000, 0x00000000ecd00000|100%| E|CS|TAMS 0x00000000ecc00000| PB 0x00000000ecc00000| Complete |  0
| 205|0x00000000ecd00000, 0x00000000ece00000, 0x00000000ece00000|100%| E|CS|TAMS 0x00000000ecd00000| PB 0x00000000ecd00000| Complete |  0
| 206|0x00000000ece00000, 0x00000000ecf00000, 0x00000000ecf00000|100%| E|CS|TAMS 0x00000000ece00000| PB 0x00000000ece00000| Complete |  0
| 207|0x00000000ecf00000, 0x00000000ed000000, 0x00000000ed000000|100%| E|CS|TAMS 0x00000000ecf00000| PB 0x00000000ecf00000| Complete |  0
| 208|0x00000000ed000000, 0x00000000ed100000, 0x00000000ed100000|100%| E|CS|TAMS 0x00000000ed000000| PB 0x00000000ed000000| Complete |  0
| 209|0x00000000ed100000, 0x00000000ed200000, 0x00000000ed200000|100%| E|CS|TAMS 0x00000000ed100000| PB 0x00000000ed100000| Complete |  0
| 210|0x00000000ed200000, 0x00000000ed300000, 0x00000000ed300000|100%| E|CS|TAMS 0x00000000ed200000| PB 0x00000000ed200000| Complete |  0
| 211|0x00000000ed300000, 0x00000000ed400000, 0x00000000ed400000|100%| E|CS|TAMS 0x00000000ed300000| PB 0x00000000ed300000| Complete |  0
| 212|0x00000000ed400000, 0x00000000ed500000, 0x00000000ed500000|100%| E|CS|TAMS 0x00000000ed400000| PB 0x00000000ed400000| Complete |  0
| 213|0x00000000ed500000, 0x00000000ed600000, 0x00000000ed600000|100%| E|CS|TAMS 0x00000000ed500000| PB 0x00000000ed500000| Complete |  0
| 214|0x00000000ed600000, 0x00000000ed700000, 0x00000000ed700000|100%| E|CS|TAMS 0x00000000ed600000| PB 0x00000000ed600000| Complete |  0
| 215|0x00000000ed700000, 0x00000000ed800000, 0x00000000ed800000|100%| E|CS|TAMS 0x00000000ed700000| PB 0x00000000ed700000| Complete |  0
| 216|0x00000000ed800000, 0x00000000ed900000, 0x00000000ed900000|100%| E|CS|TAMS 0x00000000ed800000| PB 0x00000000ed800000| Complete |  0
| 217|0x00000000ed900000, 0x00000000eda00000, 0x00000000eda00000|100%| E|CS|TAMS 0x00000000ed900000| PB 0x00000000ed900000| Complete |  0
| 218|0x00000000eda00000, 0x00000000edb00000, 0x00000000edb00000|100%| E|CS|TAMS 0x00000000eda00000| PB 0x00000000eda00000| Complete |  0
| 219|0x00000000edb00000, 0x00000000edc00000, 0x00000000edc00000|100%| E|CS|TAMS 0x00000000edb00000| PB 0x00000000edb00000| Complete |  0
| 220|0x00000000edc00000, 0x00000000edd00000, 0x00000000edd00000|100%| E|CS|TAMS 0x00000000edc00000| PB 0x00000000edc00000| Complete |  0
| 221|0x00000000edd00000, 0x00000000ede00000, 0x00000000ede00000|100%| E|CS|TAMS 0x00000000edd00000| PB 0x00000000edd00000| Complete |  0
| 222|0x00000000ede00000, 0x00000000edf00000, 0x00000000edf00000|100%| E|CS|TAMS 0x00000000ede00000| PB 0x00000000ede00000| Complete |  0
| 223|0x00000000edf00000, 0x00000000ee000000, 0x00000000ee000000|100%| E|CS|TAMS 0x00000000edf00000| PB 0x00000000edf00000| Complete |  0
| 224|0x00000000ee000000, 0x00000000ee100000, 0x00000000ee100000|100%| E|CS|TAMS 0x00000000ee000000| PB 0x00000000ee000000| Complete |  0
| 225|0x00000000ee100000, 0x00000000ee200000, 0x00000000ee200000|100%| E|CS|TAMS 0x00000000ee100000| PB 0x00000000ee100000| Complete |  0
| 226|0x00000000ee200000, 0x00000000ee300000, 0x00000000ee300000|100%| E|CS|TAMS 0x00000000ee200000| PB 0x00000000ee200000| Complete |  0
| 227|0x00000000ee300000, 0x00000000ee400000, 0x00000000ee400000|100%| E|CS|TAMS 0x00000000ee300000| PB 0x00000000ee300000| Complete |  0
| 228|0x00000000ee400000, 0x00000000ee500000, 0x00000000ee500000|100%| E|CS|TAMS 0x00000000ee400000| PB 0x00000000ee400000| Complete |  0
| 229|0x00000000ee500000, 0x00000000ee600000, 0x00000000ee600000|100%| E|CS|TAMS 0x00000000ee500000| PB 0x00000000ee500000| Complete |  0
| 230|0x00000000ee600000, 0x00000000ee700000, 0x00000000ee700000|100%| E|CS|TAMS 0x00000000ee600000| PB 0x00000000ee600000| Complete |  0
| 231|0x00000000ee700000, 0x00000000ee800000, 0x00000000ee800000|100%| E|CS|TAMS 0x00000000ee700000| PB 0x00000000ee700000| Complete |  0
| 232|0x00000000ee800000, 0x00000000ee900000, 0x00000000ee900000|100%| E|CS|TAMS 0x00000000ee800000| PB 0x00000000ee800000| Complete |  0
| 233|0x00000000ee900000, 0x00000000eea00000, 0x00000000eea00000|100%| E|CS|TAMS 0x00000000ee900000| PB 0x00000000ee900000| Complete |  0
| 234|0x00000000eea00000, 0x00000000eeb00000, 0x00000000eeb00000|100%| E|CS|TAMS 0x00000000eea00000| PB 0x00000000eea00000| Complete |  0
| 235|0x00000000eeb00000, 0x00000000eec00000, 0x00000000eec00000|100%| E|CS|TAMS 0x00000000eeb00000| PB 0x00000000eeb00000| Complete |  0
| 236|0x00000000eec00000, 0x00000000eed00000, 0x00000000eed00000|100%| E|CS|TAMS 0x00000000eec00000| PB 0x00000000eec00000| Complete |  0
| 237|0x00000000eed00000, 0x00000000eee00000, 0x00000000eee00000|100%| E|CS|TAMS 0x00000000eed00000| PB 0x00000000eed00000| Complete |  0
| 238|0x00000000eee00000, 0x00000000eef00000, 0x00000000eef00000|100%| E|CS|TAMS 0x00000000eee00000| PB 0x00000000eee00000| Complete |  0
| 239|0x00000000eef00000, 0x00000000ef000000, 0x00000000ef000000|100%| E|CS|TAMS 0x00000000eef00000| PB 0x00000000eef00000| Complete |  0
| 240|0x00000000ef000000, 0x00000000ef100000, 0x00000000ef100000|100%| E|CS|TAMS 0x00000000ef000000| PB 0x00000000ef000000| Complete |  0
| 241|0x00000000ef100000, 0x00000000ef200000, 0x00000000ef200000|100%| E|CS|TAMS 0x00000000ef100000| PB 0x00000000ef100000| Complete |  0
| 242|0x00000000ef200000, 0x00000000ef300000, 0x00000000ef300000|100%| E|CS|TAMS 0x00000000ef200000| PB 0x00000000ef200000| Complete |  0
| 243|0x00000000ef300000, 0x00000000ef400000, 0x00000000ef400000|100%| E|CS|TAMS 0x00000000ef300000| PB 0x00000000ef300000| Complete |  0
| 244|0x00000000ef400000, 0x00000000ef500000, 0x00000000ef500000|100%| E|CS|TAMS 0x00000000ef400000| PB 0x00000000ef400000| Complete |  0
| 245|0x00000000ef500000, 0x00000000ef600000, 0x00000000ef600000|100%| E|CS|TAMS 0x00000000ef500000| PB 0x00000000ef500000| Complete |  0
| 246|0x00000000ef600000, 0x00000000ef700000, 0x00000000ef700000|100%| E|CS|TAMS 0x00000000ef600000| PB 0x00000000ef600000| Complete |  0
| 247|0x00000000ef700000, 0x00000000ef800000, 0x00000000ef800000|100%| E|CS|TAMS 0x00000000ef700000| PB 0x00000000ef700000| Complete |  0
| 248|0x00000000ef800000, 0x00000000ef900000, 0x00000000ef900000|100%| E|CS|TAMS 0x00000000ef800000| PB 0x00000000ef800000| Complete |  0
| 249|0x00000000ef900000, 0x00000000efa00000, 0x00000000efa00000|100%| E|CS|TAMS 0x00000000ef900000| PB 0x00000000ef900000| Complete |  0
| 250|0x00000000efa00000, 0x00000000efb00000, 0x00000000efb00000|100%| E|CS|TAMS 0x00000000efa00000| PB 0x00000000efa00000| Complete |  0
| 251|0x00000000efb00000, 0x00000000efc00000, 0x00000000efc00000|100%| E|CS|TAMS 0x00000000efb00000| PB 0x00000000efb00000| Complete |  0
| 252|0x00000000efc00000, 0x00000000efd00000, 0x00000000efd00000|100%| E|CS|TAMS 0x00000000efc00000| PB 0x00000000efc00000| Complete |  0
| 253|0x00000000efd00000, 0x00000000efe00000, 0x00000000efe00000|100%| E|CS|TAMS 0x00000000efd00000| PB 0x00000000efd00000| Complete |  0
| 254|0x00000000efe00000, 0x00000000eff00000, 0x00000000eff00000|100%| E|CS|TAMS 0x00000000efe00000| PB 0x00000000efe00000| Complete |  0
| 255|0x00000000eff00000, 0x00000000f0000000, 0x00000000f0000000|100%| E|  |TAMS 0x00000000eff00000| PB 0x00000000eff00000| Complete |  0

Card table byte_map: [0x000001f39af40000,0x000001f39b040000] _byte_map_base: 0x000001f39a840000

Marking Bits: (CMBitMap*) 0x000001f383c1b670
 Bits: [0x000001f39b040000, 0x000001f39b840000)

Polling page: 0x000001f381b40000

Metaspace:

Usage:
  Non-class:     39.28 MB used.
      Class:      6.76 MB used.
       Both:     46.04 MB used.

Virtual space:
  Non-class space:       64.00 MB reserved,      40.19 MB ( 63%) committed,  1 nodes.
      Class space:      320.00 MB reserved,       7.56 MB (  2%) committed,  1 nodes.
             Both:      384.00 MB reserved,      47.75 MB ( 12%) committed. 

Chunk freelists:
   Non-Class:  7.55 MB
       Class:  8.48 MB
        Both:  16.03 MB

MaxMetaspaceSize: 384.00 MB
CompressedClassSpaceSize: 320.00 MB
Initial GC threshold: 21.00 MB
Current GC threshold: 58.69 MB
CDS: on
 - commit_granule_bytes: 65536.
 - commit_granule_words: 8192.
 - virtual_space_node_default_size: 8388608.
 - enlarge_chunks_in_place: 1.
 - use_allocation_guard: 0.


Internal statistics:

num_allocs_failed_limit: 6.
num_arena_births: 2968.
num_arena_deaths: 0.
num_vsnodes_births: 2.
num_vsnodes_deaths: 0.
num_space_committed: 764.
num_space_uncommitted: 0.
num_chunks_returned_to_freelist: 6.
num_chunks_taken_from_freelist: 5180.
num_chunk_merges: 6.
num_chunk_splits: 3348.
num_chunks_enlarged: 2005.
num_inconsistent_stats: 0.

CodeHeap 'non-profiled nmethods': size=120000Kb used=2992Kb max_used=2992Kb free=117007Kb
 bounds [0x000001f393a10000, 0x000001f393d00000, 0x000001f39af40000]
CodeHeap 'profiled nmethods': size=120000Kb used=9205Kb max_used=9205Kb free=110794Kb
 bounds [0x000001f38bf40000, 0x000001f38c840000, 0x000001f393470000]
CodeHeap 'non-nmethods': size=5760Kb used=2749Kb max_used=2774Kb free=3010Kb
 bounds [0x000001f393470000, 0x000001f393740000, 0x000001f393a10000]
 total_blobs=5660 nmethods=4784 adapters=779
 compilation: enabled
              stopped_count=0, restarted_count=0
 full_count=0

Compilation events (20 events):
Event: 22.852 Thread 0x000001f39de57d70 nmethod 5272 0x000001f38c82a690 code [0x000001f38c82a860, 0x000001f38c82ae60]
Event: 22.854 Thread 0x000001f39de57d70 5273 %     3       org.gradle.internal.instantiation.generator.AbstractClassGenerator::inspectType @ 32 (560 bytes)
Event: 22.857 Thread 0x000001f39de57d70 nmethod 5273% 0x000001f38c82af90 code [0x000001f38c82b7a0, 0x000001f38c830898]
Event: 22.858 Thread 0x000001f39de57d70 5274       3       org.objectweb.asm.SymbolTable::addConstantMethodHandle (197 bytes)
Event: 22.859 Thread 0x000001f39de57d70 nmethod 5274 0x000001f38c832290 code [0x000001f38c832520, 0x000001f38c832e70]
Event: 22.859 Thread 0x000001f39de57d70 5275       3       org.objectweb.asm.Frame::execute (2303 bytes)
Event: 22.863 Thread 0x000001f39de57d70 nmethod 5275 0x000001f38c833410 code [0x000001f38c834260, 0x000001f38c83a7a0]
Event: 22.864 Thread 0x000001f39de57d70 5276       3       org.gradle.internal.instantiation.generator.AsmBackedClassGenerator$ClassBuilderImpl::access$5800 (4 bytes)
Event: 22.864 Thread 0x000001f39de57d70 nmethod 5276 0x000001f38c2dc690 code [0x000001f38c2dc820, 0x000001f38c2dc918]
Event: 22.867 Thread 0x000001f39de57d70 5277       3       com.google.common.base.Preconditions::checkNotNull (18 bytes)
Event: 22.867 Thread 0x000001f39de57d70 nmethod 5277 0x000001f38c83c410 code [0x000001f38c83c5e0, 0x000001f38c83c950]
Event: 22.898 Thread 0x000001f39de57d70 5279       3       com.google.common.math.IntMath::isPowerOfTwo (24 bytes)
Event: 22.898 Thread 0x000001f39de57d70 nmethod 5279 0x000001f38c83ca90 code [0x000001f38c83cc20, 0x000001f38c83cdb8]
Event: 22.898 Thread 0x000001f39de57d70 5280       3       com.google.common.math.MathPreconditions::checkRoundingUnnecessary (15 bytes)
Event: 22.898 Thread 0x000001f39de57d70 nmethod 5280 0x000001f38c83ce90 code [0x000001f38c83d040, 0x000001f38c83d228]
Event: 22.941 Thread 0x000001f39de57d70 5281       3       com.google.common.collect.ImmutableMap::<init> (5 bytes)
Event: 22.941 Thread 0x000001f39de57d70 nmethod 5281 0x000001f38c83d310 code [0x000001f38c83d4a0, 0x000001f38c83d608]
Event: 22.949 Thread 0x000001f39de57d70 5282       3       java.lang.reflect.Method::toShortSignature (78 bytes)
Event: 22.950 Thread 0x000001f39de57d70 nmethod 5282 0x000001f38c83d710 code [0x000001f38c83d980, 0x000001f38c83e160]
Event: 22.950 Thread 0x000001f39de57d70 5283       3       java.lang.reflect.ProxyGenerator::addProxyMethod (190 bytes)

GC Heap History (10 events):
Event: 0.435 GC heap before
{Heap before GC invocations=0 (full 0):
 garbage-first heap   total reserved 524288K, committed 262144K, used 14336K [0x00000000e0000000, 0x0000000100000000)
  region size 1024K, 14 young (14336K), 0 survivors (0K)
 Metaspace       used 799K, committed 960K, reserved 393216K
  class space    used 67K, committed 128K, reserved 327680K
}
Event: 0.439 GC heap after
{Heap after GC invocations=1 (full 0):
 garbage-first heap   total reserved 524288K, committed 262144K, used 1344K [0x00000000e0000000, 0x0000000100000000)
  region size 1024K, 2 young (2048K), 2 survivors (2048K)
 Metaspace       used 799K, committed 960K, reserved 393216K
  class space    used 67K, committed 128K, reserved 327680K
}
Event: 1.450 GC heap before
{Heap before GC invocations=1 (full 0):
 garbage-first heap   total reserved 524288K, committed 262144K, used 25920K [0x00000000e0000000, 0x0000000100000000)
  region size 1024K, 24 young (24576K), 2 survivors (2048K)
 Metaspace       used 3534K, committed 3712K, reserved 393216K
  class space    used 454K, committed 512K, reserved 327680K
}
Event: 1.458 GC heap after
{Heap after GC invocations=2 (full 0):
 garbage-first heap   total reserved 524288K, committed 262144K, used 10498K [0x00000000e0000000, 0x0000000100000000)
  region size 1024K, 3 young (3072K), 3 survivors (3072K)
 Metaspace       used 3534K, committed 3712K, reserved 393216K
  class space    used 454K, committed 512K, reserved 327680K
}
Event: 7.413 GC heap before
{Heap before GC invocations=2 (full 0):
 garbage-first heap   total reserved 524288K, committed 262144K, used 165122K [0x00000000e0000000, 0x0000000100000000)
  region size 1024K, 153 young (156672K), 3 survivors (3072K)
 Metaspace       used 20325K, committed 20928K, reserved 393216K
  class space    used 3009K, committed 3264K, reserved 327680K
}
Event: 7.433 GC heap after
{Heap after GC invocations=3 (full 0):
 garbage-first heap   total reserved 524288K, committed 262144K, used 23600K [0x00000000e0000000, 0x0000000100000000)
  region size 1024K, 15 young (15360K), 15 survivors (15360K)
 Metaspace       used 20325K, committed 20928K, reserved 393216K
  class space    used 3009K, committed 3264K, reserved 327680K
}
Event: 7.547 GC heap before
{Heap before GC invocations=3 (full 0):
 garbage-first heap   total reserved 524288K, committed 262144K, used 28720K [0x00000000e0000000, 0x0000000100000000)
  region size 1024K, 21 young (21504K), 15 survivors (15360K)
 Metaspace       used 20775K, committed 21504K, reserved 393216K
  class space    used 3089K, committed 3392K, reserved 327680K
}
Event: 7.565 GC heap after
{Heap after GC invocations=4 (full 0):
 garbage-first heap   total reserved 524288K, committed 262144K, used 25088K [0x00000000e0000000, 0x0000000100000000)
  region size 1024K, 2 young (2048K), 2 survivors (2048K)
 Metaspace       used 20775K, committed 21504K, reserved 393216K
  class space    used 3089K, committed 3392K, reserved 327680K
}
Event: 12.924 GC heap before
{Heap before GC invocations=5 (full 0):
 garbage-first heap   total reserved 524288K, committed 262144K, used 139776K [0x00000000e0000000, 0x0000000100000000)
  region size 1024K, 111 young (113664K), 2 survivors (2048K)
 Metaspace       used 34848K, committed 35968K, reserved 393216K
  class space    used 4957K, committed 5504K, reserved 327680K
}
Event: 12.935 GC heap after
{Heap after GC invocations=6 (full 0):
 garbage-first heap   total reserved 524288K, committed 262144K, used 33240K [0x00000000e0000000, 0x0000000100000000)
  region size 1024K, 10 young (10240K), 10 survivors (10240K)
 Metaspace       used 34848K, committed 35968K, reserved 393216K
  class space    used 4957K, committed 5504K, reserved 327680K
}

Dll operation events (15 events):
Event: 0.026 Loaded shared library C:\Users\ASUS\.jdks\openjdk-22.0.2\bin\java.dll
Event: 0.090 Loaded shared library C:\Users\ASUS\.jdks\openjdk-22.0.2\bin\jsvml.dll
Event: 0.137 Loaded shared library C:\Users\ASUS\.jdks\openjdk-22.0.2\bin\zip.dll
Event: 0.141 Loaded shared library C:\Users\ASUS\.jdks\openjdk-22.0.2\bin\instrument.dll
Event: 0.144 Loaded shared library C:\Users\ASUS\.jdks\openjdk-22.0.2\bin\net.dll
Event: 0.146 Loaded shared library C:\Users\ASUS\.jdks\openjdk-22.0.2\bin\nio.dll
Event: 0.149 Loaded shared library C:\Users\ASUS\.jdks\openjdk-22.0.2\bin\zip.dll
Event: 0.595 Loaded shared library C:\Users\ASUS\.jdks\openjdk-22.0.2\bin\jimage.dll
Event: 0.830 Loaded shared library C:\Users\ASUS\.jdks\openjdk-22.0.2\bin\verify.dll
Event: 1.072 Loaded shared library C:\Users\ASUS\.gradle\native\1def1411415f61bf3af743bc5b6707747c0891f09f0c88961ee8f79bc544acac\windows-amd64\native-platform.dll
Event: 1.079 Loaded shared library C:\Users\ASUS\.gradle\native\0.2.6\x86_64-windows-gnu\gradle-fileevents.dll
Event: 3.651 Loaded shared library C:\Users\ASUS\.jdks\openjdk-22.0.2\bin\management.dll
Event: 3.654 Loaded shared library C:\Users\ASUS\.jdks\openjdk-22.0.2\bin\management_ext.dll
Event: 3.842 Loaded shared library C:\Users\ASUS\.jdks\openjdk-22.0.2\bin\extnet.dll
Event: 4.160 Loaded shared library C:\Users\ASUS\.jdks\openjdk-22.0.2\bin\sunmscapi.dll

Deoptimization events (20 events):
Event: 22.705 Thread 0x000001f3b8a61e50 Uncommon trap: trap_request=0xffffffde fr.pc=0x000001f393b680b4 relative=0x00000000000002f4
Event: 22.705 Thread 0x000001f3b8a61e50 Uncommon trap: reason=class_check action=maybe_recompile pc=0x000001f393b680b4 method=java.util.Collections$SetFromMap.remove(Ljava/lang/Object;)Z @ 5 c2
Event: 22.706 Thread 0x000001f3b8a61e50 DEOPT PACKING pc=0x000001f393b680b4 sp=0x0000006504ef8c20
Event: 22.706 Thread 0x000001f3b8a61e50 DEOPT UNPACKING pc=0x000001f3934c46a2 sp=0x0000006504ef8c08 mode 2
Event: 22.772 Thread 0x000001f3b8a61e50 Uncommon trap: trap_request=0xffffff3d fr.pc=0x000001f393a490f8 relative=0x0000000000000cf8
Event: 22.772 Thread 0x000001f3b8a61e50 Uncommon trap: reason=unstable_fused_if action=reinterpret pc=0x000001f393a490f8 method=org.objectweb.asm.ByteVector.putUTF8(Ljava/lang/String;)Lorg/objectweb/asm/ByteVector; @ 93 c2
Event: 22.772 Thread 0x000001f3b8a61e50 DEOPT PACKING pc=0x000001f393a490f8 sp=0x0000006504ef7d70
Event: 22.772 Thread 0x000001f3b8a61e50 DEOPT UNPACKING pc=0x000001f3934c46a2 sp=0x0000006504ef7cc8 mode 2
Event: 22.847 Thread 0x000001f3b8a61e50 Uncommon trap: trap_request=0xffffff45 fr.pc=0x000001f393ce8f64 relative=0x0000000000001184
Event: 22.847 Thread 0x000001f3b8a61e50 Uncommon trap: reason=unstable_if action=reinterpret pc=0x000001f393ce8f64 method=org.objectweb.asm.Frame.execute(IILorg/objectweb/asm/Symbol;Lorg/objectweb/asm/SymbolTable;)V @ 1 c2
Event: 22.847 Thread 0x000001f3b8a61e50 DEOPT PACKING pc=0x000001f393ce8f64 sp=0x0000006504ef8d30
Event: 22.847 Thread 0x000001f3b8a61e50 DEOPT UNPACKING pc=0x000001f3934c46a2 sp=0x0000006504ef8cb8 mode 2
Event: 22.941 Thread 0x000001f3b8a61e50 Uncommon trap: trap_request=0xffffff45 fr.pc=0x000001f393cfa9dc relative=0x00000000000002fc
Event: 22.941 Thread 0x000001f3b8a61e50 Uncommon trap: reason=unstable_if action=reinterpret pc=0x000001f393cfa9dc method=org.gradle.internal.instantiation.generator.AbstractClassGenerator$InjectionAnnotationValidator.validateMethod(Ljava/lang/reflect/Method;Lorg/gradle/internal/reflect/Propert
Event: 22.941 Thread 0x000001f3b8a61e50 DEOPT PACKING pc=0x000001f393cfa9dc sp=0x0000006504ef8f50
Event: 22.941 Thread 0x000001f3b8a61e50 DEOPT UNPACKING pc=0x000001f3934c46a2 sp=0x0000006504ef8f18 mode 2
Event: 22.941 Thread 0x000001f3b8a61e50 Uncommon trap: trap_request=0xffffffde fr.pc=0x000001f393cdf188 relative=0x0000000000000f48
Event: 22.941 Thread 0x000001f3b8a61e50 Uncommon trap: reason=class_check action=maybe_recompile pc=0x000001f393cdf188 method=org.gradle.internal.instantiation.generator.AbstractClassGenerator$InjectionAnnotationValidator.validateMethod(Ljava/lang/reflect/Method;Lorg/gradle/internal/reflect/Pro
Event: 22.941 Thread 0x000001f3b8a61e50 DEOPT PACKING pc=0x000001f393cdf188 sp=0x0000006504ef8e70
Event: 22.941 Thread 0x000001f3b8a61e50 DEOPT UNPACKING pc=0x000001f3934c46a2 sp=0x0000006504ef8e70 mode 2

Classes loaded (20 events):
Event: 18.281 Loading class javax/net/ssl/X509TrustManager
Event: 18.281 Loading class javax/net/ssl/X509TrustManager done
Event: 18.290 Loading class javax/net/ssl/SSLException
Event: 18.290 Loading class javax/net/ssl/SSLException done
Event: 18.292 Loading class javax/net/ssl/SSLPeerUnverifiedException
Event: 18.292 Loading class javax/net/ssl/SSLPeerUnverifiedException done
Event: 18.292 Loading class java/security/cert/CertificateParsingException
Event: 18.292 Loading class java/security/cert/CertificateException
Event: 18.292 Loading class java/security/cert/CertificateException done
Event: 18.292 Loading class java/security/cert/CertificateParsingException done
Event: 18.293 Loading class javax/naming/NamingException
Event: 18.293 Loading class javax/naming/NamingException done
Event: 18.293 Loading class javax/naming/InvalidNameException
Event: 18.293 Loading class javax/naming/InvalidNameException done
Event: 21.693 Loading class java/util/function/IntBinaryOperator
Event: 21.693 Loading class java/util/function/IntBinaryOperator done
Event: 22.391 Loading class java/io/DeleteOnExitHook
Event: 22.391 Loading class java/io/DeleteOnExitHook done
Event: 22.391 Loading class java/io/DeleteOnExitHook$1
Event: 22.391 Loading class java/io/DeleteOnExitHook$1 done

Classes unloaded (0 events):
No events

Classes redefined (0 events):
No events

Internal exceptions (20 events):
Event: 21.724 Thread 0x000001f3b8a61e50 Exception <a 'java/lang/ClassNotFoundException'{0x00000000ebbe0278}: org/gradle/plugin/use/internal/PluginRequestCollector$PluginDependenciesSpecImplBeanInfo> (0x00000000ebbe0278) 
thrown [s\open\src\hotspot\share\classfile\systemDictionary.cpp, line 313]
Event: 21.725 Thread 0x000001f3b8a61e50 Exception <a 'java/lang/ClassNotFoundException'{0x00000000ebbf0310}: org/gradle/plugin/use/internal/PluginRequestCollector$PluginDependenciesSpecImplCustomizer> (0x00000000ebbf0310) 
thrown [s\open\src\hotspot\share\classfile\systemDictionary.cpp, line 313]
Event: 21.728 Thread 0x000001f3b8a61e50 Exception <a 'java/lang/NoSuchMethodError'{0x00000000ebbfe798}: 'java.lang.Object java.lang.invoke.DirectMethodHandle$Holder.invokeVirtual(java.lang.Object, java.lang.Object, java.lang.Object, int)'> (0x00000000ebbfe798) 
thrown [s\open\src\hotspot\share\interpreter\linkResolver.cpp, line 774]
Event: 21.746 Thread 0x000001f3b8a61e50 Exception <a 'java/lang/ClassNotFoundException'{0x00000000eba509f8}: org/gradle/plugin/use/internal/PluginRequestCollector$PluginDependencySpecImplBeanInfo> (0x00000000eba509f8) 
thrown [s\open\src\hotspot\share\classfile\systemDictionary.cpp, line 313]
Event: 21.747 Thread 0x000001f3b8a61e50 Exception <a 'java/lang/ClassNotFoundException'{0x00000000eba60758}: org/gradle/plugin/use/internal/PluginRequestCollector$PluginDependencySpecImplCustomizer> (0x00000000eba60758) 
thrown [s\open\src\hotspot\share\classfile\systemDictionary.cpp, line 313]
Event: 21.890 Thread 0x000001f3b8a61e50 Exception <a 'java/lang/NoSuchMethodError'{0x00000000eb2454a0}: 'java.lang.Object java.lang.invoke.DirectMethodHandle$Holder.newInvokeSpecial(java.lang.Object, java.lang.Object, java.lang.Object, java.lang.Object, java.lang.Object, java.lang.Object, java.lang.Object, java.lang.Object, java.lang.Object, java.lang.Object, java.lang.Object, java.lang.Object, java.lang.Object, java.lang.Object, java.lang.Object, java.lang.Object, java.lang.Object, java.lang.Object, java.lang.Object, java.lang.Object, java.lang
Event: 21.891 Thread 0x000001f3b8a61e50 Exception <a 'java/lang/NoSuchMethodError'{0x00000000eb24d080}: 'java.lang.Object java.lang.invoke.DirectMethodHandle$Holder.invokeSpecial(java.lang.Object, java.lang.Object, java.lang.Object, java.lang.Object, java.lang.Object, java.lang.Object, java.lang.Object, java.lang.Object, java.lang.Object, java.lang.Object, java.lang.Object, java.lang.Object, java.lang.Object, java.lang.Object, java.lang.Object, java.lang.Object, java.lang.Object, java.lang.Object, java.lang.Object, java.lang.Object, java.lang.Ob
Event: 21.891 Thread 0x000001f3b8a61e50 Exception <a 'java/lang/NoSuchMethodError'{0x00000000eb253388}: 'java.lang.Object java.lang.invoke.DelegatingMethodHandle$Holder.reinvoke_L(java.lang.Object, java.lang.Object, java.lang.Object, java.lang.Object, java.lang.Object, java.lang.Object, java.lang.Object, java.lang.Object, java.lang.Object, java.lang.Object, java.lang.Object, java.lang.Object, java.lang.Object, java.lang.Object, java.lang.Object, java.lang.Object, java.lang.Object, java.lang.Object, java.lang.Object, java.lang.Object, java.lang.O
Event: 22.328 Thread 0x000001f3b8a61e50 Exception <a 'java/lang/NoSuchMethodError'{0x00000000eab83ca8}: 'java.lang.Object java.lang.invoke.DirectMethodHandle$Holder.newInvokeSpecial(java.lang.Object, int, java.lang.Object)'> (0x00000000eab83ca8) 
thrown [s\open\src\hotspot\share\interpreter\linkResolver.cpp, line 774]
Event: 22.535 Thread 0x000001f3b8a61e50 Exception <a 'java/lang/NoSuchMethodError'{0x00000000ea6649d8}: 'java.lang.Object java.lang.invoke.DirectMethodHandle$Holder.newInvokeSpecial(java.lang.Object, java.lang.Object, java.lang.Object, int)'> (0x00000000ea6649d8) 
thrown [s\open\src\hotspot\share\interpreter\linkResolver.cpp, line 774]
Event: 22.535 Thread 0x000001f3b8a61e50 Exception <a 'java/lang/NoSuchMethodError'{0x00000000ea669050}: 'java.lang.Object java.lang.invoke.Invokers$Holder.linkToTargetMethod(java.lang.Object, java.lang.Object, int, java.lang.Object)'> (0x00000000ea669050) 
thrown [s\open\src\hotspot\share\interpreter\linkResolver.cpp, line 774]
Event: 22.592 Thread 0x000001f3b8a61e50 Exception <a 'java/lang/NoSuchMethodError'{0x00000000ea4b2040}: 'int java.lang.invoke.DirectMethodHandle$Holder.invokeSpecialIFC(java.lang.Object, java.lang.Object, java.lang.Object)'> (0x00000000ea4b2040) 
thrown [s\open\src\hotspot\share\interpreter\linkResolver.cpp, line 774]
Event: 22.668 Thread 0x000001f3b8a61e50 Exception <a 'java/lang/NoSuchMethodError'{0x00000000ea0a4a30}: 'java.lang.Object java.lang.invoke.DirectMethodHandle$Holder.newInvokeSpecial(java.lang.Object, java.lang.Object, java.lang.Object, java.lang.Object, int)'> (0x00000000ea0a4a30) 
thrown [s\open\src\hotspot\share\interpreter\linkResolver.cpp, line 774]
Event: 22.669 Thread 0x000001f3b8a61e50 Exception <a 'java/lang/NoSuchMethodError'{0x00000000ea0a9ab8}: 'java.lang.Object java.lang.invoke.DirectMethodHandle$Holder.invokeSpecial(java.lang.Object, java.lang.Object, java.lang.Object, java.lang.Object, java.lang.Object, int)'> (0x00000000ea0a9ab8) 
thrown [s\open\src\hotspot\share\interpreter\linkResolver.cpp, line 774]
Event: 22.669 Thread 0x000001f3b8a61e50 Exception <a 'java/lang/NoSuchMethodError'{0x00000000ea0ae4d8}: 'java.lang.Object java.lang.invoke.Invokers$Holder.linkToTargetMethod(java.lang.Object, java.lang.Object, java.lang.Object, int, java.lang.Object)'> (0x00000000ea0ae4d8) 
thrown [s\open\src\hotspot\share\interpreter\linkResolver.cpp, line 774]
Event: 22.681 Thread 0x000001f3b8a61e50 Exception <a 'java/lang/NoSuchMethodError'{0x00000000e9f197d8}: 'void java.lang.invoke.DirectMethodHandle$Holder.invokeStatic(java.lang.Object, java.lang.Object, java.lang.Object, int, java.lang.Object)'> (0x00000000e9f197d8) 
thrown [s\open\src\hotspot\share\interpreter\linkResolver.cpp, line 774]
Event: 22.709 Thread 0x000001f3b8a61e50 Exception <a 'java/lang/NoSuchMethodError'{0x00000000e9ec60a0}: 'int java.lang.invoke.DirectMethodHandle$Holder.invokeInterface(java.lang.Object, java.lang.Object, java.lang.Object, java.lang.Object, java.lang.Object)'> (0x00000000e9ec60a0) 
thrown [s\open\src\hotspot\share\interpreter\linkResolver.cpp, line 774]
Event: 22.747 Thread 0x000001f3b8a61e50 Exception <a 'java/lang/NoSuchMethodError'{0x00000000e9caed58}: 'java.lang.Object java.lang.invoke.DirectMethodHandle$Holder.invokeVirtual(java.lang.Object, java.lang.Object, java.lang.Object, java.lang.Object, java.lang.Object, java.lang.Object, java.lang.Object, java.lang.Object, java.lang.Object, java.lang.Object, java.lang.Object, java.lang.Object, java.lang.Object, java.lang.Object, java.lang.Object)'> (0x00000000e9caed58) 
thrown [s\open\src\hotspot\share\interpreter\linkResolver.cpp, line 774]
Event: 22.755 Thread 0x000001f3b8a61e50 Exception <a 'java/lang/NoSuchMethodError'{0x00000000e9b87fa0}: 'java.lang.Object java.lang.invoke.DirectMethodHandle$Holder.newInvokeSpecial(java.lang.Object, java.lang.Object, java.lang.Object, java.lang.Object, java.lang.Object, java.lang.Object, java.lang.Object, java.lang.Object, java.lang.Object, java.lang.Object, java.lang.Object, java.lang.Object, java.lang.Object)'> (0x00000000e9b87fa0) 
thrown [s\open\src\hotspot\share\interpreter\linkResolver.cpp, line 774]
Event: 22.893 Thread 0x000001f3b8a61e50 Exception <a 'java/lang/NoSuchMethodError'{0x00000000e966e4e8}: 'int java.lang.invoke.DirectMethodHandle$Holder.invokeInterface(java.lang.Object, java.lang.Object, java.lang.Object, java.lang.Object)'> (0x00000000e966e4e8) 
thrown [s\open\src\hotspot\share\interpreter\linkResolver.cpp, line 774]

ZGC Phase Switch (0 events):
No events

VM Operations (20 events):
Event: 15.994 Executing VM operation: Cleanup
Event: 15.994 Executing VM operation: Cleanup done
Event: 16.316 Executing VM operation: HandshakeAllThreads (Deoptimize)
Event: 16.316 Executing VM operation: HandshakeAllThreads (Deoptimize) done
Event: 17.340 Executing VM operation: Cleanup
Event: 17.346 Executing VM operation: Cleanup done
Event: 17.379 Executing VM operation: HandshakeAllThreads (Deoptimize)
Event: 17.380 Executing VM operation: HandshakeAllThreads (Deoptimize) done
Event: 18.383 Executing VM operation: Cleanup
Event: 18.384 Executing VM operation: Cleanup done
Event: 19.392 Executing VM operation: Cleanup
Event: 19.392 Executing VM operation: Cleanup done
Event: 20.394 Executing VM operation: Cleanup
Event: 20.395 Executing VM operation: Cleanup done
Event: 21.398 Executing VM operation: Cleanup
Event: 21.398 Executing VM operation: Cleanup done
Event: 22.399 Executing VM operation: Cleanup
Event: 22.399 Executing VM operation: Cleanup done
Event: 22.892 Executing VM operation: HandshakeAllThreads (Deoptimize)
Event: 22.892 Executing VM operation: HandshakeAllThreads (Deoptimize) done

Memory protections (0 events):
No events

Nmethod flushes (20 events):
Event: 12.970 Thread 0x000001f39de33280 flushing  nmethod 0x000001f38c0e3510
Event: 12.970 Thread 0x000001f39de33280 flushing  nmethod 0x000001f38c14ea10
Event: 12.970 Thread 0x000001f39de33280 flushing  nmethod 0x000001f38c14fa90
Event: 12.970 Thread 0x000001f39de33280 flushing  nmethod 0x000001f38c152010
Event: 12.970 Thread 0x000001f39de33280 flushing  nmethod 0x000001f38c18a290
Event: 12.970 Thread 0x000001f39de33280 flushing  nmethod 0x000001f38c18b610
Event: 12.970 Thread 0x000001f39de33280 flushing  nmethod 0x000001f38c1c2c10
Event: 12.970 Thread 0x000001f39de33280 flushing  nmethod 0x000001f38c271110
Event: 12.970 Thread 0x000001f39de33280 flushing  nmethod 0x000001f38c276010
Event: 12.970 Thread 0x000001f39de33280 flushing  nmethod 0x000001f38c2f3690
Event: 12.970 Thread 0x000001f39de33280 flushing  nmethod 0x000001f38c2f5e90
Event: 12.970 Thread 0x000001f39de33280 flushing  nmethod 0x000001f38c2f8610
Event: 12.970 Thread 0x000001f39de33280 flushing  nmethod 0x000001f38c2faa10
Event: 12.970 Thread 0x000001f39de33280 flushing  nmethod 0x000001f38c2fad10
Event: 12.970 Thread 0x000001f39de33280 flushing  nmethod 0x000001f38c2fb590
Event: 12.970 Thread 0x000001f39de33280 flushing  nmethod 0x000001f38c2fe910
Event: 12.970 Thread 0x000001f39de33280 flushing  nmethod 0x000001f38c35cc10
Event: 12.970 Thread 0x000001f39de33280 flushing  nmethod 0x000001f38c38bb90
Event: 12.970 Thread 0x000001f39de33280 flushing  nmethod 0x000001f38c390490
Event: 12.970 Thread 0x000001f39de33280 flushing  nmethod 0x000001f38c40de10

Events (20 events):
Event: 5.901 Thread 0x000001f3b95f9460 Thread exited: 0x000001f3b95f9460
Event: 7.699 Thread 0x000001f3b8a61e50 Thread added: 0x000001f3b8a617c0
Event: 7.748 Thread 0x000001f3b8a61e50 Thread added: 0x000001f3b91a17a0
Event: 7.796 Thread 0x000001f3b8a60410 Thread added: 0x000001f3b919f6d0
Event: 8.252 Thread 0x000001f3b8a61e50 Thread added: 0x000001f3b91a1e30
Event: 8.261 Thread 0x000001f3b8a61e50 Thread added: 0x000001f3b91a03f0
Event: 9.890 Thread 0x000001f3b8a61e50 Thread added: 0x000001f3b919dc90
Event: 9.937 Thread 0x000001f39de57d70 Thread added: 0x000001f3b7e6d810
Event: 9.958 Thread 0x000001f3b8a61e50 Thread added: 0x000001f3b91a1110
Event: 11.140 Thread 0x000001f3b7e6d810 Thread exited: 0x000001f3b7e6d810
Event: 11.351 Thread 0x000001f39de56c00 Thread added: 0x000001f3b90ef290
Event: 11.592 Thread 0x000001f3b8a61e50 Thread added: 0x000001f3b919b530
Event: 11.632 Thread 0x000001f3b8a61e50 Thread added: 0x000001f3b91a2b50
Event: 12.588 Thread 0x000001f3b90ef290 Thread exited: 0x000001f3b90ef290
Event: 12.691 Thread 0x000001f3b8a61e50 Thread added: 0x000001f3b919c250
Event: 12.738 Thread 0x000001f3b8a61e50 Thread added: 0x000001f3b919fd60
Event: 12.887 Thread 0x000001f39de57d70 Thread added: 0x000001f3bd2b6750
Event: 13.251 Thread 0x000001f3bd2b6750 Thread exited: 0x000001f3bd2b6750
Event: 15.317 Thread 0x000001f3b8a61e50 Thread added: 0x000001f3b919bbc0
Event: 15.655 Thread 0x000001f3b8a61e50 Thread added: 0x000001f3b919c8e0


Dynamic libraries:
0x00007ff7cea10000 - 0x00007ff7cea1e000 	C:\Users\ASUS\.jdks\openjdk-22.0.2\bin\java.exe
0x00007ff8fee10000 - 0x00007ff8ff008000 	C:\Windows\SYSTEM32\ntdll.dll
0x00007ff8fce50000 - 0x00007ff8fcf0f000 	C:\Windows\System32\KERNEL32.DLL
0x00007ff8fca00000 - 0x00007ff8fccd2000 	C:\Windows\System32\KERNELBASE.dll
0x00007ff8fc590000 - 0x00007ff8fc690000 	C:\Windows\System32\ucrtbase.dll
0x00007ff8f4330000 - 0x00007ff8f4347000 	C:\Users\ASUS\.jdks\openjdk-22.0.2\bin\jli.dll
0x00007ff8fe310000 - 0x00007ff8fe4b1000 	C:\Windows\System32\USER32.dll
0x00007ff8fce20000 - 0x00007ff8fce42000 	C:\Windows\System32\win32u.dll
0x00007ff8fd6a0000 - 0x00007ff8fd6cb000 	C:\Windows\System32\GDI32.dll
0x00007ff8fcce0000 - 0x00007ff8fcdef000 	C:\Windows\System32\gdi32full.dll
0x00007ff8fc700000 - 0x00007ff8fc79d000 	C:\Windows\System32\msvcp_win.dll
0x00007ff8f8290000 - 0x00007ff8f82ab000 	C:\Users\ASUS\.jdks\openjdk-22.0.2\bin\VCRUNTIME140.dll
0x00007ff8e4bf0000 - 0x00007ff8e4e8a000 	C:\Windows\WinSxS\amd64_microsoft.windows.common-controls_6595b64144ccf1df_6.0.19041.1110_none_60b5254171f9507e\COMCTL32.dll
0x00007ff8fe120000 - 0x00007ff8fe1be000 	C:\Windows\System32\msvcrt.dll
0x00007ff8fe2d0000 - 0x00007ff8fe302000 	C:\Windows\System32\IMM32.DLL
0x00007ff8f8410000 - 0x00007ff8f841c000 	C:\Users\ASUS\.jdks\openjdk-22.0.2\bin\vcruntime140_1.dll
0x00007ff8cd410000 - 0x00007ff8cd49e000 	C:\Users\ASUS\.jdks\openjdk-22.0.2\bin\msvcp140.dll
0x00007ff8a1550000 - 0x00007ff8a2299000 	C:\Users\ASUS\.jdks\openjdk-22.0.2\bin\server\jvm.dll
0x00007ff8fe220000 - 0x00007ff8fe2ce000 	C:\Windows\System32\ADVAPI32.dll
0x00007ff8fec10000 - 0x00007ff8fecac000 	C:\Windows\System32\sechost.dll
0x00007ff8fd450000 - 0x00007ff8fd575000 	C:\Windows\System32\RPCRT4.dll
0x00007ff8fd9c0000 - 0x00007ff8fda2b000 	C:\Windows\System32\WS2_32.dll
0x00007ff8fba80000 - 0x00007ff8fbacb000 	C:\Windows\SYSTEM32\POWRPROF.dll
0x00007ff8f1e10000 - 0x00007ff8f1e37000 	C:\Windows\SYSTEM32\WINMM.dll
0x00007ff8f5f40000 - 0x00007ff8f5f4a000 	C:\Windows\SYSTEM32\VERSION.dll
0x00007ff8fb940000 - 0x00007ff8fb952000 	C:\Windows\SYSTEM32\UMPDC.dll
0x00007ff8fa3c0000 - 0x00007ff8fa3d2000 	C:\Windows\SYSTEM32\kernel.appcore.dll
0x00007ff8f43e0000 - 0x00007ff8f43ea000 	C:\Users\ASUS\.jdks\openjdk-22.0.2\bin\jimage.dll
0x00007ff8e5ae0000 - 0x00007ff8e5cc4000 	C:\Windows\SYSTEM32\DBGHELP.DLL
0x00007ff8e4aa0000 - 0x00007ff8e4ad5000 	C:\Windows\SYSTEM32\dbgcore.DLL
0x00007ff8fc500000 - 0x00007ff8fc582000 	C:\Windows\System32\bcryptPrimitives.dll
0x00007ff8f3830000 - 0x00007ff8f383f000 	C:\Users\ASUS\.jdks\openjdk-22.0.2\bin\instrument.dll
0x00007ff8f3810000 - 0x00007ff8f382e000 	C:\Users\ASUS\.jdks\openjdk-22.0.2\bin\java.dll
0x00007ff8fe4c0000 - 0x00007ff8fec05000 	C:\Windows\System32\SHELL32.dll
0x00007ff8fd7a0000 - 0x00007ff8fd8ca000 	C:\Windows\System32\ole32.dll
0x00007ff8fcf20000 - 0x00007ff8fd275000 	C:\Windows\System32\combase.dll
0x00007ff8fa5c0000 - 0x00007ff8fad52000 	C:\Windows\SYSTEM32\windows.storage.dll
0x00007ff8fbf60000 - 0x00007ff8fbf90000 	C:\Windows\SYSTEM32\Wldp.dll
0x00007ff8fd580000 - 0x00007ff8fd62d000 	C:\Windows\System32\SHCORE.dll
0x00007ff8fd960000 - 0x00007ff8fd9b5000 	C:\Windows\System32\shlwapi.dll
0x00007ff8fc440000 - 0x00007ff8fc45f000 	C:\Windows\SYSTEM32\profapi.dll
0x00007ff8ccd10000 - 0x00007ff8ccde7000 	C:\Users\ASUS\.jdks\openjdk-22.0.2\bin\jsvml.dll
0x00007ff8f37f0000 - 0x00007ff8f3807000 	C:\Users\ASUS\.jdks\openjdk-22.0.2\bin\zip.dll
0x00007ff8efa10000 - 0x00007ff8efa20000 	C:\Users\ASUS\.jdks\openjdk-22.0.2\bin\net.dll
0x00007ff8fbcc0000 - 0x00007ff8fbd2a000 	C:\Windows\system32\mswsock.dll
0x00007ff8ce6a0000 - 0x00007ff8ce6b6000 	C:\Users\ASUS\.jdks\openjdk-22.0.2\bin\nio.dll
0x00007ff8efa00000 - 0x00007ff8efa10000 	C:\Users\ASUS\.jdks\openjdk-22.0.2\bin\verify.dll
0x00007ff8f4480000 - 0x00007ff8f44a7000 	C:\Users\ASUS\.gradle\native\1def1411415f61bf3af743bc5b6707747c0891f09f0c88961ee8f79bc544acac\windows-amd64\native-platform.dll
0x00007ff8cd060000 - 0x00007ff8cd0d8000 	C:\Users\ASUS\.gradle\native\0.2.6\x86_64-windows-gnu\gradle-fileevents.dll
0x00007ff8d1720000 - 0x00007ff8d172a000 	C:\Users\ASUS\.jdks\openjdk-22.0.2\bin\management.dll
0x00007ff8d0570000 - 0x00007ff8d057b000 	C:\Users\ASUS\.jdks\openjdk-22.0.2\bin\management_ext.dll
0x00007ff8fcf10000 - 0x00007ff8fcf18000 	C:\Windows\System32\PSAPI.DLL
0x00007ff8fb960000 - 0x00007ff8fb99b000 	C:\Windows\SYSTEM32\IPHLPAPI.DLL
0x00007ff8fd950000 - 0x00007ff8fd958000 	C:\Windows\System32\NSI.dll
0x00007ff8ce810000 - 0x00007ff8ce819000 	C:\Users\ASUS\.jdks\openjdk-22.0.2\bin\extnet.dll
0x00007ff8fbeb0000 - 0x00007ff8fbec8000 	C:\Windows\SYSTEM32\CRYPTSP.dll
0x00007ff8fb570000 - 0x00007ff8fb5a4000 	C:\Windows\system32\rsaenh.dll
0x00007ff8fcdf0000 - 0x00007ff8fce17000 	C:\Windows\System32\bcrypt.dll
0x00007ff8fc400000 - 0x00007ff8fc42e000 	C:\Windows\SYSTEM32\USERENV.dll
0x00007ff8fbed0000 - 0x00007ff8fbedc000 	C:\Windows\SYSTEM32\CRYPTBASE.dll
0x00007ff8ce690000 - 0x00007ff8ce69e000 	C:\Users\ASUS\.jdks\openjdk-22.0.2\bin\sunmscapi.dll
0x00007ff8fc7f0000 - 0x00007ff8fc946000 	C:\Windows\System32\CRYPT32.dll
0x00007ff8fbfd0000 - 0x00007ff8fbff7000 	C:\Windows\SYSTEM32\ncrypt.dll
0x00007ff8fbf90000 - 0x00007ff8fbfcb000 	C:\Windows\SYSTEM32\NTASN1.dll
0x00007ff8ce170000 - 0x00007ff8ce177000 	C:\Windows\system32\wshunix.dll

dbghelp: loaded successfully - version: 4.0.5 - missing functions: none
symbol engine: initialized successfully - sym options: 0x614 - pdb path: .;C:\Users\ASUS\.jdks\openjdk-22.0.2\bin;C:\Windows\SYSTEM32;C:\Windows\WinSxS\amd64_microsoft.windows.common-controls_6595b64144ccf1df_6.0.19041.1110_none_60b5254171f9507e;C:\Users\ASUS\.jdks\openjdk-22.0.2\bin\server;C:\Users\ASUS\.gradle\native\1def1411415f61bf3af743bc5b6707747c0891f09f0c88961ee8f79bc544acac\windows-amd64;C:\Users\ASUS\.gradle\native\0.2.6\x86_64-windows-gnu

VM Arguments:
jvm_args: --add-opens=java.base/java.lang=ALL-UNNAMED --add-opens=java.base/java.lang.invoke=ALL-UNNAMED --add-opens=java.base/java.util=ALL-UNNAMED --add-opens=java.prefs/java.util.prefs=ALL-UNNAMED --add-exports=jdk.compiler/com.sun.tools.javac.api=ALL-UNNAMED --add-exports=jdk.compiler/com.sun.tools.javac.util=ALL-UNNAMED --add-opens=java.base/java.util=ALL-UNNAMED --add-opens=java.prefs/java.util.prefs=ALL-UNNAMED --add-opens=java.base/java.nio.charset=ALL-UNNAMED --add-opens=java.base/java.net=ALL-UNNAMED --add-opens=java.base/java.util.concurrent.atomic=ALL-UNNAMED --add-opens=java.xml/javax.xml.namespace=ALL-UNNAMED -XX:MaxMetaspaceSize=384m -XX:+HeapDumpOnOutOfMemoryError -Xms256m -Xmx512m -Dfile.encoding=windows-1252 -Duser.country=US -Duser.language=en -Duser.variant -javaagent:C:\Users\ASUS\.gradle\wrapper\dists\gradle-8.12.1-bin\eumc4uhoysa37zql93vfjkxy0\gradle-8.12.1\lib\agents\gradle-instrumentation-agent-8.12.1.jar 
java_command: org.gradle.launcher.daemon.bootstrap.GradleDaemon 8.12.1
java_class_path (initial): C:\Users\ASUS\.gradle\wrapper\dists\gradle-8.12.1-bin\eumc4uhoysa37zql93vfjkxy0\gradle-8.12.1\lib\gradle-daemon-main-8.12.1.jar
Launcher Type: SUN_STANDARD

[Global flags]
     intx CICompilerCount                          = 3                                         {product} {ergonomic}
   size_t CompressedClassSpaceSize                 = 335544320                                 {product} {ergonomic}
     uint ConcGCThreads                            = 1                                         {product} {ergonomic}
     uint G1ConcRefinementThreads                  = 4                                         {product} {ergonomic}
   size_t G1HeapRegionSize                         = 1048576                                   {product} {ergonomic}
     bool HeapDumpOnOutOfMemoryError               = true                                   {manageable} {command line}
   size_t InitialHeapSize                          = 268435456                                 {product} {command line}
   size_t MarkStackSize                            = 4194304                                   {product} {ergonomic}
   size_t MaxHeapSize                              = 536870912                                 {product} {command line}
   size_t MaxMetaspaceSize                         = 402653184                                 {product} {command line}
   size_t MaxNewSize                               = 321912832                                 {product} {ergonomic}
   size_t MinHeapDeltaBytes                        = 1048576                                   {product} {ergonomic}
   size_t MinHeapSize                              = 268435456                                 {product} {command line}
    uintx NonNMethodCodeHeapSize                   = 5832780                                {pd product} {ergonomic}
    uintx NonProfiledCodeHeapSize                  = 122912730                              {pd product} {ergonomic}
    uintx ProfiledCodeHeapSize                     = 122912730                              {pd product} {ergonomic}
    uintx ReservedCodeCacheSize                    = 251658240                              {pd product} {ergonomic}
     bool SegmentedCodeCache                       = true                                      {product} {ergonomic}
   size_t SoftMaxHeapSize                          = 536870912                              {manageable} {ergonomic}
     bool UseCompressedOops                        = true                           {product lp64_product} {ergonomic}
     bool UseG1GC                                  = true                                      {product} {ergonomic}
     bool UseLargePagesIndividualAllocation        = false                                  {pd product} {ergonomic}

Logging:
Log output configuration:
 #0: stdout all=warning uptime,level,tags foldmultilines=false
 #1: stderr all=off uptime,level,tags foldmultilines=false

Environment Variables:
PATH=C:\Python313\Scripts\;C:\Python313\;C:\Windows\system32;C:\Windows;C:\Windows\System32\Wbem;C:\Windows\System32\WindowsPowerShell\v1.0\;C:\Windows\System32\OpenSSH\;C:\Program Files\Git\cmd;C:\ProgramData\chocolatey\bin;C:\Users\ASUS\AppData\Local\nvm;C:\nvm4w\nodejs;D:\JAVA FULL STACK\;C:\Python313\python.exe;D:\WebStorm 2024.1.5\bin;;C:\Users\ASUS\AppData\Local\nvm;C:\nvm4w\nodejs;C:\Users\ASUS\AppData\Roaming\npm;C:\Program Files\MySQL\MySQL Shell 8.0\bin\;C:\Python313\python.exe;
USERNAME=ASUS
OS=Windows_NT
PROCESSOR_IDENTIFIER=Intel64 Family 6 Model 158 Stepping 9, GenuineIntel
TMP=C:\Users\ASUS\AppData\Local\Temp
TEMP=C:\Users\ASUS\AppData\Local\Temp




Periodic native trim disabled

---------------  S Y S T E M  ---------------

OS:
 Windows 10 , 64 bit Build 19041 (10.0.19041.2546)
OS uptime: 0 days 19:40 hours

CPU: total 4 (initial active 4) (4 cores per cpu, 1 threads per core) family 6 model 158 stepping 9 microcode 0xb4, cx8, cmov, fxsr, mmx, 3dnowpref, sse, sse2, sse3, ssse3, sse4.1, sse4.2, popcnt, lzcnt, tsc, tscinvbit, avx, avx2, aes, erms, clmul, bmi1, bmi2, adx, fma, vzeroupper, clflush, clflushopt, rdtscp, f16c
Processor Information for all 4 processors :
  Max Mhz: 2501, Current Mhz: 2501, Mhz Limit: 2501

Memory: 4k page, system-wide physical 8076M (347M free)
TotalPageFile size 16542M (AvailPageFile size 2M)
current process WorkingSet (physical memory assigned to process): 360M, peak: 368M
current process commit charge ("private bytes"): 458M, peak: 467M

vm_info: OpenJDK 64-Bit Server VM (22.0.2+9-70) for windows-amd64 JRE (22.0.2+9-70), built on 2024-06-04T16:52:23Z by "mach5one" with MS VC++ 17.6 (VS2022)

END.
