#
# There is insufficient memory for the Java Runtime Environment to continue.
# Native memory allocation (malloc) failed to allocate 202256 bytes. Error detail: Chunk::new
# Possible reasons:
#   The system is out of physical RAM or swap space
#   This process is running with CompressedOops enabled, and the Java Heap may be blocking the growth of the native heap
# Possible solutions:
#   Reduce memory load on the system
#   Increase physical memory or swap space
#   Check if swap backing store is full
#   Decrease Java heap size (-Xmx/-Xms)
#   Decrease number of Java threads
#   Decrease Java thread stack sizes (-Xss)
#   Set larger code cache with -XX:ReservedCodeCacheSize=
#   JVM is running with Unscaled Compressed Oops mode in which the Java heap is
#     placed in the first 4GB address space. The Java Heap base address is the
#     maximum limit for the native heap growth. Please use -XX:HeapBaseMinAddress
#     to set the Java Heap base and to place the Java Heap above 4GB virtual address.
# This output file may be truncated or incomplete.
#
#  Out of Memory Error (arena.cpp:150), pid=11152, tid=4776
#
# JRE version: OpenJDK Runtime Environment (22.0.2+9) (build 22.0.2+9-70)
# Java VM: OpenJDK 64-Bit Server VM (22.0.2+9-70, mixed mode, sharing, tiered, compressed oops, compressed class ptrs, g1 gc, windows-amd64)
# No core dump will be written. Minidumps are not enabled by default on client versions of Windows
#

---------------  S U M M A R Y ------------

Command Line: --add-opens=java.base/java.lang=ALL-UNNAMED --add-opens=java.base/java.lang.invoke=ALL-UNNAMED --add-opens=java.base/java.util=ALL-UNNAMED --add-opens=java.prefs/java.util.prefs=ALL-UNNAMED --add-exports=jdk.compiler/com.sun.tools.javac.api=ALL-UNNAMED --add-exports=jdk.compiler/com.sun.tools.javac.util=ALL-UNNAMED --add-opens=java.base/java.util=ALL-UNNAMED --add-opens=java.prefs/java.util.prefs=ALL-UNNAMED --add-opens=java.base/java.nio.charset=ALL-UNNAMED --add-opens=java.base/java.net=ALL-UNNAMED --add-opens=java.base/java.util.concurrent.atomic=ALL-UNNAMED --add-opens=java.xml/javax.xml.namespace=ALL-UNNAMED -XX:MaxMetaspaceSize=384m -XX:+HeapDumpOnOutOfMemoryError -Xms256m -Xmx512m -Dfile.encoding=windows-1252 -Duser.country=US -Duser.language=en -Duser.variant -javaagent:C:\Users\ASUS\.gradle\wrapper\dists\gradle-8.12.1-bin\eumc4uhoysa37zql93vfjkxy0\gradle-8.12.1\lib\agents\gradle-instrumentation-agent-8.12.1.jar org.gradle.launcher.daemon.bootstrap.GradleDaemon 8.12.1

Host: Intel(R) Core(TM) i5-7300HQ CPU @ 2.50GHz, 4 cores, 7G,  Windows 10 , 64 bit Build 19041 (10.0.19041.2546)
Time: Wed Mar 12 02:05:27 2025 SE Asia Standard Time elapsed time: 13.069493 seconds (0d 0h 0m 13s)

---------------  T H R E A D  ---------------

Current thread (0x00000291c00353b0):  JavaThread "C2 CompilerThread0" daemon [_thread_in_native, id=4776, stack(0x00000095ee200000,0x00000095ee300000) (1024K)]


Current CompileTask:
C2:13069 6838       4       org.objectweb.asm.MethodWriter::visitInsn (115 bytes)

Stack: [0x00000095ee200000,0x00000095ee300000]
Native frames: (J=compiled Java code, j=interpreted, Vv=VM code, C=native code)
V  [jvm.dll+0x6e26e9]  (no source info available)
V  [jvm.dll+0x875753]  (no source info available)
V  [jvm.dll+0x877b7e]  (no source info available)
V  [jvm.dll+0x878253]  (no source info available)
V  [jvm.dll+0x27fc86]  (no source info available)
V  [jvm.dll+0xc3d0f]  (no source info available)
V  [jvm.dll+0xc3f6b]  (no source info available)
V  [jvm.dll+0x3bb442]  (no source info available)
V  [jvm.dll+0x387d4b]  (no source info available)
V  [jvm.dll+0x3871ba]  (no source info available)
V  [jvm.dll+0x2477f8]  (no source info available)
V  [jvm.dll+0x246e9f]  (no source info available)
V  [jvm.dll+0x1c4e80]  (no source info available)
V  [jvm.dll+0x2568f3]  (no source info available)
V  [jvm.dll+0x254baa]  (no source info available)
V  [jvm.dll+0x3f57a6]  (no source info available)
V  [jvm.dll+0x81dc0b]  (no source info available)
V  [jvm.dll+0x6e0d85]  (no source info available)
C  [ucrtbase.dll+0x21bb2]  (no source info available)
C  [KERNEL32.DLL+0x17614]  (no source info available)
C  [ntdll.dll+0x526a1]  (no source info available)


---------------  P R O C E S S  ---------------

Threads class SMR info:
_java_thread_list=0x00000291dbc61630, length=52, elements={
0x00000291a3eb1390, 0x00000291c002d120, 0x00000291c0030250, 0x00000291c00316f0,
0x00000291c0033160, 0x00000291c0033bc0, 0x00000291c0034620, 0x00000291c00353b0,
0x00000291c0039360, 0x00000291c022b7f0, 0x00000291c036d9e0, 0x00000291dae8cfe0,
0x00000291daf6bdf0, 0x00000291dae50170, 0x00000291db1d4910, 0x00000291dae4a160,
0x00000291dae20f10, 0x00000291db1c4800, 0x00000291db1c3ae0, 0x00000291db1c4170,
0x00000291db1c4e90, 0x00000291db1c2dc0, 0x00000291db1c3450, 0x00000291db1c5520,
0x00000291db1c6240, 0x00000291dbdb5f20, 0x00000291dbdb5890, 0x00000291dbdba0c0,
0x00000291dbdb6c40, 0x00000291dbdb65b0, 0x00000291dbdb8d10, 0x00000291dbdbade0,
0x00000291dbdbc190, 0x00000291dbdbc820, 0x00000291dbdbceb0, 0x00000291dbdb72d0,
0x00000291de0b0cf0, 0x00000291de0b1a10, 0x00000291de0b20a0, 0x00000291de0b2730,
0x00000291de0b0660, 0x00000291de0af2b0, 0x00000291de0af940, 0x00000291de0affd0,
0x00000291dbe0a210, 0x00000291dbe094f0, 0x00000291dbe08e60, 0x00000291dbe0bc50,
0x00000291dbe0af30, 0x00000291dbe0c2e0, 0x00000291dbe09b80, 0x00000291dbe0b5c0
}

Java Threads: ( => current thread )
  0x00000291a3eb1390 JavaThread "main"                              [_thread_blocked, id=11304, stack(0x00000095ed400000,0x00000095ed500000) (1024K)]
  0x00000291c002d120 JavaThread "Reference Handler"          daemon [_thread_blocked, id=404, stack(0x00000095edc00000,0x00000095edd00000) (1024K)]
  0x00000291c0030250 JavaThread "Finalizer"                  daemon [_thread_blocked, id=3040, stack(0x00000095edd00000,0x00000095ede00000) (1024K)]
  0x00000291c00316f0 JavaThread "Signal Dispatcher"          daemon [_thread_blocked, id=6188, stack(0x00000095ede00000,0x00000095edf00000) (1024K)]
  0x00000291c0033160 JavaThread "Attach Listener"            daemon [_thread_blocked, id=8492, stack(0x00000095edf00000,0x00000095ee000000) (1024K)]
  0x00000291c0033bc0 JavaThread "Service Thread"             daemon [_thread_blocked, id=13240, stack(0x00000095ee000000,0x00000095ee100000) (1024K)]
  0x00000291c0034620 JavaThread "Monitor Deflation Thread"   daemon [_thread_blocked, id=11260, stack(0x00000095ee100000,0x00000095ee200000) (1024K)]
=>0x00000291c00353b0 JavaThread "C2 CompilerThread0"         daemon [_thread_in_native, id=4776, stack(0x00000095ee200000,0x00000095ee300000) (1024K)]
  0x00000291c0039360 JavaThread "C1 CompilerThread0"         daemon [_thread_blocked, id=11364, stack(0x00000095ee300000,0x00000095ee400000) (1024K)]
  0x00000291c022b7f0 JavaThread "Common-Cleaner"             daemon [_thread_blocked, id=9416, stack(0x00000095ee400000,0x00000095ee500000) (1024K)]
  0x00000291c036d9e0 JavaThread "Notification Thread"        daemon [_thread_blocked, id=1764, stack(0x00000095ee500000,0x00000095ee600000) (1024K)]
  0x00000291dae8cfe0 JavaThread "Daemon health stats"               [_thread_blocked, id=14060, stack(0x00000095eea00000,0x00000095eeb00000) (1024K)]
  0x00000291daf6bdf0 JavaThread "Incoming local TCP Connector on port 54691"        [_thread_in_native, id=3620, stack(0x00000095ee600000,0x00000095ee700000) (1024K)]
  0x00000291dae50170 JavaThread "Daemon periodic checks"            [_thread_blocked, id=4076, stack(0x00000095eeb00000,0x00000095eec00000) (1024K)]
  0x00000291db1d4910 JavaThread "Daemon"                            [_thread_blocked, id=10144, stack(0x00000095eed00000,0x00000095eee00000) (1024K)]
  0x00000291dae4a160 JavaThread "Handler for socket connection from /127.0.0.1:54691 to /127.0.0.1:54692"        [_thread_in_native, id=3112, stack(0x00000095eee00000,0x00000095eef00000) (1024K)]
  0x00000291dae20f10 JavaThread "Cancel handler"                    [_thread_blocked, id=3240, stack(0x00000095eef00000,0x00000095ef000000) (1024K)]
  0x00000291db1c4800 JavaThread "Daemon worker"                     [_thread_blocked, id=10264, stack(0x00000095ef000000,0x00000095ef100000) (1024K)]
  0x00000291db1c3ae0 JavaThread "Asynchronous log dispatcher for DefaultDaemonConnection: socket connection from /127.0.0.1:54691 to /127.0.0.1:54692"        [_thread_blocked, id=5992, stack(0x00000095ef100000,0x00000095ef200000) (1024K)]
  0x00000291db1c4170 JavaThread "Stdin handler"                     [_thread_blocked, id=7568, stack(0x00000095ef200000,0x00000095ef300000) (1024K)]
  0x00000291db1c4e90 JavaThread "Daemon client event forwarder"        [_thread_blocked, id=3368, stack(0x00000095ef300000,0x00000095ef400000) (1024K)]
  0x00000291db1c2dc0 JavaThread "Cache worker for journal cache (C:\Users\ASUS\.gradle\caches\journal-1)"        [_thread_blocked, id=2608, stack(0x00000095ef400000,0x00000095ef500000) (1024K)]
  0x00000291db1c3450 JavaThread "File lock request listener"        [_thread_in_native, id=6216, stack(0x00000095ef500000,0x00000095ef600000) (1024K)]
  0x00000291db1c5520 JavaThread "Cache worker for file hash cache (C:\Users\ASUS\.gradle\caches\8.12.1\fileHashes)"        [_thread_blocked, id=9344, stack(0x00000095ef600000,0x00000095ef700000) (1024K)]
  0x00000291db1c6240 JavaThread "Cache worker for file hash cache (D:\codegym\case_study_6_back_end\Auction_Website_System\auction_website_system\auction_management\.gradle\8.12.1\fileHashes)"        [_thread_blocked, id=2592, stack(0x00000095ef700000,0x00000095ef800000) (1024K)]
  0x00000291dbdb5f20 JavaThread "Cache worker for Build Output Cleanup Cache (D:\codegym\case_study_6_back_end\Auction_Website_System\auction_website_system\auction_management\.gradle\buildOutputCleanup)"        [_thread_blocked, id=12800, stack(0x00000095ef800000,0x00000095ef900000) (1024K)]
  0x00000291dbdb5890 JavaThread "File watcher server"        daemon [_thread_in_native, id=8060, stack(0x00000095ef900000,0x00000095efa00000) (1024K)]
  0x00000291dbdba0c0 JavaThread "File watcher consumer"      daemon [_thread_blocked, id=13568, stack(0x00000095efa00000,0x00000095efb00000) (1024K)]
  0x00000291dbdb6c40 JavaThread "jar transforms"                    [_thread_blocked, id=12364, stack(0x00000095efb00000,0x00000095efc00000) (1024K)]
  0x00000291dbdb65b0 JavaThread "jar transforms Thread 2"           [_thread_blocked, id=12184, stack(0x00000095efc00000,0x00000095efd00000) (1024K)]
  0x00000291dbdb8d10 JavaThread "Cache worker for checksums cache (D:\codegym\case_study_6_back_end\Auction_Website_System\auction_website_system\auction_management\.gradle\8.12.1\checksums)"        [_thread_blocked, id=13880, stack(0x00000095efd00000,0x00000095efe00000) (1024K)]
  0x00000291dbdbade0 JavaThread "Cache worker for file content cache (C:\Users\ASUS\.gradle\caches\8.12.1\fileContent)"        [_thread_blocked, id=4212, stack(0x00000095efe00000,0x00000095eff00000) (1024K)]
  0x00000291dbdbc190 JavaThread "jar transforms Thread 3"           [_thread_blocked, id=11604, stack(0x00000095eff00000,0x00000095f0000000) (1024K)]
  0x00000291dbdbc820 JavaThread "jar transforms Thread 4"           [_thread_blocked, id=12580, stack(0x00000095f0000000,0x00000095f0100000) (1024K)]
  0x00000291dbdbceb0 JavaThread "Cache worker for cache directory md-rule (C:\Users\ASUS\.gradle\caches\8.12.1\md-rule)"        [_thread_blocked, id=8140, stack(0x00000095f0100000,0x00000095f0200000) (1024K)]
  0x00000291dbdb72d0 JavaThread "Cache worker for cache directory md-supplier (C:\Users\ASUS\.gradle\caches\8.12.1\md-supplier)"        [_thread_blocked, id=13244, stack(0x00000095f0200000,0x00000095f0300000) (1024K)]
  0x00000291de0b0cf0 JavaThread "Unconstrained build operations"        [_thread_blocked, id=12520, stack(0x00000095eec00000,0x00000095eed00000) (1024K)]
  0x00000291de0b1a10 JavaThread "Unconstrained build operations Thread 2"        [_thread_blocked, id=3596, stack(0x00000095f0300000,0x00000095f0400000) (1024K)]
  0x00000291de0b20a0 JavaThread "Unconstrained build operations Thread 3"        [_thread_blocked, id=12912, stack(0x00000095f0400000,0x00000095f0500000) (1024K)]
  0x00000291de0b2730 JavaThread "Unconstrained build operations Thread 4"        [_thread_blocked, id=8204, stack(0x00000095f0500000,0x00000095f0600000) (1024K)]
  0x00000291de0b0660 JavaThread "Unconstrained build operations Thread 5"        [_thread_blocked, id=7076, stack(0x00000095f0600000,0x00000095f0700000) (1024K)]
  0x00000291de0af2b0 JavaThread "Unconstrained build operations Thread 6"        [_thread_blocked, id=10848, stack(0x00000095f0700000,0x00000095f0800000) (1024K)]
  0x00000291de0af940 JavaThread "Unconstrained build operations Thread 7"        [_thread_blocked, id=12420, stack(0x00000095f0800000,0x00000095f0900000) (1024K)]
  0x00000291de0affd0 JavaThread "Unconstrained build operations Thread 8"        [_thread_blocked, id=9804, stack(0x00000095f0900000,0x00000095f0a00000) (1024K)]
  0x00000291dbe0a210 JavaThread "Unconstrained build operations Thread 9"        [_thread_blocked, id=11852, stack(0x00000095f0a00000,0x00000095f0b00000) (1024K)]
  0x00000291dbe094f0 JavaThread "Memory manager"                    [_thread_blocked, id=1672, stack(0x00000095f0b00000,0x00000095f0c00000) (1024K)]
  0x00000291dbe08e60 JavaThread "ForkJoinPool.commonPool-worker-1" daemon [_thread_blocked, id=11512, stack(0x00000095f0c00000,0x00000095f0d00000) (1024K)]
  0x00000291dbe0bc50 JavaThread "ForkJoinPool.commonPool-worker-2" daemon [_thread_blocked, id=6932, stack(0x00000095f0d00000,0x00000095f0e00000) (1024K)]
  0x00000291dbe0af30 JavaThread "ForkJoinPool.commonPool-worker-3" daemon [_thread_blocked, id=11624, stack(0x00000095f0e00000,0x00000095f0f00000) (1024K)]
  0x00000291dbe0c2e0 JavaThread "Exec process"               daemon [_thread_in_native, id=1972, stack(0x00000095f0f00000,0x00000095f1000000) (1024K)]
  0x00000291dbe09b80 JavaThread "Exec process Thread 2"      daemon [_thread_in_native, id=1216, stack(0x00000095f1000000,0x00000095f1100000) (1024K)]
  0x00000291dbe0b5c0 JavaThread "Exec process Thread 3"      daemon [_thread_in_native, id=4500, stack(0x00000095f1100000,0x00000095f1200000) (1024K)]
Total: 52

Other Threads:
  0x00000291c00139f0 VMThread "VM Thread"                           [id=14300, stack(0x00000095edb00000,0x00000095edc00000) (1024K)]
  0x00000291bfffe7d0 WatcherThread "VM Periodic Task Thread"        [id=10960, stack(0x00000095eda00000,0x00000095edb00000) (1024K)]
  0x00000291a3edd3b0 WorkerThread "GC Thread#0"                     [id=6432, stack(0x00000095ed500000,0x00000095ed600000) (1024K)]
  0x00000291c04788a0 WorkerThread "GC Thread#1"                     [id=2060, stack(0x00000095ee700000,0x00000095ee800000) (1024K)]
  0x00000291c0478c50 WorkerThread "GC Thread#2"                     [id=5060, stack(0x00000095ee800000,0x00000095ee900000) (1024K)]
  0x00000291c0485b90 WorkerThread "GC Thread#3"                     [id=7136, stack(0x00000095ee900000,0x00000095eea00000) (1024K)]
  0x00000291a3ede280 ConcurrentGCThread "G1 Main Marker"            [id=8408, stack(0x00000095ed600000,0x00000095ed700000) (1024K)]
  0x00000291a3d2df70 WorkerThread "G1 Conc#0"                       [id=3916, stack(0x00000095ed700000,0x00000095ed800000) (1024K)]
  0x00000291a3f7e550 ConcurrentGCThread "G1 Refine#0"               [id=12796, stack(0x00000095ed800000,0x00000095ed900000) (1024K)]
  0x00000291bfed02f0 ConcurrentGCThread "G1 Service"                [id=1564, stack(0x00000095ed900000,0x00000095eda00000) (1024K)]
Total: 10

Threads with active compile tasks:
C2 CompilerThread0  13114 6838       4       org.objectweb.asm.MethodWriter::visitInsn (115 bytes)
Total: 1

VM state: not at safepoint (normal execution)

VM Mutex/Monitor currently owned by a thread: None

Heap address: 0x00000000e0000000, size: 512 MB, Compressed Oops mode: 32-bit

CDS archive(s) mapped at: [0x00000291c1000000-0x00000291c1c60000-0x00000291c1c60000), size 12976128, SharedBaseAddress: 0x00000291c1000000, ArchiveRelocationMode: 1.
Compressed class space mapped at: 0x00000291c2000000-0x00000291d6000000, reserved size: 335544320
Narrow klass base: 0x00000291c1000000, Narrow klass shift: 0, Narrow klass range: 0x15000000

GC Precious Log:
 CardTable entry size: 512
 Card Set container configuration: InlinePtr #cards 5 size 8 Array Of Cards #cards 12 size 40 Howl #buckets 4 coarsen threshold 1843 Howl Bitmap #cards 512 size 80 coarsen threshold 460 Card regions per heap region 1 cards per card region 2048
 CPUs: 4 total, 4 available
 Memory: 8076M
 Large Page Support: Disabled
 NUMA Support: Disabled
 Compressed Oops: Enabled (32-bit)
 Heap Region Size: 1M
 Heap Min Capacity: 256M
 Heap Initial Capacity: 256M
 Heap Max Capacity: 512M
 Pre-touch: Disabled
 Parallel Workers: 4
 Concurrent Workers: 1
 Concurrent Refinement Workers: 4
 Periodic GC: Disabled

Heap:
 garbage-first heap   total reserved 524288K, committed 262144K, used 106869K [0x00000000e0000000, 0x0000000100000000)
  region size 1024K, 83 young (84992K), 17 survivors (17408K)
 Metaspace       used 55350K, committed 57280K, reserved 393216K
  class space    used 8206K, committed 9152K, reserved 327680K

Heap Regions: E=young(eden), S=young(survivor), O=old, HS=humongous(starts), HC=humongous(continues), CS=collection set, F=free, TAMS=top-at-mark-start, PB=parsable bottom
|   0|0x00000000e0000000, 0x00000000e0100000, 0x00000000e0100000|100%|HS|  |TAMS 0x00000000e0000000| PB 0x00000000e0000000| Complete |  0
|   1|0x00000000e0100000, 0x00000000e0200000, 0x00000000e0200000|100%|HC|  |TAMS 0x00000000e0100000| PB 0x00000000e0100000| Complete |  0
|   2|0x00000000e0200000, 0x00000000e0300000, 0x00000000e0300000|100%|HC|  |TAMS 0x00000000e0200000| PB 0x00000000e0200000| Complete |  0
|   3|0x00000000e0300000, 0x00000000e0300000, 0x00000000e0400000|  0%| F|  |TAMS 0x00000000e0300000| PB 0x00000000e0300000| Untracked |  0
|   4|0x00000000e0400000, 0x00000000e0500000, 0x00000000e0500000|100%| O|  |TAMS 0x00000000e0400000| PB 0x00000000e0400000| Untracked |  0
|   5|0x00000000e0500000, 0x00000000e0600000, 0x00000000e0600000|100%| O|  |TAMS 0x00000000e0500000| PB 0x00000000e0500000| Untracked |  0
|   6|0x00000000e0600000, 0x00000000e0700000, 0x00000000e0700000|100%| O|  |TAMS 0x00000000e0600000| PB 0x00000000e0600000| Untracked |  0
|   7|0x00000000e0700000, 0x00000000e0800000, 0x00000000e0800000|100%|HS|  |TAMS 0x00000000e0700000| PB 0x00000000e0700000| Complete |  0
|   8|0x00000000e0800000, 0x00000000e0900000, 0x00000000e0900000|100%| O|  |TAMS 0x00000000e0800000| PB 0x00000000e0800000| Untracked |  0
|   9|0x00000000e0900000, 0x00000000e0a00000, 0x00000000e0a00000|100%| O|  |TAMS 0x00000000e0900000| PB 0x00000000e0900000| Untracked |  0
|  10|0x00000000e0a00000, 0x00000000e0b00000, 0x00000000e0b00000|100%| O|  |TAMS 0x00000000e0a00000| PB 0x00000000e0a00000| Untracked |  0
|  11|0x00000000e0b00000, 0x00000000e0c00000, 0x00000000e0c00000|100%| O|  |TAMS 0x00000000e0b00000| PB 0x00000000e0b00000| Untracked |  0
|  12|0x00000000e0c00000, 0x00000000e0d00000, 0x00000000e0d00000|100%| O|  |TAMS 0x00000000e0c00000| PB 0x00000000e0c00000| Untracked |  0
|  13|0x00000000e0d00000, 0x00000000e0e00000, 0x00000000e0e00000|100%| O|  |TAMS 0x00000000e0d00000| PB 0x00000000e0d00000| Untracked |  0
|  14|0x00000000e0e00000, 0x00000000e0f00000, 0x00000000e0f00000|100%| O|  |TAMS 0x00000000e0e00000| PB 0x00000000e0e00000| Untracked |  0
|  15|0x00000000e0f00000, 0x00000000e1000000, 0x00000000e1000000|100%| O|  |TAMS 0x00000000e0f00000| PB 0x00000000e0f00000| Untracked |  0
|  16|0x00000000e1000000, 0x00000000e1100000, 0x00000000e1100000|100%| O|  |TAMS 0x00000000e1000000| PB 0x00000000e1000000| Untracked |  0
|  17|0x00000000e1100000, 0x00000000e1200000, 0x00000000e1200000|100%| O|  |TAMS 0x00000000e1100000| PB 0x00000000e1100000| Untracked |  0
|  18|0x00000000e1200000, 0x00000000e1300000, 0x00000000e1300000|100%| O|  |TAMS 0x00000000e1200000| PB 0x00000000e1200000| Untracked |  0
|  19|0x00000000e1300000, 0x00000000e1400000, 0x00000000e1400000|100%| O|  |TAMS 0x00000000e1300000| PB 0x00000000e1300000| Untracked |  0
|  20|0x00000000e1400000, 0x00000000e1500000, 0x00000000e1500000|100%| O|  |TAMS 0x00000000e1400000| PB 0x00000000e1400000| Untracked |  0
|  21|0x00000000e1500000, 0x00000000e1600000, 0x00000000e1600000|100%| O|  |TAMS 0x00000000e1500000| PB 0x00000000e1500000| Untracked |  0
|  22|0x00000000e1600000, 0x00000000e1700000, 0x00000000e1700000|100%| O|Cm|TAMS 0x00000000e1600000| PB 0x00000000e1600000| Complete |  0
|  23|0x00000000e1700000, 0x00000000e17dd440, 0x00000000e1800000| 86%| O|  |TAMS 0x00000000e1700000| PB 0x00000000e1700000| Untracked |  0
|  24|0x00000000e1800000, 0x00000000e1800000, 0x00000000e1900000|  0%| F|  |TAMS 0x00000000e1800000| PB 0x00000000e1800000| Untracked |  0
|  25|0x00000000e1900000, 0x00000000e1900000, 0x00000000e1a00000|  0%| F|  |TAMS 0x00000000e1900000| PB 0x00000000e1900000| Untracked |  0
|  26|0x00000000e1a00000, 0x00000000e1a00000, 0x00000000e1b00000|  0%| F|  |TAMS 0x00000000e1a00000| PB 0x00000000e1a00000| Untracked |  0
|  27|0x00000000e1b00000, 0x00000000e1b00000, 0x00000000e1c00000|  0%| F|  |TAMS 0x00000000e1b00000| PB 0x00000000e1b00000| Untracked |  0
|  28|0x00000000e1c00000, 0x00000000e1c00000, 0x00000000e1d00000|  0%| F|  |TAMS 0x00000000e1c00000| PB 0x00000000e1c00000| Untracked |  0
|  29|0x00000000e1d00000, 0x00000000e1d00000, 0x00000000e1e00000|  0%| F|  |TAMS 0x00000000e1d00000| PB 0x00000000e1d00000| Untracked |  0
|  30|0x00000000e1e00000, 0x00000000e1e00000, 0x00000000e1f00000|  0%| F|  |TAMS 0x00000000e1e00000| PB 0x00000000e1e00000| Untracked |  0
|  31|0x00000000e1f00000, 0x00000000e1f00000, 0x00000000e2000000|  0%| F|  |TAMS 0x00000000e1f00000| PB 0x00000000e1f00000| Untracked |  0
|  32|0x00000000e2000000, 0x00000000e2000000, 0x00000000e2100000|  0%| F|  |TAMS 0x00000000e2000000| PB 0x00000000e2000000| Untracked |  0
|  33|0x00000000e2100000, 0x00000000e2100000, 0x00000000e2200000|  0%| F|  |TAMS 0x00000000e2100000| PB 0x00000000e2100000| Untracked |  0
|  34|0x00000000e2200000, 0x00000000e2200000, 0x00000000e2300000|  0%| F|  |TAMS 0x00000000e2200000| PB 0x00000000e2200000| Untracked |  0
|  35|0x00000000e2300000, 0x00000000e2300000, 0x00000000e2400000|  0%| F|  |TAMS 0x00000000e2300000| PB 0x00000000e2300000| Untracked |  0
|  36|0x00000000e2400000, 0x00000000e2400000, 0x00000000e2500000|  0%| F|  |TAMS 0x00000000e2400000| PB 0x00000000e2400000| Untracked |  0
|  37|0x00000000e2500000, 0x00000000e2500000, 0x00000000e2600000|  0%| F|  |TAMS 0x00000000e2500000| PB 0x00000000e2500000| Untracked |  0
|  38|0x00000000e2600000, 0x00000000e2600000, 0x00000000e2700000|  0%| F|  |TAMS 0x00000000e2600000| PB 0x00000000e2600000| Untracked |  0
|  39|0x00000000e2700000, 0x00000000e2700000, 0x00000000e2800000|  0%| F|  |TAMS 0x00000000e2700000| PB 0x00000000e2700000| Untracked |  0
|  40|0x00000000e2800000, 0x00000000e2800000, 0x00000000e2900000|  0%| F|  |TAMS 0x00000000e2800000| PB 0x00000000e2800000| Untracked |  0
|  41|0x00000000e2900000, 0x00000000e2900000, 0x00000000e2a00000|  0%| F|  |TAMS 0x00000000e2900000| PB 0x00000000e2900000| Untracked |  0
|  42|0x00000000e2a00000, 0x00000000e2a00000, 0x00000000e2b00000|  0%| F|  |TAMS 0x00000000e2a00000| PB 0x00000000e2a00000| Untracked |  0
|  43|0x00000000e2b00000, 0x00000000e2b00000, 0x00000000e2c00000|  0%| F|  |TAMS 0x00000000e2b00000| PB 0x00000000e2b00000| Untracked |  0
|  44|0x00000000e2c00000, 0x00000000e2c00000, 0x00000000e2d00000|  0%| F|  |TAMS 0x00000000e2c00000| PB 0x00000000e2c00000| Untracked |  0
|  45|0x00000000e2d00000, 0x00000000e2d00000, 0x00000000e2e00000|  0%| F|  |TAMS 0x00000000e2d00000| PB 0x00000000e2d00000| Untracked |  0
|  46|0x00000000e2e00000, 0x00000000e2e00000, 0x00000000e2f00000|  0%| F|  |TAMS 0x00000000e2e00000| PB 0x00000000e2e00000| Untracked |  0
|  47|0x00000000e2f00000, 0x00000000e2f00000, 0x00000000e3000000|  0%| F|  |TAMS 0x00000000e2f00000| PB 0x00000000e2f00000| Untracked |  0
|  48|0x00000000e3000000, 0x00000000e3000000, 0x00000000e3100000|  0%| F|  |TAMS 0x00000000e3000000| PB 0x00000000e3000000| Untracked |  0
|  49|0x00000000e3100000, 0x00000000e3100000, 0x00000000e3200000|  0%| F|  |TAMS 0x00000000e3100000| PB 0x00000000e3100000| Untracked |  0
|  50|0x00000000e3200000, 0x00000000e3200000, 0x00000000e3300000|  0%| F|  |TAMS 0x00000000e3200000| PB 0x00000000e3200000| Untracked |  0
|  51|0x00000000e3300000, 0x00000000e3300000, 0x00000000e3400000|  0%| F|  |TAMS 0x00000000e3300000| PB 0x00000000e3300000| Untracked |  0
|  52|0x00000000e3400000, 0x00000000e3400000, 0x00000000e3500000|  0%| F|  |TAMS 0x00000000e3400000| PB 0x00000000e3400000| Untracked |  0
|  53|0x00000000e3500000, 0x00000000e3500000, 0x00000000e3600000|  0%| F|  |TAMS 0x00000000e3500000| PB 0x00000000e3500000| Untracked |  0
|  54|0x00000000e3600000, 0x00000000e3600000, 0x00000000e3700000|  0%| F|  |TAMS 0x00000000e3600000| PB 0x00000000e3600000| Untracked |  0
|  55|0x00000000e3700000, 0x00000000e3700000, 0x00000000e3800000|  0%| F|  |TAMS 0x00000000e3700000| PB 0x00000000e3700000| Untracked |  0
|  56|0x00000000e3800000, 0x00000000e3800000, 0x00000000e3900000|  0%| F|  |TAMS 0x00000000e3800000| PB 0x00000000e3800000| Untracked |  0
|  57|0x00000000e3900000, 0x00000000e3900000, 0x00000000e3a00000|  0%| F|  |TAMS 0x00000000e3900000| PB 0x00000000e3900000| Untracked |  0
|  58|0x00000000e3a00000, 0x00000000e3a00000, 0x00000000e3b00000|  0%| F|  |TAMS 0x00000000e3a00000| PB 0x00000000e3a00000| Untracked |  0
|  59|0x00000000e3b00000, 0x00000000e3b00000, 0x00000000e3c00000|  0%| F|  |TAMS 0x00000000e3b00000| PB 0x00000000e3b00000| Untracked |  0
|  60|0x00000000e3c00000, 0x00000000e3c00000, 0x00000000e3d00000|  0%| F|  |TAMS 0x00000000e3c00000| PB 0x00000000e3c00000| Untracked |  0
|  61|0x00000000e3d00000, 0x00000000e3d00000, 0x00000000e3e00000|  0%| F|  |TAMS 0x00000000e3d00000| PB 0x00000000e3d00000| Untracked |  0
|  62|0x00000000e3e00000, 0x00000000e3e00000, 0x00000000e3f00000|  0%| F|  |TAMS 0x00000000e3e00000| PB 0x00000000e3e00000| Untracked |  0
|  63|0x00000000e3f00000, 0x00000000e3f00000, 0x00000000e4000000|  0%| F|  |TAMS 0x00000000e3f00000| PB 0x00000000e3f00000| Untracked |  0
|  64|0x00000000e4000000, 0x00000000e4000000, 0x00000000e4100000|  0%| F|  |TAMS 0x00000000e4000000| PB 0x00000000e4000000| Untracked |  0
|  65|0x00000000e4100000, 0x00000000e4100000, 0x00000000e4200000|  0%| F|  |TAMS 0x00000000e4100000| PB 0x00000000e4100000| Untracked |  0
|  66|0x00000000e4200000, 0x00000000e4200000, 0x00000000e4300000|  0%| F|  |TAMS 0x00000000e4200000| PB 0x00000000e4200000| Untracked |  0
|  67|0x00000000e4300000, 0x00000000e4300000, 0x00000000e4400000|  0%| F|  |TAMS 0x00000000e4300000| PB 0x00000000e4300000| Untracked |  0
|  68|0x00000000e4400000, 0x00000000e4400000, 0x00000000e4500000|  0%| F|  |TAMS 0x00000000e4400000| PB 0x00000000e4400000| Untracked |  0
|  69|0x00000000e4500000, 0x00000000e4500000, 0x00000000e4600000|  0%| F|  |TAMS 0x00000000e4500000| PB 0x00000000e4500000| Untracked |  0
|  70|0x00000000e4600000, 0x00000000e4600000, 0x00000000e4700000|  0%| F|  |TAMS 0x00000000e4600000| PB 0x00000000e4600000| Untracked |  0
|  71|0x00000000e4700000, 0x00000000e4700000, 0x00000000e4800000|  0%| F|  |TAMS 0x00000000e4700000| PB 0x00000000e4700000| Untracked |  0
|  72|0x00000000e4800000, 0x00000000e4800000, 0x00000000e4900000|  0%| F|  |TAMS 0x00000000e4800000| PB 0x00000000e4800000| Untracked |  0
|  73|0x00000000e4900000, 0x00000000e4900000, 0x00000000e4a00000|  0%| F|  |TAMS 0x00000000e4900000| PB 0x00000000e4900000| Untracked |  0
|  74|0x00000000e4a00000, 0x00000000e4a00000, 0x00000000e4b00000|  0%| F|  |TAMS 0x00000000e4a00000| PB 0x00000000e4a00000| Untracked |  0
|  75|0x00000000e4b00000, 0x00000000e4b00000, 0x00000000e4c00000|  0%| F|  |TAMS 0x00000000e4b00000| PB 0x00000000e4b00000| Untracked |  0
|  76|0x00000000e4c00000, 0x00000000e4c00000, 0x00000000e4d00000|  0%| F|  |TAMS 0x00000000e4c00000| PB 0x00000000e4c00000| Untracked |  0
|  77|0x00000000e4d00000, 0x00000000e4d00000, 0x00000000e4e00000|  0%| F|  |TAMS 0x00000000e4d00000| PB 0x00000000e4d00000| Untracked |  0
|  78|0x00000000e4e00000, 0x00000000e4e00000, 0x00000000e4f00000|  0%| F|  |TAMS 0x00000000e4e00000| PB 0x00000000e4e00000| Untracked |  0
|  79|0x00000000e4f00000, 0x00000000e4f00000, 0x00000000e5000000|  0%| F|  |TAMS 0x00000000e4f00000| PB 0x00000000e4f00000| Untracked |  0
|  80|0x00000000e5000000, 0x00000000e5000000, 0x00000000e5100000|  0%| F|  |TAMS 0x00000000e5000000| PB 0x00000000e5000000| Untracked |  0
|  81|0x00000000e5100000, 0x00000000e5100000, 0x00000000e5200000|  0%| F|  |TAMS 0x00000000e5100000| PB 0x00000000e5100000| Untracked |  0
|  82|0x00000000e5200000, 0x00000000e5200000, 0x00000000e5300000|  0%| F|  |TAMS 0x00000000e5200000| PB 0x00000000e5200000| Untracked |  0
|  83|0x00000000e5300000, 0x00000000e5300000, 0x00000000e5400000|  0%| F|  |TAMS 0x00000000e5300000| PB 0x00000000e5300000| Untracked |  0
|  84|0x00000000e5400000, 0x00000000e5400000, 0x00000000e5500000|  0%| F|  |TAMS 0x00000000e5400000| PB 0x00000000e5400000| Untracked |  0
|  85|0x00000000e5500000, 0x00000000e5500000, 0x00000000e5600000|  0%| F|  |TAMS 0x00000000e5500000| PB 0x00000000e5500000| Untracked |  0
|  86|0x00000000e5600000, 0x00000000e5680000, 0x00000000e5700000| 50%| S|CS|TAMS 0x00000000e5600000| PB 0x00000000e5600000| Complete |  0
|  87|0x00000000e5700000, 0x00000000e5800000, 0x00000000e5800000|100%| S|CS|TAMS 0x00000000e5700000| PB 0x00000000e5700000| Complete |  0
|  88|0x00000000e5800000, 0x00000000e5900000, 0x00000000e5900000|100%| S|CS|TAMS 0x00000000e5800000| PB 0x00000000e5800000| Complete |  0
|  89|0x00000000e5900000, 0x00000000e5a00000, 0x00000000e5a00000|100%| S|CS|TAMS 0x00000000e5900000| PB 0x00000000e5900000| Complete |  0
|  90|0x00000000e5a00000, 0x00000000e5b00000, 0x00000000e5b00000|100%| S|CS|TAMS 0x00000000e5a00000| PB 0x00000000e5a00000| Complete |  0
|  91|0x00000000e5b00000, 0x00000000e5c00000, 0x00000000e5c00000|100%| S|CS|TAMS 0x00000000e5b00000| PB 0x00000000e5b00000| Complete |  0
|  92|0x00000000e5c00000, 0x00000000e5d00000, 0x00000000e5d00000|100%| S|CS|TAMS 0x00000000e5c00000| PB 0x00000000e5c00000| Complete |  0
|  93|0x00000000e5d00000, 0x00000000e5e00000, 0x00000000e5e00000|100%| S|CS|TAMS 0x00000000e5d00000| PB 0x00000000e5d00000| Complete |  0
|  94|0x00000000e5e00000, 0x00000000e5f00000, 0x00000000e5f00000|100%| S|CS|TAMS 0x00000000e5e00000| PB 0x00000000e5e00000| Complete |  0
|  95|0x00000000e5f00000, 0x00000000e6000000, 0x00000000e6000000|100%| S|CS|TAMS 0x00000000e5f00000| PB 0x00000000e5f00000| Complete |  0
|  96|0x00000000e6000000, 0x00000000e6100000, 0x00000000e6100000|100%| S|CS|TAMS 0x00000000e6000000| PB 0x00000000e6000000| Complete |  0
|  97|0x00000000e6100000, 0x00000000e6200000, 0x00000000e6200000|100%| S|CS|TAMS 0x00000000e6100000| PB 0x00000000e6100000| Complete |  0
|  98|0x00000000e6200000, 0x00000000e6300000, 0x00000000e6300000|100%| S|CS|TAMS 0x00000000e6200000| PB 0x00000000e6200000| Complete |  0
|  99|0x00000000e6300000, 0x00000000e6400000, 0x00000000e6400000|100%| S|CS|TAMS 0x00000000e6300000| PB 0x00000000e6300000| Complete |  0
| 100|0x00000000e6400000, 0x00000000e6500000, 0x00000000e6500000|100%| S|CS|TAMS 0x00000000e6400000| PB 0x00000000e6400000| Complete |  0
| 101|0x00000000e6500000, 0x00000000e6600000, 0x00000000e6600000|100%| S|CS|TAMS 0x00000000e6500000| PB 0x00000000e6500000| Complete |  0
| 102|0x00000000e6600000, 0x00000000e6700000, 0x00000000e6700000|100%| S|CS|TAMS 0x00000000e6600000| PB 0x00000000e6600000| Complete |  0
| 103|0x00000000e6700000, 0x00000000e6700000, 0x00000000e6800000|  0%| F|  |TAMS 0x00000000e6700000| PB 0x00000000e6700000| Untracked |  0
| 104|0x00000000e6800000, 0x00000000e6800000, 0x00000000e6900000|  0%| F|  |TAMS 0x00000000e6800000| PB 0x00000000e6800000| Untracked |  0
| 105|0x00000000e6900000, 0x00000000e6900000, 0x00000000e6a00000|  0%| F|  |TAMS 0x00000000e6900000| PB 0x00000000e6900000| Untracked |  0
| 106|0x00000000e6a00000, 0x00000000e6a00000, 0x00000000e6b00000|  0%| F|  |TAMS 0x00000000e6a00000| PB 0x00000000e6a00000| Untracked |  0
| 107|0x00000000e6b00000, 0x00000000e6b00000, 0x00000000e6c00000|  0%| F|  |TAMS 0x00000000e6b00000| PB 0x00000000e6b00000| Untracked |  0
| 108|0x00000000e6c00000, 0x00000000e6c00000, 0x00000000e6d00000|  0%| F|  |TAMS 0x00000000e6c00000| PB 0x00000000e6c00000| Untracked |  0
| 109|0x00000000e6d00000, 0x00000000e6d00000, 0x00000000e6e00000|  0%| F|  |TAMS 0x00000000e6d00000| PB 0x00000000e6d00000| Untracked |  0
| 110|0x00000000e6e00000, 0x00000000e6e00000, 0x00000000e6f00000|  0%| F|  |TAMS 0x00000000e6e00000| PB 0x00000000e6e00000| Untracked |  0
| 111|0x00000000e6f00000, 0x00000000e6f00000, 0x00000000e7000000|  0%| F|  |TAMS 0x00000000e6f00000| PB 0x00000000e6f00000| Untracked |  0
| 112|0x00000000e7000000, 0x00000000e7000000, 0x00000000e7100000|  0%| F|  |TAMS 0x00000000e7000000| PB 0x00000000e7000000| Untracked |  0
| 113|0x00000000e7100000, 0x00000000e7100000, 0x00000000e7200000|  0%| F|  |TAMS 0x00000000e7100000| PB 0x00000000e7100000| Untracked |  0
| 114|0x00000000e7200000, 0x00000000e7200000, 0x00000000e7300000|  0%| F|  |TAMS 0x00000000e7200000| PB 0x00000000e7200000| Untracked |  0
| 115|0x00000000e7300000, 0x00000000e7300000, 0x00000000e7400000|  0%| F|  |TAMS 0x00000000e7300000| PB 0x00000000e7300000| Untracked |  0
| 116|0x00000000e7400000, 0x00000000e7400000, 0x00000000e7500000|  0%| F|  |TAMS 0x00000000e7400000| PB 0x00000000e7400000| Untracked |  0
| 117|0x00000000e7500000, 0x00000000e7500000, 0x00000000e7600000|  0%| F|  |TAMS 0x00000000e7500000| PB 0x00000000e7500000| Untracked |  0
| 118|0x00000000e7600000, 0x00000000e7600000, 0x00000000e7700000|  0%| F|  |TAMS 0x00000000e7600000| PB 0x00000000e7600000| Untracked |  0
| 119|0x00000000e7700000, 0x00000000e7700000, 0x00000000e7800000|  0%| F|  |TAMS 0x00000000e7700000| PB 0x00000000e7700000| Untracked |  0
| 120|0x00000000e7800000, 0x00000000e7800000, 0x00000000e7900000|  0%| F|  |TAMS 0x00000000e7800000| PB 0x00000000e7800000| Untracked |  0
| 121|0x00000000e7900000, 0x00000000e7900000, 0x00000000e7a00000|  0%| F|  |TAMS 0x00000000e7900000| PB 0x00000000e7900000| Untracked |  0
| 122|0x00000000e7a00000, 0x00000000e7a00000, 0x00000000e7b00000|  0%| F|  |TAMS 0x00000000e7a00000| PB 0x00000000e7a00000| Untracked |  0
| 123|0x00000000e7b00000, 0x00000000e7b00000, 0x00000000e7c00000|  0%| F|  |TAMS 0x00000000e7b00000| PB 0x00000000e7b00000| Untracked |  0
| 124|0x00000000e7c00000, 0x00000000e7c00000, 0x00000000e7d00000|  0%| F|  |TAMS 0x00000000e7c00000| PB 0x00000000e7c00000| Untracked |  0
| 125|0x00000000e7d00000, 0x00000000e7d00000, 0x00000000e7e00000|  0%| F|  |TAMS 0x00000000e7d00000| PB 0x00000000e7d00000| Untracked |  0
| 126|0x00000000e7e00000, 0x00000000e7e00000, 0x00000000e7f00000|  0%| F|  |TAMS 0x00000000e7e00000| PB 0x00000000e7e00000| Untracked |  0
| 127|0x00000000e7f00000, 0x00000000e7f00000, 0x00000000e8000000|  0%| F|  |TAMS 0x00000000e7f00000| PB 0x00000000e7f00000| Untracked |  0
| 128|0x00000000e8000000, 0x00000000e8000000, 0x00000000e8100000|  0%| F|  |TAMS 0x00000000e8000000| PB 0x00000000e8000000| Untracked |  0
| 129|0x00000000e8100000, 0x00000000e8100000, 0x00000000e8200000|  0%| F|  |TAMS 0x00000000e8100000| PB 0x00000000e8100000| Untracked |  0
| 130|0x00000000e8200000, 0x00000000e8200000, 0x00000000e8300000|  0%| F|  |TAMS 0x00000000e8200000| PB 0x00000000e8200000| Untracked |  0
| 131|0x00000000e8300000, 0x00000000e8300000, 0x00000000e8400000|  0%| F|  |TAMS 0x00000000e8300000| PB 0x00000000e8300000| Untracked |  0
| 132|0x00000000e8400000, 0x00000000e8400000, 0x00000000e8500000|  0%| F|  |TAMS 0x00000000e8400000| PB 0x00000000e8400000| Untracked |  0
| 133|0x00000000e8500000, 0x00000000e8500000, 0x00000000e8600000|  0%| F|  |TAMS 0x00000000e8500000| PB 0x00000000e8500000| Untracked |  0
| 134|0x00000000e8600000, 0x00000000e8600000, 0x00000000e8700000|  0%| F|  |TAMS 0x00000000e8600000| PB 0x00000000e8600000| Untracked |  0
| 135|0x00000000e8700000, 0x00000000e8700000, 0x00000000e8800000|  0%| F|  |TAMS 0x00000000e8700000| PB 0x00000000e8700000| Untracked |  0
| 136|0x00000000e8800000, 0x00000000e8800000, 0x00000000e8900000|  0%| F|  |TAMS 0x00000000e8800000| PB 0x00000000e8800000| Untracked |  0
| 137|0x00000000e8900000, 0x00000000e8900000, 0x00000000e8a00000|  0%| F|  |TAMS 0x00000000e8900000| PB 0x00000000e8900000| Untracked |  0
| 138|0x00000000e8a00000, 0x00000000e8a00000, 0x00000000e8b00000|  0%| F|  |TAMS 0x00000000e8a00000| PB 0x00000000e8a00000| Untracked |  0
| 139|0x00000000e8b00000, 0x00000000e8b00000, 0x00000000e8c00000|  0%| F|  |TAMS 0x00000000e8b00000| PB 0x00000000e8b00000| Untracked |  0
| 140|0x00000000e8c00000, 0x00000000e8c00000, 0x00000000e8d00000|  0%| F|  |TAMS 0x00000000e8c00000| PB 0x00000000e8c00000| Untracked |  0
| 141|0x00000000e8d00000, 0x00000000e8d00000, 0x00000000e8e00000|  0%| F|  |TAMS 0x00000000e8d00000| PB 0x00000000e8d00000| Untracked |  0
| 142|0x00000000e8e00000, 0x00000000e8e00000, 0x00000000e8f00000|  0%| F|  |TAMS 0x00000000e8e00000| PB 0x00000000e8e00000| Untracked |  0
| 143|0x00000000e8f00000, 0x00000000e8f00000, 0x00000000e9000000|  0%| F|  |TAMS 0x00000000e8f00000| PB 0x00000000e8f00000| Untracked |  0
| 144|0x00000000e9000000, 0x00000000e9000000, 0x00000000e9100000|  0%| F|  |TAMS 0x00000000e9000000| PB 0x00000000e9000000| Untracked |  0
| 145|0x00000000e9100000, 0x00000000e9100000, 0x00000000e9200000|  0%| F|  |TAMS 0x00000000e9100000| PB 0x00000000e9100000| Untracked |  0
| 146|0x00000000e9200000, 0x00000000e9200000, 0x00000000e9300000|  0%| F|  |TAMS 0x00000000e9200000| PB 0x00000000e9200000| Untracked |  0
| 147|0x00000000e9300000, 0x00000000e9300000, 0x00000000e9400000|  0%| F|  |TAMS 0x00000000e9300000| PB 0x00000000e9300000| Untracked |  0
| 148|0x00000000e9400000, 0x00000000e9400000, 0x00000000e9500000|  0%| F|  |TAMS 0x00000000e9400000| PB 0x00000000e9400000| Untracked |  0
| 149|0x00000000e9500000, 0x00000000e9500000, 0x00000000e9600000|  0%| F|  |TAMS 0x00000000e9500000| PB 0x00000000e9500000| Untracked |  0
| 150|0x00000000e9600000, 0x00000000e9600000, 0x00000000e9700000|  0%| F|  |TAMS 0x00000000e9600000| PB 0x00000000e9600000| Untracked |  0
| 151|0x00000000e9700000, 0x00000000e9700000, 0x00000000e9800000|  0%| F|  |TAMS 0x00000000e9700000| PB 0x00000000e9700000| Untracked |  0
| 152|0x00000000e9800000, 0x00000000e9800000, 0x00000000e9900000|  0%| F|  |TAMS 0x00000000e9800000| PB 0x00000000e9800000| Untracked |  0
| 153|0x00000000e9900000, 0x00000000e9900000, 0x00000000e9a00000|  0%| F|  |TAMS 0x00000000e9900000| PB 0x00000000e9900000| Untracked |  0
| 154|0x00000000e9a00000, 0x00000000e9a00000, 0x00000000e9b00000|  0%| F|  |TAMS 0x00000000e9a00000| PB 0x00000000e9a00000| Untracked |  0
| 155|0x00000000e9b00000, 0x00000000e9b00000, 0x00000000e9c00000|  0%| F|  |TAMS 0x00000000e9b00000| PB 0x00000000e9b00000| Untracked |  0
| 156|0x00000000e9c00000, 0x00000000e9c00000, 0x00000000e9d00000|  0%| F|  |TAMS 0x00000000e9c00000| PB 0x00000000e9c00000| Untracked |  0
| 157|0x00000000e9d00000, 0x00000000e9d00000, 0x00000000e9e00000|  0%| F|  |TAMS 0x00000000e9d00000| PB 0x00000000e9d00000| Untracked |  0
| 158|0x00000000e9e00000, 0x00000000e9e00000, 0x00000000e9f00000|  0%| F|  |TAMS 0x00000000e9e00000| PB 0x00000000e9e00000| Untracked |  0
| 159|0x00000000e9f00000, 0x00000000e9f00000, 0x00000000ea000000|  0%| F|  |TAMS 0x00000000e9f00000| PB 0x00000000e9f00000| Untracked |  0
| 160|0x00000000ea000000, 0x00000000ea000000, 0x00000000ea100000|  0%| F|  |TAMS 0x00000000ea000000| PB 0x00000000ea000000| Untracked |  0
| 161|0x00000000ea100000, 0x00000000ea100000, 0x00000000ea200000|  0%| F|  |TAMS 0x00000000ea100000| PB 0x00000000ea100000| Untracked |  0
| 162|0x00000000ea200000, 0x00000000ea200000, 0x00000000ea300000|  0%| F|  |TAMS 0x00000000ea200000| PB 0x00000000ea200000| Untracked |  0
| 163|0x00000000ea300000, 0x00000000ea300000, 0x00000000ea400000|  0%| F|  |TAMS 0x00000000ea300000| PB 0x00000000ea300000| Untracked |  0
| 164|0x00000000ea400000, 0x00000000ea400000, 0x00000000ea500000|  0%| F|  |TAMS 0x00000000ea400000| PB 0x00000000ea400000| Untracked |  0
| 165|0x00000000ea500000, 0x00000000ea500000, 0x00000000ea600000|  0%| F|  |TAMS 0x00000000ea500000| PB 0x00000000ea500000| Untracked |  0
| 166|0x00000000ea600000, 0x00000000ea600000, 0x00000000ea700000|  0%| F|  |TAMS 0x00000000ea600000| PB 0x00000000ea600000| Untracked |  0
| 167|0x00000000ea700000, 0x00000000ea700000, 0x00000000ea800000|  0%| F|  |TAMS 0x00000000ea700000| PB 0x00000000ea700000| Untracked |  0
| 168|0x00000000ea800000, 0x00000000ea800000, 0x00000000ea900000|  0%| F|  |TAMS 0x00000000ea800000| PB 0x00000000ea800000| Untracked |  0
| 169|0x00000000ea900000, 0x00000000ea900000, 0x00000000eaa00000|  0%| F|  |TAMS 0x00000000ea900000| PB 0x00000000ea900000| Untracked |  0
| 170|0x00000000eaa00000, 0x00000000eaa00000, 0x00000000eab00000|  0%| F|  |TAMS 0x00000000eaa00000| PB 0x00000000eaa00000| Untracked |  0
| 171|0x00000000eab00000, 0x00000000eab00000, 0x00000000eac00000|  0%| F|  |TAMS 0x00000000eab00000| PB 0x00000000eab00000| Untracked |  0
| 172|0x00000000eac00000, 0x00000000eac00000, 0x00000000ead00000|  0%| F|  |TAMS 0x00000000eac00000| PB 0x00000000eac00000| Untracked |  0
| 173|0x00000000ead00000, 0x00000000ead00000, 0x00000000eae00000|  0%| F|  |TAMS 0x00000000ead00000| PB 0x00000000ead00000| Untracked |  0
| 174|0x00000000eae00000, 0x00000000eae00000, 0x00000000eaf00000|  0%| F|  |TAMS 0x00000000eae00000| PB 0x00000000eae00000| Untracked |  0
| 175|0x00000000eaf00000, 0x00000000eaf00000, 0x00000000eb000000|  0%| F|  |TAMS 0x00000000eaf00000| PB 0x00000000eaf00000| Untracked |  0
| 176|0x00000000eb000000, 0x00000000eb000000, 0x00000000eb100000|  0%| F|  |TAMS 0x00000000eb000000| PB 0x00000000eb000000| Untracked |  0
| 177|0x00000000eb100000, 0x00000000eb100000, 0x00000000eb200000|  0%| F|  |TAMS 0x00000000eb100000| PB 0x00000000eb100000| Untracked |  0
| 178|0x00000000eb200000, 0x00000000eb200000, 0x00000000eb300000|  0%| F|  |TAMS 0x00000000eb200000| PB 0x00000000eb200000| Untracked |  0
| 179|0x00000000eb300000, 0x00000000eb300000, 0x00000000eb400000|  0%| F|  |TAMS 0x00000000eb300000| PB 0x00000000eb300000| Untracked |  0
| 180|0x00000000eb400000, 0x00000000eb400000, 0x00000000eb500000|  0%| F|  |TAMS 0x00000000eb400000| PB 0x00000000eb400000| Untracked |  0
| 181|0x00000000eb500000, 0x00000000eb500000, 0x00000000eb600000|  0%| F|  |TAMS 0x00000000eb500000| PB 0x00000000eb500000| Untracked |  0
| 182|0x00000000eb600000, 0x00000000eb600000, 0x00000000eb700000|  0%| F|  |TAMS 0x00000000eb600000| PB 0x00000000eb600000| Untracked |  0
| 183|0x00000000eb700000, 0x00000000eb700000, 0x00000000eb800000|  0%| F|  |TAMS 0x00000000eb700000| PB 0x00000000eb700000| Untracked |  0
| 184|0x00000000eb800000, 0x00000000eb800000, 0x00000000eb900000|  0%| F|  |TAMS 0x00000000eb800000| PB 0x00000000eb800000| Untracked |  0
| 185|0x00000000eb900000, 0x00000000eb900000, 0x00000000eba00000|  0%| F|  |TAMS 0x00000000eb900000| PB 0x00000000eb900000| Untracked |  0
| 186|0x00000000eba00000, 0x00000000eba00000, 0x00000000ebb00000|  0%| F|  |TAMS 0x00000000eba00000| PB 0x00000000eba00000| Untracked |  0
| 187|0x00000000ebb00000, 0x00000000ebb00000, 0x00000000ebc00000|  0%| F|  |TAMS 0x00000000ebb00000| PB 0x00000000ebb00000| Untracked |  0
| 188|0x00000000ebc00000, 0x00000000ebc00000, 0x00000000ebd00000|  0%| F|  |TAMS 0x00000000ebc00000| PB 0x00000000ebc00000| Untracked |  0
| 189|0x00000000ebd00000, 0x00000000ebd00000, 0x00000000ebe00000|  0%| F|  |TAMS 0x00000000ebd00000| PB 0x00000000ebd00000| Untracked |  0
| 190|0x00000000ebe00000, 0x00000000ebea3b88, 0x00000000ebf00000| 63%| E|  |TAMS 0x00000000ebe00000| PB 0x00000000ebe00000| Complete |  0
| 191|0x00000000ebf00000, 0x00000000ec000000, 0x00000000ec000000|100%| E|CS|TAMS 0x00000000ebf00000| PB 0x00000000ebf00000| Complete |  0
| 192|0x00000000ec000000, 0x00000000ec100000, 0x00000000ec100000|100%| E|CS|TAMS 0x00000000ec000000| PB 0x00000000ec000000| Complete |  0
| 193|0x00000000ec100000, 0x00000000ec200000, 0x00000000ec200000|100%| E|CS|TAMS 0x00000000ec100000| PB 0x00000000ec100000| Complete |  0
| 194|0x00000000ec200000, 0x00000000ec300000, 0x00000000ec300000|100%| E|CS|TAMS 0x00000000ec200000| PB 0x00000000ec200000| Complete |  0
| 195|0x00000000ec300000, 0x00000000ec400000, 0x00000000ec400000|100%| E|CS|TAMS 0x00000000ec300000| PB 0x00000000ec300000| Complete |  0
| 196|0x00000000ec400000, 0x00000000ec500000, 0x00000000ec500000|100%| E|CS|TAMS 0x00000000ec400000| PB 0x00000000ec400000| Complete |  0
| 197|0x00000000ec500000, 0x00000000ec600000, 0x00000000ec600000|100%| E|CS|TAMS 0x00000000ec500000| PB 0x00000000ec500000| Complete |  0
| 198|0x00000000ec600000, 0x00000000ec700000, 0x00000000ec700000|100%| E|CS|TAMS 0x00000000ec600000| PB 0x00000000ec600000| Complete |  0
| 199|0x00000000ec700000, 0x00000000ec800000, 0x00000000ec800000|100%| E|CS|TAMS 0x00000000ec700000| PB 0x00000000ec700000| Complete |  0
| 200|0x00000000ec800000, 0x00000000ec900000, 0x00000000ec900000|100%| E|CS|TAMS 0x00000000ec800000| PB 0x00000000ec800000| Complete |  0
| 201|0x00000000ec900000, 0x00000000eca00000, 0x00000000eca00000|100%| E|CS|TAMS 0x00000000ec900000| PB 0x00000000ec900000| Complete |  0
| 202|0x00000000eca00000, 0x00000000ecb00000, 0x00000000ecb00000|100%| E|CS|TAMS 0x00000000eca00000| PB 0x00000000eca00000| Complete |  0
| 203|0x00000000ecb00000, 0x00000000ecc00000, 0x00000000ecc00000|100%| E|CS|TAMS 0x00000000ecb00000| PB 0x00000000ecb00000| Complete |  0
| 204|0x00000000ecc00000, 0x00000000ecd00000, 0x00000000ecd00000|100%| E|CS|TAMS 0x00000000ecc00000| PB 0x00000000ecc00000| Complete |  0
| 205|0x00000000ecd00000, 0x00000000ece00000, 0x00000000ece00000|100%| E|CS|TAMS 0x00000000ecd00000| PB 0x00000000ecd00000| Complete |  0
| 206|0x00000000ece00000, 0x00000000ecf00000, 0x00000000ecf00000|100%| E|CS|TAMS 0x00000000ece00000| PB 0x00000000ece00000| Complete |  0
| 207|0x00000000ecf00000, 0x00000000ed000000, 0x00000000ed000000|100%| E|CS|TAMS 0x00000000ecf00000| PB 0x00000000ecf00000| Complete |  0
| 208|0x00000000ed000000, 0x00000000ed100000, 0x00000000ed100000|100%| E|CS|TAMS 0x00000000ed000000| PB 0x00000000ed000000| Complete |  0
| 209|0x00000000ed100000, 0x00000000ed200000, 0x00000000ed200000|100%| E|CS|TAMS 0x00000000ed100000| PB 0x00000000ed100000| Complete |  0
| 210|0x00000000ed200000, 0x00000000ed300000, 0x00000000ed300000|100%| E|CS|TAMS 0x00000000ed200000| PB 0x00000000ed200000| Complete |  0
| 211|0x00000000ed300000, 0x00000000ed400000, 0x00000000ed400000|100%| E|CS|TAMS 0x00000000ed300000| PB 0x00000000ed300000| Complete |  0
| 212|0x00000000ed400000, 0x00000000ed500000, 0x00000000ed500000|100%| E|CS|TAMS 0x00000000ed400000| PB 0x00000000ed400000| Complete |  0
| 213|0x00000000ed500000, 0x00000000ed600000, 0x00000000ed600000|100%| E|CS|TAMS 0x00000000ed500000| PB 0x00000000ed500000| Complete |  0
| 214|0x00000000ed600000, 0x00000000ed700000, 0x00000000ed700000|100%| E|CS|TAMS 0x00000000ed600000| PB 0x00000000ed600000| Complete |  0
| 215|0x00000000ed700000, 0x00000000ed800000, 0x00000000ed800000|100%| E|CS|TAMS 0x00000000ed700000| PB 0x00000000ed700000| Complete |  0
| 216|0x00000000ed800000, 0x00000000ed900000, 0x00000000ed900000|100%| E|CS|TAMS 0x00000000ed800000| PB 0x00000000ed800000| Complete |  0
| 217|0x00000000ed900000, 0x00000000eda00000, 0x00000000eda00000|100%| E|CS|TAMS 0x00000000ed900000| PB 0x00000000ed900000| Complete |  0
| 218|0x00000000eda00000, 0x00000000edb00000, 0x00000000edb00000|100%| E|CS|TAMS 0x00000000eda00000| PB 0x00000000eda00000| Complete |  0
| 219|0x00000000edb00000, 0x00000000edc00000, 0x00000000edc00000|100%| E|CS|TAMS 0x00000000edb00000| PB 0x00000000edb00000| Complete |  0
| 220|0x00000000edc00000, 0x00000000edd00000, 0x00000000edd00000|100%| E|CS|TAMS 0x00000000edc00000| PB 0x00000000edc00000| Complete |  0
| 221|0x00000000edd00000, 0x00000000ede00000, 0x00000000ede00000|100%| E|CS|TAMS 0x00000000edd00000| PB 0x00000000edd00000| Complete |  0
| 222|0x00000000ede00000, 0x00000000edf00000, 0x00000000edf00000|100%| E|CS|TAMS 0x00000000ede00000| PB 0x00000000ede00000| Complete |  0
| 223|0x00000000edf00000, 0x00000000ee000000, 0x00000000ee000000|100%| E|CS|TAMS 0x00000000edf00000| PB 0x00000000edf00000| Complete |  0
| 224|0x00000000ee000000, 0x00000000ee100000, 0x00000000ee100000|100%| E|CS|TAMS 0x00000000ee000000| PB 0x00000000ee000000| Complete |  0
| 225|0x00000000ee100000, 0x00000000ee200000, 0x00000000ee200000|100%| E|CS|TAMS 0x00000000ee100000| PB 0x00000000ee100000| Complete |  0
| 226|0x00000000ee200000, 0x00000000ee300000, 0x00000000ee300000|100%| E|CS|TAMS 0x00000000ee200000| PB 0x00000000ee200000| Complete |  0
| 227|0x00000000ee300000, 0x00000000ee400000, 0x00000000ee400000|100%| E|CS|TAMS 0x00000000ee300000| PB 0x00000000ee300000| Complete |  0
| 228|0x00000000ee400000, 0x00000000ee500000, 0x00000000ee500000|100%| E|CS|TAMS 0x00000000ee400000| PB 0x00000000ee400000| Complete |  0
| 229|0x00000000ee500000, 0x00000000ee600000, 0x00000000ee600000|100%| E|CS|TAMS 0x00000000ee500000| PB 0x00000000ee500000| Complete |  0
| 230|0x00000000ee600000, 0x00000000ee700000, 0x00000000ee700000|100%| E|CS|TAMS 0x00000000ee600000| PB 0x00000000ee600000| Complete |  0
| 231|0x00000000ee700000, 0x00000000ee800000, 0x00000000ee800000|100%| E|CS|TAMS 0x00000000ee700000| PB 0x00000000ee700000| Complete |  0
| 232|0x00000000ee800000, 0x00000000ee900000, 0x00000000ee900000|100%| E|CS|TAMS 0x00000000ee800000| PB 0x00000000ee800000| Complete |  0
| 233|0x00000000ee900000, 0x00000000eea00000, 0x00000000eea00000|100%| E|CS|TAMS 0x00000000ee900000| PB 0x00000000ee900000| Complete |  0
| 234|0x00000000eea00000, 0x00000000eeb00000, 0x00000000eeb00000|100%| E|CS|TAMS 0x00000000eea00000| PB 0x00000000eea00000| Complete |  0
| 235|0x00000000eeb00000, 0x00000000eec00000, 0x00000000eec00000|100%| E|CS|TAMS 0x00000000eeb00000| PB 0x00000000eeb00000| Complete |  0
| 236|0x00000000eec00000, 0x00000000eed00000, 0x00000000eed00000|100%| E|CS|TAMS 0x00000000eec00000| PB 0x00000000eec00000| Complete |  0
| 237|0x00000000eed00000, 0x00000000eee00000, 0x00000000eee00000|100%| E|CS|TAMS 0x00000000eed00000| PB 0x00000000eed00000| Complete |  0
| 238|0x00000000eee00000, 0x00000000eef00000, 0x00000000eef00000|100%| E|CS|TAMS 0x00000000eee00000| PB 0x00000000eee00000| Complete |  0
| 239|0x00000000eef00000, 0x00000000ef000000, 0x00000000ef000000|100%| E|CS|TAMS 0x00000000eef00000| PB 0x00000000eef00000| Complete |  0
| 240|0x00000000ef000000, 0x00000000ef100000, 0x00000000ef100000|100%| E|CS|TAMS 0x00000000ef000000| PB 0x00000000ef000000| Complete |  0
| 241|0x00000000ef100000, 0x00000000ef200000, 0x00000000ef200000|100%| E|CS|TAMS 0x00000000ef100000| PB 0x00000000ef100000| Complete |  0
| 242|0x00000000ef200000, 0x00000000ef300000, 0x00000000ef300000|100%| E|CS|TAMS 0x00000000ef200000| PB 0x00000000ef200000| Complete |  0
| 243|0x00000000ef300000, 0x00000000ef400000, 0x00000000ef400000|100%| E|CS|TAMS 0x00000000ef300000| PB 0x00000000ef300000| Complete |  0
| 244|0x00000000ef400000, 0x00000000ef500000, 0x00000000ef500000|100%| E|CS|TAMS 0x00000000ef400000| PB 0x00000000ef400000| Complete |  0
| 245|0x00000000ef500000, 0x00000000ef600000, 0x00000000ef600000|100%| E|CS|TAMS 0x00000000ef500000| PB 0x00000000ef500000| Complete |  0
| 246|0x00000000ef600000, 0x00000000ef700000, 0x00000000ef700000|100%| E|CS|TAMS 0x00000000ef600000| PB 0x00000000ef600000| Complete |  0
| 247|0x00000000ef700000, 0x00000000ef800000, 0x00000000ef800000|100%| E|CS|TAMS 0x00000000ef700000| PB 0x00000000ef700000| Complete |  0
| 248|0x00000000ef800000, 0x00000000ef900000, 0x00000000ef900000|100%| E|CS|TAMS 0x00000000ef800000| PB 0x00000000ef800000| Complete |  0
| 249|0x00000000ef900000, 0x00000000efa00000, 0x00000000efa00000|100%| E|CS|TAMS 0x00000000ef900000| PB 0x00000000ef900000| Complete |  0
| 250|0x00000000efa00000, 0x00000000efb00000, 0x00000000efb00000|100%| E|CS|TAMS 0x00000000efa00000| PB 0x00000000efa00000| Complete |  0
| 251|0x00000000efb00000, 0x00000000efc00000, 0x00000000efc00000|100%| E|CS|TAMS 0x00000000efb00000| PB 0x00000000efb00000| Complete |  0
| 252|0x00000000efc00000, 0x00000000efd00000, 0x00000000efd00000|100%| E|CS|TAMS 0x00000000efc00000| PB 0x00000000efc00000| Complete |  0
| 253|0x00000000efd00000, 0x00000000efe00000, 0x00000000efe00000|100%| E|CS|TAMS 0x00000000efd00000| PB 0x00000000efd00000| Complete |  0
| 254|0x00000000efe00000, 0x00000000eff00000, 0x00000000eff00000|100%| E|CS|TAMS 0x00000000efe00000| PB 0x00000000efe00000| Complete |  0
| 255|0x00000000eff00000, 0x00000000f0000000, 0x00000000f0000000|100%| E|CS|TAMS 0x00000000eff00000| PB 0x00000000eff00000| Complete |  0

Card table byte_map: [0x00000291bd100000,0x00000291bd200000] _byte_map_base: 0x00000291bca00000

Marking Bits: (CMBitMap*) 0x00000291a3edd9d0
 Bits: [0x00000291bd200000, 0x00000291bda00000)

Polling page: 0x00000291a3f80000

Metaspace:

Usage:
  Non-class:     46.04 MB used.
      Class:      8.01 MB used.
       Both:     54.05 MB used.

Virtual space:
  Non-class space:       64.00 MB reserved,      47.00 MB ( 73%) committed,  1 nodes.
      Class space:      320.00 MB reserved,       8.94 MB (  3%) committed,  1 nodes.
             Both:      384.00 MB reserved,      55.94 MB ( 15%) committed. 

Chunk freelists:
   Non-Class:  100.00 KB
       Class:  6.92 MB
        Both:  7.02 MB

MaxMetaspaceSize: 384.00 MB
CompressedClassSpaceSize: 320.00 MB
Initial GC threshold: 21.00 MB
Current GC threshold: 59.69 MB
CDS: on
 - commit_granule_bytes: 65536.
 - commit_granule_words: 8192.
 - virtual_space_node_default_size: 8388608.
 - enlarge_chunks_in_place: 1.
 - use_allocation_guard: 0.


Internal statistics:

num_allocs_failed_limit: 12.
num_arena_births: 3368.
num_arena_deaths: 0.
num_vsnodes_births: 2.
num_vsnodes_deaths: 0.
num_space_committed: 895.
num_space_uncommitted: 0.
num_chunks_returned_to_freelist: 12.
num_chunks_taken_from_freelist: 5939.
num_chunk_merges: 9.
num_chunk_splits: 3805.
num_chunks_enlarged: 2329.
num_inconsistent_stats: 0.

CodeHeap 'non-profiled nmethods': size=120000Kb used=3705Kb max_used=3705Kb free=116295Kb
 bounds [0x00000291b54a0000, 0x00000291b5840000, 0x00000291bc9d0000]
CodeHeap 'profiled nmethods': size=120000Kb used=12090Kb max_used=12090Kb free=107909Kb
 bounds [0x00000291ad9d0000, 0x00000291ae5a0000, 0x00000291b4f00000]
CodeHeap 'non-nmethods': size=5760Kb used=2773Kb max_used=2839Kb free=2986Kb
 bounds [0x00000291b4f00000, 0x00000291b51d0000, 0x00000291b54a0000]
 total_blobs=7220 nmethods=6327 adapters=796
 compilation: enabled
              stopped_count=0, restarted_count=0
 full_count=0

Compilation events (20 events):
Event: 12.822 Thread 0x00000291c0039360 6861       3       java.lang.ProcessEnvironment$CheckedEntrySet$1::hasNext (10 bytes)
Event: 12.822 Thread 0x00000291c0039360 nmethod 6861 0x00000291ae59c310 code [0x00000291ae59c4c0, 0x00000291ae59c698]
Event: 12.822 Thread 0x00000291c0039360 6864       3       java.lang.ProcessEnvironment$CheckedEntry::getKey (13 bytes)
Event: 12.822 Thread 0x00000291c0039360 nmethod 6864 0x00000291ae59c790 code [0x00000291ae59c940, 0x00000291ae59cbe8]
Event: 12.822 Thread 0x00000291c0039360 6863       3       java.lang.ProcessEnvironment$CheckedEntry::getKey (5 bytes)
Event: 12.822 Thread 0x00000291c0039360 nmethod 6863 0x00000291ae59cd10 code [0x00000291ae59cec0, 0x00000291ae59d1c8]
Event: 12.822 Thread 0x00000291c0039360 6862       3       java.lang.ProcessEnvironment$CheckedEntrySet$1::next (5 bytes)
Event: 12.822 Thread 0x00000291c0039360 nmethod 6862 0x00000291ae59d310 code [0x00000291ae59d4e0, 0x00000291ae59d990]
Event: 12.839 Thread 0x00000291c0039360 6866       3       java.util.Collections::eq (22 bytes)
Event: 12.839 Thread 0x00000291c0039360 nmethod 6866 0x00000291ae59db10 code [0x00000291ae59dcc0, 0x00000291ae59df10]
Event: 12.841 Thread 0x00000291c0039360 6867       3       java.util.ImmutableCollections$AbstractImmutableList::iterator (13 bytes)
Event: 12.841 Thread 0x00000291c0039360 nmethod 6867 0x00000291ae59e010 code [0x00000291ae59e1c0, 0x00000291ae59e530]
Event: 12.841 Thread 0x00000291c0039360 6868       3       java.util.ImmutableCollections$ListItr::<init> (25 bytes)
Event: 12.841 Thread 0x00000291c0039360 nmethod 6868 0x00000291ae59e690 code [0x00000291ae59e820, 0x00000291ae59e9f8]
Event: 13.044 Thread 0x00000291c00353b0 nmethod 6831 0x00000291b5834390 code [0x00000291b5834a40, 0x00000291b583ace8]
Event: 13.046 Thread 0x00000291c00353b0 6839       4       java.util.stream.AbstractPipeline::isParallel (8 bytes)
Event: 13.047 Thread 0x00000291c00353b0 nmethod 6839 0x00000291b583d910 code [0x00000291b583da80, 0x00000291b583db28]
Event: 13.047 Thread 0x00000291c00353b0 6858       4       java.util.HashMap$EntryIterator::next (5 bytes)
Event: 13.053 Thread 0x00000291c00353b0 nmethod 6858 0x00000291b583dc10 code [0x00000291b583ddc0, 0x00000291b583e230]
Event: 13.053 Thread 0x00000291c00353b0 6838       4       org.objectweb.asm.MethodWriter::visitInsn (115 bytes)

GC Heap History (16 events):
Event: 0.265 GC heap before
{Heap before GC invocations=0 (full 0):
 garbage-first heap   total reserved 524288K, committed 262144K, used 14336K [0x00000000e0000000, 0x0000000100000000)
  region size 1024K, 14 young (14336K), 0 survivors (0K)
 Metaspace       used 794K, committed 960K, reserved 393216K
  class space    used 67K, committed 128K, reserved 327680K
}
Event: 0.267 GC heap after
{Heap after GC invocations=1 (full 0):
 garbage-first heap   total reserved 524288K, committed 262144K, used 1344K [0x00000000e0000000, 0x0000000100000000)
  region size 1024K, 2 young (2048K), 2 survivors (2048K)
 Metaspace       used 794K, committed 960K, reserved 393216K
  class space    used 67K, committed 128K, reserved 327680K
}
Event: 1.000 GC heap before
{Heap before GC invocations=1 (full 0):
 garbage-first heap   total reserved 524288K, committed 262144K, used 30016K [0x00000000e0000000, 0x0000000100000000)
  region size 1024K, 28 young (28672K), 2 survivors (2048K)
 Metaspace       used 3948K, committed 4160K, reserved 393216K
  class space    used 506K, committed 640K, reserved 327680K
}
Event: 1.004 GC heap after
{Heap after GC invocations=2 (full 0):
 garbage-first heap   total reserved 524288K, committed 262144K, used 10632K [0x00000000e0000000, 0x0000000100000000)
  region size 1024K, 4 young (4096K), 4 survivors (4096K)
 Metaspace       used 3948K, committed 4160K, reserved 393216K
  class space    used 506K, committed 640K, reserved 327680K
}
Event: 4.448 GC heap before
{Heap before GC invocations=2 (full 0):
 garbage-first heap   total reserved 524288K, committed 262144K, used 164232K [0x00000000e0000000, 0x0000000100000000)
  region size 1024K, 153 young (156672K), 4 survivors (4096K)
 Metaspace       used 20810K, committed 21504K, reserved 393216K
  class space    used 3100K, committed 3456K, reserved 327680K
}
Event: 4.463 GC heap after
{Heap after GC invocations=3 (full 0):
 garbage-first heap   total reserved 524288K, committed 262144K, used 24388K [0x00000000e0000000, 0x0000000100000000)
  region size 1024K, 17 young (17408K), 17 survivors (17408K)
 Metaspace       used 20810K, committed 21504K, reserved 393216K
  class space    used 3100K, committed 3456K, reserved 327680K
}
Event: 4.465 GC heap before
{Heap before GC invocations=3 (full 0):
 garbage-first heap   total reserved 524288K, committed 262144K, used 25412K [0x00000000e0000000, 0x0000000100000000)
  region size 1024K, 19 young (19456K), 17 survivors (17408K)
 Metaspace       used 20817K, committed 21504K, reserved 393216K
  class space    used 3100K, committed 3456K, reserved 327680K
}
Event: 4.481 GC heap after
{Heap after GC invocations=4 (full 0):
 garbage-first heap   total reserved 524288K, committed 262144K, used 24576K [0x00000000e0000000, 0x0000000100000000)
  region size 1024K, 1 young (1024K), 1 survivors (1024K)
 Metaspace       used 20817K, committed 21504K, reserved 393216K
  class space    used 3100K, committed 3456K, reserved 327680K
}
Event: 6.412 GC heap before
{Heap before GC invocations=5 (full 0):
 garbage-first heap   total reserved 524288K, committed 262144K, used 139264K [0x00000000e0000000, 0x0000000100000000)
  region size 1024K, 110 young (112640K), 1 survivors (1024K)
 Metaspace       used 34885K, committed 35968K, reserved 393216K
  class space    used 4965K, committed 5504K, reserved 327680K
}
Event: 6.423 GC heap after
{Heap after GC invocations=6 (full 0):
 garbage-first heap   total reserved 524288K, committed 262144K, used 33240K [0x00000000e0000000, 0x0000000100000000)
  region size 1024K, 10 young (10240K), 10 survivors (10240K)
 Metaspace       used 34885K, committed 35968K, reserved 393216K
  class space    used 4965K, committed 5504K, reserved 327680K
}
Event: 6.459 GC heap before
{Heap before GC invocations=6 (full 0):
 garbage-first heap   total reserved 524288K, committed 262144K, used 35288K [0x00000000e0000000, 0x0000000100000000)
  region size 1024K, 13 young (13312K), 10 survivors (10240K)
 Metaspace       used 35154K, committed 36288K, reserved 393216K
  class space    used 5012K, committed 5568K, reserved 327680K
}
Event: 6.468 GC heap after
{Heap after GC invocations=7 (full 0):
 garbage-first heap   total reserved 524288K, committed 262144K, used 31947K [0x00000000e0000000, 0x0000000100000000)
  region size 1024K, 9 young (9216K), 9 survivors (9216K)
 Metaspace       used 35154K, committed 36288K, reserved 393216K
  class space    used 5012K, committed 5568K, reserved 327680K
}
Event: 6.574 GC heap before
{Heap before GC invocations=7 (full 0):
 garbage-first heap   total reserved 524288K, committed 262144K, used 36043K [0x00000000e0000000, 0x0000000100000000)
  region size 1024K, 14 young (14336K), 9 survivors (9216K)
 Metaspace       used 35475K, committed 36608K, reserved 393216K
  class space    used 5065K, committed 5568K, reserved 327680K
}
Event: 6.581 GC heap after
{Heap after GC invocations=8 (full 0):
 garbage-first heap   total reserved 524288K, committed 262144K, used 32629K [0x00000000e0000000, 0x0000000100000000)
  region size 1024K, 9 young (9216K), 9 survivors (9216K)
 Metaspace       used 35475K, committed 36608K, reserved 393216K
  class space    used 5065K, committed 5568K, reserved 327680K
}
Event: 11.683 GC heap before
{Heap before GC invocations=9 (full 0):
 garbage-first heap   total reserved 524288K, committed 262144K, used 181109K [0x00000000e0000000, 0x0000000100000000)
  region size 1024K, 153 young (156672K), 9 survivors (9216K)
 Metaspace       used 51570K, committed 53376K, reserved 393216K
  class space    used 7565K, committed 8448K, reserved 327680K
}
Event: 11.699 GC heap after
{Heap after GC invocations=10 (full 0):
 garbage-first heap   total reserved 524288K, committed 262144K, used 40309K [0x00000000e0000000, 0x0000000100000000)
  region size 1024K, 17 young (17408K), 17 survivors (17408K)
 Metaspace       used 51570K, committed 53376K, reserved 393216K
  class space    used 7565K, committed 8448K, reserved 327680K
}

Dll operation events (15 events):
Event: 0.010 Loaded shared library C:\Users\ASUS\.jdks\openjdk-22.0.2\bin\java.dll
Event: 0.044 Loaded shared library C:\Users\ASUS\.jdks\openjdk-22.0.2\bin\jsvml.dll
Event: 0.086 Loaded shared library C:\Users\ASUS\.jdks\openjdk-22.0.2\bin\zip.dll
Event: 0.090 Loaded shared library C:\Users\ASUS\.jdks\openjdk-22.0.2\bin\instrument.dll
Event: 0.093 Loaded shared library C:\Users\ASUS\.jdks\openjdk-22.0.2\bin\net.dll
Event: 0.095 Loaded shared library C:\Users\ASUS\.jdks\openjdk-22.0.2\bin\nio.dll
Event: 0.097 Loaded shared library C:\Users\ASUS\.jdks\openjdk-22.0.2\bin\zip.dll
Event: 0.313 Loaded shared library C:\Users\ASUS\.jdks\openjdk-22.0.2\bin\jimage.dll
Event: 0.537 Loaded shared library C:\Users\ASUS\.jdks\openjdk-22.0.2\bin\verify.dll
Event: 0.749 Loaded shared library C:\Users\ASUS\.gradle\native\1def1411415f61bf3af743bc5b6707747c0891f09f0c88961ee8f79bc544acac\windows-amd64\native-platform.dll
Event: 0.754 Loaded shared library C:\Users\ASUS\.gradle\native\0.2.6\x86_64-windows-gnu\gradle-fileevents.dll
Event: 1.789 Loaded shared library C:\Users\ASUS\.jdks\openjdk-22.0.2\bin\management.dll
Event: 1.791 Loaded shared library C:\Users\ASUS\.jdks\openjdk-22.0.2\bin\management_ext.dll
Event: 2.283 Loaded shared library C:\Users\ASUS\.jdks\openjdk-22.0.2\bin\extnet.dll
Event: 2.533 Loaded shared library C:\Users\ASUS\.jdks\openjdk-22.0.2\bin\sunmscapi.dll

Deoptimization events (20 events):
Event: 12.795 Thread 0x00000291dbe0bc50 Uncommon trap: trap_request=0xffffffc6 fr.pc=0x00000291b57d8254 relative=0x0000000000001294
Event: 12.795 Thread 0x00000291dbe0bc50 Uncommon trap: reason=bimorphic_or_optimized_type_check action=maybe_recompile pc=0x00000291b57d8254 method=java.util.concurrent.ConcurrentHashMap.putVal(Ljava/lang/Object;Ljava/lang/Object;Z)Ljava/lang/Object; @ 159 c2
Event: 12.795 Thread 0x00000291dbe0bc50 DEOPT PACKING pc=0x00000291b57d8254 sp=0x00000095f0dfea20
Event: 12.795 Thread 0x00000291dbe0bc50 DEOPT UNPACKING pc=0x00000291b4f546a2 sp=0x00000095f0dfe9d0 mode 2
Event: 12.798 Thread 0x00000291db1c4800 Uncommon trap: trap_request=0xffffff45 fr.pc=0x00000291b56dbf70 relative=0x0000000000000070
Event: 12.798 Thread 0x00000291db1c4800 Uncommon trap: reason=unstable_if action=reinterpret pc=0x00000291b56dbf70 method=java.util.HashMap$KeySpliterator.characteristics()I @ 4 c2
Event: 12.798 Thread 0x00000291db1c4800 DEOPT PACKING pc=0x00000291b56dbf70 sp=0x00000095ef0f83a0
Event: 12.798 Thread 0x00000291db1c4800 DEOPT UNPACKING pc=0x00000291b4f546a2 sp=0x00000095ef0f8340 mode 2
Event: 12.801 Thread 0x00000291dbe0af30 Uncommon trap: trap_request=0xffffffde fr.pc=0x00000291b55beccc relative=0x000000000000272c
Event: 12.801 Thread 0x00000291dbe0af30 Uncommon trap: reason=class_check action=maybe_recompile pc=0x00000291b55beccc method=jdk.internal.misc.Blocker.begin()J @ 11 c2
Event: 12.801 Thread 0x00000291dbe0af30 DEOPT PACKING pc=0x00000291b55beccc sp=0x00000095f0efdfa0
Event: 12.801 Thread 0x00000291dbe0af30 DEOPT UNPACKING pc=0x00000291b4f546a2 sp=0x00000095f0efdca0 mode 2
Event: 12.801 Thread 0x00000291dbe0af30 Uncommon trap: trap_request=0xffffffde fr.pc=0x00000291b555be70 relative=0x00000000000000d0
Event: 12.801 Thread 0x00000291dbe0af30 Uncommon trap: reason=class_check action=maybe_recompile pc=0x00000291b555be70 method=jdk.internal.misc.Blocker.begin()J @ 11 c2
Event: 12.801 Thread 0x00000291dbe0af30 DEOPT PACKING pc=0x00000291b555be70 sp=0x00000095f0efdcf0
Event: 12.801 Thread 0x00000291dbe0af30 DEOPT UNPACKING pc=0x00000291b4f546a2 sp=0x00000095f0efdbd0 mode 2
Event: 12.801 Thread 0x00000291dbe0af30 Uncommon trap: trap_request=0xffffffde fr.pc=0x00000291b556ad90 relative=0x00000000000000f0
Event: 12.801 Thread 0x00000291dbe0af30 Uncommon trap: reason=class_check action=maybe_recompile pc=0x00000291b556ad90 method=jdk.internal.misc.Blocker.begin()J @ 11 c2
Event: 12.801 Thread 0x00000291dbe0af30 DEOPT PACKING pc=0x00000291b556ad90 sp=0x00000095f0efde10
Event: 12.801 Thread 0x00000291dbe0af30 DEOPT UNPACKING pc=0x00000291b4f546a2 sp=0x00000095f0efdcf0 mode 2

Classes loaded (20 events):
Event: 12.836 Loading class java/lang/Process$PipeInputStream
Event: 12.836 Loading class java/lang/Process$PipeInputStream done
Event: 12.836 Loading class jdk/internal/event/ProcessStartEvent
Event: 12.837 Loading class jdk/internal/event/ProcessStartEvent done
Event: 12.837 Loading class jdk/internal/logger/LazyLoggers
Event: 12.838 Loading class jdk/internal/logger/LazyLoggers done
Event: 12.838 Loading class jdk/internal/logger/LazyLoggers$1
Event: 12.839 Loading class jdk/internal/logger/LazyLoggers$1 done
Event: 12.839 Loading class jdk/internal/logger/LazyLoggers$LazyLoggerFactories
Event: 12.840 Loading class jdk/internal/logger/LazyLoggers$LazyLoggerFactories done
Event: 12.840 Loading class jdk/internal/logger/LoggerFinderLoader
Event: 12.841 Loading class jdk/internal/logger/LoggerFinderLoader done
Event: 12.841 Loading class jdk/internal/logger/LoggerFinderLoader$TemporaryLoggerFinder
Event: 12.841 Loading class jdk/internal/logger/LoggerFinderLoader$TemporaryLoggerFinder done
Event: 12.841 Loading class sun/util/logging/internal/LoggingProviderImpl$JULWrapper
Event: 12.842 Loading class sun/util/logging/PlatformLogger$ConfigurableBridge$LoggerConfiguration
Event: 12.843 Loading class sun/util/logging/PlatformLogger$ConfigurableBridge$LoggerConfiguration done
Event: 12.843 Loading class sun/util/logging/internal/LoggingProviderImpl$JULWrapper done
Event: 12.843 Loading class java/lang/System$Logger$Level
Event: 12.843 Loading class java/lang/System$Logger$Level done

Classes unloaded (0 events):
No events

Classes redefined (0 events):
No events

Internal exceptions (20 events):
Event: 12.517 Thread 0x00000291db1c4800 Exception <a 'java/lang/ClassNotFoundException'{0x00000000ed19f9c0}: org/gradle/api/internal/artifacts/dsl/DefaultRepositoryHandler_DecoratedCustomizer> (0x00000000ed19f9c0) 
thrown [s\open\src\hotspot\share\classfile\systemDictionary.cpp, line 313]
Event: 12.527 Thread 0x00000291db1c4800 Exception <a 'java/lang/ClassNotFoundException'{0x00000000ed03d780}: org/gradle/api/internal/artifacts/dsl/dependencies/DefaultDependencyHandler_DecoratedBeanInfo> (0x00000000ed03d780) 
thrown [s\open\src\hotspot\share\classfile\systemDictionary.cpp, line 313]
Event: 12.528 Thread 0x00000291db1c4800 Exception <a 'java/lang/ClassNotFoundException'{0x00000000ed053108}: org/gradle/api/internal/artifacts/dsl/dependencies/DefaultDependencyHandlerBeanInfo> (0x00000000ed053108) 
thrown [s\open\src\hotspot\share\classfile\systemDictionary.cpp, line 313]
Event: 12.529 Thread 0x00000291db1c4800 Exception <a 'java/lang/ClassNotFoundException'{0x00000000ed068a48}: org/gradle/api/internal/artifacts/dsl/dependencies/DefaultDependencyHandlerCustomizer> (0x00000000ed068a48) 
thrown [s\open\src\hotspot\share\classfile\systemDictionary.cpp, line 313]
Event: 12.531 Thread 0x00000291db1c4800 Exception <a 'java/lang/ClassNotFoundException'{0x00000000ed0b19e8}: org/gradle/api/internal/artifacts/dsl/dependencies/DefaultDependencyHandler_DecoratedCustomizer> (0x00000000ed0b19e8) 
thrown [s\open\src\hotspot\share\classfile\systemDictionary.cpp, line 313]
Event: 12.549 Thread 0x00000291db1c4800 Exception <a 'java/lang/ClassNotFoundException'{0x00000000ecc71530}: org/gradle/api/internal/tasks/DefaultTaskContainer_DecoratedBeanInfo> (0x00000000ecc71530) 
thrown [s\open\src\hotspot\share\classfile\systemDictionary.cpp, line 313]
Event: 12.550 Thread 0x00000291db1c4800 Exception <a 'java/lang/ClassNotFoundException'{0x00000000ecc822f8}: org/gradle/api/internal/tasks/DefaultTaskContainerBeanInfo> (0x00000000ecc822f8) 
thrown [s\open\src\hotspot\share\classfile\systemDictionary.cpp, line 313]
Event: 12.551 Thread 0x00000291db1c4800 Exception <a 'java/lang/ClassNotFoundException'{0x00000000ecc92e60}: org/gradle/api/internal/tasks/DefaultTaskCollectionBeanInfo> (0x00000000ecc92e60) 
thrown [s\open\src\hotspot\share\classfile\systemDictionary.cpp, line 313]
Event: 12.551 Thread 0x00000291db1c4800 Exception <a 'java/lang/ClassNotFoundException'{0x00000000ecca3c50}: org/gradle/api/internal/tasks/DefaultTaskCollectionCustomizer> (0x00000000ecca3c50) 
thrown [s\open\src\hotspot\share\classfile\systemDictionary.cpp, line 313]
Event: 12.554 Thread 0x00000291db1c4800 Exception <a 'java/lang/ClassNotFoundException'{0x00000000ecb08060}: org/gradle/api/internal/tasks/DefaultTaskContainerCustomizer> (0x00000000ecb08060) 
thrown [s\open\src\hotspot\share\classfile\systemDictionary.cpp, line 313]
Event: 12.557 Thread 0x00000291db1c4800 Exception <a 'java/lang/ClassNotFoundException'{0x00000000ecb95118}: org/gradle/api/internal/tasks/DefaultTaskContainer_DecoratedCustomizer> (0x00000000ecb95118) 
thrown [s\open\src\hotspot\share\classfile\systemDictionary.cpp, line 313]
Event: 12.566 Thread 0x00000291db1c4800 Exception <a 'java/lang/NoSuchMethodError'{0x00000000eca1f700}: 'void java.lang.invoke.DirectMethodHandle$Holder.invokeInterface(java.lang.Object, java.lang.Object, java.lang.Object, java.lang.Object)'> (0x00000000eca1f700) 
thrown [s\open\src\hotspot\share\interpreter\linkResolver.cpp, line 774]
Event: 12.608 Thread 0x00000291db1c4800 Implicit null exception at 0x00000291b56db87c to 0x00000291b56db8a8
Event: 12.716 Thread 0x00000291db1c4800 Exception <a 'java/lang/NoSuchMethodError'{0x00000000ec415c70}: 'int java.lang.invoke.DirectMethodHandle$Holder.invokeSpecialIFC(java.lang.Object, java.lang.Object, java.lang.Object, java.lang.Object, java.lang.Object)'> (0x00000000ec415c70) 
thrown [s\open\src\hotspot\share\interpreter\linkResolver.cpp, line 774]
Event: 12.768 Thread 0x00000291db1c4800 Exception <a 'java/lang/NoSuchMethodError'{0x00000000ec1c78e8}: 'java.lang.Object java.lang.invoke.DirectMethodHandle$Holder.newInvokeSpecial(java.lang.Object, java.lang.Object, java.lang.Object, java.lang.Object, java.lang.Object, java.lang.Object, int)'> (0x00000000ec1c78e8) 
thrown [s\open\src\hotspot\share\interpreter\linkResolver.cpp, line 774]
Event: 12.768 Thread 0x00000291db1c4800 Exception <a 'java/lang/NoSuchMethodError'{0x00000000ec1cc820}: 'java.lang.Object java.lang.invoke.DirectMethodHandle$Holder.invokeSpecial(java.lang.Object, java.lang.Object, java.lang.Object, java.lang.Object, java.lang.Object, java.lang.Object, java.lang.Object, int)'> (0x00000000ec1cc820) 
thrown [s\open\src\hotspot\share\interpreter\linkResolver.cpp, line 774]
Event: 12.768 Thread 0x00000291db1c4800 Exception <a 'java/lang/NoSuchMethodError'{0x00000000ec1d10e0}: 'java.lang.Object java.lang.invoke.Invokers$Holder.linkToTargetMethod(java.lang.Object, java.lang.Object, java.lang.Object, java.lang.Object, java.lang.Object, int, java.lang.Object)'> (0x00000000ec1d10e0) 
thrown [s\open\src\hotspot\share\interpreter\linkResolver.cpp, line 774]
Event: 12.785 Thread 0x00000291dbe08e60 Implicit null exception at 0x00000291b5520287 to 0x00000291b5520360
Event: 12.833 Thread 0x00000291dbe0c2e0 Exception <a 'java/lang/NoSuchMethodError'{0x00000000ebfe3de8}: 'void java.lang.invoke.DirectMethodHandle$Holder.invokeStatic(java.lang.Object, long)'> (0x00000000ebfe3de8) 
thrown [s\open\src\hotspot\share\interpreter\linkResolver.cpp, line 774]
Event: 12.835 Thread 0x00000291dbe0c2e0 Exception <a 'java/lang/NoSuchMethodError'{0x00000000ebfee268}: 'java.lang.Object java.lang.invoke.DirectMethodHandle$Holder.invokeStaticInit(java.lang.Object, long, java.lang.Object)'> (0x00000000ebfee268) 
thrown [s\open\src\hotspot\share\interpreter\linkResolver.cpp, line 774]

ZGC Phase Switch (0 events):
No events

VM Operations (20 events):
Event: 10.613 Executing VM operation: ICBufferFull
Event: 10.613 Executing VM operation: ICBufferFull done
Event: 10.764 Executing VM operation: HandshakeAllThreads (Deoptimize)
Event: 10.764 Executing VM operation: HandshakeAllThreads (Deoptimize) done
Event: 10.787 Executing VM operation: HandshakeAllThreads (Deoptimize)
Event: 10.787 Executing VM operation: HandshakeAllThreads (Deoptimize) done
Event: 10.990 Executing VM operation: ICBufferFull
Event: 10.991 Executing VM operation: ICBufferFull done
Event: 11.269 Executing VM operation: ICBufferFull
Event: 11.269 Executing VM operation: ICBufferFull done
Event: 11.463 Executing VM operation: HandshakeAllThreads (Deoptimize)
Event: 11.463 Executing VM operation: HandshakeAllThreads (Deoptimize) done
Event: 11.683 Executing VM operation: G1CollectForAllocation (G1 Evacuation Pause)
Event: 11.699 Executing VM operation: G1CollectForAllocation (G1 Evacuation Pause) done
Event: 12.293 Executing VM operation: ICBufferFull
Event: 12.293 Executing VM operation: ICBufferFull done
Event: 12.517 Executing VM operation: HandshakeAllThreads (Deoptimize)
Event: 12.517 Executing VM operation: HandshakeAllThreads (Deoptimize) done
Event: 12.755 Executing VM operation: ICBufferFull
Event: 12.756 Executing VM operation: ICBufferFull done

Memory protections (0 events):
No events

Nmethod flushes (20 events):
Event: 6.618 Thread 0x00000291c00139f0 flushing  nmethod 0x00000291adc18790
Event: 6.618 Thread 0x00000291c00139f0 flushing  nmethod 0x00000291adc1a590
Event: 6.618 Thread 0x00000291c00139f0 flushing  nmethod 0x00000291adc1c190
Event: 6.618 Thread 0x00000291c00139f0 flushing  nmethod 0x00000291adc1c790
Event: 6.618 Thread 0x00000291c00139f0 flushing  nmethod 0x00000291adc1cc10
Event: 6.618 Thread 0x00000291c00139f0 flushing  nmethod 0x00000291adc1cf90
Event: 6.618 Thread 0x00000291c00139f0 flushing  nmethod 0x00000291adc1dd90
Event: 6.618 Thread 0x00000291c00139f0 flushing  nmethod 0x00000291adc1f510
Event: 6.618 Thread 0x00000291c00139f0 flushing  nmethod 0x00000291adc8ee10
Event: 6.618 Thread 0x00000291c00139f0 flushing  nmethod 0x00000291add2ac90
Event: 6.618 Thread 0x00000291c00139f0 flushing  nmethod 0x00000291add2b010
Event: 6.618 Thread 0x00000291c00139f0 flushing  nmethod 0x00000291add2b390
Event: 6.618 Thread 0x00000291c00139f0 flushing  nmethod 0x00000291add2e390
Event: 6.618 Thread 0x00000291c00139f0 flushing  nmethod 0x00000291add2e710
Event: 6.618 Thread 0x00000291c00139f0 flushing  nmethod 0x00000291add30010
Event: 6.618 Thread 0x00000291c00139f0 flushing  nmethod 0x00000291add6f910
Event: 6.618 Thread 0x00000291c00139f0 flushing  nmethod 0x00000291add71910
Event: 6.618 Thread 0x00000291c00139f0 flushing  nmethod 0x00000291add71c10
Event: 6.618 Thread 0x00000291c00139f0 flushing  nmethod 0x00000291addab290
Event: 6.618 Thread 0x00000291c00139f0 flushing  nmethod 0x00000291adddbd10

Events (20 events):
Event: 6.935 Thread 0x00000291db1c4800 Thread added: 0x00000291dbdb72d0
Event: 7.579 Thread 0x00000291dae52410 Thread exited: 0x00000291dae52410
Event: 7.963 Thread 0x00000291c0039360 Thread added: 0x00000291c0818a00
Event: 8.619 Thread 0x00000291c0818a00 Thread exited: 0x00000291c0818a00
Event: 10.743 Thread 0x00000291db1c4800 Thread added: 0x00000291de0b0cf0
Event: 10.743 Thread 0x00000291db1c4800 Thread added: 0x00000291de0b1a10
Event: 10.743 Thread 0x00000291db1c4800 Thread added: 0x00000291de0b20a0
Event: 10.832 Thread 0x00000291db1c4800 Thread added: 0x00000291de0b2730
Event: 10.833 Thread 0x00000291db1c4800 Thread added: 0x00000291de0b0660
Event: 10.835 Thread 0x00000291db1c4800 Thread added: 0x00000291de0af2b0
Event: 10.983 Thread 0x00000291db1c4800 Thread added: 0x00000291de0af940
Event: 10.984 Thread 0x00000291db1c4800 Thread added: 0x00000291de0affd0
Event: 10.985 Thread 0x00000291db1c4800 Thread added: 0x00000291dbe0a210
Event: 11.610 Thread 0x00000291db1c4800 Thread added: 0x00000291dbe094f0
Event: 12.779 Thread 0x00000291db1c4800 Thread added: 0x00000291dbe08e60
Event: 12.785 Thread 0x00000291dbe08e60 Thread added: 0x00000291dbe0bc50
Event: 12.785 Thread 0x00000291dbe08e60 Thread added: 0x00000291dbe0af30
Event: 12.819 Thread 0x00000291dbe0af30 Thread added: 0x00000291dbe0c2e0
Event: 12.844 Thread 0x00000291dbe0c2e0 Thread added: 0x00000291dbe09b80
Event: 12.845 Thread 0x00000291dbe0c2e0 Thread added: 0x00000291dbe0b5c0


Dynamic libraries:
0x00007ff6c2f00000 - 0x00007ff6c2f0e000 	C:\Users\ASUS\.jdks\openjdk-22.0.2\bin\java.exe
0x00007ffa1c670000 - 0x00007ffa1c868000 	C:\Windows\SYSTEM32\ntdll.dll
0x00007ffa1ba50000 - 0x00007ffa1bb0f000 	C:\Windows\System32\KERNEL32.DLL
0x00007ffa1a0d0000 - 0x00007ffa1a3a2000 	C:\Windows\System32\KERNELBASE.dll
0x00007ffa1a520000 - 0x00007ffa1a620000 	C:\Windows\System32\ucrtbase.dll
0x00007ff9fe120000 - 0x00007ff9fe137000 	C:\Users\ASUS\.jdks\openjdk-22.0.2\bin\jli.dll
0x00007ff9fbc20000 - 0x00007ff9fbc3b000 	C:\Users\ASUS\.jdks\openjdk-22.0.2\bin\VCRUNTIME140.dll
0x00007ffa1c380000 - 0x00007ffa1c521000 	C:\Windows\System32\USER32.dll
0x00007ffa05100000 - 0x00007ffa0539a000 	C:\Windows\WinSxS\amd64_microsoft.windows.common-controls_6595b64144ccf1df_6.0.19041.1110_none_60b5254171f9507e\COMCTL32.dll
0x00007ffa19f90000 - 0x00007ffa19fb2000 	C:\Windows\System32\win32u.dll
0x00007ffa1c530000 - 0x00007ffa1c5ce000 	C:\Windows\System32\msvcrt.dll
0x00007ffa1ae00000 - 0x00007ffa1ae2b000 	C:\Windows\System32\GDI32.dll
0x00007ffa19fc0000 - 0x00007ffa1a0cf000 	C:\Windows\System32\gdi32full.dll
0x00007ffa19ef0000 - 0x00007ffa19f8d000 	C:\Windows\System32\msvcp_win.dll
0x00007ffa1b3b0000 - 0x00007ffa1b3e2000 	C:\Windows\System32\IMM32.DLL
0x00007ffa12990000 - 0x00007ffa1299c000 	C:\Users\ASUS\.jdks\openjdk-22.0.2\bin\vcruntime140_1.dll
0x00007ff9eb090000 - 0x00007ff9eb11e000 	C:\Users\ASUS\.jdks\openjdk-22.0.2\bin\msvcp140.dll
0x00007ff9d4d20000 - 0x00007ff9d5a69000 	C:\Users\ASUS\.jdks\openjdk-22.0.2\bin\server\jvm.dll
0x00007ffa1bfa0000 - 0x00007ffa1c04e000 	C:\Windows\System32\ADVAPI32.dll
0x00007ffa1b600000 - 0x00007ffa1b69c000 	C:\Windows\System32\sechost.dll
0x00007ffa1b7e0000 - 0x00007ffa1b905000 	C:\Windows\System32\RPCRT4.dll
0x00007ffa1b9e0000 - 0x00007ffa1ba4b000 	C:\Windows\System32\WS2_32.dll
0x00007ffa192e0000 - 0x00007ffa1932b000 	C:\Windows\SYSTEM32\POWRPROF.dll
0x00007ffa10210000 - 0x00007ffa10237000 	C:\Windows\SYSTEM32\WINMM.dll
0x00007ffa13a70000 - 0x00007ffa13a7a000 	C:\Windows\SYSTEM32\VERSION.dll
0x00007ffa191a0000 - 0x00007ffa191b2000 	C:\Windows\SYSTEM32\UMPDC.dll
0x00007ffa17c20000 - 0x00007ffa17c32000 	C:\Windows\SYSTEM32\kernel.appcore.dll
0x00007ffa11d20000 - 0x00007ffa11d2a000 	C:\Users\ASUS\.jdks\openjdk-22.0.2\bin\jimage.dll
0x00007ffa02ae0000 - 0x00007ffa02cc4000 	C:\Windows\SYSTEM32\DBGHELP.DLL
0x00007ffa022b0000 - 0x00007ffa022e5000 	C:\Windows\SYSTEM32\dbgcore.DLL
0x00007ffa1a620000 - 0x00007ffa1a6a2000 	C:\Windows\System32\bcryptPrimitives.dll
0x00007ffa0dbd0000 - 0x00007ffa0dbdf000 	C:\Users\ASUS\.jdks\openjdk-22.0.2\bin\instrument.dll
0x00007ff9f9c10000 - 0x00007ff9f9c2e000 	C:\Users\ASUS\.jdks\openjdk-22.0.2\bin\java.dll
0x00007ffa1a6b0000 - 0x00007ffa1adf5000 	C:\Windows\System32\SHELL32.dll
0x00007ffa1b6a0000 - 0x00007ffa1b7ca000 	C:\Windows\System32\ole32.dll
0x00007ffa1bb20000 - 0x00007ffa1be75000 	C:\Windows\System32\combase.dll
0x00007ffa17e20000 - 0x00007ffa185b2000 	C:\Windows\SYSTEM32\windows.storage.dll
0x00007ffa197c0000 - 0x00007ffa197f0000 	C:\Windows\SYSTEM32\Wldp.dll
0x00007ffa1be80000 - 0x00007ffa1bf2d000 	C:\Windows\System32\SHCORE.dll
0x00007ffa1c5d0000 - 0x00007ffa1c625000 	C:\Windows\System32\shlwapi.dll
0x00007ffa19ca0000 - 0x00007ffa19cbf000 	C:\Windows\SYSTEM32\profapi.dll
0x00007ff9e9b00000 - 0x00007ff9e9bd7000 	C:\Users\ASUS\.jdks\openjdk-22.0.2\bin\jsvml.dll
0x00007ff9f9bf0000 - 0x00007ff9f9c07000 	C:\Users\ASUS\.jdks\openjdk-22.0.2\bin\zip.dll
0x00007ffa063f0000 - 0x00007ffa06400000 	C:\Users\ASUS\.jdks\openjdk-22.0.2\bin\net.dll
0x00007ffa19520000 - 0x00007ffa1958a000 	C:\Windows\system32\mswsock.dll
0x00007ff9f9aa0000 - 0x00007ff9f9ab6000 	C:\Users\ASUS\.jdks\openjdk-22.0.2\bin\nio.dll
0x00007ffa05c50000 - 0x00007ffa05c60000 	C:\Users\ASUS\.jdks\openjdk-22.0.2\bin\verify.dll
0x00007ffa123b0000 - 0x00007ffa123d7000 	C:\Users\ASUS\.gradle\native\1def1411415f61bf3af743bc5b6707747c0891f09f0c88961ee8f79bc544acac\windows-amd64\native-platform.dll
0x00007ff9eb010000 - 0x00007ff9eb088000 	C:\Users\ASUS\.gradle\native\0.2.6\x86_64-windows-gnu\gradle-fileevents.dll
0x00007ffa04bb0000 - 0x00007ffa04bba000 	C:\Users\ASUS\.jdks\openjdk-22.0.2\bin\management.dll
0x00007ffa02390000 - 0x00007ffa0239b000 	C:\Users\ASUS\.jdks\openjdk-22.0.2\bin\management_ext.dll
0x00007ffa1bb10000 - 0x00007ffa1bb18000 	C:\Windows\System32\PSAPI.DLL
0x00007ffa191c0000 - 0x00007ffa191fb000 	C:\Windows\SYSTEM32\IPHLPAPI.DLL
0x00007ffa1b7d0000 - 0x00007ffa1b7d8000 	C:\Windows\System32\NSI.dll
0x00007ff9fe3a0000 - 0x00007ff9fe3a9000 	C:\Users\ASUS\.jdks\openjdk-22.0.2\bin\extnet.dll
0x00007ffa19710000 - 0x00007ffa19728000 	C:\Windows\SYSTEM32\CRYPTSP.dll
0x00007ffa18d60000 - 0x00007ffa18d94000 	C:\Windows\system32\rsaenh.dll
0x00007ffa19d60000 - 0x00007ffa19d87000 	C:\Windows\System32\bcrypt.dll
0x00007ffa19c60000 - 0x00007ffa19c8e000 	C:\Windows\SYSTEM32\USERENV.dll
0x00007ffa19730000 - 0x00007ffa1973c000 	C:\Windows\SYSTEM32\CRYPTBASE.dll
0x00007ff9fe310000 - 0x00007ff9fe31e000 	C:\Users\ASUS\.jdks\openjdk-22.0.2\bin\sunmscapi.dll
0x00007ffa19d90000 - 0x00007ffa19ee6000 	C:\Windows\System32\CRYPT32.dll
0x00007ffa19830000 - 0x00007ffa19857000 	C:\Windows\SYSTEM32\ncrypt.dll
0x00007ffa197f0000 - 0x00007ffa1982b000 	C:\Windows\SYSTEM32\NTASN1.dll
0x00007ff9ebc70000 - 0x00007ff9ebc77000 	C:\Windows\system32\wshunix.dll

dbghelp: loaded successfully - version: 4.0.5 - missing functions: none
symbol engine: initialized successfully - sym options: 0x614 - pdb path: .;C:\Users\ASUS\.jdks\openjdk-22.0.2\bin;C:\Windows\SYSTEM32;C:\Windows\WinSxS\amd64_microsoft.windows.common-controls_6595b64144ccf1df_6.0.19041.1110_none_60b5254171f9507e;C:\Users\ASUS\.jdks\openjdk-22.0.2\bin\server;C:\Users\ASUS\.gradle\native\1def1411415f61bf3af743bc5b6707747c0891f09f0c88961ee8f79bc544acac\windows-amd64;C:\Users\ASUS\.gradle\native\0.2.6\x86_64-windows-gnu

VM Arguments:
jvm_args: --add-opens=java.base/java.lang=ALL-UNNAMED --add-opens=java.base/java.lang.invoke=ALL-UNNAMED --add-opens=java.base/java.util=ALL-UNNAMED --add-opens=java.prefs/java.util.prefs=ALL-UNNAMED --add-exports=jdk.compiler/com.sun.tools.javac.api=ALL-UNNAMED --add-exports=jdk.compiler/com.sun.tools.javac.util=ALL-UNNAMED --add-opens=java.base/java.util=ALL-UNNAMED --add-opens=java.prefs/java.util.prefs=ALL-UNNAMED --add-opens=java.base/java.nio.charset=ALL-UNNAMED --add-opens=java.base/java.net=ALL-UNNAMED --add-opens=java.base/java.util.concurrent.atomic=ALL-UNNAMED --add-opens=java.xml/javax.xml.namespace=ALL-UNNAMED -XX:MaxMetaspaceSize=384m -XX:+HeapDumpOnOutOfMemoryError -Xms256m -Xmx512m -Dfile.encoding=windows-1252 -Duser.country=US -Duser.language=en -Duser.variant -javaagent:C:\Users\ASUS\.gradle\wrapper\dists\gradle-8.12.1-bin\eumc4uhoysa37zql93vfjkxy0\gradle-8.12.1\lib\agents\gradle-instrumentation-agent-8.12.1.jar 
java_command: org.gradle.launcher.daemon.bootstrap.GradleDaemon 8.12.1
java_class_path (initial): C:\Users\ASUS\.gradle\wrapper\dists\gradle-8.12.1-bin\eumc4uhoysa37zql93vfjkxy0\gradle-8.12.1\lib\gradle-daemon-main-8.12.1.jar
Launcher Type: SUN_STANDARD

[Global flags]
     intx CICompilerCount                          = 3                                         {product} {ergonomic}
   size_t CompressedClassSpaceSize                 = 335544320                                 {product} {ergonomic}
     uint ConcGCThreads                            = 1                                         {product} {ergonomic}
     uint G1ConcRefinementThreads                  = 4                                         {product} {ergonomic}
   size_t G1HeapRegionSize                         = 1048576                                   {product} {ergonomic}
     bool HeapDumpOnOutOfMemoryError               = true                                   {manageable} {command line}
   size_t InitialHeapSize                          = 268435456                                 {product} {command line}
   size_t MarkStackSize                            = 4194304                                   {product} {ergonomic}
   size_t MaxHeapSize                              = 536870912                                 {product} {command line}
   size_t MaxMetaspaceSize                         = 402653184                                 {product} {command line}
   size_t MaxNewSize                               = 321912832                                 {product} {ergonomic}
   size_t MinHeapDeltaBytes                        = 1048576                                   {product} {ergonomic}
   size_t MinHeapSize                              = 268435456                                 {product} {command line}
    uintx NonNMethodCodeHeapSize                   = 5832780                                {pd product} {ergonomic}
    uintx NonProfiledCodeHeapSize                  = 122912730                              {pd product} {ergonomic}
    uintx ProfiledCodeHeapSize                     = 122912730                              {pd product} {ergonomic}
    uintx ReservedCodeCacheSize                    = 251658240                              {pd product} {ergonomic}
     bool SegmentedCodeCache                       = true                                      {product} {ergonomic}
   size_t SoftMaxHeapSize                          = 536870912                              {manageable} {ergonomic}
     bool UseCompressedOops                        = true                           {product lp64_product} {ergonomic}
     bool UseG1GC                                  = true                                      {product} {ergonomic}
     bool UseLargePagesIndividualAllocation        = false                                  {pd product} {ergonomic}

Logging:
Log output configuration:
 #0: stdout all=warning uptime,level,tags foldmultilines=false
 #1: stderr all=off uptime,level,tags foldmultilines=false

Environment Variables:
PATH=C:\Python313\Scripts\;C:\Python313\;C:\Windows\system32;C:\Windows;C:\Windows\System32\Wbem;C:\Windows\System32\WindowsPowerShell\v1.0\;C:\Windows\System32\OpenSSH\;C:\Program Files\Git\cmd;C:\ProgramData\chocolatey\bin;C:\Users\ASUS\AppData\Local\nvm;C:\nvm4w\nodejs;D:\JAVA FULL STACK\;C:\Program Files\MySQL\MySQL Shell 8.0\bin\;C:\Users\ASUS\AppData\Local\Microsoft\WindowsApps;D:\WebStorm 2024.1.5\bin;;C:\Users\ASUS\AppData\Local\nvm;C:\nvm4w\nodejs;C:\Users\ASUS\AppData\Roaming\npm
USERNAME=ASUS
OS=Windows_NT
PROCESSOR_IDENTIFIER=Intel64 Family 6 Model 158 Stepping 9, GenuineIntel
TMP=C:\Users\ASUS\AppData\Local\Temp
TEMP=C:\Users\ASUS\AppData\Local\Temp




Periodic native trim disabled

---------------  S Y S T E M  ---------------

OS:
 Windows 10 , 64 bit Build 19041 (10.0.19041.2546)
OS uptime: 0 days 14:40 hours

CPU: total 4 (initial active 4) (4 cores per cpu, 1 threads per core) family 6 model 158 stepping 9 microcode 0xb4, cx8, cmov, fxsr, mmx, 3dnowpref, sse, sse2, sse3, ssse3, sse4.1, sse4.2, popcnt, lzcnt, tsc, tscinvbit, avx, avx2, aes, erms, clmul, bmi1, bmi2, adx, fma, vzeroupper, clflush, clflushopt, rdtscp, f16c
Processor Information for all 4 processors :
  Max Mhz: 2501, Current Mhz: 2501, Mhz Limit: 2501

Memory: 4k page, system-wide physical 8076M (323M free)
TotalPageFile size 16542M (AvailPageFile size 0M)
current process WorkingSet (physical memory assigned to process): 376M, peak: 387M
current process commit charge ("private bytes"): 473M, peak: 483M

vm_info: OpenJDK 64-Bit Server VM (22.0.2+9-70) for windows-amd64 JRE (22.0.2+9-70), built on 2024-06-04T16:52:23Z by "mach5one" with MS VC++ 17.6 (VS2022)

END.
