#
# There is insufficient memory for the Java Runtime Environment to continue.
# Native memory allocation (malloc) failed to allocate 2097152 bytes. Error detail: AllocateHeap
# Possible reasons:
#   The system is out of physical RAM or swap space
#   This process is running with CompressedOops enabled, and the Java Heap may be blocking the growth of the native heap
# Possible solutions:
#   Reduce memory load on the system
#   Increase physical memory or swap space
#   Check if swap backing store is full
#   Decrease Java heap size (-Xmx/-Xms)
#   Decrease number of Java threads
#   Decrease Java thread stack sizes (-Xss)
#   Set larger code cache with -XX:ReservedCodeCacheSize=
#   JVM is running with Unscaled Compressed Oops mode in which the Java heap is
#     placed in the first 4GB address space. The Java Heap base address is the
#     maximum limit for the native heap growth. Please use -XX:HeapBaseMinAddress
#     to set the Java Heap base and to place the Java Heap above 4GB virtual address.
# This output file may be truncated or incomplete.
#
#  Out of Memory Error (allocation.cpp:44), pid=4968, tid=2424
#
# JRE version: OpenJDK Runtime Environment Corretto-17.0.12.7.1 (17.0.12+7) (build 17.0.12+7-LTS)
# Java VM: OpenJDK 64-Bit Server VM Corretto-17.0.12.7.1 (17.0.12+7-LTS, mixed mode, emulated-client, sharing, tiered, compressed oops, compressed class ptrs, g1 gc, windows-amd64)
# No core dump will be written. Minidumps are not enabled by default on client versions of Windows
#

---------------  S U M M A R Y ------------

Command Line: -XX:TieredStopAtLevel=1 -Dspring.output.ansi.enabled=always -Dcom.sun.management.jmxremote -Dspring.jmx.enabled=true -Dspring.liveBeansView.mbeanDomain -Dspring.application.admin.enabled=true -Dmanagement.endpoints.jmx.exposure.include=* -javaagent:D:\Java\IntelliJ IDEA 2024.1.4\lib\idea_rt.jar=53463:D:\Java\IntelliJ IDEA 2024.1.4\bin -Dfile.encoding=UTF-8 com.example.auction_management.AuctionManagementApplication

Host: Intel(R) Core(TM) i5-7300HQ CPU @ 2.50GHz, 4 cores, 7G,  Windows 10 , 64 bit Build 19041 (10.0.19041.2546)
Time: Fri Mar 14 14:54:41 2025 SE Asia Standard Time elapsed time: 2342.500914 seconds (0d 0h 39m 2s)

---------------  T H R E A D  ---------------

Current thread (0x0000021094cc59f0):  VMThread "VM Thread" [stack: 0x0000007b3e500000,0x0000007b3e600000] [id=2424]

Stack: [0x0000007b3e500000,0x0000007b3e600000]
Native frames: (J=compiled Java code, j=interpreted, Vv=VM code, C=native code)
V  [jvm.dll+0x67f4f9]
V  [jvm.dll+0x836eaa]
V  [jvm.dll+0x83896e]
V  [jvm.dll+0x838fd3]
V  [jvm.dll+0x247f6f]
V  [jvm.dll+0xa70d3]
V  [jvm.dll+0x2f8ce1]
V  [jvm.dll+0x2f48e0]
V  [jvm.dll+0x2dd40f]
V  [jvm.dll+0x31fde7]
V  [jvm.dll+0x83d4cd]
V  [jvm.dll+0x83e212]
V  [jvm.dll+0x83e73f]
V  [jvm.dll+0x83eb24]
V  [jvm.dll+0x83ebf0]
V  [jvm.dll+0x7e62ac]
V  [jvm.dll+0x67e3c7]
C  [ucrtbase.dll+0x21bb2]
C  [KERNEL32.DLL+0x17614]
C  [ntdll.dll+0x526a1]

VM_Operation (0x0000007b3dcff480): G1CollectFull, mode: safepoint, requested by thread 0x00000210dd708fc0


---------------  P R O C E S S  ---------------

Threads class SMR info:
_java_thread_list=0x00000210ddc74ac0, length=19, elements={
0x0000021094ccadd0, 0x0000021094ccbb60, 0x0000021094cddbc0, 0x0000021094cdf4a0,
0x0000021094ce57a0, 0x0000021094ce7080, 0x0000021094ce7a00, 0x0000021094d043f0,
0x0000021094cb67b0, 0x00000210da761840, 0x00000210da76b4f0, 0x00000210da28af00,
0x00000210db061e50, 0x00000210dbab8ef0, 0x00000210dcff4df0, 0x00000210dcff99e0,
0x00000210dcff7160, 0x00000210dcff48e0, 0x00000210dd708fc0
}

Java Threads: ( => current thread )
  0x0000021094ccadd0 JavaThread "Reference Handler" daemon [_thread_blocked, id=14604, stack(0x0000007b3e600000,0x0000007b3e700000)]
  0x0000021094ccbb60 JavaThread "Finalizer" daemon [_thread_blocked, id=11196, stack(0x0000007b3e700000,0x0000007b3e800000)]
  0x0000021094cddbc0 JavaThread "Signal Dispatcher" daemon [_thread_blocked, id=11696, stack(0x0000007b3e800000,0x0000007b3e900000)]
  0x0000021094cdf4a0 JavaThread "Attach Listener" daemon [_thread_blocked, id=15352, stack(0x0000007b3e900000,0x0000007b3ea00000)]
  0x0000021094ce57a0 JavaThread "Service Thread" daemon [_thread_blocked, id=8096, stack(0x0000007b3ea00000,0x0000007b3eb00000)]
  0x0000021094ce7080 JavaThread "Monitor Deflation Thread" daemon [_thread_blocked, id=8048, stack(0x0000007b3eb00000,0x0000007b3ec00000)]
  0x0000021094ce7a00 JavaThread "C1 CompilerThread0" daemon [_thread_blocked, id=8520, stack(0x0000007b3ec00000,0x0000007b3ed00000)]
  0x0000021094d043f0 JavaThread "Sweeper thread" daemon [_thread_blocked, id=3844, stack(0x0000007b3ed00000,0x0000007b3ee00000)]
  0x0000021094cb67b0 JavaThread "Common-Cleaner" daemon [_thread_blocked, id=14888, stack(0x0000007b3ee00000,0x0000007b3ef00000)]
  0x00000210da761840 JavaThread "Monitor Ctrl-Break" daemon [_thread_in_native, id=5540, stack(0x0000007b3f100000,0x0000007b3f200000)]
  0x00000210da76b4f0 JavaThread "Notification Thread" daemon [_thread_blocked, id=5932, stack(0x0000007b3f200000,0x0000007b3f300000)]
  0x00000210da28af00 JavaThread "RMI TCP Accept-0" daemon [_thread_in_native, id=12756, stack(0x0000007b3f700000,0x0000007b3f800000)]
  0x00000210db061e50 JavaThread "RMI Scheduler(0)" daemon [_thread_blocked, id=1460, stack(0x0000007b3fc00000,0x0000007b3fd00000)]
  0x00000210dbab8ef0 JavaThread "mysql-cj-abandoned-connection-cleanup" daemon [_thread_blocked, id=9108, stack(0x0000007b3fd00000,0x0000007b3fe00000)]
  0x00000210dcff4df0 JavaThread "Live Reload Server" daemon [_thread_in_native, id=8008, stack(0x0000007b40600000,0x0000007b40700000)]
  0x00000210dcff99e0 JavaThread "DestroyJavaVM" [_thread_blocked, id=14300, stack(0x0000007b3df00000,0x0000007b3e000000)]
  0x00000210dcff7160 JavaThread "Catalina-utility-1" [_thread_blocked, id=13364, stack(0x0000007b3ff00000,0x0000007b40000000)]
  0x00000210dcff48e0 JavaThread "Catalina-utility-2" [_thread_blocked, id=11644, stack(0x0000007b40000000,0x0000007b40100000)]
  0x00000210dd708fc0 JavaThread "Thread-35" [_thread_blocked, id=9624, stack(0x0000007b3dc00000,0x0000007b3dd00000)]

Other Threads:
=>0x0000021094cc59f0 VMThread "VM Thread" [stack: 0x0000007b3e500000,0x0000007b3e600000] [id=2424]
  0x00000210da28b3e0 WatcherThread [stack: 0x0000007b3f800000,0x0000007b3f900000] [id=14844]
  0x0000021083344530 GCTaskThread "GC Thread#0" [stack: 0x0000007b3e000000,0x0000007b3e100000] [id=2036]
  0x00000210da8375f0 GCTaskThread "GC Thread#1" [stack: 0x0000007b3f300000,0x0000007b3f400000] [id=13464]
  0x00000210da843210 GCTaskThread "GC Thread#2" [stack: 0x0000007b3f400000,0x0000007b3f500000] [id=14184]
  0x00000210da836a10 GCTaskThread "GC Thread#3" [stack: 0x0000007b3f500000,0x0000007b3f600000] [id=9144]
  0x0000021083355010 ConcurrentGCThread "G1 Main Marker" [stack: 0x0000007b3e100000,0x0000007b3e200000] [id=13384]
  0x00000210833560e0 ConcurrentGCThread "G1 Conc#0" [stack: 0x0000007b3e200000,0x0000007b3e300000] [id=10580]
  0x0000021094b820d0 ConcurrentGCThread "G1 Refine#0" [stack: 0x0000007b3e300000,0x0000007b3e400000] [id=14728]
  0x00000210da839a00 ConcurrentGCThread "G1 Refine#1" [stack: 0x0000007b3f600000,0x0000007b3f700000] [id=14468]
  0x0000021094b83a20 ConcurrentGCThread "G1 Service" [stack: 0x0000007b3e400000,0x0000007b3e500000] [id=12032]

Threads with active compile tasks:

VM state: at safepoint (normal execution)

VM Mutex/Monitor currently owned by a thread:  ([mutex/lock_event])
[0x00000210832e6290] Threads_lock - owner thread: 0x0000021094cc59f0
[0x00000210832e4dc0] Heap_lock - owner thread: 0x00000210dd708fc0

Heap address: 0x0000000081c00000, size: 2020 MB, Compressed Oops mode: 32-bit

CDS archive(s) mapped at: [0x0000021095000000-0x0000021095bb0000-0x0000021095bb0000), size 12255232, SharedBaseAddress: 0x0000021095000000, ArchiveRelocationMode: 1.
Compressed class space mapped at: 0x0000021096000000-0x00000210d6000000, reserved size: 1073741824
Narrow klass base: 0x0000021095000000, Narrow klass shift: 0, Narrow klass range: 0x100000000

GC Precious Log:
 CPUs: 4 total, 4 available
 Memory: 8076M
 Large Page Support: Disabled
 NUMA Support: Disabled
 Compressed Oops: Enabled (32-bit)
 Heap Region Size: 1M
 Heap Min Capacity: 8M
 Heap Initial Capacity: 128M
 Heap Max Capacity: 2020M
 Pre-touch: Disabled
 Parallel Workers: 4
 Concurrent Workers: 1
 Concurrent Refinement Workers: 4
 Periodic GC: Disabled

Heap:
 garbage-first heap   total 133120K, used 57298K [0x0000000081c00000, 0x0000000100000000)
  region size 1024K, 13 young (13312K), 1 survivors (1024K)
 Metaspace       used 93193K, committed 94144K, reserved 1179648K
  class space    used 13440K, committed 13824K, reserved 1048576K

Heap Regions: E=young(eden), S=young(survivor), O=old, HS=humongous(starts), HC=humongous(continues), CS=collection set, F=free, OA=open archive, CA=closed archive, TAMS=top-at-mark-start (previous, next)
|   0|0x0000000081c00000, 0x0000000081d00000, 0x0000000081d00000|100%|HS|  |TAMS 0x0000000081d00000, 0x0000000081c00000| Complete 
|   1|0x0000000081d00000, 0x0000000081e00000, 0x0000000081e00000|100%|HS|  |TAMS 0x0000000081e00000, 0x0000000081d00000| Complete 
|   2|0x0000000081e00000, 0x0000000081effff0, 0x0000000081f00000| 99%| O|  |TAMS 0x0000000081effff0, 0x0000000081e00000| Untracked 
|   3|0x0000000081f00000, 0x0000000082000000, 0x0000000082000000|100%| O|  |TAMS 0x0000000082000000, 0x0000000081f00000| Untracked 
|   4|0x0000000082000000, 0x00000000820ffff0, 0x0000000082100000| 99%| O|  |TAMS 0x00000000820ffff0, 0x0000000082000000| Untracked 
|   5|0x0000000082100000, 0x00000000821ff1f8, 0x0000000082200000| 99%| O|  |TAMS 0x00000000821ff1f8, 0x0000000082100000| Untracked 
|   6|0x0000000082200000, 0x0000000082300000, 0x0000000082300000|100%| O|  |TAMS 0x0000000082300000, 0x0000000082200000| Untracked 
|   7|0x0000000082300000, 0x00000000823fffe8, 0x0000000082400000| 99%| O|  |TAMS 0x00000000823fffe8, 0x0000000082300000| Untracked 
|   8|0x0000000082400000, 0x0000000082500000, 0x0000000082500000|100%| O|  |TAMS 0x0000000082500000, 0x0000000082400000| Untracked 
|   9|0x0000000082500000, 0x00000000825fffb8, 0x0000000082600000| 99%| O|  |TAMS 0x00000000825fffb8, 0x0000000082500000| Untracked 
|  10|0x0000000082600000, 0x0000000082700000, 0x0000000082700000|100%| O|  |TAMS 0x0000000082700000, 0x0000000082600000| Untracked 
|  11|0x0000000082700000, 0x00000000827fffe8, 0x0000000082800000| 99%| O|  |TAMS 0x00000000827fffe8, 0x0000000082700000| Untracked 
|  12|0x0000000082800000, 0x00000000828fff40, 0x0000000082900000| 99%| O|  |TAMS 0x00000000828fff40, 0x0000000082800000| Untracked 
|  13|0x0000000082900000, 0x00000000829ffff8, 0x0000000082a00000| 99%| O|  |TAMS 0x00000000829ffff8, 0x0000000082900000| Untracked 
|  14|0x0000000082a00000, 0x0000000082affff0, 0x0000000082b00000| 99%| O|  |TAMS 0x0000000082affff0, 0x0000000082a00000| Untracked 
|  15|0x0000000082b00000, 0x0000000082bffff8, 0x0000000082c00000| 99%| O|  |TAMS 0x0000000082bffff8, 0x0000000082b00000| Untracked 
|  16|0x0000000082c00000, 0x0000000082cfffe8, 0x0000000082d00000| 99%| O|  |TAMS 0x0000000082cfffe8, 0x0000000082c00000| Untracked 
|  17|0x0000000082d00000, 0x0000000082dfffc8, 0x0000000082e00000| 99%| O|  |TAMS 0x0000000082dfffc8, 0x0000000082d00000| Untracked 
|  18|0x0000000082e00000, 0x0000000082effea8, 0x0000000082f00000| 99%| O|  |TAMS 0x0000000082effea8, 0x0000000082e00000| Untracked 
|  19|0x0000000082f00000, 0x0000000082fffdd8, 0x0000000083000000| 99%| O|  |TAMS 0x0000000082fffdd8, 0x0000000082f00000| Untracked 
|  20|0x0000000083000000, 0x00000000830fffe8, 0x0000000083100000| 99%| O|  |TAMS 0x00000000830fffe8, 0x0000000083000000| Untracked 
|  21|0x0000000083100000, 0x0000000083200000, 0x0000000083200000|100%| O|  |TAMS 0x0000000083200000, 0x0000000083100000| Untracked 
|  22|0x0000000083200000, 0x00000000832fff98, 0x0000000083300000| 99%| O|  |TAMS 0x00000000832fff98, 0x0000000083200000| Untracked 
|  23|0x0000000083300000, 0x00000000833ffff0, 0x0000000083400000| 99%| O|  |TAMS 0x00000000833ffff0, 0x0000000083300000| Untracked 
|  24|0x0000000083400000, 0x00000000834ffff0, 0x0000000083500000| 99%| O|  |TAMS 0x00000000834ffff0, 0x0000000083400000| Untracked 
|  25|0x0000000083500000, 0x00000000835ffff0, 0x0000000083600000| 99%| O|  |TAMS 0x00000000835ffff0, 0x0000000083500000| Untracked 
|  26|0x0000000083600000, 0x00000000836fffb0, 0x0000000083700000| 99%| O|  |TAMS 0x00000000836fffb0, 0x0000000083600000| Untracked 
|  27|0x0000000083700000, 0x00000000837fffc8, 0x0000000083800000| 99%| O|  |TAMS 0x00000000837fffc8, 0x0000000083700000| Untracked 
|  28|0x0000000083800000, 0x00000000838fffc0, 0x0000000083900000| 99%| O|  |TAMS 0x00000000838fffc0, 0x0000000083800000| Untracked 
|  29|0x0000000083900000, 0x00000000839ffff0, 0x0000000083a00000| 99%| O|  |TAMS 0x00000000839ffff0, 0x0000000083900000| Untracked 
|  30|0x0000000083a00000, 0x0000000083affff0, 0x0000000083b00000| 99%| O|  |TAMS 0x0000000083affff0, 0x0000000083a00000| Untracked 
|  31|0x0000000083b00000, 0x0000000083bfffd0, 0x0000000083c00000| 99%| O|  |TAMS 0x0000000083bfffd0, 0x0000000083b00000| Untracked 
|  32|0x0000000083c00000, 0x0000000083cffb90, 0x0000000083d00000| 99%| O|  |TAMS 0x0000000083cffb90, 0x0000000083c00000| Untracked 
|  33|0x0000000083d00000, 0x0000000083dffff0, 0x0000000083e00000| 99%| O|  |TAMS 0x0000000083dffff0, 0x0000000083d00000| Complete 
|  34|0x0000000083e00000, 0x0000000083effff8, 0x0000000083f00000| 99%| O|  |TAMS 0x0000000083effff8, 0x0000000083e00000| Untracked 
|  35|0x0000000083f00000, 0x0000000083fffff8, 0x0000000084000000| 99%| O|  |TAMS 0x0000000083fffff8, 0x0000000083f00000| Untracked 
|  36|0x0000000084000000, 0x0000000084000000, 0x0000000084100000|  0%| F|  |TAMS 0x0000000084000000, 0x0000000084000000| Untracked 
|  37|0x0000000084100000, 0x0000000084200000, 0x0000000084200000|100%| O|  |TAMS 0x0000000084200000, 0x0000000084100000| Untracked 
|  38|0x0000000084200000, 0x0000000084200000, 0x0000000084300000|  0%| F|  |TAMS 0x0000000084200000, 0x0000000084200000| Untracked 
|  39|0x0000000084300000, 0x0000000084400000, 0x0000000084400000|100%| O|  |TAMS 0x0000000084400000, 0x0000000084300000| Untracked 
|  40|0x0000000084400000, 0x0000000084500000, 0x0000000084500000|100%| O|  |TAMS 0x0000000084500000, 0x0000000084400000| Untracked 
|  41|0x0000000084500000, 0x00000000845fff38, 0x0000000084600000| 99%| O|  |TAMS 0x00000000845fff38, 0x0000000084500000| Complete 
|  42|0x0000000084600000, 0x0000000084700000, 0x0000000084700000|100%| O|  |TAMS 0x0000000084700000, 0x0000000084600000| Untracked 
|  43|0x0000000084700000, 0x0000000084800000, 0x0000000084800000|100%| O|  |TAMS 0x0000000084800000, 0x0000000084700000| Untracked 
|  44|0x0000000084800000, 0x0000000084900000, 0x0000000084900000|100%| O|  |TAMS 0x0000000084900000, 0x0000000084800000| Untracked 
|  45|0x0000000084900000, 0x0000000084955068, 0x0000000084a00000| 33%| O|  |TAMS 0x0000000084955068, 0x0000000084900000| Untracked 
|  46|0x0000000084a00000, 0x0000000084b00000, 0x0000000084b00000|100%| O|  |TAMS 0x0000000084b00000, 0x0000000084a00000| Untracked 
|  47|0x0000000084b00000, 0x0000000084b8c000, 0x0000000084c00000| 54%| O|  |TAMS 0x0000000084b8c000, 0x0000000084b00000| Untracked 
|  48|0x0000000084c00000, 0x0000000084c00000, 0x0000000084d00000|  0%| F|  |TAMS 0x0000000084c00000, 0x0000000084c00000| Untracked 
|  49|0x0000000084d00000, 0x0000000084d00000, 0x0000000084e00000|  0%| F|  |TAMS 0x0000000084d00000, 0x0000000084d00000| Untracked 
|  50|0x0000000084e00000, 0x0000000084e00000, 0x0000000084f00000|  0%| F|  |TAMS 0x0000000084e00000, 0x0000000084e00000| Untracked 
|  51|0x0000000084f00000, 0x0000000084f00000, 0x0000000085000000|  0%| F|  |TAMS 0x0000000084f00000, 0x0000000084f00000| Untracked 
|  52|0x0000000085000000, 0x0000000085000000, 0x0000000085100000|  0%| F|  |TAMS 0x0000000085000000, 0x0000000085000000| Untracked 
|  53|0x0000000085100000, 0x0000000085100000, 0x0000000085200000|  0%| F|  |TAMS 0x0000000085100000, 0x0000000085100000| Untracked 
|  54|0x0000000085200000, 0x0000000085200000, 0x0000000085300000|  0%| F|  |TAMS 0x0000000085200000, 0x0000000085200000| Untracked 
|  55|0x0000000085300000, 0x0000000085300000, 0x0000000085400000|  0%| F|  |TAMS 0x0000000085300000, 0x0000000085300000| Untracked 
|  56|0x0000000085400000, 0x0000000085400000, 0x0000000085500000|  0%| F|  |TAMS 0x0000000085400000, 0x0000000085400000| Untracked 
|  57|0x0000000085500000, 0x0000000085500000, 0x0000000085600000|  0%| F|  |TAMS 0x0000000085500000, 0x0000000085500000| Untracked 
|  58|0x0000000085600000, 0x0000000085600000, 0x0000000085700000|  0%| F|  |TAMS 0x0000000085600000, 0x0000000085600000| Untracked 
|  59|0x0000000085700000, 0x0000000085700000, 0x0000000085800000|  0%| F|  |TAMS 0x0000000085700000, 0x0000000085700000| Untracked 
|  60|0x0000000085800000, 0x0000000085800000, 0x0000000085900000|  0%| F|  |TAMS 0x0000000085800000, 0x0000000085800000| Untracked 
|  61|0x0000000085900000, 0x0000000085900000, 0x0000000085a00000|  0%| F|  |TAMS 0x0000000085900000, 0x0000000085900000| Untracked 
|  62|0x0000000085a00000, 0x0000000085a00000, 0x0000000085b00000|  0%| F|  |TAMS 0x0000000085a00000, 0x0000000085a00000| Untracked 
|  63|0x0000000085b00000, 0x0000000085b00000, 0x0000000085c00000|  0%| F|  |TAMS 0x0000000085b00000, 0x0000000085b00000| Untracked 
|  64|0x0000000085c00000, 0x0000000085c00000, 0x0000000085d00000|  0%| F|  |TAMS 0x0000000085c00000, 0x0000000085c00000| Untracked 
|  65|0x0000000085d00000, 0x0000000085d00000, 0x0000000085e00000|  0%| F|  |TAMS 0x0000000085d00000, 0x0000000085d00000| Untracked 
|  66|0x0000000085e00000, 0x0000000085e15540, 0x0000000085f00000|  8%| S|CS|TAMS 0x0000000085e00000, 0x0000000085e00000| Complete 
|  67|0x0000000085f00000, 0x0000000085f00000, 0x0000000086000000|  0%| F|  |TAMS 0x0000000085f00000, 0x0000000085f00000| Untracked 
|  68|0x0000000086000000, 0x0000000086000000, 0x0000000086100000|  0%| F|  |TAMS 0x0000000086000000, 0x0000000086000000| Untracked 
|  69|0x0000000086100000, 0x0000000086100000, 0x0000000086200000|  0%| F|  |TAMS 0x0000000086100000, 0x0000000086100000| Untracked 
|  70|0x0000000086200000, 0x0000000086200000, 0x0000000086300000|  0%| F|  |TAMS 0x0000000086200000, 0x0000000086200000| Untracked 
|  71|0x0000000086300000, 0x0000000086300000, 0x0000000086400000|  0%| F|  |TAMS 0x0000000086300000, 0x0000000086300000| Untracked 
|  72|0x0000000086400000, 0x0000000086400000, 0x0000000086500000|  0%| F|  |TAMS 0x0000000086400000, 0x0000000086400000| Untracked 
|  73|0x0000000086500000, 0x0000000086500000, 0x0000000086600000|  0%| F|  |TAMS 0x0000000086500000, 0x0000000086500000| Untracked 
|  74|0x0000000086600000, 0x0000000086600000, 0x0000000086700000|  0%| F|  |TAMS 0x0000000086600000, 0x0000000086600000| Untracked 
|  75|0x0000000086700000, 0x0000000086700000, 0x0000000086800000|  0%| F|  |TAMS 0x0000000086700000, 0x0000000086700000| Untracked 
|  76|0x0000000086800000, 0x0000000086800000, 0x0000000086900000|  0%| F|  |TAMS 0x0000000086800000, 0x0000000086800000| Untracked 
|  77|0x0000000086900000, 0x0000000086900000, 0x0000000086a00000|  0%| F|  |TAMS 0x0000000086900000, 0x0000000086900000| Untracked 
|  78|0x0000000086a00000, 0x0000000086a00000, 0x0000000086b00000|  0%| F|  |TAMS 0x0000000086a00000, 0x0000000086a00000| Untracked 
|  79|0x0000000086b00000, 0x0000000086b00000, 0x0000000086c00000|  0%| F|  |TAMS 0x0000000086b00000, 0x0000000086b00000| Untracked 
|  80|0x0000000086c00000, 0x0000000086c00000, 0x0000000086d00000|  0%| F|  |TAMS 0x0000000086c00000, 0x0000000086c00000| Untracked 
|  81|0x0000000086d00000, 0x0000000086d00000, 0x0000000086e00000|  0%| F|  |TAMS 0x0000000086d00000, 0x0000000086d00000| Untracked 
|  82|0x0000000086e00000, 0x0000000086e00000, 0x0000000086f00000|  0%| F|  |TAMS 0x0000000086e00000, 0x0000000086e00000| Untracked 
|  83|0x0000000086f00000, 0x0000000086f00000, 0x0000000087000000|  0%| F|  |TAMS 0x0000000086f00000, 0x0000000086f00000| Untracked 
|  84|0x0000000087000000, 0x0000000087000000, 0x0000000087100000|  0%| F|  |TAMS 0x0000000087000000, 0x0000000087000000| Untracked 
|  85|0x0000000087100000, 0x0000000087100000, 0x0000000087200000|  0%| F|  |TAMS 0x0000000087100000, 0x0000000087100000| Untracked 
|  86|0x0000000087200000, 0x0000000087200000, 0x0000000087300000|  0%| F|  |TAMS 0x0000000087200000, 0x0000000087200000| Untracked 
|  87|0x0000000087300000, 0x0000000087300000, 0x0000000087400000|  0%| F|  |TAMS 0x0000000087300000, 0x0000000087300000| Untracked 
|  88|0x0000000087400000, 0x0000000087400000, 0x0000000087500000|  0%| F|  |TAMS 0x0000000087400000, 0x0000000087400000| Untracked 
|  89|0x0000000087500000, 0x0000000087500000, 0x0000000087600000|  0%| F|  |TAMS 0x0000000087500000, 0x0000000087500000| Untracked 
|  90|0x0000000087600000, 0x0000000087600000, 0x0000000087700000|  0%| F|  |TAMS 0x0000000087600000, 0x0000000087600000| Untracked 
|  91|0x0000000087700000, 0x0000000087700000, 0x0000000087800000|  0%| F|  |TAMS 0x0000000087700000, 0x0000000087700000| Untracked 
|  92|0x0000000087800000, 0x0000000087800000, 0x0000000087900000|  0%| F|  |TAMS 0x0000000087800000, 0x0000000087800000| Untracked 
|  93|0x0000000087900000, 0x0000000087900000, 0x0000000087a00000|  0%| F|  |TAMS 0x0000000087900000, 0x0000000087900000| Untracked 
|  94|0x0000000087a00000, 0x0000000087a00000, 0x0000000087b00000|  0%| F|  |TAMS 0x0000000087a00000, 0x0000000087a00000| Untracked 
|  95|0x0000000087b00000, 0x0000000087b00000, 0x0000000087c00000|  0%| F|  |TAMS 0x0000000087b00000, 0x0000000087b00000| Untracked 
|  96|0x0000000087c00000, 0x0000000087c00000, 0x0000000087d00000|  0%| F|  |TAMS 0x0000000087c00000, 0x0000000087c00000| Untracked 
|  97|0x0000000087d00000, 0x0000000087d00000, 0x0000000087e00000|  0%| F|  |TAMS 0x0000000087d00000, 0x0000000087d00000| Untracked 
|  98|0x0000000087e00000, 0x0000000087e00000, 0x0000000087f00000|  0%| F|  |TAMS 0x0000000087e00000, 0x0000000087e00000| Untracked 
|  99|0x0000000087f00000, 0x0000000087f00000, 0x0000000088000000|  0%| F|  |TAMS 0x0000000087f00000, 0x0000000087f00000| Untracked 
| 100|0x0000000088000000, 0x0000000088000000, 0x0000000088100000|  0%| F|  |TAMS 0x0000000088000000, 0x0000000088000000| Untracked 
| 101|0x0000000088100000, 0x0000000088100000, 0x0000000088200000|  0%| F|  |TAMS 0x0000000088100000, 0x0000000088100000| Untracked 
| 102|0x0000000088200000, 0x0000000088200000, 0x0000000088300000|  0%| F|  |TAMS 0x0000000088200000, 0x0000000088200000| Untracked 
| 103|0x0000000088300000, 0x0000000088300000, 0x0000000088400000|  0%| F|  |TAMS 0x0000000088300000, 0x0000000088300000| Untracked 
| 104|0x0000000088400000, 0x0000000088400000, 0x0000000088500000|  0%| F|  |TAMS 0x0000000088400000, 0x0000000088400000| Untracked 
| 105|0x0000000088500000, 0x0000000088500000, 0x0000000088600000|  0%| F|  |TAMS 0x0000000088500000, 0x0000000088500000| Untracked 
| 106|0x0000000088600000, 0x0000000088600000, 0x0000000088700000|  0%| F|  |TAMS 0x0000000088600000, 0x0000000088600000| Untracked 
| 107|0x0000000088700000, 0x0000000088700000, 0x0000000088800000|  0%| F|  |TAMS 0x0000000088700000, 0x0000000088700000| Untracked 
| 108|0x0000000088800000, 0x0000000088800000, 0x0000000088900000|  0%| F|  |TAMS 0x0000000088800000, 0x0000000088800000| Untracked 
| 109|0x0000000088900000, 0x0000000088900000, 0x0000000088a00000|  0%| F|  |TAMS 0x0000000088900000, 0x0000000088900000| Untracked 
| 110|0x0000000088a00000, 0x0000000088a00000, 0x0000000088b00000|  0%| F|  |TAMS 0x0000000088a00000, 0x0000000088a00000| Untracked 
| 111|0x0000000088b00000, 0x0000000088b00000, 0x0000000088c00000|  0%| F|  |TAMS 0x0000000088b00000, 0x0000000088b00000| Untracked 
| 112|0x0000000088c00000, 0x0000000088c00000, 0x0000000088d00000|  0%| F|  |TAMS 0x0000000088c00000, 0x0000000088c00000| Untracked 
| 113|0x0000000088d00000, 0x0000000088d00000, 0x0000000088e00000|  0%| F|  |TAMS 0x0000000088d00000, 0x0000000088d00000| Untracked 
| 114|0x0000000088e00000, 0x0000000088e00000, 0x0000000088f00000|  0%| F|  |TAMS 0x0000000088e00000, 0x0000000088e00000| Untracked 
| 115|0x0000000088f00000, 0x0000000088f00000, 0x0000000089000000|  0%| F|  |TAMS 0x0000000088f00000, 0x0000000088f00000| Untracked 
| 116|0x0000000089000000, 0x0000000089000000, 0x0000000089100000|  0%| F|  |TAMS 0x0000000089000000, 0x0000000089000000| Untracked 
| 117|0x0000000089100000, 0x0000000089100000, 0x0000000089200000|  0%| F|  |TAMS 0x0000000089100000, 0x0000000089100000| Untracked 
| 118|0x0000000089200000, 0x00000000892ad500, 0x0000000089300000| 67%| E|  |TAMS 0x0000000089200000, 0x0000000089200000| Complete 
| 119|0x0000000089300000, 0x0000000089400000, 0x0000000089400000|100%| E|CS|TAMS 0x0000000089300000, 0x0000000089300000| Complete 
| 120|0x0000000089400000, 0x0000000089500000, 0x0000000089500000|100%| E|CS|TAMS 0x0000000089400000, 0x0000000089400000| Complete 
| 121|0x0000000089500000, 0x0000000089600000, 0x0000000089600000|100%| E|CS|TAMS 0x0000000089500000, 0x0000000089500000| Complete 
| 122|0x0000000089600000, 0x0000000089700000, 0x0000000089700000|100%| E|CS|TAMS 0x0000000089600000, 0x0000000089600000| Complete 
| 123|0x0000000089700000, 0x0000000089800000, 0x0000000089800000|100%| E|CS|TAMS 0x0000000089700000, 0x0000000089700000| Complete 
| 124|0x0000000089800000, 0x0000000089900000, 0x0000000089900000|100%| E|CS|TAMS 0x0000000089800000, 0x0000000089800000| Complete 
| 125|0x0000000089900000, 0x0000000089a00000, 0x0000000089a00000|100%| E|CS|TAMS 0x0000000089900000, 0x0000000089900000| Complete 
| 126|0x0000000089a00000, 0x0000000089b00000, 0x0000000089b00000|100%| E|CS|TAMS 0x0000000089a00000, 0x0000000089a00000| Complete 
| 127|0x0000000089b00000, 0x0000000089c00000, 0x0000000089c00000|100%| E|CS|TAMS 0x0000000089b00000, 0x0000000089b00000| Complete 
| 128|0x0000000089c00000, 0x0000000089d00000, 0x0000000089d00000|100%| E|CS|TAMS 0x0000000089c00000, 0x0000000089c00000| Complete 
| 129|0x0000000089d00000, 0x0000000089e00000, 0x0000000089e00000|100%| E|CS|TAMS 0x0000000089d00000, 0x0000000089d00000| Complete 

Card table byte_map: [0x000002108e200000,0x000002108e600000] _byte_map_base: 0x000002108ddf2000

Marking Bits (Prev, Next): (CMBitMap*) 0x0000021083344aa0, (CMBitMap*) 0x0000021083344a60
 Prev Bits: [0x0000021090990000, 0x0000021092920000)
 Next Bits: [0x000002108ea00000, 0x0000021090990000)

Polling page: 0x0000021082a90000

Metaspace:

Usage:
  Non-class:     77.88 MB used.
      Class:     13.13 MB used.
       Both:     91.01 MB used.

Virtual space:
  Non-class space:      128.00 MB reserved,      78.44 MB ( 61%) committed,  2 nodes.
      Class space:        1.00 GB reserved,      13.50 MB (  1%) committed,  1 nodes.
             Both:        1.12 GB reserved,      91.94 MB (  8%) committed. 

Chunk freelists:
   Non-Class:  1.18 MB
       Class:  2.57 MB
        Both:  3.75 MB

MaxMetaspaceSize: unlimited
CompressedClassSpaceSize: 1.00 GB
Initial GC threshold: 21.00 MB
Current GC threshold: 153.25 MB
CDS: on
MetaspaceReclaimPolicy: balanced
 - commit_granule_bytes: 65536.
 - commit_granule_words: 8192.
 - virtual_space_node_default_size: 8388608.
 - enlarge_chunks_in_place: 1.
 - new_chunks_are_fully_committed: 0.
 - uncommit_free_chunks: 1.
 - use_allocation_guard: 0.
 - handle_deallocations: 1.


Internal statistics:

num_allocs_failed_limit: 12.
num_arena_births: 1646.
num_arena_deaths: 748.
num_vsnodes_births: 3.
num_vsnodes_deaths: 0.
num_space_committed: 1469.
num_space_uncommitted: 0.
num_chunks_returned_to_freelist: 960.
num_chunks_taken_from_freelist: 5643.
num_chunk_merges: 302.
num_chunk_splits: 3589.
num_chunks_enlarged: 2531.
num_inconsistent_stats: 0.

CodeCache: size=49152Kb used=24537Kb max_used=25604Kb free=24614Kb
 bounds [0x000002108ae00000, 0x000002108c710000, 0x000002108de00000]
 total_blobs=15044 nmethods=14296 adapters=674
 compilation: enabled
              stopped_count=0, restarted_count=0
 full_count=0

Compilation events (20 events):
Event: 2342.144 Thread 0x0000021094ce7a00 14286   !   1       org.springframework.context.event.AbstractApplicationEventMulticaster::retrieveApplicationListeners (499 bytes)
Event: 2342.148 Thread 0x0000021094ce7a00 nmethod 14286 0x000002108c61ce10 code [0x000002108c61d2e0, 0x000002108c61ee98]
Event: 2342.150 Thread 0x0000021094ce7a00 14287   !   1       java.lang.ThreadGroup::remove (94 bytes)
Event: 2342.150 Thread 0x0000021094ce7a00 nmethod 14287 0x000002108c61c690 code [0x000002108c61c840, 0x000002108c61cba8]
Event: 2342.445 Thread 0x0000021094ce7a00 14288   !   1       org.springframework.beans.factory.support.DisposableBeanAdapter::destroy (396 bytes)
Event: 2342.446 Thread 0x0000021094ce7a00 nmethod 14288 0x000002108c61ae10 code [0x000002108c61b1c0, 0x000002108c61be08]
Event: 2342.447 Thread 0x0000021094ce7a00 14289       1       java.util.ArrayList$ListItr::previous (59 bytes)
Event: 2342.448 Thread 0x0000021094ce7a00 nmethod 14289 0x000002108c61a710 code [0x000002108c61a8e0, 0x000002108c61abe8]
Event: 2342.448 Thread 0x0000021094ce7a00 14290  s!   1       org.hibernate.service.internal.AbstractServiceRegistryImpl::stopService (39 bytes)
Event: 2342.449 Thread 0x0000021094ce7a00 nmethod 14290 0x000002108c619d90 code [0x000002108c619f80, 0x000002108c61a488]
Event: 2342.450 Thread 0x0000021094ce7a00 14291  s    1       java.net.Socket::getSoTimeout (45 bytes)
Event: 2342.450 Thread 0x0000021094ce7a00 nmethod 14291 0x000002108c619690 code [0x000002108c619860, 0x000002108c619bf8]
Event: 2342.486 Thread 0x0000021094ce7a00 14293       1       sun.security.ssl.SSLSocketImpl::isInputShutdown (37 bytes)
Event: 2342.486 Thread 0x0000021094ce7a00 nmethod 14293 0x000002108c618e90 code [0x000002108c619020, 0x000002108c6191a8]
Event: 2342.487 Thread 0x0000021094ce7a00 14294       1       org.springframework.beans.CachedIntrospectionResults::isUnderneathClassLoader (33 bytes)
Event: 2342.488 Thread 0x0000021094ce7a00 nmethod 14294 0x000002108c618790 code [0x000002108c618960, 0x000002108c618c58]
Event: 2342.488 Thread 0x0000021094ce7a00 14295       1       org.apache.tomcat.util.collections.ManagedConcurrentWeakHashMap$Key::equals (61 bytes)
Event: 2342.488 Thread 0x0000021094ce7a00 nmethod 14295 0x000002108c618210 code [0x000002108c6183e0, 0x000002108c6186b8]
Event: 2342.492 Thread 0x0000021094ce7a00 14296       1       org.apache.tomcat.util.modeler.NoDescriptorRegistry::unregisterComponent (1 bytes)
Event: 2342.492 Thread 0x0000021094ce7a00 nmethod 14296 0x000002108c617f10 code [0x000002108c6180a0, 0x000002108c618158]

GC Heap History (20 events):
Event: 1117.264 GC heap after
{Heap after GC invocations=72 (full 7):
 garbage-first heap   total 133120K, used 45067K [0x0000000081c00000, 0x0000000100000000)
  region size 1024K, 4 young (4096K), 4 survivors (4096K)
 Metaspace       used 92000K, committed 92736K, reserved 1179648K
  class space    used 13324K, committed 13696K, reserved 1048576K
}
Event: 1118.495 GC heap before
{Heap before GC invocations=73 (full 7):
 garbage-first heap   total 133120K, used 107531K [0x0000000081c00000, 0x0000000100000000)
  region size 1024K, 65 young (66560K), 4 survivors (4096K)
 Metaspace       used 92294K, committed 92992K, reserved 1179648K
  class space    used 13356K, committed 13696K, reserved 1048576K
}
Event: 1118.501 GC heap after
{Heap after GC invocations=74 (full 7):
 garbage-first heap   total 133120K, used 48830K [0x0000000081c00000, 0x0000000100000000)
  region size 1024K, 8 young (8192K), 8 survivors (8192K)
 Metaspace       used 92294K, committed 92992K, reserved 1179648K
  class space    used 13356K, committed 13696K, reserved 1048576K
}
Event: 1118.540 GC heap before
{Heap before GC invocations=74 (full 7):
 garbage-first heap   total 133120K, used 49854K [0x0000000081c00000, 0x0000000100000000)
  region size 1024K, 9 young (9216K), 8 survivors (8192K)
 Metaspace       used 92294K, committed 92992K, reserved 1179648K
  class space    used 13356K, committed 13696K, reserved 1048576K
}
Event: 1118.545 GC heap after
{Heap after GC invocations=75 (full 7):
 garbage-first heap   total 133120K, used 50116K [0x0000000081c00000, 0x0000000100000000)
  region size 1024K, 2 young (2048K), 2 survivors (2048K)
 Metaspace       used 92294K, committed 92992K, reserved 1179648K
  class space    used 13356K, committed 13696K, reserved 1048576K
}
Event: 1120.585 GC heap before
{Heap before GC invocations=75 (full 7):
 garbage-first heap   total 133120K, used 69572K [0x0000000081c00000, 0x0000000100000000)
  region size 1024K, 22 young (22528K), 2 survivors (2048K)
 Metaspace       used 92325K, committed 93056K, reserved 1179648K
  class space    used 13358K, committed 13696K, reserved 1048576K
}
Event: 1120.643 GC heap after
{Heap after GC invocations=76 (full 8):
 garbage-first heap   total 133120K, used 38772K [0x0000000081c00000, 0x0000000100000000)
  region size 1024K, 0 young (0K), 0 survivors (0K)
 Metaspace       used 92306K, committed 93056K, reserved 1179648K
  class space    used 13357K, committed 13696K, reserved 1048576K
}
Event: 1121.133 GC heap before
{Heap before GC invocations=76 (full 8):
 garbage-first heap   total 133120K, used 104308K [0x0000000081c00000, 0x0000000100000000)
  region size 1024K, 65 young (66560K), 0 survivors (0K)
 Metaspace       used 92645K, committed 93376K, reserved 1179648K
  class space    used 13401K, committed 13760K, reserved 1048576K
}
Event: 1121.137 GC heap after
{Heap after GC invocations=77 (full 8):
 garbage-first heap   total 133120K, used 42868K [0x0000000081c00000, 0x0000000100000000)
  region size 1024K, 4 young (4096K), 4 survivors (4096K)
 Metaspace       used 92645K, committed 93376K, reserved 1179648K
  class space    used 13401K, committed 13760K, reserved 1048576K
}
Event: 1121.884 GC heap before
{Heap before GC invocations=78 (full 8):
 garbage-first heap   total 133120K, used 105332K [0x0000000081c00000, 0x0000000100000000)
  region size 1024K, 65 young (66560K), 4 survivors (4096K)
 Metaspace       used 93159K, committed 93888K, reserved 1179648K
  class space    used 13456K, committed 13824K, reserved 1048576K
}
Event: 1121.891 GC heap after
{Heap after GC invocations=79 (full 8):
 garbage-first heap   total 133120K, used 46109K [0x0000000081c00000, 0x0000000100000000)
  region size 1024K, 8 young (8192K), 8 survivors (8192K)
 Metaspace       used 93159K, committed 93888K, reserved 1179648K
  class space    used 13456K, committed 13824K, reserved 1048576K
}
Event: 1249.438 GC heap before
{Heap before GC invocations=79 (full 8):
 garbage-first heap   total 133120K, used 105501K [0x0000000081c00000, 0x0000000100000000)
  region size 1024K, 66 young (67584K), 8 survivors (8192K)
 Metaspace       used 93388K, committed 94144K, reserved 1179648K
  class space    used 13475K, committed 13824K, reserved 1048576K
}
Event: 1249.454 GC heap after
{Heap after GC invocations=80 (full 8):
 garbage-first heap   total 133120K, used 46489K [0x0000000081c00000, 0x0000000100000000)
  region size 1024K, 5 young (5120K), 5 survivors (5120K)
 Metaspace       used 93388K, committed 94144K, reserved 1179648K
  class space    used 13475K, committed 13824K, reserved 1048576K
}
Event: 1734.341 GC heap before
{Heap before GC invocations=81 (full 8):
 garbage-first heap   total 133120K, used 106905K [0x0000000081c00000, 0x0000000100000000)
  region size 1024K, 64 young (65536K), 5 survivors (5120K)
 Metaspace       used 93287K, committed 94144K, reserved 1179648K
  class space    used 13458K, committed 13824K, reserved 1048576K
}
Event: 1734.407 GC heap after
{Heap after GC invocations=82 (full 8):
 garbage-first heap   total 133120K, used 46469K [0x0000000081c00000, 0x0000000100000000)
  region size 1024K, 2 young (2048K), 2 survivors (2048K)
 Metaspace       used 93287K, committed 94144K, reserved 1179648K
  class space    used 13458K, committed 13824K, reserved 1048576K
}
Event: 1767.503 GC heap before
{Heap before GC invocations=82 (full 8):
 garbage-first heap   total 133120K, used 50565K [0x0000000081c00000, 0x0000000100000000)
  region size 1024K, 6 young (6144K), 2 survivors (2048K)
 Metaspace       used 93287K, committed 94144K, reserved 1179648K
  class space    used 13458K, committed 13824K, reserved 1048576K
}
Event: 1767.516 GC heap after
{Heap after GC invocations=83 (full 8):
 garbage-first heap   total 133120K, used 46394K [0x0000000081c00000, 0x0000000100000000)
  region size 1024K, 1 young (1024K), 1 survivors (1024K)
 Metaspace       used 93287K, committed 94144K, reserved 1179648K
  class space    used 13458K, committed 13824K, reserved 1048576K
}
Event: 2273.213 GC heap before
{Heap before GC invocations=83 (full 8):
 garbage-first heap   total 133120K, used 109882K [0x0000000081c00000, 0x0000000100000000)
  region size 1024K, 63 young (64512K), 1 survivors (1024K)
 Metaspace       used 93287K, committed 94144K, reserved 1179648K
  class space    used 13458K, committed 13824K, reserved 1048576K
}
Event: 2273.253 GC heap after
{Heap after GC invocations=84 (full 8):
 garbage-first heap   total 133120K, used 46034K [0x0000000081c00000, 0x0000000100000000)
  region size 1024K, 1 young (1024K), 1 survivors (1024K)
 Metaspace       used 93287K, committed 94144K, reserved 1179648K
  class space    used 13458K, committed 13824K, reserved 1048576K
}
Event: 2342.493 GC heap before
{Heap before GC invocations=85 (full 8):
 garbage-first heap   total 133120K, used 57298K [0x0000000081c00000, 0x0000000100000000)
  region size 1024K, 13 young (13312K), 1 survivors (1024K)
 Metaspace       used 93193K, committed 94144K, reserved 1179648K
  class space    used 13440K, committed 13824K, reserved 1048576K
}

Dll operation events (14 events):
Event: 0.008 Loaded shared library C:\Users\ASUS\.jdks\corretto-17.0.12\bin\java.dll
Event: 0.029 Loaded shared library C:\Users\ASUS\.jdks\corretto-17.0.12\bin\jsvml.dll
Event: 0.141 Loaded shared library C:\Users\ASUS\.jdks\corretto-17.0.12\bin\zip.dll
Event: 0.142 Loaded shared library C:\Users\ASUS\.jdks\corretto-17.0.12\bin\instrument.dll
Event: 0.147 Loaded shared library C:\Users\ASUS\.jdks\corretto-17.0.12\bin\net.dll
Event: 0.148 Loaded shared library C:\Users\ASUS\.jdks\corretto-17.0.12\bin\nio.dll
Event: 0.151 Loaded shared library C:\Users\ASUS\.jdks\corretto-17.0.12\bin\zip.dll
Event: 0.240 Loaded shared library D:\Java\IntelliJ IDEA 2024.1.4\bin\breakgen64.dll
Event: 0.243 Loaded shared library C:\Users\ASUS\.jdks\corretto-17.0.12\bin\jimage.dll
Event: 0.248 Loaded shared library C:\Users\ASUS\.jdks\corretto-17.0.12\bin\extnet.dll
Event: 0.260 Loaded shared library C:\Users\ASUS\.jdks\corretto-17.0.12\bin\management.dll
Event: 0.268 Loaded shared library C:\Users\ASUS\.jdks\corretto-17.0.12\bin\management_ext.dll
Event: 0.500 Loaded shared library C:\Users\ASUS\.jdks\corretto-17.0.12\bin\verify.dll
Event: 1.922 Loaded shared library C:\Users\ASUS\.jdks\corretto-17.0.12\bin\sunmscapi.dll

Deoptimization events (0 events):
No events

Classes loaded (20 events):
Event: 805.421 Loading class java/util/AbstractMap$2
Event: 805.421 Loading class java/util/AbstractMap$2 done
Event: 805.422 Loading class java/util/AbstractMap$2$1
Event: 805.422 Loading class java/util/AbstractMap$2$1 done
Event: 805.425 Loading class jdk/internal/reflect/UnsafeQualifiedObjectFieldAccessorImpl
Event: 805.427 Loading class jdk/internal/reflect/UnsafeQualifiedFieldAccessorImpl
Event: 805.429 Loading class jdk/internal/reflect/UnsafeQualifiedFieldAccessorImpl done
Event: 805.429 Loading class jdk/internal/reflect/UnsafeQualifiedObjectFieldAccessorImpl done
Event: 805.546 Loading class java/lang/ref/Finalizer$2
Event: 805.623 Loading class java/lang/ref/Finalizer$2 done
Event: 805.623 Loading class java/lang/ref/Finalizer$1
Event: 805.623 Loading class java/lang/ref/Finalizer$1 done
Event: 813.685 Loading class java/time/DurationEditor
Event: 813.685 Loading class java/time/DurationEditor done
Event: 815.801 Loading class sun/net/ConnectionResetException
Event: 815.802 Loading class sun/net/ConnectionResetException done
Event: 990.577 Loading class java/time/DurationEditor
Event: 990.577 Loading class java/time/DurationEditor done
Event: 1118.240 Loading class java/time/DurationEditor
Event: 1118.240 Loading class java/time/DurationEditor done

Classes unloaded (20 events):
Event: 2273.398 Thread 0x0000021094cc59f0 Unloading class 0x0000021096d68400 'jdk/internal/reflect/GeneratedConstructorAccessor164'
Event: 2273.398 Thread 0x0000021094cc59f0 Unloading class 0x0000021096d68000 'jdk/internal/reflect/GeneratedConstructorAccessor163'
Event: 2273.398 Thread 0x0000021094cc59f0 Unloading class 0x0000021096d61c00 'jdk/internal/reflect/GeneratedConstructorAccessor162'
Event: 2273.398 Thread 0x0000021094cc59f0 Unloading class 0x0000021096d61800 'jdk/internal/reflect/GeneratedConstructorAccessor161'
Event: 2273.398 Thread 0x0000021094cc59f0 Unloading class 0x0000021096d61400 'jdk/internal/reflect/GeneratedConstructorAccessor160'
Event: 2273.398 Thread 0x0000021094cc59f0 Unloading class 0x0000021096d61000 'jdk/internal/reflect/GeneratedConstructorAccessor159'
Event: 2273.398 Thread 0x0000021094cc59f0 Unloading class 0x0000021096d60c00 'jdk/internal/reflect/GeneratedConstructorAccessor158'
Event: 2273.399 Thread 0x0000021094cc59f0 Unloading class 0x0000021096d60800 'jdk/internal/reflect/GeneratedConstructorAccessor157'
Event: 2273.399 Thread 0x0000021094cc59f0 Unloading class 0x0000021096d60400 'jdk/internal/reflect/GeneratedConstructorAccessor156'
Event: 2273.399 Thread 0x0000021094cc59f0 Unloading class 0x0000021096d60000 'jdk/internal/reflect/GeneratedConstructorAccessor155'
Event: 2273.399 Thread 0x0000021094cc59f0 Unloading class 0x0000021096d54400 'jdk/internal/reflect/GeneratedConstructorAccessor154'
Event: 2273.399 Thread 0x0000021094cc59f0 Unloading class 0x0000021096d4cc00 'jdk/internal/reflect/GeneratedMethodAccessor117'
Event: 2273.399 Thread 0x0000021094cc59f0 Unloading class 0x0000021096d39400 'jdk/internal/reflect/GeneratedMethodAccessor108'
Event: 2273.399 Thread 0x0000021094cc59f0 Unloading class 0x0000021096d39000 'jdk/internal/reflect/GeneratedMethodAccessor107'
Event: 2273.399 Thread 0x0000021094cc59f0 Unloading class 0x0000021096d38c00 'jdk/internal/reflect/GeneratedMethodAccessor106'
Event: 2273.399 Thread 0x0000021094cc59f0 Unloading class 0x0000021096d38800 'jdk/internal/reflect/GeneratedMethodAccessor105'
Event: 2273.399 Thread 0x0000021094cc59f0 Unloading class 0x0000021096d38400 'jdk/internal/reflect/GeneratedMethodAccessor104'
Event: 2273.399 Thread 0x0000021094cc59f0 Unloading class 0x0000021096d36000 'jdk/internal/reflect/GeneratedMethodAccessor103'
Event: 2273.400 Thread 0x0000021094cc59f0 Unloading class 0x0000021096cf5000 'jdk/internal/reflect/GeneratedConstructorAccessor121'
Event: 2273.400 Thread 0x0000021094cc59f0 Unloading class 0x0000021096cf4c00 'jdk/internal/reflect/GeneratedConstructorAccessor120'

Classes redefined (0 events):
No events

Internal exceptions (20 events):
Event: 1121.049 Thread 0x00000210dcff6c50 Exception <a 'java/lang/NoClassDefFoundError'{0x0000000086d9ac50}: org/jooq/DSLContext> (0x0000000086d9ac50) 
thrown [s\src\hotspot\share\oops\constantPool.cpp, line 837]
Event: 1121.140 Thread 0x00000210dcff6c50 Exception <a 'sun/nio/fs/WindowsException'{0x0000000089c21b98}> (0x0000000089c21b98) 
thrown [s\src\hotspot\share\prims\jni.cpp, line 516]
Event: 1121.140 Thread 0x00000210dcff6c50 Exception <a 'sun/nio/fs/WindowsException'{0x0000000089c221a0}> (0x0000000089c221a0) 
thrown [s\src\hotspot\share\prims\jni.cpp, line 516]
Event: 1121.141 Thread 0x00000210dcff6c50 Exception <a 'sun/nio/fs/WindowsException'{0x0000000089c22878}> (0x0000000089c22878) 
thrown [s\src\hotspot\share\prims\jni.cpp, line 516]
Event: 1121.146 Thread 0x00000210dcff6c50 Exception <a 'java/io/FileNotFoundException'{0x0000000089c7b720}> (0x0000000089c7b720) 
thrown [s\src\hotspot\share\prims\jni.cpp, line 516]
Event: 1121.146 Thread 0x00000210dcff6c50 Exception <a 'java/io/FileNotFoundException'{0x0000000089c7cdd0}> (0x0000000089c7cdd0) 
thrown [s\src\hotspot\share\prims\jni.cpp, line 516]
Event: 1121.212 Thread 0x00000210dcff6c50 Exception <a 'sun/nio/fs/WindowsException'{0x00000000892a07e8}> (0x00000000892a07e8) 
thrown [s\src\hotspot\share\prims\jni.cpp, line 516]
Event: 1121.816 Thread 0x00000210dcff6c50 Exception <a 'java/lang/reflect/InvocationTargetException'{0x000000008691bd30}> (0x000000008691bd30) 
thrown [s\src\hotspot\share\runtime\reflection.cpp, line 1128]
Event: 1121.817 Thread 0x00000210dcff6c50 Exception <a 'java/lang/reflect/InvocationTargetException'{0x0000000086926710}> (0x0000000086926710) 
thrown [s\src\hotspot\share\runtime\reflection.cpp, line 1128]
Event: 1121.827 Thread 0x00000210dcff6c50 Exception <a 'java/io/FileNotFoundException'{0x000000008686bdb0}> (0x000000008686bdb0) 
thrown [s\src\hotspot\share\prims\jni.cpp, line 516]
Event: 1121.839 Thread 0x00000210dcff6c50 Exception <a 'java/lang/reflect/InvocationTargetException'{0x00000000866b2fa0}> (0x00000000866b2fa0) 
thrown [s\src\hotspot\share\runtime\reflection.cpp, line 1128]
Event: 1121.840 Thread 0x00000210dcff6c50 Exception <a 'java/lang/reflect/InvocationTargetException'{0x00000000866c5d10}> (0x00000000866c5d10) 
thrown [s\src\hotspot\share\runtime\reflection.cpp, line 1128]
Event: 1121.841 Thread 0x00000210dcff6c50 Exception <a 'java/lang/reflect/InvocationTargetException'{0x00000000866d0f40}> (0x00000000866d0f40) 
thrown [s\src\hotspot\share\runtime\reflection.cpp, line 1128]
Event: 1121.854 Thread 0x00000210dcff6c50 Exception <a 'java/lang/reflect/InvocationTargetException'{0x000000008643eaa0}> (0x000000008643eaa0) 
thrown [s\src\hotspot\share\runtime\reflection.cpp, line 1128]
Event: 1121.856 Thread 0x00000210dcff6c50 Exception <a 'java/lang/reflect/InvocationTargetException'{0x000000008644ec78}> (0x000000008644ec78) 
thrown [s\src\hotspot\share\runtime\reflection.cpp, line 1128]
Event: 1121.857 Thread 0x00000210dcff6c50 Exception <a 'java/lang/reflect/InvocationTargetException'{0x000000008645a7c8}> (0x000000008645a7c8) 
thrown [s\src\hotspot\share\runtime\reflection.cpp, line 1128]
Event: 1121.864 Thread 0x00000210dcff6c50 Exception <a 'java/lang/reflect/InvocationTargetException'{0x000000008636cc60}> (0x000000008636cc60) 
thrown [s\src\hotspot\share\runtime\reflection.cpp, line 1128]
Event: 1121.895 Thread 0x00000210dcff6c50 Exception <a 'java/lang/reflect/InvocationTargetException'{0x0000000089d7bde0}> (0x0000000089d7bde0) 
thrown [s\src\hotspot\share\runtime\reflection.cpp, line 1128]
Event: 1121.913 Thread 0x00000210dcff6c50 Exception <a 'sun/nio/fs/WindowsException'{0x0000000089bfa3e8}> (0x0000000089bfa3e8) 
thrown [s\src\hotspot\share\prims\jni.cpp, line 516]
Event: 2342.492 Thread 0x00000210dcff5d20 Exception <a 'java/lang/InterruptedException'{0x000000008925caf8}: sleep interrupted> (0x000000008925caf8) 
thrown [s\src\hotspot\share\prims\jvm.cpp, line 3064]

VM Operations (20 events):
Event: 1142.950 Executing VM operation: HandshakeAllThreads done
Event: 1249.438 Executing VM operation: G1CollectForAllocation
Event: 1249.454 Executing VM operation: G1CollectForAllocation done
Event: 1249.510 Executing VM operation: G1PauseRemark
Event: 1249.524 Executing VM operation: G1PauseRemark done
Event: 1249.546 Executing VM operation: G1PauseCleanup
Event: 1249.546 Executing VM operation: G1PauseCleanup done
Event: 1734.338 Executing VM operation: G1CollectForAllocation
Event: 1734.407 Executing VM operation: G1CollectForAllocation done
Event: 1767.503 Executing VM operation: G1CollectForAllocation
Event: 1767.516 Executing VM operation: G1CollectForAllocation done
Event: 2273.213 Executing VM operation: G1CollectForAllocation
Event: 2273.255 Executing VM operation: G1CollectForAllocation done
Event: 2273.395 Executing VM operation: G1PauseRemark
Event: 2273.567 Executing VM operation: G1PauseRemark done
Event: 2273.599 Executing VM operation: G1PauseCleanup
Event: 2273.631 Executing VM operation: G1PauseCleanup done
Event: 2342.186 Executing VM operation: Cleanup
Event: 2342.186 Executing VM operation: Cleanup done
Event: 2342.493 Executing VM operation: G1CollectFull

Events (20 events):
Event: 2342.150 Thread 0x00000210dd7099e0 Thread exited: 0x00000210dd7099e0
Event: 2342.150 Thread 0x00000210dcff7670 Thread exited: 0x00000210dcff7670
Event: 2342.151 Thread 0x00000210dd70b330 Thread added: 0x00000210dd70b330
Event: 2342.441 Thread 0x00000210dd70b840 Thread exited: 0x00000210dd70b840
Event: 2342.441 Thread 0x00000210dd70b330 Thread exited: 0x00000210dd70b330
Event: 2342.443 Thread 0x00000210dbab9e20 Thread exited: 0x00000210dbab9e20
Event: 2342.443 Thread 0x00000210dcff2a80 Thread exited: 0x00000210dcff2a80
Event: 2342.443 Thread 0x00000210dcff2060 Thread exited: 0x00000210dcff2060
Event: 2342.443 Thread 0x00000210dcff2f90 Thread exited: 0x00000210dcff2f90
Event: 2342.443 Thread 0x00000210dcff39b0 Thread exited: 0x00000210dcff39b0
Event: 2342.443 Thread 0x00000210dcff2570 Thread exited: 0x00000210dcff2570
Event: 2342.443 Thread 0x00000210dbab9910 Thread exited: 0x00000210dbab9910
Event: 2342.443 Thread 0x00000210dcff34a0 Thread exited: 0x00000210dcff34a0
Event: 2342.444 Thread 0x00000210dcff5300 Thread exited: 0x00000210dcff5300
Event: 2342.444 Thread 0x00000210dcff6230 Thread exited: 0x00000210dcff6230
Event: 2342.444 Thread 0x00000210dcff85a0 Thread exited: 0x00000210dcff85a0
Event: 2342.448 Thread 0x00000210dd7094d0 Thread added: 0x00000210dd7094d0
Event: 2342.449 Thread 0x00000210dcff3ec0 Thread exited: 0x00000210dcff3ec0
Event: 2342.486 Thread 0x00000210dd7094d0 Thread exited: 0x00000210dd7094d0
Event: 2342.492 Thread 0x00000210dcff5d20 Thread exited: 0x00000210dcff5d20


Dynamic libraries:
0x00007ff6ba720000 - 0x00007ff6ba72e000 	C:\Users\ASUS\.jdks\corretto-17.0.12\bin\java.exe
0x00007fffc4990000 - 0x00007fffc4b88000 	C:\Windows\SYSTEM32\ntdll.dll
0x00007fffc3120000 - 0x00007fffc31df000 	C:\Windows\System32\KERNEL32.DLL
0x00007fffc2210000 - 0x00007fffc24e2000 	C:\Windows\System32\KERNELBASE.dll
0x00007fffc2110000 - 0x00007fffc2210000 	C:\Windows\System32\ucrtbase.dll
0x00007fffbde90000 - 0x00007fffbdeab000 	C:\Users\ASUS\.jdks\corretto-17.0.12\bin\VCRUNTIME140.dll
0x00007fffbcce0000 - 0x00007fffbccf7000 	C:\Users\ASUS\.jdks\corretto-17.0.12\bin\jli.dll
0x00007fffc41e0000 - 0x00007fffc4381000 	C:\Windows\System32\USER32.dll
0x00007fffae9b0000 - 0x00007fffaec4a000 	C:\Windows\WinSxS\amd64_microsoft.windows.common-controls_6595b64144ccf1df_6.0.19041.1110_none_60b5254171f9507e\COMCTL32.dll
0x00007fffc2650000 - 0x00007fffc2672000 	C:\Windows\System32\win32u.dll
0x00007fffc4140000 - 0x00007fffc41de000 	C:\Windows\System32\msvcrt.dll
0x00007fffc3650000 - 0x00007fffc367b000 	C:\Windows\System32\GDI32.dll
0x00007fffc28c0000 - 0x00007fffc29cf000 	C:\Windows\System32\gdi32full.dll
0x00007fffc2680000 - 0x00007fffc271d000 	C:\Windows\System32\msvcp_win.dll
0x00007fffc4100000 - 0x00007fffc4132000 	C:\Windows\System32\IMM32.DLL
0x00007fffbde20000 - 0x00007fffbde2c000 	C:\Users\ASUS\.jdks\corretto-17.0.12\bin\vcruntime140_1.dll
0x00007fff929d0000 - 0x00007fff92a5d000 	C:\Users\ASUS\.jdks\corretto-17.0.12\bin\msvcp140.dll
0x00007fff8ebd0000 - 0x00007fff8f83a000 	C:\Users\ASUS\.jdks\corretto-17.0.12\bin\server\jvm.dll
0x00007fffc3fc0000 - 0x00007fffc406e000 	C:\Windows\System32\ADVAPI32.dll
0x00007fffc4840000 - 0x00007fffc48dc000 	C:\Windows\System32\sechost.dll
0x00007fffc4640000 - 0x00007fffc4765000 	C:\Windows\System32\RPCRT4.dll
0x00007fffc48e0000 - 0x00007fffc494b000 	C:\Windows\System32\WS2_32.dll
0x00007fffc1640000 - 0x00007fffc168b000 	C:\Windows\SYSTEM32\POWRPROF.dll
0x00007fffb86d0000 - 0x00007fffb86f7000 	C:\Windows\SYSTEM32\WINMM.dll
0x00007fffbc010000 - 0x00007fffbc01a000 	C:\Windows\SYSTEM32\VERSION.dll
0x00007fffc14c0000 - 0x00007fffc14d2000 	C:\Windows\SYSTEM32\UMPDC.dll
0x00007fffbff40000 - 0x00007fffbff52000 	C:\Windows\SYSTEM32\kernel.appcore.dll
0x00007fffbccd0000 - 0x00007fffbccda000 	C:\Users\ASUS\.jdks\corretto-17.0.12\bin\jimage.dll
0x00007fffab960000 - 0x00007fffabb44000 	C:\Windows\SYSTEM32\DBGHELP.DLL
0x00007fffaa590000 - 0x00007fffaa5c5000 	C:\Windows\SYSTEM32\dbgcore.DLL
0x00007fffc2080000 - 0x00007fffc2102000 	C:\Windows\System32\bcryptPrimitives.dll
0x00007fffbc6d0000 - 0x00007fffbc6de000 	C:\Users\ASUS\.jdks\corretto-17.0.12\bin\instrument.dll
0x00007fffb8700000 - 0x00007fffb8725000 	C:\Users\ASUS\.jdks\corretto-17.0.12\bin\java.dll
0x00007fff928f0000 - 0x00007fff929c7000 	C:\Users\ASUS\.jdks\corretto-17.0.12\bin\jsvml.dll
0x00007fffc29d0000 - 0x00007fffc3115000 	C:\Windows\System32\SHELL32.dll
0x00007fffc0140000 - 0x00007fffc08d2000 	C:\Windows\SYSTEM32\windows.storage.dll
0x00007fffc3680000 - 0x00007fffc39d5000 	C:\Windows\System32\combase.dll
0x00007fffc1ae0000 - 0x00007fffc1b10000 	C:\Windows\SYSTEM32\Wldp.dll
0x00007fffc3f00000 - 0x00007fffc3fad000 	C:\Windows\System32\SHCORE.dll
0x00007fffc3a70000 - 0x00007fffc3ac5000 	C:\Windows\System32\shlwapi.dll
0x00007fffc1fc0000 - 0x00007fffc1fdf000 	C:\Windows\SYSTEM32\profapi.dll
0x00007fffa63c0000 - 0x00007fffa63d8000 	C:\Users\ASUS\.jdks\corretto-17.0.12\bin\zip.dll
0x00007fffa6380000 - 0x00007fffa6399000 	C:\Users\ASUS\.jdks\corretto-17.0.12\bin\net.dll
0x00007fffb9d20000 - 0x00007fffb9e2c000 	C:\Windows\SYSTEM32\WINHTTP.dll
0x00007fffc1840000 - 0x00007fffc18aa000 	C:\Windows\system32\mswsock.dll
0x00007fffa2ef0000 - 0x00007fffa2f06000 	C:\Users\ASUS\.jdks\corretto-17.0.12\bin\nio.dll
0x00007fffa2e20000 - 0x00007fffa2e3a000 	D:\Java\IntelliJ IDEA 2024.1.4\bin\breakgen64.dll
0x00007fffbc6c0000 - 0x00007fffbc6c9000 	C:\Users\ASUS\.jdks\corretto-17.0.12\bin\extnet.dll
0x00007fffc1520000 - 0x00007fffc15eb000 	C:\Windows\SYSTEM32\DNSAPI.dll
0x00007fffc14e0000 - 0x00007fffc151b000 	C:\Windows\SYSTEM32\IPHLPAPI.DLL
0x00007fffc4090000 - 0x00007fffc4098000 	C:\Windows\System32\NSI.dll
0x00007fffbadc0000 - 0x00007fffbadca000 	C:\Windows\System32\rasadhlp.dll
0x00007fffb7ec0000 - 0x00007fffb7f40000 	C:\Windows\System32\fwpuclnt.dll
0x00007fffc2720000 - 0x00007fffc2747000 	C:\Windows\System32\bcrypt.dll
0x00007fffb5a40000 - 0x00007fffb5a49000 	C:\Users\ASUS\.jdks\corretto-17.0.12\bin\management.dll
0x00007fffa83b0000 - 0x00007fffa83bb000 	C:\Users\ASUS\.jdks\corretto-17.0.12\bin\management_ext.dll
0x00007fffc3ef0000 - 0x00007fffc3ef8000 	C:\Windows\System32\PSAPI.DLL
0x00007fffc1a30000 - 0x00007fffc1a48000 	C:\Windows\SYSTEM32\CRYPTSP.dll
0x00007fffc10f0000 - 0x00007fffc1124000 	C:\Windows\system32\rsaenh.dll
0x00007fffc1f80000 - 0x00007fffc1fae000 	C:\Windows\SYSTEM32\USERENV.dll
0x00007fffc1a50000 - 0x00007fffc1a5c000 	C:\Windows\SYSTEM32\CRYPTBASE.dll
0x00007fffba0b0000 - 0x00007fffba0c7000 	C:\Windows\SYSTEM32\dhcpcsvc6.DLL
0x00007fffbae30000 - 0x00007fffbae4d000 	C:\Windows\SYSTEM32\dhcpcsvc.DLL
0x00007fffa9dd0000 - 0x00007fffa9de7000 	C:\Windows\system32\napinsp.dll
0x00007fffa8370000 - 0x00007fffa838b000 	C:\Windows\system32\pnrpnsp.dll
0x00007fffbb7d0000 - 0x00007fffbb7e5000 	C:\Windows\system32\wshbth.dll
0x00007fffbdd00000 - 0x00007fffbdd1d000 	C:\Windows\system32\NLAapi.dll
0x00007fffa8060000 - 0x00007fffa8072000 	C:\Windows\System32\winrnr.dll
0x00007fffa6370000 - 0x00007fffa6380000 	C:\Users\ASUS\.jdks\corretto-17.0.12\bin\verify.dll
0x00007fffa3410000 - 0x00007fffa341e000 	C:\Users\ASUS\.jdks\corretto-17.0.12\bin\sunmscapi.dll
0x00007fffc24f0000 - 0x00007fffc2646000 	C:\Windows\System32\CRYPT32.dll
0x00007fffc1b50000 - 0x00007fffc1b77000 	C:\Windows\SYSTEM32\ncrypt.dll
0x00007fffc1b10000 - 0x00007fffc1b4b000 	C:\Windows\SYSTEM32\NTASN1.dll
0x00007fff94b70000 - 0x00007fff94b77000 	C:\Windows\system32\wshunix.dll

dbghelp: loaded successfully - version: 4.0.5 - missing functions: none
symbol engine: initialized successfully - sym options: 0x614 - pdb path: .;C:\Users\ASUS\.jdks\corretto-17.0.12\bin;C:\Windows\SYSTEM32;C:\Windows\WinSxS\amd64_microsoft.windows.common-controls_6595b64144ccf1df_6.0.19041.1110_none_60b5254171f9507e;C:\Users\ASUS\.jdks\corretto-17.0.12\bin\server;D:\Java\IntelliJ IDEA 2024.1.4\bin

VM Arguments:
jvm_args: -XX:TieredStopAtLevel=1 -Dspring.output.ansi.enabled=always -Dcom.sun.management.jmxremote -Dspring.jmx.enabled=true -Dspring.liveBeansView.mbeanDomain -Dspring.application.admin.enabled=true -Dmanagement.endpoints.jmx.exposure.include=* -javaagent:D:\Java\IntelliJ IDEA 2024.1.4\lib\idea_rt.jar=53463:D:\Java\IntelliJ IDEA 2024.1.4\bin -Dfile.encoding=UTF-8 
java_command: com.example.auction_management.AuctionManagementApplication
java_class_path (initial): D:\codegym\case_study_6_back_end\Auction_Website_System\auction_website_system\auction_management\build\classes\java\main;D:\codegym\case_study_6_back_end\Auction_Website_System\auction_website_system\auction_management\build\resources\main;C:\Users\ASUS\.gradle\caches\modules-2\files-2.1\org.projectlombok\lombok\1.18.36\5a30490a6e14977d97d9c73c924c1f1b5311ea95\lombok-1.18.36.jar;C:\Users\ASUS\.gradle\caches\modules-2\files-2.1\org.springframework.boot\spring-boot-starter-data-jpa\3.4.3\29c90fec6e887dc01df09ea4c3548b5a04b7afb4\spring-boot-starter-data-jpa-3.4.3.jar;C:\Users\ASUS\.gradle\caches\modules-2\files-2.1\org.springframework.boot\spring-boot-starter-thymeleaf\3.4.3\6bbf0643625e924632407b3b659c2a1bbff0bd4e\spring-boot-starter-thymeleaf-3.4.3.jar;C:\Users\ASUS\.gradle\caches\modules-2\files-2.1\org.springframework.boot\spring-boot-starter-websocket\3.4.3\39f9ff32f35e9cd0937969ea3af3ddf59090dc7b\spring-boot-starter-websocket-3.4.3.jar;C:\Users\ASUS\.gradle\caches\modules-2\files-2.1\org.springframework.boot\spring-boot-starter-web\3.4.3\87e7a401e7d249fefc7f372f5681e8620234624c\spring-boot-starter-web-3.4.3.jar;C:\Users\ASUS\.gradle\caches\modules-2\files-2.1\org.springframework.boot\spring-boot-starter-mail\3.4.3\e9f326755180984e7166c829c48552f12762e596\spring-boot-starter-mail-3.4.3.jar;C:\Users\ASUS\.gradle\caches\modules-2\files-2.1\org.apache.poi\poi-ooxml\5.2.3\2efd11c940adb18c03eb9ce7ad88fc40ee6a196\poi-ooxml-5.2.3.jar;C:\Users\ASUS\.gradle\caches\modules-2\files-2.1\org.apache.poi\poi\5.2.3\2fb22ae74ad5aea6af1a9c64b9542f2ccf348604\poi-5.2.3.jar;C:\Users\ASUS\.gradle\caches\modules-2\files-2.1\org.springframework.boot\spring-boot-starter-validation\3.4.3\cbbea0ff19a55bc84926a04be99045c7eba2420\spring-boot-starter-validation-3.4.3.jar;C:\Users\ASUS\.gradle\caches\modules-2\files-2.1\com.paypal.sdk\rest-api-sdk\1.14.0\9f226d6034f4b30f7f05e1d44093729ee0a08767\rest-api-sdk-1.14.0.jar;C:\Users\ASUS\.gradle\caches\modules-2\files-2.
Launcher Type: SUN_STANDARD

[Global flags]
     intx CICompilerCount                          = 3                                         {product} {ergonomic}
     uint ConcGCThreads                            = 1                                         {product} {ergonomic}
     uint G1ConcRefinementThreads                  = 4                                         {product} {ergonomic}
   size_t G1HeapRegionSize                         = 1048576                                   {product} {ergonomic}
    uintx GCDrainStackTargetSize                   = 64                                        {product} {ergonomic}
   size_t InitialHeapSize                          = 134217728                                 {product} {ergonomic}
     bool ManagementServer                         = true                                      {product} {command line}
   size_t MarkStackSize                            = 4194304                                   {product} {ergonomic}
   size_t MaxHeapSize                              = 2118123520                                {product} {ergonomic}
   size_t MaxNewSize                               = 1270874112                                {product} {ergonomic}
   size_t MinHeapDeltaBytes                        = 1048576                                   {product} {ergonomic}
   size_t MinHeapSize                              = 8388608                                   {product} {ergonomic}
    uintx NonProfiledCodeHeapSize                  = 0                                      {pd product} {ergonomic}
     bool ProfileInterpreter                       = false                                  {pd product} {command line}
    uintx ProfiledCodeHeapSize                     = 0                                      {pd product} {ergonomic}
   size_t SoftMaxHeapSize                          = 2118123520                             {manageable} {ergonomic}
     intx TieredStopAtLevel                        = 1                                         {product} {command line}
     bool UseCompressedClassPointers               = true                           {product lp64_product} {ergonomic}
     bool UseCompressedOops                        = true                           {product lp64_product} {ergonomic}
     bool UseG1GC                                  = true                                      {product} {ergonomic}
     bool UseLargePagesIndividualAllocation        = false                                  {pd product} {ergonomic}

Logging:
Log output configuration:
 #0: stdout all=warning uptime,level,tags
 #1: stderr all=off uptime,level,tags

Environment Variables:
PATH=C:\Python313\Scripts\;C:\Python313\;C:\Windows\system32;C:\Windows;C:\Windows\System32\Wbem;C:\Windows\System32\WindowsPowerShell\v1.0\;C:\Windows\System32\OpenSSH\;C:\Program Files\Git\cmd;C:\ProgramData\chocolatey\bin;C:\Users\ASUS\AppData\Local\nvm;C:\nvm4w\nodejs;D:\JAVA FULL STACK\;C:\Program Files\MySQL\MySQL Shell 8.0\bin\;C:\Users\ASUS\AppData\Local\Microsoft\WindowsApps;D:\WebStorm 2024.1.5\bin;;C:\Users\ASUS\AppData\Local\nvm;C:\nvm4w\nodejs;C:\Users\ASUS\AppData\Roaming\npm
USERNAME=ASUS
OS=Windows_NT
PROCESSOR_IDENTIFIER=Intel64 Family 6 Model 158 Stepping 9, GenuineIntel
TMP=C:\Users\ASUS\AppData\Local\Temp
TEMP=C:\Users\ASUS\AppData\Local\Temp



Periodic native trim disabled


---------------  S Y S T E M  ---------------

OS:
 Windows 10 , 64 bit Build 19041 (10.0.19041.2546)
OS uptime: 0 days 4:14 hours

CPU: total 4 (initial active 4) (4 cores per cpu, 1 threads per core) family 6 model 158 stepping 9 microcode 0xb4, cx8, cmov, fxsr, mmx, 3dnowpref, sse, sse2, sse3, ssse3, sse4.1, sse4.2, popcnt, lzcnt, tsc, tscinvbit, avx, avx2, aes, erms, clmul, bmi1, bmi2, adx, fma, vzeroupper, clflush, clflushopt
Processor Information for all 4 processors :
  Max Mhz: 2501, Current Mhz: 2501, Mhz Limit: 2501

Memory: 4k page, system-wide physical 8076M (549M free)
TotalPageFile size 16542M (AvailPageFile size 4M)
current process WorkingSet (physical memory assigned to process): 256M, peak: 311M
current process commit charge ("private bytes"): 376M, peak: 486M

vm_info: OpenJDK 64-Bit Server VM (17.0.12+7-LTS) for windows-amd64 JRE (17.0.12+7-LTS), built on Jul 10 2024 20:46:33 by "Administrator" with MS VC++ 16.10 / 16.11 (VS2019)

END.
