#
# There is insufficient memory for the Java Runtime Environment to continue.
# Native memory allocation (malloc) failed to allocate 969424 bytes. Error detail: Chunk::new
# Possible reasons:
#   The system is out of physical RAM or swap space
#   This process is running with CompressedOops enabled, and the Java Heap may be blocking the growth of the native heap
# Possible solutions:
#   Reduce memory load on the system
#   Increase physical memory or swap space
#   Check if swap backing store is full
#   Decrease Java heap size (-Xmx/-Xms)
#   Decrease number of Java threads
#   Decrease Java thread stack sizes (-Xss)
#   Set larger code cache with -XX:ReservedCodeCacheSize=
#   JVM is running with Unscaled Compressed Oops mode in which the Java heap is
#     placed in the first 4GB address space. The Java Heap base address is the
#     maximum limit for the native heap growth. Please use -XX:HeapBaseMinAddress
#     to set the Java Heap base and to place the Java Heap above 4GB virtual address.
# This output file may be truncated or incomplete.
#
#  Out of Memory Error (arena.cpp:150), pid=2916, tid=5660
#
# JRE version: OpenJDK Runtime Environment (22.0.2+9) (build 22.0.2+9-70)
# Java VM: OpenJDK 64-Bit Server VM (22.0.2+9-70, mixed mode, sharing, tiered, compressed oops, compressed class ptrs, g1 gc, windows-amd64)
# No core dump will be written. Minidumps are not enabled by default on client versions of Windows
#

---------------  S U M M A R Y ------------

Command Line: --add-opens=java.base/java.lang=ALL-UNNAMED --add-opens=java.base/java.lang.invoke=ALL-UNNAMED --add-opens=java.base/java.util=ALL-UNNAMED --add-opens=java.prefs/java.util.prefs=ALL-UNNAMED --add-exports=jdk.compiler/com.sun.tools.javac.api=ALL-UNNAMED --add-exports=jdk.compiler/com.sun.tools.javac.util=ALL-UNNAMED --add-opens=java.base/java.util=ALL-UNNAMED --add-opens=java.prefs/java.util.prefs=ALL-UNNAMED --add-opens=java.base/java.nio.charset=ALL-UNNAMED --add-opens=java.base/java.net=ALL-UNNAMED --add-opens=java.base/java.util.concurrent.atomic=ALL-UNNAMED --add-opens=java.xml/javax.xml.namespace=ALL-UNNAMED -XX:MaxMetaspaceSize=384m -XX:+HeapDumpOnOutOfMemoryError -Xms256m -Xmx512m -Dfile.encoding=windows-1252 -Duser.country=US -Duser.language=en -Duser.variant -javaagent:C:\Users\ASUS\.gradle\wrapper\dists\gradle-8.12.1-bin\eumc4uhoysa37zql93vfjkxy0\gradle-8.12.1\lib\agents\gradle-instrumentation-agent-8.12.1.jar org.gradle.launcher.daemon.bootstrap.GradleDaemon 8.12.1

Host: Intel(R) Core(TM) i5-7300HQ CPU @ 2.50GHz, 4 cores, 7G,  Windows 10 , 64 bit Build 19041 (10.0.19041.2546)
Time: Sun Mar 16 20:42:54 2025 SE Asia Standard Time elapsed time: 29.600291 seconds (0d 0h 0m 29s)

---------------  T H R E A D  ---------------

Current thread (0x000002853c456020):  JavaThread "C2 CompilerThread0" daemon [_thread_in_native, id=5660, stack(0x000000ce4c400000,0x000000ce4c500000) (1024K)]


Current CompileTask:
C2:29600 6437       4       org.objectweb.asm.MethodWriter::computeAllFrames (510 bytes)

Stack: [0x000000ce4c400000,0x000000ce4c500000]
Native frames: (J=compiled Java code, j=interpreted, Vv=VM code, C=native code)
V  [jvm.dll+0x6e26e9]  (no source info available)
V  [jvm.dll+0x875753]  (no source info available)
V  [jvm.dll+0x877b7e]  (no source info available)
V  [jvm.dll+0x878253]  (no source info available)
V  [jvm.dll+0x27fc86]  (no source info available)
V  [jvm.dll+0xc3d0f]  (no source info available)
V  [jvm.dll+0xc3f6b]  (no source info available)
V  [jvm.dll+0x3bb47c]  (no source info available)
V  [jvm.dll+0x1df6ae]  (no source info available)
V  [jvm.dll+0x24793c]  (no source info available)
V  [jvm.dll+0x246e9f]  (no source info available)
V  [jvm.dll+0x1c4e80]  (no source info available)
V  [jvm.dll+0x2568f3]  (no source info available)
V  [jvm.dll+0x254baa]  (no source info available)
V  [jvm.dll+0x3f57a6]  (no source info available)
V  [jvm.dll+0x81dc0b]  (no source info available)
V  [jvm.dll+0x6e0d85]  (no source info available)
C  [ucrtbase.dll+0x21bb2]  (no source info available)
C  [KERNEL32.DLL+0x17614]  (no source info available)
C  [ntdll.dll+0x526a1]  (no source info available)


---------------  P R O C E S S  ---------------

Threads class SMR info:
_java_thread_list=0x000002855635b680, length=47, elements={
0x000002851ff92fc0, 0x000002853c44e380, 0x000002853c4510a0, 0x000002853c453370,
0x000002853c453dd0, 0x000002853c454830, 0x000002853c455290, 0x000002853c456020,
0x000002853c588070, 0x000002853c41f5d0, 0x000002853c893990, 0x000002855799f340,
0x0000028556ec15f0, 0x0000028556097a50, 0x0000028557211080, 0x0000028557213ad0,
0x0000028557214800, 0x000002853c65cc50, 0x00000285560b69d0, 0x00000285560b9e50,
0x00000285560b9130, 0x00000285560b8410, 0x00000285560b7060, 0x00000285560b97c0,
0x00000285560b76f0, 0x00000285560b8aa0, 0x000002855954eb60, 0x0000028559547bd0,
0x000002855954d120, 0x000002855954de40, 0x000002855954bd70, 0x000002855954f1f0,
0x0000028559548260, 0x000002855954ca90, 0x000002855954a9c0, 0x00000285595488f0,
0x0000028559548f80, 0x000002855954b6e0, 0x000002855954d7b0, 0x0000028557cffe60,
0x0000028557cfdd90, 0x0000028557d00b80, 0x0000028557cff7d0, 0x0000028557cfeab0,
0x0000028557cfe420, 0x0000028557cff140, 0x0000028557d004f0
}

Java Threads: ( => current thread )
  0x000002851ff92fc0 JavaThread "main"                              [_thread_blocked, id=7936, stack(0x000000ce4b500000,0x000000ce4b600000) (1024K)]
  0x000002853c44e380 JavaThread "Reference Handler"          daemon [_thread_blocked, id=1048, stack(0x000000ce4be00000,0x000000ce4bf00000) (1024K)]
  0x000002853c4510a0 JavaThread "Finalizer"                  daemon [_thread_blocked, id=3784, stack(0x000000ce4bf00000,0x000000ce4c000000) (1024K)]
  0x000002853c453370 JavaThread "Signal Dispatcher"          daemon [_thread_blocked, id=2532, stack(0x000000ce4c000000,0x000000ce4c100000) (1024K)]
  0x000002853c453dd0 JavaThread "Attach Listener"            daemon [_thread_blocked, id=11216, stack(0x000000ce4c100000,0x000000ce4c200000) (1024K)]
  0x000002853c454830 JavaThread "Service Thread"             daemon [_thread_blocked, id=12992, stack(0x000000ce4c200000,0x000000ce4c300000) (1024K)]
  0x000002853c455290 JavaThread "Monitor Deflation Thread"   daemon [_thread_blocked, id=5096, stack(0x000000ce4c300000,0x000000ce4c400000) (1024K)]
=>0x000002853c456020 JavaThread "C2 CompilerThread0"         daemon [_thread_in_native, id=5660, stack(0x000000ce4c400000,0x000000ce4c500000) (1024K)]
  0x000002853c588070 JavaThread "C1 CompilerThread0"         daemon [_thread_blocked, id=8716, stack(0x000000ce4c500000,0x000000ce4c600000) (1024K)]
  0x000002853c41f5d0 JavaThread "Common-Cleaner"             daemon [_thread_blocked, id=11388, stack(0x000000ce4c600000,0x000000ce4c700000) (1024K)]
  0x000002853c893990 JavaThread "Notification Thread"        daemon [_thread_blocked, id=3660, stack(0x000000ce4c700000,0x000000ce4c800000) (1024K)]
  0x000002855799f340 JavaThread "Daemon health stats"               [_thread_blocked, id=6216, stack(0x000000ce4cb00000,0x000000ce4cc00000) (1024K)]
  0x0000028556ec15f0 JavaThread "Incoming local TCP Connector on port 63597"        [_thread_in_native, id=8180, stack(0x000000ce4cc00000,0x000000ce4cd00000) (1024K)]
  0x0000028556097a50 JavaThread "Daemon periodic checks"            [_thread_blocked, id=13084, stack(0x000000ce4cd00000,0x000000ce4ce00000) (1024K)]
  0x0000028557211080 JavaThread "Daemon"                            [_thread_blocked, id=10340, stack(0x000000ce4ce00000,0x000000ce4cf00000) (1024K)]
  0x0000028557213ad0 JavaThread "Handler for socket connection from /127.0.0.1:63597 to /127.0.0.1:63598"        [_thread_in_native, id=8944, stack(0x000000ce4cf00000,0x000000ce4d000000) (1024K)]
  0x0000028557214800 JavaThread "Cancel handler"                    [_thread_blocked, id=9172, stack(0x000000ce4d000000,0x000000ce4d100000) (1024K)]
  0x000002853c65cc50 JavaThread "Daemon worker"                     [_thread_in_native, id=9380, stack(0x000000ce4d100000,0x000000ce4d200000) (1024K)]
  0x00000285560b69d0 JavaThread "Asynchronous log dispatcher for DefaultDaemonConnection: socket connection from /127.0.0.1:63597 to /127.0.0.1:63598"        [_thread_blocked, id=10644, stack(0x000000ce4d200000,0x000000ce4d300000) (1024K)]
  0x00000285560b9e50 JavaThread "Stdin handler"                     [_thread_blocked, id=13048, stack(0x000000ce4d300000,0x000000ce4d400000) (1024K)]
  0x00000285560b9130 JavaThread "Daemon client event forwarder"        [_thread_blocked, id=14144, stack(0x000000ce4d400000,0x000000ce4d500000) (1024K)]
  0x00000285560b8410 JavaThread "Cache worker for journal cache (C:\Users\ASUS\.gradle\caches\journal-1)"        [_thread_blocked, id=5996, stack(0x000000ce4d500000,0x000000ce4d600000) (1024K)]
  0x00000285560b7060 JavaThread "File lock request listener"        [_thread_in_native, id=9592, stack(0x000000ce4d600000,0x000000ce4d700000) (1024K)]
  0x00000285560b97c0 JavaThread "File lock release action executor"        [_thread_blocked, id=10604, stack(0x000000ce4d700000,0x000000ce4d800000) (1024K)]
  0x00000285560b76f0 JavaThread "Cache worker for file hash cache (C:\Users\ASUS\.gradle\caches\8.12.1\fileHashes)"        [_thread_blocked, id=1992, stack(0x000000ce4d800000,0x000000ce4d900000) (1024K)]
  0x00000285560b8aa0 JavaThread "Cache worker for file hash cache (D:\codegym\case_study_6_back_end\Auction_Website_System\auction_website_system\auction_management\.gradle\8.12.1\fileHashes)"        [_thread_blocked, id=12824, stack(0x000000ce4d900000,0x000000ce4da00000) (1024K)]
  0x000002855954eb60 JavaThread "Cache worker for Build Output Cleanup Cache (D:\codegym\case_study_6_back_end\Auction_Website_System\auction_website_system\auction_management\.gradle\buildOutputCleanup)"        [_thread_blocked, id=14076, stack(0x000000ce4da00000,0x000000ce4db00000) (1024K)]
  0x0000028559547bd0 JavaThread "File watcher server"        daemon [_thread_in_native, id=360, stack(0x000000ce4db00000,0x000000ce4dc00000) (1024K)]
  0x000002855954d120 JavaThread "File watcher consumer"      daemon [_thread_blocked, id=8880, stack(0x000000ce4dc00000,0x000000ce4dd00000) (1024K)]
  0x000002855954de40 JavaThread "jar transforms"                    [_thread_blocked, id=6572, stack(0x000000ce4dd00000,0x000000ce4de00000) (1024K)]
  0x000002855954bd70 JavaThread "jar transforms Thread 2"           [_thread_blocked, id=12376, stack(0x000000ce4de00000,0x000000ce4df00000) (1024K)]
  0x000002855954f1f0 JavaThread "Cache worker for checksums cache (D:\codegym\case_study_6_back_end\Auction_Website_System\auction_website_system\auction_management\.gradle\8.12.1\checksums)"        [_thread_blocked, id=13856, stack(0x000000ce4e000000,0x000000ce4e100000) (1024K)]
  0x0000028559548260 JavaThread "Cache worker for file content cache (C:\Users\ASUS\.gradle\caches\8.12.1\fileContent)"        [_thread_blocked, id=9020, stack(0x000000ce4e100000,0x000000ce4e200000) (1024K)]
  0x000002855954ca90 JavaThread "jar transforms Thread 3"           [_thread_blocked, id=2376, stack(0x000000ce4df00000,0x000000ce4e000000) (1024K)]
  0x000002855954a9c0 JavaThread "jar transforms Thread 4"           [_thread_blocked, id=1976, stack(0x000000ce4e200000,0x000000ce4e300000) (1024K)]
  0x00000285595488f0 JavaThread "Cache worker for cache directory md-rule (C:\Users\ASUS\.gradle\caches\8.12.1\md-rule)"        [_thread_blocked, id=6336, stack(0x000000ce4e300000,0x000000ce4e400000) (1024K)]
  0x0000028559548f80 JavaThread "Cache worker for cache directory md-supplier (C:\Users\ASUS\.gradle\caches\8.12.1\md-supplier)"        [_thread_blocked, id=1508, stack(0x000000ce4e400000,0x000000ce4e500000) (1024K)]
  0x000002855954b6e0 JavaThread "Unconstrained build operations"        [_thread_blocked, id=5476, stack(0x000000ce4e500000,0x000000ce4e600000) (1024K)]
  0x000002855954d7b0 JavaThread "Unconstrained build operations Thread 2"        [_thread_blocked, id=1348, stack(0x000000ce4e600000,0x000000ce4e700000) (1024K)]
  0x0000028557cffe60 JavaThread "Unconstrained build operations Thread 3"        [_thread_blocked, id=14304, stack(0x000000ce4e700000,0x000000ce4e800000) (1024K)]
  0x0000028557cfdd90 JavaThread "Unconstrained build operations Thread 4"        [_thread_blocked, id=11032, stack(0x000000ce4e800000,0x000000ce4e900000) (1024K)]
  0x0000028557d00b80 JavaThread "Unconstrained build operations Thread 5"        [_thread_blocked, id=6800, stack(0x000000ce4e900000,0x000000ce4ea00000) (1024K)]
  0x0000028557cff7d0 JavaThread "Unconstrained build operations Thread 6"        [_thread_blocked, id=12876, stack(0x000000ce4ea00000,0x000000ce4eb00000) (1024K)]
  0x0000028557cfeab0 JavaThread "Unconstrained build operations Thread 7"        [_thread_blocked, id=12844, stack(0x000000ce4eb00000,0x000000ce4ec00000) (1024K)]
  0x0000028557cfe420 JavaThread "Unconstrained build operations Thread 8"        [_thread_blocked, id=2484, stack(0x000000ce4ec00000,0x000000ce4ed00000) (1024K)]
  0x0000028557cff140 JavaThread "Unconstrained build operations Thread 9"        [_thread_blocked, id=10864, stack(0x000000ce4ed00000,0x000000ce4ee00000) (1024K)]
  0x0000028557d004f0 JavaThread "Memory manager"                    [_thread_blocked, id=9508, stack(0x000000ce4ee00000,0x000000ce4ef00000) (1024K)]
Total: 47

Other Threads:
  0x000002853c4341c0 VMThread "VM Thread"                           [id=10272, stack(0x000000ce4bd00000,0x000000ce4be00000) (1024K)]
  0x000002853c41c850 WatcherThread "VM Periodic Task Thread"        [id=128, stack(0x000000ce4bc00000,0x000000ce4bd00000) (1024K)]
  0x000002852221b1b0 WorkerThread "GC Thread#0"                     [id=1156, stack(0x000000ce4b700000,0x000000ce4b800000) (1024K)]
  0x000002853c8b8200 WorkerThread "GC Thread#1"                     [id=8756, stack(0x000000ce4c800000,0x000000ce4c900000) (1024K)]
  0x000002853c8b85b0 WorkerThread "GC Thread#2"                     [id=3904, stack(0x000000ce4c900000,0x000000ce4ca00000) (1024K)]
  0x000002853c8bc970 WorkerThread "GC Thread#3"                     [id=6816, stack(0x000000ce4ca00000,0x000000ce4cb00000) (1024K)]
  0x000002852221ff50 ConcurrentGCThread "G1 Main Marker"            [id=8512, stack(0x000000ce4b800000,0x000000ce4b900000) (1024K)]
  0x0000028522220810 WorkerThread "G1 Conc#0"                       [id=10496, stack(0x000000ce4b900000,0x000000ce4ba00000) (1024K)]
  0x00000285222be550 ConcurrentGCThread "G1 Refine#0"               [id=12536, stack(0x000000ce4ba00000,0x000000ce4bb00000) (1024K)]
  0x000002853c2f11a0 ConcurrentGCThread "G1 Service"                [id=13392, stack(0x000000ce4bb00000,0x000000ce4bc00000) (1024K)]
Total: 10

Threads with active compile tasks:
C2 CompilerThread0  29687 6437       4       org.objectweb.asm.MethodWriter::computeAllFrames (510 bytes)
Total: 1

VM state: not at safepoint (normal execution)

VM Mutex/Monitor currently owned by a thread: None

Heap address: 0x00000000e0000000, size: 512 MB, Compressed Oops mode: 32-bit

CDS archive(s) mapped at: [0x000002853d000000-0x000002853dc60000-0x000002853dc60000), size 12976128, SharedBaseAddress: 0x000002853d000000, ArchiveRelocationMode: 1.
Compressed class space mapped at: 0x000002853e000000-0x0000028552000000, reserved size: 335544320
Narrow klass base: 0x000002853d000000, Narrow klass shift: 0, Narrow klass range: 0x15000000

GC Precious Log:
 CardTable entry size: 512
 Card Set container configuration: InlinePtr #cards 5 size 8 Array Of Cards #cards 12 size 40 Howl #buckets 4 coarsen threshold 1843 Howl Bitmap #cards 512 size 80 coarsen threshold 460 Card regions per heap region 1 cards per card region 2048
 CPUs: 4 total, 4 available
 Memory: 8076M
 Large Page Support: Disabled
 NUMA Support: Disabled
 Compressed Oops: Enabled (32-bit)
 Heap Region Size: 1M
 Heap Min Capacity: 256M
 Heap Initial Capacity: 256M
 Heap Max Capacity: 512M
 Pre-touch: Disabled
 Parallel Workers: 4
 Concurrent Workers: 1
 Concurrent Refinement Workers: 4
 Periodic GC: Disabled

Heap:
 garbage-first heap   total reserved 524288K, committed 262144K, used 93427K [0x00000000e0000000, 0x0000000100000000)
  region size 1024K, 61 young (62464K), 6 survivors (6144K)
 Metaspace       used 52277K, committed 54208K, reserved 393216K
  class space    used 7681K, committed 8640K, reserved 327680K

Heap Regions: E=young(eden), S=young(survivor), O=old, HS=humongous(starts), HC=humongous(continues), CS=collection set, F=free, TAMS=top-at-mark-start, PB=parsable bottom
|   0|0x00000000e0000000, 0x00000000e0100000, 0x00000000e0100000|100%|HS|  |TAMS 0x00000000e0000000| PB 0x00000000e0000000| Complete |  0
|   1|0x00000000e0100000, 0x00000000e0200000, 0x00000000e0200000|100%|HC|  |TAMS 0x00000000e0100000| PB 0x00000000e0100000| Complete |  0
|   2|0x00000000e0200000, 0x00000000e0300000, 0x00000000e0300000|100%|HC|  |TAMS 0x00000000e0200000| PB 0x00000000e0200000| Complete |  0
|   3|0x00000000e0300000, 0x00000000e0400000, 0x00000000e0400000|100%| O|  |TAMS 0x00000000e0300000| PB 0x00000000e0300000| Untracked |  0
|   4|0x00000000e0400000, 0x00000000e0500000, 0x00000000e0500000|100%| O|  |TAMS 0x00000000e0400000| PB 0x00000000e0400000| Untracked |  0
|   5|0x00000000e0500000, 0x00000000e0600000, 0x00000000e0600000|100%| O|  |TAMS 0x00000000e0500000| PB 0x00000000e0500000| Untracked |  0
|   6|0x00000000e0600000, 0x00000000e0700000, 0x00000000e0700000|100%|HS|  |TAMS 0x00000000e0600000| PB 0x00000000e0600000| Complete |  0
|   7|0x00000000e0700000, 0x00000000e0800000, 0x00000000e0800000|100%| O|  |TAMS 0x00000000e0700000| PB 0x00000000e0700000| Untracked |  0
|   8|0x00000000e0800000, 0x00000000e0900000, 0x00000000e0900000|100%| O|  |TAMS 0x00000000e0800000| PB 0x00000000e0800000| Untracked |  0
|   9|0x00000000e0900000, 0x00000000e0a00000, 0x00000000e0a00000|100%| O|  |TAMS 0x00000000e0900000| PB 0x00000000e0900000| Untracked |  0
|  10|0x00000000e0a00000, 0x00000000e0b00000, 0x00000000e0b00000|100%| O|  |TAMS 0x00000000e0a00000| PB 0x00000000e0a00000| Untracked |  0
|  11|0x00000000e0b00000, 0x00000000e0c00000, 0x00000000e0c00000|100%| O|  |TAMS 0x00000000e0b00000| PB 0x00000000e0b00000| Untracked |  0
|  12|0x00000000e0c00000, 0x00000000e0d00000, 0x00000000e0d00000|100%| O|  |TAMS 0x00000000e0c00000| PB 0x00000000e0c00000| Untracked |  0
|  13|0x00000000e0d00000, 0x00000000e0e00000, 0x00000000e0e00000|100%| O|  |TAMS 0x00000000e0d00000| PB 0x00000000e0d00000| Untracked |  0
|  14|0x00000000e0e00000, 0x00000000e0f00000, 0x00000000e0f00000|100%| O|  |TAMS 0x00000000e0e00000| PB 0x00000000e0e00000| Untracked |  0
|  15|0x00000000e0f00000, 0x00000000e1000000, 0x00000000e1000000|100%| O|  |TAMS 0x00000000e0f00000| PB 0x00000000e0f00000| Untracked |  0
|  16|0x00000000e1000000, 0x00000000e1100000, 0x00000000e1100000|100%| O|  |TAMS 0x00000000e1000000| PB 0x00000000e1000000| Untracked |  0
|  17|0x00000000e1100000, 0x00000000e1200000, 0x00000000e1200000|100%| O|  |TAMS 0x00000000e1100000| PB 0x00000000e1100000| Untracked |  0
|  18|0x00000000e1200000, 0x00000000e1300000, 0x00000000e1300000|100%| O|  |TAMS 0x00000000e1200000| PB 0x00000000e1200000| Untracked |  0
|  19|0x00000000e1300000, 0x00000000e1400000, 0x00000000e1400000|100%| O|  |TAMS 0x00000000e1300000| PB 0x00000000e1300000| Untracked |  0
|  20|0x00000000e1400000, 0x00000000e1500000, 0x00000000e1500000|100%| O|  |TAMS 0x00000000e1400000| PB 0x00000000e1400000| Untracked |  0
|  21|0x00000000e1500000, 0x00000000e1600000, 0x00000000e1600000|100%| O|  |TAMS 0x00000000e1500000| PB 0x00000000e1500000| Untracked |  0
|  22|0x00000000e1600000, 0x00000000e1700000, 0x00000000e1700000|100%| O|Cm|TAMS 0x00000000e1600000| PB 0x00000000e1600000| Complete |  0
|  23|0x00000000e1700000, 0x00000000e1700000, 0x00000000e1800000|  0%| F|  |TAMS 0x00000000e1700000| PB 0x00000000e1700000| Untracked |  0
|  24|0x00000000e1800000, 0x00000000e1800000, 0x00000000e1900000|  0%| F|  |TAMS 0x00000000e1800000| PB 0x00000000e1800000| Untracked |  0
|  25|0x00000000e1900000, 0x00000000e1a00000, 0x00000000e1a00000|100%| O|  |TAMS 0x00000000e1900000| PB 0x00000000e1900000| Untracked |  0
|  26|0x00000000e1a00000, 0x00000000e1b00000, 0x00000000e1b00000|100%| O|  |TAMS 0x00000000e1a00000| PB 0x00000000e1a00000| Untracked |  0
|  27|0x00000000e1b00000, 0x00000000e1c00000, 0x00000000e1c00000|100%| O|  |TAMS 0x00000000e1b00000| PB 0x00000000e1b00000| Untracked |  0
|  28|0x00000000e1c00000, 0x00000000e1d00000, 0x00000000e1d00000|100%| O|  |TAMS 0x00000000e1c00000| PB 0x00000000e1c00000| Untracked |  0
|  29|0x00000000e1d00000, 0x00000000e1e00000, 0x00000000e1e00000|100%| O|  |TAMS 0x00000000e1d00000| PB 0x00000000e1d00000| Untracked |  0
|  30|0x00000000e1e00000, 0x00000000e1f00000, 0x00000000e1f00000|100%| O|  |TAMS 0x00000000e1e00000| PB 0x00000000e1e00000| Untracked |  0
|  31|0x00000000e1f00000, 0x00000000e2000000, 0x00000000e2000000|100%| O|  |TAMS 0x00000000e1f00000| PB 0x00000000e1f00000| Untracked |  0
|  32|0x00000000e2000000, 0x00000000e2100000, 0x00000000e2100000|100%| O|  |TAMS 0x00000000e2000000| PB 0x00000000e2000000| Untracked |  0
|  33|0x00000000e2100000, 0x00000000e213cc70, 0x00000000e2200000| 23%| O|  |TAMS 0x00000000e2100000| PB 0x00000000e2100000| Untracked |  0
|  34|0x00000000e2200000, 0x00000000e2200000, 0x00000000e2300000|  0%| F|  |TAMS 0x00000000e2200000| PB 0x00000000e2200000| Untracked |  0
|  35|0x00000000e2300000, 0x00000000e2300000, 0x00000000e2400000|  0%| F|  |TAMS 0x00000000e2300000| PB 0x00000000e2300000| Untracked |  0
|  36|0x00000000e2400000, 0x00000000e2400000, 0x00000000e2500000|  0%| F|  |TAMS 0x00000000e2400000| PB 0x00000000e2400000| Untracked |  0
|  37|0x00000000e2500000, 0x00000000e2500000, 0x00000000e2600000|  0%| F|  |TAMS 0x00000000e2500000| PB 0x00000000e2500000| Untracked |  0
|  38|0x00000000e2600000, 0x00000000e2600000, 0x00000000e2700000|  0%| F|  |TAMS 0x00000000e2600000| PB 0x00000000e2600000| Untracked |  0
|  39|0x00000000e2700000, 0x00000000e2700000, 0x00000000e2800000|  0%| F|  |TAMS 0x00000000e2700000| PB 0x00000000e2700000| Untracked |  0
|  40|0x00000000e2800000, 0x00000000e2800000, 0x00000000e2900000|  0%| F|  |TAMS 0x00000000e2800000| PB 0x00000000e2800000| Untracked |  0
|  41|0x00000000e2900000, 0x00000000e2900000, 0x00000000e2a00000|  0%| F|  |TAMS 0x00000000e2900000| PB 0x00000000e2900000| Untracked |  0
|  42|0x00000000e2a00000, 0x00000000e2a00000, 0x00000000e2b00000|  0%| F|  |TAMS 0x00000000e2a00000| PB 0x00000000e2a00000| Untracked |  0
|  43|0x00000000e2b00000, 0x00000000e2b00000, 0x00000000e2c00000|  0%| F|  |TAMS 0x00000000e2b00000| PB 0x00000000e2b00000| Untracked |  0
|  44|0x00000000e2c00000, 0x00000000e2c00000, 0x00000000e2d00000|  0%| F|  |TAMS 0x00000000e2c00000| PB 0x00000000e2c00000| Untracked |  0
|  45|0x00000000e2d00000, 0x00000000e2d00000, 0x00000000e2e00000|  0%| F|  |TAMS 0x00000000e2d00000| PB 0x00000000e2d00000| Untracked |  0
|  46|0x00000000e2e00000, 0x00000000e2e00000, 0x00000000e2f00000|  0%| F|  |TAMS 0x00000000e2e00000| PB 0x00000000e2e00000| Untracked |  0
|  47|0x00000000e2f00000, 0x00000000e2f00000, 0x00000000e3000000|  0%| F|  |TAMS 0x00000000e2f00000| PB 0x00000000e2f00000| Untracked |  0
|  48|0x00000000e3000000, 0x00000000e3000000, 0x00000000e3100000|  0%| F|  |TAMS 0x00000000e3000000| PB 0x00000000e3000000| Untracked |  0
|  49|0x00000000e3100000, 0x00000000e3100000, 0x00000000e3200000|  0%| F|  |TAMS 0x00000000e3100000| PB 0x00000000e3100000| Untracked |  0
|  50|0x00000000e3200000, 0x00000000e3200000, 0x00000000e3300000|  0%| F|  |TAMS 0x00000000e3200000| PB 0x00000000e3200000| Untracked |  0
|  51|0x00000000e3300000, 0x00000000e3300000, 0x00000000e3400000|  0%| F|  |TAMS 0x00000000e3300000| PB 0x00000000e3300000| Untracked |  0
|  52|0x00000000e3400000, 0x00000000e3400000, 0x00000000e3500000|  0%| F|  |TAMS 0x00000000e3400000| PB 0x00000000e3400000| Untracked |  0
|  53|0x00000000e3500000, 0x00000000e3500000, 0x00000000e3600000|  0%| F|  |TAMS 0x00000000e3500000| PB 0x00000000e3500000| Untracked |  0
|  54|0x00000000e3600000, 0x00000000e3600000, 0x00000000e3700000|  0%| F|  |TAMS 0x00000000e3600000| PB 0x00000000e3600000| Untracked |  0
|  55|0x00000000e3700000, 0x00000000e3700000, 0x00000000e3800000|  0%| F|  |TAMS 0x00000000e3700000| PB 0x00000000e3700000| Untracked |  0
|  56|0x00000000e3800000, 0x00000000e3800000, 0x00000000e3900000|  0%| F|  |TAMS 0x00000000e3800000| PB 0x00000000e3800000| Untracked |  0
|  57|0x00000000e3900000, 0x00000000e3900000, 0x00000000e3a00000|  0%| F|  |TAMS 0x00000000e3900000| PB 0x00000000e3900000| Untracked |  0
|  58|0x00000000e3a00000, 0x00000000e3a00000, 0x00000000e3b00000|  0%| F|  |TAMS 0x00000000e3a00000| PB 0x00000000e3a00000| Untracked |  0
|  59|0x00000000e3b00000, 0x00000000e3b00000, 0x00000000e3c00000|  0%| F|  |TAMS 0x00000000e3b00000| PB 0x00000000e3b00000| Untracked |  0
|  60|0x00000000e3c00000, 0x00000000e3c00000, 0x00000000e3d00000|  0%| F|  |TAMS 0x00000000e3c00000| PB 0x00000000e3c00000| Untracked |  0
|  61|0x00000000e3d00000, 0x00000000e3d00000, 0x00000000e3e00000|  0%| F|  |TAMS 0x00000000e3d00000| PB 0x00000000e3d00000| Untracked |  0
|  62|0x00000000e3e00000, 0x00000000e3e00000, 0x00000000e3f00000|  0%| F|  |TAMS 0x00000000e3e00000| PB 0x00000000e3e00000| Untracked |  0
|  63|0x00000000e3f00000, 0x00000000e3f00000, 0x00000000e4000000|  0%| F|  |TAMS 0x00000000e3f00000| PB 0x00000000e3f00000| Untracked |  0
|  64|0x00000000e4000000, 0x00000000e4000000, 0x00000000e4100000|  0%| F|  |TAMS 0x00000000e4000000| PB 0x00000000e4000000| Untracked |  0
|  65|0x00000000e4100000, 0x00000000e4100000, 0x00000000e4200000|  0%| F|  |TAMS 0x00000000e4100000| PB 0x00000000e4100000| Untracked |  0
|  66|0x00000000e4200000, 0x00000000e4200000, 0x00000000e4300000|  0%| F|  |TAMS 0x00000000e4200000| PB 0x00000000e4200000| Untracked |  0
|  67|0x00000000e4300000, 0x00000000e4300000, 0x00000000e4400000|  0%| F|  |TAMS 0x00000000e4300000| PB 0x00000000e4300000| Untracked |  0
|  68|0x00000000e4400000, 0x00000000e4400000, 0x00000000e4500000|  0%| F|  |TAMS 0x00000000e4400000| PB 0x00000000e4400000| Untracked |  0
|  69|0x00000000e4500000, 0x00000000e4500000, 0x00000000e4600000|  0%| F|  |TAMS 0x00000000e4500000| PB 0x00000000e4500000| Untracked |  0
|  70|0x00000000e4600000, 0x00000000e4600000, 0x00000000e4700000|  0%| F|  |TAMS 0x00000000e4600000| PB 0x00000000e4600000| Untracked |  0
|  71|0x00000000e4700000, 0x00000000e4700000, 0x00000000e4800000|  0%| F|  |TAMS 0x00000000e4700000| PB 0x00000000e4700000| Untracked |  0
|  72|0x00000000e4800000, 0x00000000e4800000, 0x00000000e4900000|  0%| F|  |TAMS 0x00000000e4800000| PB 0x00000000e4800000| Untracked |  0
|  73|0x00000000e4900000, 0x00000000e4900000, 0x00000000e4a00000|  0%| F|  |TAMS 0x00000000e4900000| PB 0x00000000e4900000| Untracked |  0
|  74|0x00000000e4a00000, 0x00000000e4a00000, 0x00000000e4b00000|  0%| F|  |TAMS 0x00000000e4a00000| PB 0x00000000e4a00000| Untracked |  0
|  75|0x00000000e4b00000, 0x00000000e4b00000, 0x00000000e4c00000|  0%| F|  |TAMS 0x00000000e4b00000| PB 0x00000000e4b00000| Untracked |  0
|  76|0x00000000e4c00000, 0x00000000e4c00000, 0x00000000e4d00000|  0%| F|  |TAMS 0x00000000e4c00000| PB 0x00000000e4c00000| Untracked |  0
|  77|0x00000000e4d00000, 0x00000000e4d00000, 0x00000000e4e00000|  0%| F|  |TAMS 0x00000000e4d00000| PB 0x00000000e4d00000| Untracked |  0
|  78|0x00000000e4e00000, 0x00000000e4e00000, 0x00000000e4f00000|  0%| F|  |TAMS 0x00000000e4e00000| PB 0x00000000e4e00000| Untracked |  0
|  79|0x00000000e4f00000, 0x00000000e4f00000, 0x00000000e5000000|  0%| F|  |TAMS 0x00000000e4f00000| PB 0x00000000e4f00000| Untracked |  0
|  80|0x00000000e5000000, 0x00000000e5000000, 0x00000000e5100000|  0%| F|  |TAMS 0x00000000e5000000| PB 0x00000000e5000000| Untracked |  0
|  81|0x00000000e5100000, 0x00000000e5100000, 0x00000000e5200000|  0%| F|  |TAMS 0x00000000e5100000| PB 0x00000000e5100000| Untracked |  0
|  82|0x00000000e5200000, 0x00000000e5200000, 0x00000000e5300000|  0%| F|  |TAMS 0x00000000e5200000| PB 0x00000000e5200000| Untracked |  0
|  83|0x00000000e5300000, 0x00000000e5300000, 0x00000000e5400000|  0%| F|  |TAMS 0x00000000e5300000| PB 0x00000000e5300000| Untracked |  0
|  84|0x00000000e5400000, 0x00000000e5400000, 0x00000000e5500000|  0%| F|  |TAMS 0x00000000e5400000| PB 0x00000000e5400000| Untracked |  0
|  85|0x00000000e5500000, 0x00000000e5500000, 0x00000000e5600000|  0%| F|  |TAMS 0x00000000e5500000| PB 0x00000000e5500000| Untracked |  0
|  86|0x00000000e5600000, 0x00000000e5600000, 0x00000000e5700000|  0%| F|  |TAMS 0x00000000e5600000| PB 0x00000000e5600000| Untracked |  0
|  87|0x00000000e5700000, 0x00000000e5700000, 0x00000000e5800000|  0%| F|  |TAMS 0x00000000e5700000| PB 0x00000000e5700000| Untracked |  0
|  88|0x00000000e5800000, 0x00000000e5800000, 0x00000000e5900000|  0%| F|  |TAMS 0x00000000e5800000| PB 0x00000000e5800000| Untracked |  0
|  89|0x00000000e5900000, 0x00000000e5900000, 0x00000000e5a00000|  0%| F|  |TAMS 0x00000000e5900000| PB 0x00000000e5900000| Untracked |  0
|  90|0x00000000e5a00000, 0x00000000e5a00000, 0x00000000e5b00000|  0%| F|  |TAMS 0x00000000e5a00000| PB 0x00000000e5a00000| Untracked |  0
|  91|0x00000000e5b00000, 0x00000000e5b00000, 0x00000000e5c00000|  0%| F|  |TAMS 0x00000000e5b00000| PB 0x00000000e5b00000| Untracked |  0
|  92|0x00000000e5c00000, 0x00000000e5c00000, 0x00000000e5d00000|  0%| F|  |TAMS 0x00000000e5c00000| PB 0x00000000e5c00000| Untracked |  0
|  93|0x00000000e5d00000, 0x00000000e5d00000, 0x00000000e5e00000|  0%| F|  |TAMS 0x00000000e5d00000| PB 0x00000000e5d00000| Untracked |  0
|  94|0x00000000e5e00000, 0x00000000e5e00000, 0x00000000e5f00000|  0%| F|  |TAMS 0x00000000e5e00000| PB 0x00000000e5e00000| Untracked |  0
|  95|0x00000000e5f00000, 0x00000000e5f00000, 0x00000000e6000000|  0%| F|  |TAMS 0x00000000e5f00000| PB 0x00000000e5f00000| Untracked |  0
|  96|0x00000000e6000000, 0x00000000e6000000, 0x00000000e6100000|  0%| F|  |TAMS 0x00000000e6000000| PB 0x00000000e6000000| Untracked |  0
|  97|0x00000000e6100000, 0x00000000e6100000, 0x00000000e6200000|  0%| F|  |TAMS 0x00000000e6100000| PB 0x00000000e6100000| Untracked |  0
|  98|0x00000000e6200000, 0x00000000e6200000, 0x00000000e6300000|  0%| F|  |TAMS 0x00000000e6200000| PB 0x00000000e6200000| Untracked |  0
|  99|0x00000000e6300000, 0x00000000e6300000, 0x00000000e6400000|  0%| F|  |TAMS 0x00000000e6300000| PB 0x00000000e6300000| Untracked |  0
| 100|0x00000000e6400000, 0x00000000e6400000, 0x00000000e6500000|  0%| F|  |TAMS 0x00000000e6400000| PB 0x00000000e6400000| Untracked |  0
| 101|0x00000000e6500000, 0x00000000e6500000, 0x00000000e6600000|  0%| F|  |TAMS 0x00000000e6500000| PB 0x00000000e6500000| Untracked |  0
| 102|0x00000000e6600000, 0x00000000e6600000, 0x00000000e6700000|  0%| F|  |TAMS 0x00000000e6600000| PB 0x00000000e6600000| Untracked |  0
| 103|0x00000000e6700000, 0x00000000e6700000, 0x00000000e6800000|  0%| F|  |TAMS 0x00000000e6700000| PB 0x00000000e6700000| Untracked |  0
| 104|0x00000000e6800000, 0x00000000e6800000, 0x00000000e6900000|  0%| F|  |TAMS 0x00000000e6800000| PB 0x00000000e6800000| Untracked |  0
| 105|0x00000000e6900000, 0x00000000e6900000, 0x00000000e6a00000|  0%| F|  |TAMS 0x00000000e6900000| PB 0x00000000e6900000| Untracked |  0
| 106|0x00000000e6a00000, 0x00000000e6a00000, 0x00000000e6b00000|  0%| F|  |TAMS 0x00000000e6a00000| PB 0x00000000e6a00000| Untracked |  0
| 107|0x00000000e6b00000, 0x00000000e6b00000, 0x00000000e6c00000|  0%| F|  |TAMS 0x00000000e6b00000| PB 0x00000000e6b00000| Untracked |  0
| 108|0x00000000e6c00000, 0x00000000e6c00000, 0x00000000e6d00000|  0%| F|  |TAMS 0x00000000e6c00000| PB 0x00000000e6c00000| Untracked |  0
| 109|0x00000000e6d00000, 0x00000000e6d00000, 0x00000000e6e00000|  0%| F|  |TAMS 0x00000000e6d00000| PB 0x00000000e6d00000| Untracked |  0
| 110|0x00000000e6e00000, 0x00000000e6e00000, 0x00000000e6f00000|  0%| F|  |TAMS 0x00000000e6e00000| PB 0x00000000e6e00000| Untracked |  0
| 111|0x00000000e6f00000, 0x00000000e6f00000, 0x00000000e7000000|  0%| F|  |TAMS 0x00000000e6f00000| PB 0x00000000e6f00000| Untracked |  0
| 112|0x00000000e7000000, 0x00000000e7000000, 0x00000000e7100000|  0%| F|  |TAMS 0x00000000e7000000| PB 0x00000000e7000000| Untracked |  0
| 113|0x00000000e7100000, 0x00000000e7100000, 0x00000000e7200000|  0%| F|  |TAMS 0x00000000e7100000| PB 0x00000000e7100000| Untracked |  0
| 114|0x00000000e7200000, 0x00000000e7200000, 0x00000000e7300000|  0%| F|  |TAMS 0x00000000e7200000| PB 0x00000000e7200000| Untracked |  0
| 115|0x00000000e7300000, 0x00000000e7300000, 0x00000000e7400000|  0%| F|  |TAMS 0x00000000e7300000| PB 0x00000000e7300000| Untracked |  0
| 116|0x00000000e7400000, 0x00000000e7400000, 0x00000000e7500000|  0%| F|  |TAMS 0x00000000e7400000| PB 0x00000000e7400000| Untracked |  0
| 117|0x00000000e7500000, 0x00000000e7500000, 0x00000000e7600000|  0%| F|  |TAMS 0x00000000e7500000| PB 0x00000000e7500000| Untracked |  0
| 118|0x00000000e7600000, 0x00000000e7600000, 0x00000000e7700000|  0%| F|  |TAMS 0x00000000e7600000| PB 0x00000000e7600000| Untracked |  0
| 119|0x00000000e7700000, 0x00000000e7700000, 0x00000000e7800000|  0%| F|  |TAMS 0x00000000e7700000| PB 0x00000000e7700000| Untracked |  0
| 120|0x00000000e7800000, 0x00000000e7800000, 0x00000000e7900000|  0%| F|  |TAMS 0x00000000e7800000| PB 0x00000000e7800000| Untracked |  0
| 121|0x00000000e7900000, 0x00000000e7900000, 0x00000000e7a00000|  0%| F|  |TAMS 0x00000000e7900000| PB 0x00000000e7900000| Untracked |  0
| 122|0x00000000e7a00000, 0x00000000e7a00000, 0x00000000e7b00000|  0%| F|  |TAMS 0x00000000e7a00000| PB 0x00000000e7a00000| Untracked |  0
| 123|0x00000000e7b00000, 0x00000000e7b00000, 0x00000000e7c00000|  0%| F|  |TAMS 0x00000000e7b00000| PB 0x00000000e7b00000| Untracked |  0
| 124|0x00000000e7c00000, 0x00000000e7c00000, 0x00000000e7d00000|  0%| F|  |TAMS 0x00000000e7c00000| PB 0x00000000e7c00000| Untracked |  0
| 125|0x00000000e7d00000, 0x00000000e7d00000, 0x00000000e7e00000|  0%| F|  |TAMS 0x00000000e7d00000| PB 0x00000000e7d00000| Untracked |  0
| 126|0x00000000e7e00000, 0x00000000e7e00000, 0x00000000e7f00000|  0%| F|  |TAMS 0x00000000e7e00000| PB 0x00000000e7e00000| Untracked |  0
| 127|0x00000000e7f00000, 0x00000000e7f00000, 0x00000000e8000000|  0%| F|  |TAMS 0x00000000e7f00000| PB 0x00000000e7f00000| Untracked |  0
| 128|0x00000000e8000000, 0x00000000e8000000, 0x00000000e8100000|  0%| F|  |TAMS 0x00000000e8000000| PB 0x00000000e8000000| Untracked |  0
| 129|0x00000000e8100000, 0x00000000e8100000, 0x00000000e8200000|  0%| F|  |TAMS 0x00000000e8100000| PB 0x00000000e8100000| Untracked |  0
| 130|0x00000000e8200000, 0x00000000e8200000, 0x00000000e8300000|  0%| F|  |TAMS 0x00000000e8200000| PB 0x00000000e8200000| Untracked |  0
| 131|0x00000000e8300000, 0x00000000e8300000, 0x00000000e8400000|  0%| F|  |TAMS 0x00000000e8300000| PB 0x00000000e8300000| Untracked |  0
| 132|0x00000000e8400000, 0x00000000e8400000, 0x00000000e8500000|  0%| F|  |TAMS 0x00000000e8400000| PB 0x00000000e8400000| Untracked |  0
| 133|0x00000000e8500000, 0x00000000e8500000, 0x00000000e8600000|  0%| F|  |TAMS 0x00000000e8500000| PB 0x00000000e8500000| Untracked |  0
| 134|0x00000000e8600000, 0x00000000e8600000, 0x00000000e8700000|  0%| F|  |TAMS 0x00000000e8600000| PB 0x00000000e8600000| Untracked |  0
| 135|0x00000000e8700000, 0x00000000e8700000, 0x00000000e8800000|  0%| F|  |TAMS 0x00000000e8700000| PB 0x00000000e8700000| Untracked |  0
| 136|0x00000000e8800000, 0x00000000e8800000, 0x00000000e8900000|  0%| F|  |TAMS 0x00000000e8800000| PB 0x00000000e8800000| Untracked |  0
| 137|0x00000000e8900000, 0x00000000e8900000, 0x00000000e8a00000|  0%| F|  |TAMS 0x00000000e8900000| PB 0x00000000e8900000| Untracked |  0
| 138|0x00000000e8a00000, 0x00000000e8a00000, 0x00000000e8b00000|  0%| F|  |TAMS 0x00000000e8a00000| PB 0x00000000e8a00000| Untracked |  0
| 139|0x00000000e8b00000, 0x00000000e8b00000, 0x00000000e8c00000|  0%| F|  |TAMS 0x00000000e8b00000| PB 0x00000000e8b00000| Untracked |  0
| 140|0x00000000e8c00000, 0x00000000e8c00000, 0x00000000e8d00000|  0%| F|  |TAMS 0x00000000e8c00000| PB 0x00000000e8c00000| Untracked |  0
| 141|0x00000000e8d00000, 0x00000000e8d00000, 0x00000000e8e00000|  0%| F|  |TAMS 0x00000000e8d00000| PB 0x00000000e8d00000| Untracked |  0
| 142|0x00000000e8e00000, 0x00000000e8e00000, 0x00000000e8f00000|  0%| F|  |TAMS 0x00000000e8e00000| PB 0x00000000e8e00000| Untracked |  0
| 143|0x00000000e8f00000, 0x00000000e8f00000, 0x00000000e9000000|  0%| F|  |TAMS 0x00000000e8f00000| PB 0x00000000e8f00000| Untracked |  0
| 144|0x00000000e9000000, 0x00000000e9000000, 0x00000000e9100000|  0%| F|  |TAMS 0x00000000e9000000| PB 0x00000000e9000000| Untracked |  0
| 145|0x00000000e9100000, 0x00000000e9100000, 0x00000000e9200000|  0%| F|  |TAMS 0x00000000e9100000| PB 0x00000000e9100000| Untracked |  0
| 146|0x00000000e9200000, 0x00000000e9200000, 0x00000000e9300000|  0%| F|  |TAMS 0x00000000e9200000| PB 0x00000000e9200000| Untracked |  0
| 147|0x00000000e9300000, 0x00000000e9400000, 0x00000000e9400000|100%| S|CS|TAMS 0x00000000e9300000| PB 0x00000000e9300000| Complete |  0
| 148|0x00000000e9400000, 0x00000000e9500000, 0x00000000e9500000|100%| S|CS|TAMS 0x00000000e9400000| PB 0x00000000e9400000| Complete |  0
| 149|0x00000000e9500000, 0x00000000e9600000, 0x00000000e9600000|100%| S|CS|TAMS 0x00000000e9500000| PB 0x00000000e9500000| Complete |  0
| 150|0x00000000e9600000, 0x00000000e9700000, 0x00000000e9700000|100%| S|CS|TAMS 0x00000000e9600000| PB 0x00000000e9600000| Complete |  0
| 151|0x00000000e9700000, 0x00000000e9800000, 0x00000000e9800000|100%| S|CS|TAMS 0x00000000e9700000| PB 0x00000000e9700000| Complete |  0
| 152|0x00000000e9800000, 0x00000000e9900000, 0x00000000e9900000|100%| S|CS|TAMS 0x00000000e9800000| PB 0x00000000e9800000| Complete |  0
| 153|0x00000000e9900000, 0x00000000e9900000, 0x00000000e9a00000|  0%| F|  |TAMS 0x00000000e9900000| PB 0x00000000e9900000| Untracked |  0
| 154|0x00000000e9a00000, 0x00000000e9a00000, 0x00000000e9b00000|  0%| F|  |TAMS 0x00000000e9a00000| PB 0x00000000e9a00000| Untracked |  0
| 155|0x00000000e9b00000, 0x00000000e9b00000, 0x00000000e9c00000|  0%| F|  |TAMS 0x00000000e9b00000| PB 0x00000000e9b00000| Untracked |  0
| 156|0x00000000e9c00000, 0x00000000e9c00000, 0x00000000e9d00000|  0%| F|  |TAMS 0x00000000e9c00000| PB 0x00000000e9c00000| Untracked |  0
| 157|0x00000000e9d00000, 0x00000000e9d00000, 0x00000000e9e00000|  0%| F|  |TAMS 0x00000000e9d00000| PB 0x00000000e9d00000| Untracked |  0
| 158|0x00000000e9e00000, 0x00000000e9e00000, 0x00000000e9f00000|  0%| F|  |TAMS 0x00000000e9e00000| PB 0x00000000e9e00000| Untracked |  0
| 159|0x00000000e9f00000, 0x00000000e9f00000, 0x00000000ea000000|  0%| F|  |TAMS 0x00000000e9f00000| PB 0x00000000e9f00000| Untracked |  0
| 160|0x00000000ea000000, 0x00000000ea000000, 0x00000000ea100000|  0%| F|  |TAMS 0x00000000ea000000| PB 0x00000000ea000000| Untracked |  0
| 161|0x00000000ea100000, 0x00000000ea100000, 0x00000000ea200000|  0%| F|  |TAMS 0x00000000ea100000| PB 0x00000000ea100000| Untracked |  0
| 162|0x00000000ea200000, 0x00000000ea200000, 0x00000000ea300000|  0%| F|  |TAMS 0x00000000ea200000| PB 0x00000000ea200000| Untracked |  0
| 163|0x00000000ea300000, 0x00000000ea300000, 0x00000000ea400000|  0%| F|  |TAMS 0x00000000ea300000| PB 0x00000000ea300000| Untracked |  0
| 164|0x00000000ea400000, 0x00000000ea400000, 0x00000000ea500000|  0%| F|  |TAMS 0x00000000ea400000| PB 0x00000000ea400000| Untracked |  0
| 165|0x00000000ea500000, 0x00000000ea500000, 0x00000000ea600000|  0%| F|  |TAMS 0x00000000ea500000| PB 0x00000000ea500000| Untracked |  0
| 166|0x00000000ea600000, 0x00000000ea600000, 0x00000000ea700000|  0%| F|  |TAMS 0x00000000ea600000| PB 0x00000000ea600000| Untracked |  0
| 167|0x00000000ea700000, 0x00000000ea700000, 0x00000000ea800000|  0%| F|  |TAMS 0x00000000ea700000| PB 0x00000000ea700000| Untracked |  0
| 168|0x00000000ea800000, 0x00000000ea800000, 0x00000000ea900000|  0%| F|  |TAMS 0x00000000ea800000| PB 0x00000000ea800000| Untracked |  0
| 169|0x00000000ea900000, 0x00000000ea900000, 0x00000000eaa00000|  0%| F|  |TAMS 0x00000000ea900000| PB 0x00000000ea900000| Untracked |  0
| 170|0x00000000eaa00000, 0x00000000eaa00000, 0x00000000eab00000|  0%| F|  |TAMS 0x00000000eaa00000| PB 0x00000000eaa00000| Untracked |  0
| 171|0x00000000eab00000, 0x00000000eab00000, 0x00000000eac00000|  0%| F|  |TAMS 0x00000000eab00000| PB 0x00000000eab00000| Untracked |  0
| 172|0x00000000eac00000, 0x00000000eac00000, 0x00000000ead00000|  0%| F|  |TAMS 0x00000000eac00000| PB 0x00000000eac00000| Untracked |  0
| 173|0x00000000ead00000, 0x00000000ead00000, 0x00000000eae00000|  0%| F|  |TAMS 0x00000000ead00000| PB 0x00000000ead00000| Untracked |  0
| 174|0x00000000eae00000, 0x00000000eae00000, 0x00000000eaf00000|  0%| F|  |TAMS 0x00000000eae00000| PB 0x00000000eae00000| Untracked |  0
| 175|0x00000000eaf00000, 0x00000000eaf00000, 0x00000000eb000000|  0%| F|  |TAMS 0x00000000eaf00000| PB 0x00000000eaf00000| Untracked |  0
| 176|0x00000000eb000000, 0x00000000eb000000, 0x00000000eb100000|  0%| F|  |TAMS 0x00000000eb000000| PB 0x00000000eb000000| Untracked |  0
| 177|0x00000000eb100000, 0x00000000eb100000, 0x00000000eb200000|  0%| F|  |TAMS 0x00000000eb100000| PB 0x00000000eb100000| Untracked |  0
| 178|0x00000000eb200000, 0x00000000eb200000, 0x00000000eb300000|  0%| F|  |TAMS 0x00000000eb200000| PB 0x00000000eb200000| Untracked |  0
| 179|0x00000000eb300000, 0x00000000eb300000, 0x00000000eb400000|  0%| F|  |TAMS 0x00000000eb300000| PB 0x00000000eb300000| Untracked |  0
| 180|0x00000000eb400000, 0x00000000eb400000, 0x00000000eb500000|  0%| F|  |TAMS 0x00000000eb400000| PB 0x00000000eb400000| Untracked |  0
| 181|0x00000000eb500000, 0x00000000eb500000, 0x00000000eb600000|  0%| F|  |TAMS 0x00000000eb500000| PB 0x00000000eb500000| Untracked |  0
| 182|0x00000000eb600000, 0x00000000eb600000, 0x00000000eb700000|  0%| F|  |TAMS 0x00000000eb600000| PB 0x00000000eb600000| Untracked |  0
| 183|0x00000000eb700000, 0x00000000eb700000, 0x00000000eb800000|  0%| F|  |TAMS 0x00000000eb700000| PB 0x00000000eb700000| Untracked |  0
| 184|0x00000000eb800000, 0x00000000eb800000, 0x00000000eb900000|  0%| F|  |TAMS 0x00000000eb800000| PB 0x00000000eb800000| Untracked |  0
| 185|0x00000000eb900000, 0x00000000eb900000, 0x00000000eba00000|  0%| F|  |TAMS 0x00000000eb900000| PB 0x00000000eb900000| Untracked |  0
| 186|0x00000000eba00000, 0x00000000eba00000, 0x00000000ebb00000|  0%| F|  |TAMS 0x00000000eba00000| PB 0x00000000eba00000| Untracked |  0
| 187|0x00000000ebb00000, 0x00000000ebb00000, 0x00000000ebc00000|  0%| F|  |TAMS 0x00000000ebb00000| PB 0x00000000ebb00000| Untracked |  0
| 188|0x00000000ebc00000, 0x00000000ebc00000, 0x00000000ebd00000|  0%| F|  |TAMS 0x00000000ebc00000| PB 0x00000000ebc00000| Untracked |  0
| 189|0x00000000ebd00000, 0x00000000ebd00000, 0x00000000ebe00000|  0%| F|  |TAMS 0x00000000ebd00000| PB 0x00000000ebd00000| Untracked |  0
| 190|0x00000000ebe00000, 0x00000000ebe00000, 0x00000000ebf00000|  0%| F|  |TAMS 0x00000000ebe00000| PB 0x00000000ebe00000| Untracked |  0
| 191|0x00000000ebf00000, 0x00000000ebf00000, 0x00000000ec000000|  0%| F|  |TAMS 0x00000000ebf00000| PB 0x00000000ebf00000| Untracked |  0
| 192|0x00000000ec000000, 0x00000000ec000000, 0x00000000ec100000|  0%| F|  |TAMS 0x00000000ec000000| PB 0x00000000ec000000| Untracked |  0
| 193|0x00000000ec100000, 0x00000000ec100000, 0x00000000ec200000|  0%| F|  |TAMS 0x00000000ec100000| PB 0x00000000ec100000| Untracked |  0
| 194|0x00000000ec200000, 0x00000000ec200000, 0x00000000ec300000|  0%| F|  |TAMS 0x00000000ec200000| PB 0x00000000ec200000| Untracked |  0
| 195|0x00000000ec300000, 0x00000000ec300000, 0x00000000ec400000|  0%| F|  |TAMS 0x00000000ec300000| PB 0x00000000ec300000| Untracked |  0
| 196|0x00000000ec400000, 0x00000000ec400000, 0x00000000ec500000|  0%| F|  |TAMS 0x00000000ec400000| PB 0x00000000ec400000| Untracked |  0
| 197|0x00000000ec500000, 0x00000000ec500000, 0x00000000ec600000|  0%| F|  |TAMS 0x00000000ec500000| PB 0x00000000ec500000| Untracked |  0
| 198|0x00000000ec600000, 0x00000000ec600000, 0x00000000ec700000|  0%| F|  |TAMS 0x00000000ec600000| PB 0x00000000ec600000| Untracked |  0
| 199|0x00000000ec700000, 0x00000000ec700000, 0x00000000ec800000|  0%| F|  |TAMS 0x00000000ec700000| PB 0x00000000ec700000| Untracked |  0
| 200|0x00000000ec800000, 0x00000000ec800000, 0x00000000ec900000|  0%| F|  |TAMS 0x00000000ec800000| PB 0x00000000ec800000| Untracked |  0
| 201|0x00000000ec900000, 0x00000000eca00000, 0x00000000eca00000|100%| E|  |TAMS 0x00000000ec900000| PB 0x00000000ec900000| Complete |  0
| 202|0x00000000eca00000, 0x00000000ecb00000, 0x00000000ecb00000|100%| E|CS|TAMS 0x00000000eca00000| PB 0x00000000eca00000| Complete |  0
| 203|0x00000000ecb00000, 0x00000000ecc00000, 0x00000000ecc00000|100%| E|CS|TAMS 0x00000000ecb00000| PB 0x00000000ecb00000| Complete |  0
| 204|0x00000000ecc00000, 0x00000000ecd00000, 0x00000000ecd00000|100%| E|CS|TAMS 0x00000000ecc00000| PB 0x00000000ecc00000| Complete |  0
| 205|0x00000000ecd00000, 0x00000000ece00000, 0x00000000ece00000|100%| E|CS|TAMS 0x00000000ecd00000| PB 0x00000000ecd00000| Complete |  0
| 206|0x00000000ece00000, 0x00000000ecf00000, 0x00000000ecf00000|100%| E|CS|TAMS 0x00000000ece00000| PB 0x00000000ece00000| Complete |  0
| 207|0x00000000ecf00000, 0x00000000ed000000, 0x00000000ed000000|100%| E|CS|TAMS 0x00000000ecf00000| PB 0x00000000ecf00000| Complete |  0
| 208|0x00000000ed000000, 0x00000000ed100000, 0x00000000ed100000|100%| E|CS|TAMS 0x00000000ed000000| PB 0x00000000ed000000| Complete |  0
| 209|0x00000000ed100000, 0x00000000ed200000, 0x00000000ed200000|100%| E|CS|TAMS 0x00000000ed100000| PB 0x00000000ed100000| Complete |  0
| 210|0x00000000ed200000, 0x00000000ed300000, 0x00000000ed300000|100%| E|CS|TAMS 0x00000000ed200000| PB 0x00000000ed200000| Complete |  0
| 211|0x00000000ed300000, 0x00000000ed400000, 0x00000000ed400000|100%| E|CS|TAMS 0x00000000ed300000| PB 0x00000000ed300000| Complete |  0
| 212|0x00000000ed400000, 0x00000000ed500000, 0x00000000ed500000|100%| E|CS|TAMS 0x00000000ed400000| PB 0x00000000ed400000| Complete |  0
| 213|0x00000000ed500000, 0x00000000ed600000, 0x00000000ed600000|100%| E|CS|TAMS 0x00000000ed500000| PB 0x00000000ed500000| Complete |  0
| 214|0x00000000ed600000, 0x00000000ed700000, 0x00000000ed700000|100%| E|CS|TAMS 0x00000000ed600000| PB 0x00000000ed600000| Complete |  0
| 215|0x00000000ed700000, 0x00000000ed800000, 0x00000000ed800000|100%| E|CS|TAMS 0x00000000ed700000| PB 0x00000000ed700000| Complete |  0
| 216|0x00000000ed800000, 0x00000000ed900000, 0x00000000ed900000|100%| E|CS|TAMS 0x00000000ed800000| PB 0x00000000ed800000| Complete |  0
| 217|0x00000000ed900000, 0x00000000eda00000, 0x00000000eda00000|100%| E|CS|TAMS 0x00000000ed900000| PB 0x00000000ed900000| Complete |  0
| 218|0x00000000eda00000, 0x00000000edb00000, 0x00000000edb00000|100%| E|CS|TAMS 0x00000000eda00000| PB 0x00000000eda00000| Complete |  0
| 219|0x00000000edb00000, 0x00000000edc00000, 0x00000000edc00000|100%| E|CS|TAMS 0x00000000edb00000| PB 0x00000000edb00000| Complete |  0
| 220|0x00000000edc00000, 0x00000000edd00000, 0x00000000edd00000|100%| E|CS|TAMS 0x00000000edc00000| PB 0x00000000edc00000| Complete |  0
| 221|0x00000000edd00000, 0x00000000ede00000, 0x00000000ede00000|100%| E|CS|TAMS 0x00000000edd00000| PB 0x00000000edd00000| Complete |  0
| 222|0x00000000ede00000, 0x00000000edf00000, 0x00000000edf00000|100%| E|CS|TAMS 0x00000000ede00000| PB 0x00000000ede00000| Complete |  0
| 223|0x00000000edf00000, 0x00000000ee000000, 0x00000000ee000000|100%| E|CS|TAMS 0x00000000edf00000| PB 0x00000000edf00000| Complete |  0
| 224|0x00000000ee000000, 0x00000000ee100000, 0x00000000ee100000|100%| E|CS|TAMS 0x00000000ee000000| PB 0x00000000ee000000| Complete |  0
| 225|0x00000000ee100000, 0x00000000ee200000, 0x00000000ee200000|100%| E|CS|TAMS 0x00000000ee100000| PB 0x00000000ee100000| Complete |  0
| 226|0x00000000ee200000, 0x00000000ee300000, 0x00000000ee300000|100%| E|CS|TAMS 0x00000000ee200000| PB 0x00000000ee200000| Complete |  0
| 227|0x00000000ee300000, 0x00000000ee400000, 0x00000000ee400000|100%| E|CS|TAMS 0x00000000ee300000| PB 0x00000000ee300000| Complete |  0
| 228|0x00000000ee400000, 0x00000000ee500000, 0x00000000ee500000|100%| E|CS|TAMS 0x00000000ee400000| PB 0x00000000ee400000| Complete |  0
| 229|0x00000000ee500000, 0x00000000ee600000, 0x00000000ee600000|100%| E|CS|TAMS 0x00000000ee500000| PB 0x00000000ee500000| Complete |  0
| 230|0x00000000ee600000, 0x00000000ee700000, 0x00000000ee700000|100%| E|CS|TAMS 0x00000000ee600000| PB 0x00000000ee600000| Complete |  0
| 231|0x00000000ee700000, 0x00000000ee800000, 0x00000000ee800000|100%| E|CS|TAMS 0x00000000ee700000| PB 0x00000000ee700000| Complete |  0
| 232|0x00000000ee800000, 0x00000000ee900000, 0x00000000ee900000|100%| E|CS|TAMS 0x00000000ee800000| PB 0x00000000ee800000| Complete |  0
| 233|0x00000000ee900000, 0x00000000eea00000, 0x00000000eea00000|100%| E|CS|TAMS 0x00000000ee900000| PB 0x00000000ee900000| Complete |  0
| 234|0x00000000eea00000, 0x00000000eeb00000, 0x00000000eeb00000|100%| E|CS|TAMS 0x00000000eea00000| PB 0x00000000eea00000| Complete |  0
| 235|0x00000000eeb00000, 0x00000000eec00000, 0x00000000eec00000|100%| E|CS|TAMS 0x00000000eeb00000| PB 0x00000000eeb00000| Complete |  0
| 236|0x00000000eec00000, 0x00000000eed00000, 0x00000000eed00000|100%| E|CS|TAMS 0x00000000eec00000| PB 0x00000000eec00000| Complete |  0
| 237|0x00000000eed00000, 0x00000000eee00000, 0x00000000eee00000|100%| E|CS|TAMS 0x00000000eed00000| PB 0x00000000eed00000| Complete |  0
| 238|0x00000000eee00000, 0x00000000eef00000, 0x00000000eef00000|100%| E|CS|TAMS 0x00000000eee00000| PB 0x00000000eee00000| Complete |  0
| 239|0x00000000eef00000, 0x00000000ef000000, 0x00000000ef000000|100%| E|CS|TAMS 0x00000000eef00000| PB 0x00000000eef00000| Complete |  0
| 240|0x00000000ef000000, 0x00000000ef100000, 0x00000000ef100000|100%| E|CS|TAMS 0x00000000ef000000| PB 0x00000000ef000000| Complete |  0
| 241|0x00000000ef100000, 0x00000000ef200000, 0x00000000ef200000|100%| E|CS|TAMS 0x00000000ef100000| PB 0x00000000ef100000| Complete |  0
| 242|0x00000000ef200000, 0x00000000ef300000, 0x00000000ef300000|100%| E|CS|TAMS 0x00000000ef200000| PB 0x00000000ef200000| Complete |  0
| 243|0x00000000ef300000, 0x00000000ef400000, 0x00000000ef400000|100%| E|CS|TAMS 0x00000000ef300000| PB 0x00000000ef300000| Complete |  0
| 244|0x00000000ef400000, 0x00000000ef500000, 0x00000000ef500000|100%| E|CS|TAMS 0x00000000ef400000| PB 0x00000000ef400000| Complete |  0
| 245|0x00000000ef500000, 0x00000000ef600000, 0x00000000ef600000|100%| E|CS|TAMS 0x00000000ef500000| PB 0x00000000ef500000| Complete |  0
| 246|0x00000000ef600000, 0x00000000ef700000, 0x00000000ef700000|100%| E|CS|TAMS 0x00000000ef600000| PB 0x00000000ef600000| Complete |  0
| 247|0x00000000ef700000, 0x00000000ef800000, 0x00000000ef800000|100%| E|CS|TAMS 0x00000000ef700000| PB 0x00000000ef700000| Complete |  0
| 248|0x00000000ef800000, 0x00000000ef900000, 0x00000000ef900000|100%| E|CS|TAMS 0x00000000ef800000| PB 0x00000000ef800000| Complete |  0
| 249|0x00000000ef900000, 0x00000000efa00000, 0x00000000efa00000|100%| E|CS|TAMS 0x00000000ef900000| PB 0x00000000ef900000| Complete |  0
| 250|0x00000000efa00000, 0x00000000efb00000, 0x00000000efb00000|100%| E|CS|TAMS 0x00000000efa00000| PB 0x00000000efa00000| Complete |  0
| 251|0x00000000efb00000, 0x00000000efc00000, 0x00000000efc00000|100%| E|CS|TAMS 0x00000000efb00000| PB 0x00000000efb00000| Complete |  0
| 252|0x00000000efc00000, 0x00000000efd00000, 0x00000000efd00000|100%| E|CS|TAMS 0x00000000efc00000| PB 0x00000000efc00000| Complete |  0
| 253|0x00000000efd00000, 0x00000000efe00000, 0x00000000efe00000|100%| E|CS|TAMS 0x00000000efd00000| PB 0x00000000efd00000| Complete |  0
| 254|0x00000000efe00000, 0x00000000eff00000, 0x00000000eff00000|100%| E|CS|TAMS 0x00000000efe00000| PB 0x00000000efe00000| Complete |  0
| 255|0x00000000eff00000, 0x00000000f0000000, 0x00000000f0000000|100%| E|CS|TAMS 0x00000000eff00000| PB 0x00000000eff00000| Complete |  0

Card table byte_map: [0x0000028539540000,0x0000028539640000] _byte_map_base: 0x0000028538e40000

Marking Bits: (CMBitMap*) 0x000002852221b670
 Bits: [0x0000028539640000, 0x0000028539e40000)

Polling page: 0x00000285201a0000

Metaspace:

Usage:
  Non-class:     43.60 MB used.
      Class:      7.51 MB used.
       Both:     51.11 MB used.

Virtual space:
  Non-class space:       64.00 MB reserved,      44.56 MB ( 70%) committed,  1 nodes.
      Class space:      320.00 MB reserved,       8.44 MB (  3%) committed,  1 nodes.
             Both:      384.00 MB reserved,      53.00 MB ( 14%) committed. 

Chunk freelists:
   Non-Class:  3.12 MB
       Class:  7.47 MB
        Both:  10.59 MB

MaxMetaspaceSize: 384.00 MB
CompressedClassSpaceSize: 320.00 MB
Initial GC threshold: 21.00 MB
Current GC threshold: 58.69 MB
CDS: on
 - commit_granule_bytes: 65536.
 - commit_granule_words: 8192.
 - virtual_space_node_default_size: 8388608.
 - enlarge_chunks_in_place: 1.
 - use_allocation_guard: 0.


Internal statistics:

num_allocs_failed_limit: 6.
num_arena_births: 3270.
num_arena_deaths: 0.
num_vsnodes_births: 2.
num_vsnodes_deaths: 0.
num_space_committed: 848.
num_space_uncommitted: 0.
num_chunks_returned_to_freelist: 6.
num_chunks_taken_from_freelist: 5604.
num_chunk_merges: 6.
num_chunk_splits: 3651.
num_chunks_enlarged: 2308.
num_inconsistent_stats: 0.

CodeHeap 'non-profiled nmethods': size=120000Kb used=3397Kb max_used=3397Kb free=116602Kb
 bounds [0x0000028532010000, 0x0000028532370000, 0x0000028539540000]
CodeHeap 'profiled nmethods': size=120000Kb used=11523Kb max_used=11523Kb free=108476Kb
 bounds [0x000002852a540000, 0x000002852b090000, 0x0000028531a70000]
CodeHeap 'non-nmethods': size=5760Kb used=2768Kb max_used=2822Kb free=2991Kb
 bounds [0x0000028531a70000, 0x0000028531d50000, 0x0000028532010000]
 total_blobs=6845 nmethods=5954 adapters=795
 compilation: enabled
              stopped_count=0, restarted_count=0
 full_count=0

Compilation events (20 events):
Event: 29.542 Thread 0x000002853c588070 nmethod 6445 0x000002852b061510 code [0x000002852b0616e0, 0x000002852b061978]
Event: 29.542 Thread 0x000002853c588070 6446       3       java.util.regex.Matcher::replaceAll (59 bytes)
Event: 29.543 Thread 0x000002853c588070 nmethod 6446 0x000002852b061b10 code [0x000002852b061d80, 0x000002852b062688]
Event: 29.548 Thread 0x000002853c588070 6450       3       org.gradle.internal.instantiation.generator.AsmBackedClassGenerator$ClassBuilderImpl::access$2700 (4 bytes)
Event: 29.548 Thread 0x000002853c588070 nmethod 6450 0x000002852b062a10 code [0x000002852b062ba0, 0x000002852b062c98]
Event: 29.562 Thread 0x000002853c588070 6452       3       org.objectweb.asm.ClassVisitor::<init> (79 bytes)
Event: 29.562 Thread 0x000002853c588070 nmethod 6452 0x000002852b062d10 code [0x000002852b062f60, 0x000002852b0638c0]
Event: 29.565 Thread 0x000002853c588070 6453       1       org.gradle.model.internal.asm.AsmClassGenerator::getGeneratedType (5 bytes)
Event: 29.565 Thread 0x000002853c588070 nmethod 6453 0x0000028532360a10 code [0x0000028532360ba0, 0x0000028532360c68]
Event: 29.572 Thread 0x000002853c588070 6454       3       kotlin.jvm.internal.Intrinsics::checkNotNullParameter (9 bytes)
Event: 29.572 Thread 0x000002853c588070 nmethod 6454 0x000002852b063b90 code [0x000002852b063da0, 0x000002852b064280]
Event: 29.572 Thread 0x000002853c588070 6455       3       java.util.concurrent.ConcurrentHashMap$ValuesView::iterator (34 bytes)
Event: 29.573 Thread 0x000002853c588070 nmethod 6455 0x000002852b064490 code [0x000002852b064640, 0x000002852b064868]
Event: 29.573 Thread 0x000002853c588070 6456       3       java.util.concurrent.ConcurrentHashMap$ValueIterator::<init> (12 bytes)
Event: 29.573 Thread 0x000002853c588070 nmethod 6456 0x000002852b064990 code [0x000002852b064b40, 0x000002852b064c78]
Event: 29.597 Thread 0x000002853c588070 6458       3       org.objectweb.asm.ByteVector::put112 (80 bytes)
Event: 29.597 Thread 0x000002853c588070 nmethod 6458 0x000002852b064d10 code [0x000002852b064ec0, 0x000002852b065110]
Event: 29.597 Thread 0x000002853c588070 6459       3       org.gradle.internal.instantiation.generator.AsmBackedClassGenerator$ClassBuilderImpl::access$5900 (4 bytes)
Event: 29.597 Thread 0x000002853c588070 nmethod 6459 0x000002852b065290 code [0x000002852b065420, 0x000002852b065518]
Event: 29.598 Thread 0x000002853c588070 6460   !   3       org.gradle.internal.instantiation.generator.AbstractClassGenerator::generateUnderLock (704 bytes)

GC Heap History (12 events):
Event: 0.547 GC heap before
{Heap before GC invocations=0 (full 0):
 garbage-first heap   total reserved 524288K, committed 262144K, used 14336K [0x00000000e0000000, 0x0000000100000000)
  region size 1024K, 14 young (14336K), 0 survivors (0K)
 Metaspace       used 804K, committed 960K, reserved 393216K
  class space    used 67K, committed 128K, reserved 327680K
}
Event: 0.574 GC heap after
{Heap after GC invocations=1 (full 0):
 garbage-first heap   total reserved 524288K, committed 262144K, used 1296K [0x00000000e0000000, 0x0000000100000000)
  region size 1024K, 2 young (2048K), 2 survivors (2048K)
 Metaspace       used 804K, committed 960K, reserved 393216K
  class space    used 67K, committed 128K, reserved 327680K
}
Event: 2.141 GC heap before
{Heap before GC invocations=1 (full 0):
 garbage-first heap   total reserved 524288K, committed 262144K, used 29968K [0x00000000e0000000, 0x0000000100000000)
  region size 1024K, 28 young (28672K), 2 survivors (2048K)
 Metaspace       used 4031K, committed 4288K, reserved 393216K
  class space    used 507K, committed 640K, reserved 327680K
}
Event: 2.146 GC heap after
{Heap after GC invocations=2 (full 0):
 garbage-first heap   total reserved 524288K, committed 262144K, used 10141K [0x00000000e0000000, 0x0000000100000000)
  region size 1024K, 4 young (4096K), 4 survivors (4096K)
 Metaspace       used 4031K, committed 4288K, reserved 393216K
  class space    used 507K, committed 640K, reserved 327680K
}
Event: 13.019 GC heap before
{Heap before GC invocations=2 (full 0):
 garbage-first heap   total reserved 524288K, committed 262144K, used 163741K [0x00000000e0000000, 0x0000000100000000)
  region size 1024K, 153 young (156672K), 4 survivors (4096K)
 Metaspace       used 20771K, committed 21504K, reserved 393216K
  class space    used 3084K, committed 3392K, reserved 327680K
}
Event: 13.036 GC heap after
{Heap after GC invocations=3 (full 0):
 garbage-first heap   total reserved 524288K, committed 262144K, used 23371K [0x00000000e0000000, 0x0000000100000000)
  region size 1024K, 16 young (16384K), 16 survivors (16384K)
 Metaspace       used 20771K, committed 21504K, reserved 393216K
  class space    used 3084K, committed 3392K, reserved 327680K
}
Event: 13.062 GC heap before
{Heap before GC invocations=3 (full 0):
 garbage-first heap   total reserved 524288K, committed 262144K, used 25419K [0x00000000e0000000, 0x0000000100000000)
  region size 1024K, 19 young (19456K), 16 survivors (16384K)
 Metaspace       used 20866K, committed 21504K, reserved 393216K
  class space    used 3096K, committed 3392K, reserved 327680K
}
Event: 13.075 GC heap after
{Heap after GC invocations=4 (full 0):
 garbage-first heap   total reserved 524288K, committed 262144K, used 25600K [0x00000000e0000000, 0x0000000100000000)
  region size 1024K, 2 young (2048K), 2 survivors (2048K)
 Metaspace       used 20866K, committed 21504K, reserved 393216K
  class space    used 3096K, committed 3392K, reserved 327680K
}
Event: 19.045 GC heap before
{Heap before GC invocations=5 (full 0):
 garbage-first heap   total reserved 524288K, committed 262144K, used 139264K [0x00000000e0000000, 0x0000000100000000)
  region size 1024K, 110 young (112640K), 2 survivors (2048K)
 Metaspace       used 34882K, committed 35968K, reserved 393216K
  class space    used 4956K, committed 5504K, reserved 327680K
}
Event: 19.054 GC heap after
{Heap after GC invocations=6 (full 0):
 garbage-first heap   total reserved 524288K, committed 262144K, used 33240K [0x00000000e0000000, 0x0000000100000000)
  region size 1024K, 10 young (10240K), 10 survivors (10240K)
 Metaspace       used 34882K, committed 35968K, reserved 393216K
  class space    used 4956K, committed 5504K, reserved 327680K
}
Event: 26.369 GC heap before
{Heap before GC invocations=7 (full 0):
 garbage-first heap   total reserved 524288K, committed 262144K, used 139736K [0x00000000e0000000, 0x0000000100000000)
  region size 1024K, 113 young (115712K), 10 survivors (10240K)
 Metaspace       used 46790K, committed 48512K, reserved 393216K
  class space    used 6850K, committed 7680K, reserved 327680K
}
Event: 26.387 GC heap after
{Heap after GC invocations=8 (full 0):
 garbage-first heap   total reserved 524288K, committed 262144K, used 38131K [0x00000000e0000000, 0x0000000100000000)
  region size 1024K, 6 young (6144K), 6 survivors (6144K)
 Metaspace       used 46790K, committed 48512K, reserved 393216K
  class space    used 6850K, committed 7680K, reserved 327680K
}

Dll operation events (15 events):
Event: 0.052 Loaded shared library C:\Users\ASUS\.jdks\openjdk-22.0.2\bin\java.dll
Event: 0.148 Loaded shared library C:\Users\ASUS\.jdks\openjdk-22.0.2\bin\jsvml.dll
Event: 0.239 Loaded shared library C:\Users\ASUS\.jdks\openjdk-22.0.2\bin\zip.dll
Event: 0.244 Loaded shared library C:\Users\ASUS\.jdks\openjdk-22.0.2\bin\instrument.dll
Event: 0.248 Loaded shared library C:\Users\ASUS\.jdks\openjdk-22.0.2\bin\net.dll
Event: 0.250 Loaded shared library C:\Users\ASUS\.jdks\openjdk-22.0.2\bin\nio.dll
Event: 0.252 Loaded shared library C:\Users\ASUS\.jdks\openjdk-22.0.2\bin\zip.dll
Event: 0.668 Loaded shared library C:\Users\ASUS\.jdks\openjdk-22.0.2\bin\jimage.dll
Event: 1.166 Loaded shared library C:\Users\ASUS\.jdks\openjdk-22.0.2\bin\verify.dll
Event: 1.480 Loaded shared library C:\Users\ASUS\.gradle\native\1def1411415f61bf3af743bc5b6707747c0891f09f0c88961ee8f79bc544acac\windows-amd64\native-platform.dll
Event: 1.491 Loaded shared library C:\Users\ASUS\.gradle\native\0.2.6\x86_64-windows-gnu\gradle-fileevents.dll
Event: 4.190 Loaded shared library C:\Users\ASUS\.jdks\openjdk-22.0.2\bin\management.dll
Event: 4.193 Loaded shared library C:\Users\ASUS\.jdks\openjdk-22.0.2\bin\management_ext.dll
Event: 4.735 Loaded shared library C:\Users\ASUS\.jdks\openjdk-22.0.2\bin\extnet.dll
Event: 6.616 Loaded shared library C:\Users\ASUS\.jdks\openjdk-22.0.2\bin\sunmscapi.dll

Deoptimization events (20 events):
Event: 28.729 Thread 0x0000028557cfe420 DEOPT PACKING pc=0x000002853216bcc0 sp=0x000000ce4ecfe110
Event: 28.730 Thread 0x0000028557cfe420 DEOPT UNPACKING pc=0x0000028531ac46a2 sp=0x000000ce4ecfe088 mode 2
Event: 28.844 Thread 0x0000028557cfe420 DEOPT PACKING pc=0x000002852a9d53fe sp=0x000000ce4ecfd630
Event: 28.844 Thread 0x0000028557cfe420 DEOPT UNPACKING pc=0x0000028531ac4e42 sp=0x000000ce4ecfcbb0 mode 0
Event: 28.908 Thread 0x0000028557cff140 DEOPT PACKING pc=0x000002852a9d53fe sp=0x000000ce4edfcd00
Event: 28.908 Thread 0x0000028557cff140 DEOPT UNPACKING pc=0x0000028531ac4e42 sp=0x000000ce4edfc280 mode 0
Event: 29.161 Thread 0x000002853c65cc50 DEOPT PACKING pc=0x000002852ac89a0a sp=0x000000ce4d1f63a0
Event: 29.161 Thread 0x000002853c65cc50 DEOPT UNPACKING pc=0x0000028531ac4e42 sp=0x000000ce4d1f5880 mode 0
Event: 29.161 Thread 0x000002853c65cc50 Uncommon trap: trap_request=0xffffff45 fr.pc=0x000002853204c6f0 relative=0x0000000000000e30
Event: 29.161 Thread 0x000002853c65cc50 Uncommon trap: reason=unstable_if action=reinterpret pc=0x000002853204c6f0 method=java.util.Properties$LineReader.readLine()I @ 249 c2
Event: 29.161 Thread 0x000002853c65cc50 DEOPT PACKING pc=0x000002853204c6f0 sp=0x000000ce4d1f63e0
Event: 29.161 Thread 0x000002853c65cc50 DEOPT UNPACKING pc=0x0000028531ac46a2 sp=0x000000ce4d1f6390 mode 2
Event: 29.273 Thread 0x000002853c65cc50 Uncommon trap: trap_request=0xffffff45 fr.pc=0x00000285323438d4 relative=0x00000000000002f4
Event: 29.273 Thread 0x000002853c65cc50 Uncommon trap: reason=unstable_if action=reinterpret pc=0x00000285323438d4 method=java.io.WinNTFileSystem.prefixLength(Ljava/lang/String;)I @ 65 c2
Event: 29.273 Thread 0x000002853c65cc50 DEOPT PACKING pc=0x00000285323438d4 sp=0x000000ce4d1f69a0
Event: 29.273 Thread 0x000002853c65cc50 DEOPT UNPACKING pc=0x0000028531ac46a2 sp=0x000000ce4d1f6928 mode 2
Event: 29.290 Thread 0x000002853c65cc50 Uncommon trap: trap_request=0xffffff45 fr.pc=0x00000285322c0eec relative=0x00000000000003cc
Event: 29.290 Thread 0x000002853c65cc50 Uncommon trap: reason=unstable_if action=reinterpret pc=0x00000285322c0eec method=com.google.common.reflect.TypeResolver$TypeVariableKey.equalsTypeVariable(Ljava/lang/reflect/TypeVariable;)Z @ 39 c2
Event: 29.290 Thread 0x000002853c65cc50 DEOPT PACKING pc=0x00000285322c0eec sp=0x000000ce4d1f59e0
Event: 29.290 Thread 0x000002853c65cc50 DEOPT UNPACKING pc=0x0000028531ac46a2 sp=0x000000ce4d1f5980 mode 2

Classes loaded (20 events):
Event: 29.267 Loading class javax/xml/catalog/Normalizer
Event: 29.267 Loading class javax/xml/catalog/Normalizer done
Event: 29.268 Loading class javax/xml/catalog/CatalogReader$1
Event: 29.268 Loading class javax/xml/catalog/CatalogReader$1 done
Event: 29.268 Loading class javax/xml/catalog/SystemEntry
Event: 29.269 Loading class javax/xml/catalog/SystemEntry done
Event: 29.269 Loading class com/sun/org/apache/xerces/internal/impl/io/MalformedByteSequenceException
Event: 29.270 Loading class java/io/CharConversionException
Event: 29.270 Loading class java/io/CharConversionException done
Event: 29.270 Loading class com/sun/org/apache/xerces/internal/impl/io/MalformedByteSequenceException done
Event: 29.270 Loading class javax/xml/parsers/DocumentBuilderFactory
Event: 29.271 Loading class javax/xml/parsers/DocumentBuilderFactory done
Event: 29.271 Loading class javax/xml/parsers/FactoryFinder
Event: 29.271 Loading class javax/xml/parsers/FactoryFinder done
Event: 29.271 Loading class javax/xml/parsers/FactoryFinder$1
Event: 29.271 Loading class javax/xml/parsers/FactoryFinder$1 done
Event: 29.272 Loading class com/sun/org/apache/xerces/internal/jaxp/DocumentBuilderFactoryImpl
Event: 29.272 Loading class com/sun/org/apache/xerces/internal/jaxp/DocumentBuilderFactoryImpl done
Event: 29.324 Loading class java/util/regex/Pattern$SliceI
Event: 29.414 Loading class java/util/regex/Pattern$SliceI done

Classes unloaded (0 events):
No events

Classes redefined (0 events):
No events

Internal exceptions (20 events):
Event: 26.188 Thread 0x000002853c65cc50 Exception <a 'java/lang/NoSuchMethodError'{0x00000000ea0398f8}: 'void java.lang.invoke.DirectMethodHandle$Holder.invokeStatic(java.lang.Object, java.lang.Object, java.lang.Object, int, java.lang.Object)'> (0x00000000ea0398f8) 
thrown [s\open\src\hotspot\share\interpreter\linkResolver.cpp, line 774]
Event: 26.224 Thread 0x000002853c65cc50 Exception <a 'java/lang/NoSuchMethodError'{0x00000000e9fdf890}: 'int java.lang.invoke.DirectMethodHandle$Holder.invokeInterface(java.lang.Object, java.lang.Object, java.lang.Object, java.lang.Object, java.lang.Object)'> (0x00000000e9fdf890) 
thrown [s\open\src\hotspot\share\interpreter\linkResolver.cpp, line 774]
Event: 26.305 Thread 0x000002853c65cc50 Exception <a 'java/lang/NoSuchMethodError'{0x00000000e9dec0d0}: 'java.lang.Object java.lang.invoke.DirectMethodHandle$Holder.invokeVirtual(java.lang.Object, java.lang.Object, java.lang.Object, java.lang.Object, java.lang.Object, java.lang.Object, java.lang.Object, java.lang.Object, java.lang.Object, java.lang.Object, java.lang.Object, java.lang.Object, java.lang.Object, java.lang.Object, java.lang.Object)'> (0x00000000e9dec0d0) 
thrown [s\open\src\hotspot\share\interpreter\linkResolver.cpp, line 774]
Event: 26.316 Thread 0x000002853c65cc50 Exception <a 'java/lang/NoSuchMethodError'{0x00000000e9cc2d80}: 'java.lang.Object java.lang.invoke.DirectMethodHandle$Holder.newInvokeSpecial(java.lang.Object, java.lang.Object, java.lang.Object, java.lang.Object, java.lang.Object, java.lang.Object, java.lang.Object, java.lang.Object, java.lang.Object, java.lang.Object, java.lang.Object, java.lang.Object, java.lang.Object)'> (0x00000000e9cc2d80) 
thrown [s\open\src\hotspot\share\interpreter\linkResolver.cpp, line 774]
Event: 26.456 Thread 0x000002853c65cc50 Exception <a 'java/lang/NoSuchMethodError'{0x00000000efd7dc88}: 'int java.lang.invoke.DirectMethodHandle$Holder.invokeInterface(java.lang.Object, java.lang.Object, java.lang.Object, java.lang.Object)'> (0x00000000efd7dc88) 
thrown [s\open\src\hotspot\share\interpreter\linkResolver.cpp, line 774]
Event: 26.492 Thread 0x000002853c65cc50 Exception <a 'java/lang/NoSuchMethodError'{0x00000000efb3a558}: 'java.lang.Object java.lang.invoke.DirectMethodHandle$Holder.invokeStatic(java.lang.Object, long, java.lang.Object)'> (0x00000000efb3a558) 
thrown [s\open\src\hotspot\share\interpreter\linkResolver.cpp, line 774]
Event: 26.493 Thread 0x000002853c65cc50 Exception <a 'java/lang/NoSuchMethodError'{0x00000000efb41598}: 'java.lang.Object java.lang.invoke.DirectMethodHandle$Holder.newInvokeSpecial(java.lang.Object, long)'> (0x00000000efb41598) 
thrown [s\open\src\hotspot\share\interpreter\linkResolver.cpp, line 774]
Event: 26.505 Thread 0x000002853c65cc50 Exception <a 'java/lang/NoSuchMethodError'{0x00000000efba51c0}: 'java.lang.Object java.lang.invoke.DirectMethodHandle$Holder.newInvokeSpecial(java.lang.Object, java.lang.Object, java.lang.Object, java.lang.Object, java.lang.Object, long, java.lang.Object)'> (0x00000000efba51c0) 
thrown [s\open\src\hotspot\share\interpreter\linkResolver.cpp, line 774]
Event: 26.506 Thread 0x000002853c65cc50 Exception <a 'java/lang/NoSuchMethodError'{0x00000000efbad858}: 'java.lang.Object java.lang.invoke.Invokers$Holder.linkToTargetMethod(java.lang.Object, java.lang.Object, java.lang.Object, java.lang.Object, long, java.lang.Object, java.lang.Object)'> (0x00000000efbad858) 
thrown [s\open\src\hotspot\share\interpreter\linkResolver.cpp, line 774]
Event: 26.513 Thread 0x000002853c65cc50 Exception <a 'java/lang/NoSuchMethodError'{0x00000000efbf29b8}: 'java.lang.Object java.lang.invoke.DirectMethodHandle$Holder.newInvokeSpecial(java.lang.Object, java.lang.Object, java.lang.Object, long, java.lang.Object)'> (0x00000000efbf29b8) 
thrown [s\open\src\hotspot\share\interpreter\linkResolver.cpp, line 774]
Event: 26.513 Thread 0x000002853c65cc50 Exception <a 'java/lang/NoSuchMethodError'{0x00000000efbf77f8}: 'java.lang.Object java.lang.invoke.DirectMethodHandle$Holder.invokeSpecial(java.lang.Object, java.lang.Object, java.lang.Object, java.lang.Object, long, java.lang.Object)'> (0x00000000efbf77f8) 
thrown [s\open\src\hotspot\share\interpreter\linkResolver.cpp, line 774]
Event: 26.513 Thread 0x000002853c65cc50 Exception <a 'java/lang/NoSuchMethodError'{0x00000000efbfba38}: 'java.lang.Object java.lang.invoke.Invokers$Holder.linkToTargetMethod(java.lang.Object, java.lang.Object, long, java.lang.Object, java.lang.Object)'> (0x00000000efbfba38) 
thrown [s\open\src\hotspot\share\interpreter\linkResolver.cpp, line 774]
Event: 26.573 Thread 0x000002853c65cc50 Exception <a 'java/lang/NoSuchMethodError'{0x00000000ef846ce8}: 'java.lang.Object java.lang.invoke.DirectMethodHandle$Holder.invokeSpecial(java.lang.Object, java.lang.Object, long, java.lang.Object, java.lang.Object)'> (0x00000000ef846ce8) 
thrown [s\open\src\hotspot\share\interpreter\linkResolver.cpp, line 774]
Event: 28.221 Thread 0x000002853c65cc50 Exception <a 'java/lang/NoSuchMethodError'{0x00000000ef17aaa8}: 'java.lang.Object java.lang.invoke.DirectMethodHandle$Holder.newInvokeSpecial(java.lang.Object, java.lang.Object, java.lang.Object, java.lang.Object, int, java.lang.Object)'> (0x00000000ef17aaa8) 
thrown [s\open\src\hotspot\share\interpreter\linkResolver.cpp, line 774]
Event: 28.221 Thread 0x000002853c65cc50 Exception <a 'java/lang/NoSuchMethodError'{0x00000000ef1832b0}: 'java.lang.Object java.lang.invoke.Invokers$Holder.linkToTargetMethod(java.lang.Object, java.lang.Object, java.lang.Object, int, java.lang.Object, java.lang.Object)'> (0x00000000ef1832b0) 
thrown [s\open\src\hotspot\share\interpreter\linkResolver.cpp, line 774]
Event: 28.646 Thread 0x000002853c65cc50 Exception <a 'java/lang/NoSuchMethodError'{0x00000000eea82640}: 'java.lang.Object java.lang.invoke.DirectMethodHandle$Holder.invokeSpecialIFC(java.lang.Object, java.lang.Object, java.lang.Object)'> (0x00000000eea82640) 
thrown [s\open\src\hotspot\share\interpreter\linkResolver.cpp, line 774]
Event: 29.275 Thread 0x000002853c65cc50 Exception <a 'java/lang/NoSuchMethodError'{0x00000000ed50cef8}: 'java.lang.Object java.lang.invoke.DirectMethodHandle$Holder.newInvokeSpecial(java.lang.Object, java.lang.Object, java.lang.Object, java.lang.Object, java.lang.Object, java.lang.Object, java.lang.Object, java.lang.Object, java.lang.Object, java.lang.Object, java.lang.Object, java.lang.Object, java.lang.Object, java.lang.Object, java.lang.Object, java.lang.Object)'> (0x00000000ed50cef8) 
thrown [s\open\src\hotspot\share\interpreter\linkResolver
Event: 29.275 Thread 0x000002853c65cc50 Exception <a 'java/lang/NoSuchMethodError'{0x00000000ed513868}: 'java.lang.Object java.lang.invoke.DirectMethodHandle$Holder.invokeSpecial(java.lang.Object, java.lang.Object, java.lang.Object, java.lang.Object, java.lang.Object, java.lang.Object, java.lang.Object, java.lang.Object, java.lang.Object, java.lang.Object, java.lang.Object, java.lang.Object, java.lang.Object, java.lang.Object, java.lang.Object, java.lang.Object, java.lang.Object)'> (0x00000000ed513868) 
thrown [s\open\src\hotspot\share\interpret
Event: 29.276 Thread 0x000002853c65cc50 Exception <a 'java/lang/NoSuchMethodError'{0x00000000ed519150}: 'java.lang.Object java.lang.invoke.DelegatingMethodHandle$Holder.reinvoke_L(java.lang.Object, java.lang.Object, java.lang.Object, java.lang.Object, java.lang.Object, java.lang.Object, java.lang.Object, java.lang.Object, java.lang.Object, java.lang.Object, java.lang.Object, java.lang.Object, java.lang.Object, java.lang.Object, java.lang.Object, java.lang.Object)'> (0x00000000ed519150) 
thrown [s\open\src\hotspot\share\interpreter\linkResolver.c
Event: 29.510 Thread 0x000002853c65cc50 Exception <a 'java/lang/NoSuchMethodError'{0x00000000ecf0c5b8}: 'void java.lang.invoke.DirectMethodHandle$Holder.invokeVirtual(java.lang.Object, java.lang.Object)'> (0x00000000ecf0c5b8) 
thrown [s\open\src\hotspot\share\interpreter\linkResolver.cpp, line 774]

ZGC Phase Switch (0 events):
No events

VM Operations (20 events):
Event: 24.070 Executing VM operation: Cleanup
Event: 24.070 Executing VM operation: Cleanup done
Event: 25.084 Executing VM operation: Cleanup
Event: 25.084 Executing VM operation: Cleanup done
Event: 26.092 Executing VM operation: Cleanup
Event: 26.093 Executing VM operation: Cleanup done
Event: 26.369 Executing VM operation: G1CollectForAllocation (G1 Evacuation Pause)
Event: 26.387 Executing VM operation: G1CollectForAllocation (G1 Evacuation Pause) done
Event: 26.454 Executing VM operation: HandshakeAllThreads (Deoptimize)
Event: 26.454 Executing VM operation: HandshakeAllThreads (Deoptimize) done
Event: 27.459 Executing VM operation: Cleanup
Event: 27.460 Executing VM operation: Cleanup done
Event: 28.159 Executing VM operation: HandshakeAllThreads (Deoptimize)
Event: 28.160 Executing VM operation: HandshakeAllThreads (Deoptimize) done
Event: 28.673 Executing VM operation: ICBufferFull
Event: 28.673 Executing VM operation: ICBufferFull done
Event: 29.015 Executing VM operation: ICBufferFull
Event: 29.015 Executing VM operation: ICBufferFull done
Event: 29.218 Executing VM operation: HandshakeAllThreads (Deoptimize)
Event: 29.218 Executing VM operation: HandshakeAllThreads (Deoptimize) done

Memory protections (0 events):
No events

Nmethod flushes (20 events):
Event: 19.091 Thread 0x000002853c4341c0 flushing  nmethod 0x000002852a763190
Event: 19.091 Thread 0x000002853c4341c0 flushing  nmethod 0x000002852a764910
Event: 19.091 Thread 0x000002853c4341c0 flushing  nmethod 0x000002852a76de10
Event: 19.091 Thread 0x000002853c4341c0 flushing  nmethod 0x000002852a770690
Event: 19.091 Thread 0x000002853c4341c0 flushing  nmethod 0x000002852a772690
Event: 19.091 Thread 0x000002853c4341c0 flushing  nmethod 0x000002852a774910
Event: 19.091 Thread 0x000002853c4341c0 flushing  nmethod 0x000002852a776e90
Event: 19.091 Thread 0x000002853c4341c0 flushing  nmethod 0x000002852a7a9890
Event: 19.091 Thread 0x000002853c4341c0 flushing  nmethod 0x000002852a7aa010
Event: 19.091 Thread 0x000002853c4341c0 flushing  nmethod 0x000002852a7b0490
Event: 19.091 Thread 0x000002853c4341c0 flushing  nmethod 0x000002852a7b0e10
Event: 19.091 Thread 0x000002853c4341c0 flushing  nmethod 0x000002852a7b2a10
Event: 19.091 Thread 0x000002853c4341c0 flushing  nmethod 0x000002852a829410
Event: 19.091 Thread 0x000002853c4341c0 flushing  nmethod 0x000002852a8d6610
Event: 19.091 Thread 0x000002853c4341c0 flushing  nmethod 0x000002852a8df590
Event: 19.091 Thread 0x000002853c4341c0 flushing  nmethod 0x000002852a960010
Event: 19.091 Thread 0x000002853c4341c0 flushing  nmethod 0x000002852a964090
Event: 19.091 Thread 0x000002853c4341c0 flushing  nmethod 0x000002852aa96310
Event: 19.091 Thread 0x000002853c4341c0 flushing  nmethod 0x000002852aa96990
Event: 19.091 Thread 0x000002853c4341c0 flushing  nmethod 0x000002852aa96c90

Events (20 events):
Event: 16.784 Thread 0x000002853c588070 Thread added: 0x0000028558f401a0
Event: 17.075 Thread 0x0000028558f401a0 Thread exited: 0x0000028558f401a0
Event: 17.664 Thread 0x000002853c588070 Thread added: 0x00000285591ddf40
Event: 17.942 Thread 0x000002853c65cc50 Thread added: 0x000002855954f1f0
Event: 17.985 Thread 0x000002853c65cc50 Thread added: 0x0000028559548260
Event: 18.758 Thread 0x00000285591ddf40 Thread exited: 0x00000285591ddf40
Event: 18.807 Thread 0x000002853c65cc50 Thread added: 0x000002855954ca90
Event: 18.848 Thread 0x000002853c65cc50 Thread added: 0x000002855954a9c0
Event: 22.389 Thread 0x000002853c65cc50 Thread added: 0x00000285595488f0
Event: 22.640 Thread 0x000002853c65cc50 Thread added: 0x0000028559548f80
Event: 28.006 Thread 0x000002853c65cc50 Thread added: 0x000002855954b6e0
Event: 28.007 Thread 0x000002853c65cc50 Thread added: 0x000002855954d7b0
Event: 28.007 Thread 0x000002853c65cc50 Thread added: 0x0000028557cffe60
Event: 28.335 Thread 0x000002853c65cc50 Thread added: 0x0000028557cfdd90
Event: 28.347 Thread 0x000002853c65cc50 Thread added: 0x0000028557d00b80
Event: 28.349 Thread 0x000002853c65cc50 Thread added: 0x0000028557cff7d0
Event: 28.647 Thread 0x000002853c65cc50 Thread added: 0x0000028557cfeab0
Event: 28.649 Thread 0x000002853c65cc50 Thread added: 0x0000028557cfe420
Event: 28.649 Thread 0x000002853c65cc50 Thread added: 0x0000028557cff140
Event: 29.456 Thread 0x000002853c65cc50 Thread added: 0x0000028557d004f0


Dynamic libraries:
0x00007ff7cea10000 - 0x00007ff7cea1e000 	C:\Users\ASUS\.jdks\openjdk-22.0.2\bin\java.exe
0x00007ff8fee10000 - 0x00007ff8ff008000 	C:\Windows\SYSTEM32\ntdll.dll
0x00007ff8fce50000 - 0x00007ff8fcf0f000 	C:\Windows\System32\KERNEL32.DLL
0x00007ff8fca00000 - 0x00007ff8fccd2000 	C:\Windows\System32\KERNELBASE.dll
0x00007ff8fc590000 - 0x00007ff8fc690000 	C:\Windows\System32\ucrtbase.dll
0x00007ff8f4330000 - 0x00007ff8f4347000 	C:\Users\ASUS\.jdks\openjdk-22.0.2\bin\jli.dll
0x00007ff8fe310000 - 0x00007ff8fe4b1000 	C:\Windows\System32\USER32.dll
0x00007ff8fce20000 - 0x00007ff8fce42000 	C:\Windows\System32\win32u.dll
0x00007ff8fd6a0000 - 0x00007ff8fd6cb000 	C:\Windows\System32\GDI32.dll
0x00007ff8fcce0000 - 0x00007ff8fcdef000 	C:\Windows\System32\gdi32full.dll
0x00007ff8fc700000 - 0x00007ff8fc79d000 	C:\Windows\System32\msvcp_win.dll
0x00007ff8f8290000 - 0x00007ff8f82ab000 	C:\Users\ASUS\.jdks\openjdk-22.0.2\bin\VCRUNTIME140.dll
0x00007ff8e4bf0000 - 0x00007ff8e4e8a000 	C:\Windows\WinSxS\amd64_microsoft.windows.common-controls_6595b64144ccf1df_6.0.19041.1110_none_60b5254171f9507e\COMCTL32.dll
0x00007ff8fe120000 - 0x00007ff8fe1be000 	C:\Windows\System32\msvcrt.dll
0x00007ff8fe2d0000 - 0x00007ff8fe302000 	C:\Windows\System32\IMM32.DLL
0x00007ff8f8410000 - 0x00007ff8f841c000 	C:\Users\ASUS\.jdks\openjdk-22.0.2\bin\vcruntime140_1.dll
0x00007ff8cd410000 - 0x00007ff8cd49e000 	C:\Users\ASUS\.jdks\openjdk-22.0.2\bin\msvcp140.dll
0x00007ff8a1550000 - 0x00007ff8a2299000 	C:\Users\ASUS\.jdks\openjdk-22.0.2\bin\server\jvm.dll
0x00007ff8fe220000 - 0x00007ff8fe2ce000 	C:\Windows\System32\ADVAPI32.dll
0x00007ff8fec10000 - 0x00007ff8fecac000 	C:\Windows\System32\sechost.dll
0x00007ff8fd450000 - 0x00007ff8fd575000 	C:\Windows\System32\RPCRT4.dll
0x00007ff8fd9c0000 - 0x00007ff8fda2b000 	C:\Windows\System32\WS2_32.dll
0x00007ff8fba80000 - 0x00007ff8fbacb000 	C:\Windows\SYSTEM32\POWRPROF.dll
0x00007ff8f1e10000 - 0x00007ff8f1e37000 	C:\Windows\SYSTEM32\WINMM.dll
0x00007ff8f5f40000 - 0x00007ff8f5f4a000 	C:\Windows\SYSTEM32\VERSION.dll
0x00007ff8fb940000 - 0x00007ff8fb952000 	C:\Windows\SYSTEM32\UMPDC.dll
0x00007ff8fa3c0000 - 0x00007ff8fa3d2000 	C:\Windows\SYSTEM32\kernel.appcore.dll
0x00007ff8f43e0000 - 0x00007ff8f43ea000 	C:\Users\ASUS\.jdks\openjdk-22.0.2\bin\jimage.dll
0x00007ff8e5ae0000 - 0x00007ff8e5cc4000 	C:\Windows\SYSTEM32\DBGHELP.DLL
0x00007ff8e4aa0000 - 0x00007ff8e4ad5000 	C:\Windows\SYSTEM32\dbgcore.DLL
0x00007ff8fc500000 - 0x00007ff8fc582000 	C:\Windows\System32\bcryptPrimitives.dll
0x00007ff8f3830000 - 0x00007ff8f383f000 	C:\Users\ASUS\.jdks\openjdk-22.0.2\bin\instrument.dll
0x00007ff8f3810000 - 0x00007ff8f382e000 	C:\Users\ASUS\.jdks\openjdk-22.0.2\bin\java.dll
0x00007ff8fe4c0000 - 0x00007ff8fec05000 	C:\Windows\System32\SHELL32.dll
0x00007ff8fd7a0000 - 0x00007ff8fd8ca000 	C:\Windows\System32\ole32.dll
0x00007ff8fcf20000 - 0x00007ff8fd275000 	C:\Windows\System32\combase.dll
0x00007ff8fa5c0000 - 0x00007ff8fad52000 	C:\Windows\SYSTEM32\windows.storage.dll
0x00007ff8fbf60000 - 0x00007ff8fbf90000 	C:\Windows\SYSTEM32\Wldp.dll
0x00007ff8fd580000 - 0x00007ff8fd62d000 	C:\Windows\System32\SHCORE.dll
0x00007ff8fd960000 - 0x00007ff8fd9b5000 	C:\Windows\System32\shlwapi.dll
0x00007ff8fc440000 - 0x00007ff8fc45f000 	C:\Windows\SYSTEM32\profapi.dll
0x00007ff8ccd10000 - 0x00007ff8ccde7000 	C:\Users\ASUS\.jdks\openjdk-22.0.2\bin\jsvml.dll
0x00007ff8f37f0000 - 0x00007ff8f3807000 	C:\Users\ASUS\.jdks\openjdk-22.0.2\bin\zip.dll
0x00007ff8efa10000 - 0x00007ff8efa20000 	C:\Users\ASUS\.jdks\openjdk-22.0.2\bin\net.dll
0x00007ff8fbcc0000 - 0x00007ff8fbd2a000 	C:\Windows\system32\mswsock.dll
0x00007ff8ce6a0000 - 0x00007ff8ce6b6000 	C:\Users\ASUS\.jdks\openjdk-22.0.2\bin\nio.dll
0x00007ff8efa00000 - 0x00007ff8efa10000 	C:\Users\ASUS\.jdks\openjdk-22.0.2\bin\verify.dll
0x00007ff8f4480000 - 0x00007ff8f44a7000 	C:\Users\ASUS\.gradle\native\1def1411415f61bf3af743bc5b6707747c0891f09f0c88961ee8f79bc544acac\windows-amd64\native-platform.dll
0x00007ff8cd060000 - 0x00007ff8cd0d8000 	C:\Users\ASUS\.gradle\native\0.2.6\x86_64-windows-gnu\gradle-fileevents.dll
0x00007ff8d1720000 - 0x00007ff8d172a000 	C:\Users\ASUS\.jdks\openjdk-22.0.2\bin\management.dll
0x00007ff8d0570000 - 0x00007ff8d057b000 	C:\Users\ASUS\.jdks\openjdk-22.0.2\bin\management_ext.dll
0x00007ff8fcf10000 - 0x00007ff8fcf18000 	C:\Windows\System32\PSAPI.DLL
0x00007ff8fb960000 - 0x00007ff8fb99b000 	C:\Windows\SYSTEM32\IPHLPAPI.DLL
0x00007ff8fd950000 - 0x00007ff8fd958000 	C:\Windows\System32\NSI.dll
0x00007ff8ce810000 - 0x00007ff8ce819000 	C:\Users\ASUS\.jdks\openjdk-22.0.2\bin\extnet.dll
0x00007ff8fbeb0000 - 0x00007ff8fbec8000 	C:\Windows\SYSTEM32\CRYPTSP.dll
0x00007ff8fb570000 - 0x00007ff8fb5a4000 	C:\Windows\system32\rsaenh.dll
0x00007ff8fcdf0000 - 0x00007ff8fce17000 	C:\Windows\System32\bcrypt.dll
0x00007ff8fc400000 - 0x00007ff8fc42e000 	C:\Windows\SYSTEM32\USERENV.dll
0x00007ff8fbed0000 - 0x00007ff8fbedc000 	C:\Windows\SYSTEM32\CRYPTBASE.dll
0x00007ff8ce690000 - 0x00007ff8ce69e000 	C:\Users\ASUS\.jdks\openjdk-22.0.2\bin\sunmscapi.dll
0x00007ff8fc7f0000 - 0x00007ff8fc946000 	C:\Windows\System32\CRYPT32.dll
0x00007ff8fbfd0000 - 0x00007ff8fbff7000 	C:\Windows\SYSTEM32\ncrypt.dll
0x00007ff8fbf90000 - 0x00007ff8fbfcb000 	C:\Windows\SYSTEM32\NTASN1.dll
0x00007ff8ce170000 - 0x00007ff8ce177000 	C:\Windows\system32\wshunix.dll

dbghelp: loaded successfully - version: 4.0.5 - missing functions: none
symbol engine: initialized successfully - sym options: 0x614 - pdb path: .;C:\Users\ASUS\.jdks\openjdk-22.0.2\bin;C:\Windows\SYSTEM32;C:\Windows\WinSxS\amd64_microsoft.windows.common-controls_6595b64144ccf1df_6.0.19041.1110_none_60b5254171f9507e;C:\Users\ASUS\.jdks\openjdk-22.0.2\bin\server;C:\Users\ASUS\.gradle\native\1def1411415f61bf3af743bc5b6707747c0891f09f0c88961ee8f79bc544acac\windows-amd64;C:\Users\ASUS\.gradle\native\0.2.6\x86_64-windows-gnu

VM Arguments:
jvm_args: --add-opens=java.base/java.lang=ALL-UNNAMED --add-opens=java.base/java.lang.invoke=ALL-UNNAMED --add-opens=java.base/java.util=ALL-UNNAMED --add-opens=java.prefs/java.util.prefs=ALL-UNNAMED --add-exports=jdk.compiler/com.sun.tools.javac.api=ALL-UNNAMED --add-exports=jdk.compiler/com.sun.tools.javac.util=ALL-UNNAMED --add-opens=java.base/java.util=ALL-UNNAMED --add-opens=java.prefs/java.util.prefs=ALL-UNNAMED --add-opens=java.base/java.nio.charset=ALL-UNNAMED --add-opens=java.base/java.net=ALL-UNNAMED --add-opens=java.base/java.util.concurrent.atomic=ALL-UNNAMED --add-opens=java.xml/javax.xml.namespace=ALL-UNNAMED -XX:MaxMetaspaceSize=384m -XX:+HeapDumpOnOutOfMemoryError -Xms256m -Xmx512m -Dfile.encoding=windows-1252 -Duser.country=US -Duser.language=en -Duser.variant -javaagent:C:\Users\ASUS\.gradle\wrapper\dists\gradle-8.12.1-bin\eumc4uhoysa37zql93vfjkxy0\gradle-8.12.1\lib\agents\gradle-instrumentation-agent-8.12.1.jar 
java_command: org.gradle.launcher.daemon.bootstrap.GradleDaemon 8.12.1
java_class_path (initial): C:\Users\ASUS\.gradle\wrapper\dists\gradle-8.12.1-bin\eumc4uhoysa37zql93vfjkxy0\gradle-8.12.1\lib\gradle-daemon-main-8.12.1.jar
Launcher Type: SUN_STANDARD

[Global flags]
     intx CICompilerCount                          = 3                                         {product} {ergonomic}
   size_t CompressedClassSpaceSize                 = 335544320                                 {product} {ergonomic}
     uint ConcGCThreads                            = 1                                         {product} {ergonomic}
     uint G1ConcRefinementThreads                  = 4                                         {product} {ergonomic}
   size_t G1HeapRegionSize                         = 1048576                                   {product} {ergonomic}
     bool HeapDumpOnOutOfMemoryError               = true                                   {manageable} {command line}
   size_t InitialHeapSize                          = 268435456                                 {product} {command line}
   size_t MarkStackSize                            = 4194304                                   {product} {ergonomic}
   size_t MaxHeapSize                              = 536870912                                 {product} {command line}
   size_t MaxMetaspaceSize                         = 402653184                                 {product} {command line}
   size_t MaxNewSize                               = 321912832                                 {product} {ergonomic}
   size_t MinHeapDeltaBytes                        = 1048576                                   {product} {ergonomic}
   size_t MinHeapSize                              = 268435456                                 {product} {command line}
    uintx NonNMethodCodeHeapSize                   = 5832780                                {pd product} {ergonomic}
    uintx NonProfiledCodeHeapSize                  = 122912730                              {pd product} {ergonomic}
    uintx ProfiledCodeHeapSize                     = 122912730                              {pd product} {ergonomic}
    uintx ReservedCodeCacheSize                    = 251658240                              {pd product} {ergonomic}
     bool SegmentedCodeCache                       = true                                      {product} {ergonomic}
   size_t SoftMaxHeapSize                          = 536870912                              {manageable} {ergonomic}
     bool UseCompressedOops                        = true                           {product lp64_product} {ergonomic}
     bool UseG1GC                                  = true                                      {product} {ergonomic}
     bool UseLargePagesIndividualAllocation        = false                                  {pd product} {ergonomic}

Logging:
Log output configuration:
 #0: stdout all=warning uptime,level,tags foldmultilines=false
 #1: stderr all=off uptime,level,tags foldmultilines=false

Environment Variables:
PATH=C:\Python313\Scripts\;C:\Python313\;C:\Windows\system32;C:\Windows;C:\Windows\System32\Wbem;C:\Windows\System32\WindowsPowerShell\v1.0\;C:\Windows\System32\OpenSSH\;C:\Program Files\Git\cmd;C:\ProgramData\chocolatey\bin;C:\Users\ASUS\AppData\Local\nvm;C:\nvm4w\nodejs;D:\JAVA FULL STACK\;C:\Python313\python.exe;D:\WebStorm 2024.1.5\bin;;C:\Users\ASUS\AppData\Local\nvm;C:\nvm4w\nodejs;C:\Users\ASUS\AppData\Roaming\npm;C:\Program Files\MySQL\MySQL Shell 8.0\bin\;C:\Python313\python.exe;
USERNAME=ASUS
OS=Windows_NT
PROCESSOR_IDENTIFIER=Intel64 Family 6 Model 158 Stepping 9, GenuineIntel
TMP=C:\Users\ASUS\AppData\Local\Temp
TEMP=C:\Users\ASUS\AppData\Local\Temp




Periodic native trim disabled

---------------  S Y S T E M  ---------------

OS:
 Windows 10 , 64 bit Build 19041 (10.0.19041.2546)
OS uptime: 0 days 19:40 hours

CPU: total 4 (initial active 4) (4 cores per cpu, 1 threads per core) family 6 model 158 stepping 9 microcode 0xb4, cx8, cmov, fxsr, mmx, 3dnowpref, sse, sse2, sse3, ssse3, sse4.1, sse4.2, popcnt, lzcnt, tsc, tscinvbit, avx, avx2, aes, erms, clmul, bmi1, bmi2, adx, fma, vzeroupper, clflush, clflushopt, rdtscp, f16c
Processor Information for all 4 processors :
  Max Mhz: 2501, Current Mhz: 2501, Mhz Limit: 2501

Memory: 4k page, system-wide physical 8076M (347M free)
TotalPageFile size 16542M (AvailPageFile size 2M)
current process WorkingSet (physical memory assigned to process): 377M, peak: 377M
current process commit charge ("private bytes"): 465M, peak: 467M

vm_info: OpenJDK 64-Bit Server VM (22.0.2+9-70) for windows-amd64 JRE (22.0.2+9-70), built on 2024-06-04T16:52:23Z by "mach5one" with MS VC++ 17.6 (VS2022)

END.
