#
# There is insufficient memory for the Java Runtime Environment to continue.
# Native memory allocation (malloc) failed to allocate 634496 bytes. Error detail: Chunk::new
# Possible reasons:
#   The system is out of physical RAM or swap space
#   This process is running with CompressedOops enabled, and the Java Heap may be blocking the growth of the native heap
# Possible solutions:
#   Reduce memory load on the system
#   Increase physical memory or swap space
#   Check if swap backing store is full
#   Decrease Java heap size (-Xmx/-Xms)
#   Decrease number of Java threads
#   Decrease Java thread stack sizes (-Xss)
#   Set larger code cache with -XX:ReservedCodeCacheSize=
#   JVM is running with Unscaled Compressed Oops mode in which the Java heap is
#     placed in the first 4GB address space. The Java Heap base address is the
#     maximum limit for the native heap growth. Please use -XX:HeapBaseMinAddress
#     to set the Java Heap base and to place the Java Heap above 4GB virtual address.
# This output file may be truncated or incomplete.
#
#  Out of Memory Error (arena.cpp:150), pid=6836, tid=13852
#
# JRE version: OpenJDK Runtime Environment (22.0.2+9) (build 22.0.2+9-70)
# Java VM: OpenJDK 64-Bit Server VM (22.0.2+9-70, mixed mode, sharing, tiered, compressed oops, compressed class ptrs, g1 gc, windows-amd64)
# No core dump will be written. Minidumps are not enabled by default on client versions of Windows
#

---------------  S U M M A R Y ------------

Command Line: --add-opens=java.base/java.lang=ALL-UNNAMED --add-opens=java.base/java.lang.invoke=ALL-UNNAMED --add-opens=java.base/java.util=ALL-UNNAMED --add-opens=java.prefs/java.util.prefs=ALL-UNNAMED --add-exports=jdk.compiler/com.sun.tools.javac.api=ALL-UNNAMED --add-exports=jdk.compiler/com.sun.tools.javac.util=ALL-UNNAMED --add-opens=java.base/java.util=ALL-UNNAMED --add-opens=java.prefs/java.util.prefs=ALL-UNNAMED --add-opens=java.base/java.nio.charset=ALL-UNNAMED --add-opens=java.base/java.net=ALL-UNNAMED --add-opens=java.base/java.util.concurrent.atomic=ALL-UNNAMED --add-opens=java.xml/javax.xml.namespace=ALL-UNNAMED -XX:MaxMetaspaceSize=384m -XX:+HeapDumpOnOutOfMemoryError -Xms256m -Xmx512m -Dfile.encoding=windows-1252 -Duser.country=US -Duser.language=en -Duser.variant -javaagent:C:\Users\ASUS\.gradle\wrapper\dists\gradle-8.12.1-bin\eumc4uhoysa37zql93vfjkxy0\gradle-8.12.1\lib\agents\gradle-instrumentation-agent-8.12.1.jar org.gradle.launcher.daemon.bootstrap.GradleDaemon 8.12.1

Host: Intel(R) Core(TM) i5-7300HQ CPU @ 2.50GHz, 4 cores, 7G,  Windows 10 , 64 bit Build 19041 (10.0.19041.2546)
Time: Fri Mar 14 16:09:08 2025 SE Asia Standard Time elapsed time: 9.022365 seconds (0d 0h 0m 9s)

---------------  T H R E A D  ---------------

Current thread (0x00000160c563e0d0):  JavaThread "C2 CompilerThread0" daemon [_thread_in_native, id=13852, stack(0x000000309da00000,0x000000309db00000) (1024K)]


Current CompileTask:
C2:9022 6257   !   4       com.google.common.reflect.TypeVisitor::visit (225 bytes)

Stack: [0x000000309da00000,0x000000309db00000]
Native frames: (J=compiled Java code, j=interpreted, Vv=VM code, C=native code)
V  [jvm.dll+0x6e26e9]  (no source info available)
V  [jvm.dll+0x875753]  (no source info available)
V  [jvm.dll+0x877b7e]  (no source info available)
V  [jvm.dll+0x878253]  (no source info available)
V  [jvm.dll+0x27fc86]  (no source info available)
V  [jvm.dll+0xc3d0f]  (no source info available)
V  [jvm.dll+0xc3f6b]  (no source info available)
V  [jvm.dll+0x3bb47c]  (no source info available)
V  [jvm.dll+0x387d4b]  (no source info available)
V  [jvm.dll+0x3871ba]  (no source info available)
V  [jvm.dll+0x2477f8]  (no source info available)
V  [jvm.dll+0x246e9f]  (no source info available)
V  [jvm.dll+0x1c4e80]  (no source info available)
V  [jvm.dll+0x2568f3]  (no source info available)
V  [jvm.dll+0x254baa]  (no source info available)
V  [jvm.dll+0x3f57a6]  (no source info available)
V  [jvm.dll+0x81dc0b]  (no source info available)
V  [jvm.dll+0x6e0d85]  (no source info available)
C  [ucrtbase.dll+0x21bb2]  (no source info available)
C  [KERNEL32.DLL+0x17614]  (no source info available)
C  [ntdll.dll+0x526a1]  (no source info available)


---------------  P R O C E S S  ---------------

Threads class SMR info:
_java_thread_list=0x00000160e40afc70, length=46, elements={
0x00000160a94beec0, 0x00000160c5622950, 0x00000160c56254c0, 0x00000160c56266a0,
0x00000160c5627100, 0x00000160c5627b60, 0x00000160c562a5d0, 0x00000160c563e0d0,
0x00000160c5640b90, 0x00000160c5841ac0, 0x00000160c5970730, 0x00000160e051a660,
0x00000160e0717040, 0x00000160e03e6680, 0x00000160e06b48c0, 0x00000160e06b4f30,
0x00000160e06e4120, 0x00000160e074c510, 0x00000160e074be80, 0x00000160e0749090,
0x00000160e0749720, 0x00000160e0749db0, 0x00000160e074a440, 0x00000160e074aad0,
0x00000160e074b160, 0x00000160e0aa6980, 0x00000160e0aa4220, 0x00000160e0aaab20,
0x00000160e0aa55d0, 0x00000160e0aa83c0, 0x00000160e0aa8a50, 0x00000160e0aa48b0,
0x00000160e0aa7d30, 0x00000160e0aa3b90, 0x00000160e0aa4f40, 0x00000160e0aab1b0,
0x00000160e0aa76a0, 0x00000160e0aa9770, 0x00000160e0aa9e00, 0x00000160e3e85de0,
0x00000160e3e87eb0, 0x00000160e3e86b00, 0x00000160e3e923d0, 0x00000160e3e850c0,
0x00000160e3e87820, 0x00000160e3e87190
}

Java Threads: ( => current thread )
  0x00000160a94beec0 JavaThread "main"                              [_thread_blocked, id=13000, stack(0x000000309cc00000,0x000000309cd00000) (1024K)]
  0x00000160c5622950 JavaThread "Reference Handler"          daemon [_thread_blocked, id=14340, stack(0x000000309d400000,0x000000309d500000) (1024K)]
  0x00000160c56254c0 JavaThread "Finalizer"                  daemon [_thread_blocked, id=13736, stack(0x000000309d500000,0x000000309d600000) (1024K)]
  0x00000160c56266a0 JavaThread "Signal Dispatcher"          daemon [_thread_blocked, id=7488, stack(0x000000309d600000,0x000000309d700000) (1024K)]
  0x00000160c5627100 JavaThread "Attach Listener"            daemon [_thread_blocked, id=6848, stack(0x000000309d700000,0x000000309d800000) (1024K)]
  0x00000160c5627b60 JavaThread "Service Thread"             daemon [_thread_blocked, id=12364, stack(0x000000309d800000,0x000000309d900000) (1024K)]
  0x00000160c562a5d0 JavaThread "Monitor Deflation Thread"   daemon [_thread_blocked, id=10972, stack(0x000000309d900000,0x000000309da00000) (1024K)]
=>0x00000160c563e0d0 JavaThread "C2 CompilerThread0"         daemon [_thread_in_native, id=13852, stack(0x000000309da00000,0x000000309db00000) (1024K)]
  0x00000160c5640b90 JavaThread "C1 CompilerThread0"         daemon [_thread_blocked, id=14968, stack(0x000000309db00000,0x000000309dc00000) (1024K)]
  0x00000160c5841ac0 JavaThread "Common-Cleaner"             daemon [_thread_blocked, id=9800, stack(0x000000309dc00000,0x000000309dd00000) (1024K)]
  0x00000160c5970730 JavaThread "Notification Thread"        daemon [_thread_blocked, id=14280, stack(0x000000309dd00000,0x000000309de00000) (1024K)]
  0x00000160e051a660 JavaThread "Daemon health stats"               [_thread_blocked, id=11504, stack(0x000000309e200000,0x000000309e300000) (1024K)]
  0x00000160e0717040 JavaThread "Incoming local TCP Connector on port 55012"        [_thread_in_native, id=14712, stack(0x000000309e300000,0x000000309e400000) (1024K)]
  0x00000160e03e6680 JavaThread "Daemon periodic checks"            [_thread_blocked, id=3484, stack(0x000000309e400000,0x000000309e500000) (1024K)]
  0x00000160e06b48c0 JavaThread "Daemon"                            [_thread_blocked, id=9956, stack(0x000000309e500000,0x000000309e600000) (1024K)]
  0x00000160e06b4f30 JavaThread "Handler for socket connection from /127.0.0.1:55012 to /127.0.0.1:55013"        [_thread_in_native, id=9668, stack(0x000000309e600000,0x000000309e700000) (1024K)]
  0x00000160e06e4120 JavaThread "Cancel handler"                    [_thread_blocked, id=10564, stack(0x000000309e700000,0x000000309e800000) (1024K)]
  0x00000160e074c510 JavaThread "Daemon worker"                     [_thread_in_vm, id=14284, stack(0x000000309e800000,0x000000309e900000) (1024K)]
  0x00000160e074be80 JavaThread "Asynchronous log dispatcher for DefaultDaemonConnection: socket connection from /127.0.0.1:55012 to /127.0.0.1:55013"        [_thread_blocked, id=14880, stack(0x000000309e900000,0x000000309ea00000) (1024K)]
  0x00000160e0749090 JavaThread "Stdin handler"                     [_thread_blocked, id=5732, stack(0x000000309ea00000,0x000000309eb00000) (1024K)]
  0x00000160e0749720 JavaThread "Daemon client event forwarder"        [_thread_blocked, id=3064, stack(0x000000309eb00000,0x000000309ec00000) (1024K)]
  0x00000160e0749db0 JavaThread "Cache worker for journal cache (C:\Users\ASUS\.gradle\caches\journal-1)"        [_thread_blocked, id=12864, stack(0x000000309ec00000,0x000000309ed00000) (1024K)]
  0x00000160e074a440 JavaThread "File lock request listener"        [_thread_in_native, id=13316, stack(0x000000309ed00000,0x000000309ee00000) (1024K)]
  0x00000160e074aad0 JavaThread "Cache worker for file hash cache (C:\Users\ASUS\.gradle\caches\8.12.1\fileHashes)"        [_thread_blocked, id=11416, stack(0x000000309ee00000,0x000000309ef00000) (1024K)]
  0x00000160e074b160 JavaThread "Cache worker for file hash cache (D:\codegym\case_study_6_back_end\Auction_Website_System\auction_website_system\auction_management\.gradle\8.12.1\fileHashes)"        [_thread_blocked, id=3004, stack(0x000000309ef00000,0x000000309f000000) (1024K)]
  0x00000160e0aa6980 JavaThread "Cache worker for Build Output Cleanup Cache (D:\codegym\case_study_6_back_end\Auction_Website_System\auction_website_system\auction_management\.gradle\buildOutputCleanup)"        [_thread_blocked, id=13512, stack(0x000000309f000000,0x000000309f100000) (1024K)]
  0x00000160e0aa4220 JavaThread "File watcher server"        daemon [_thread_in_native, id=5744, stack(0x000000309f100000,0x000000309f200000) (1024K)]
  0x00000160e0aaab20 JavaThread "File watcher consumer"      daemon [_thread_blocked, id=4632, stack(0x000000309f200000,0x000000309f300000) (1024K)]
  0x00000160e0aa55d0 JavaThread "jar transforms"                    [_thread_blocked, id=3316, stack(0x000000309f300000,0x000000309f400000) (1024K)]
  0x00000160e0aa83c0 JavaThread "jar transforms Thread 2"           [_thread_blocked, id=3268, stack(0x000000309f400000,0x000000309f500000) (1024K)]
  0x00000160e0aa8a50 JavaThread "Cache worker for checksums cache (D:\codegym\case_study_6_back_end\Auction_Website_System\auction_website_system\auction_management\.gradle\8.12.1\checksums)"        [_thread_blocked, id=14204, stack(0x000000309f500000,0x000000309f600000) (1024K)]
  0x00000160e0aa48b0 JavaThread "Cache worker for file content cache (C:\Users\ASUS\.gradle\caches\8.12.1\fileContent)"        [_thread_blocked, id=12376, stack(0x000000309f600000,0x000000309f700000) (1024K)]
  0x00000160e0aa7d30 JavaThread "jar transforms Thread 3"           [_thread_blocked, id=1848, stack(0x000000309f700000,0x000000309f800000) (1024K)]
  0x00000160e0aa3b90 JavaThread "jar transforms Thread 4"           [_thread_blocked, id=14364, stack(0x000000309f800000,0x000000309f900000) (1024K)]
  0x00000160e0aa4f40 JavaThread "Cache worker for cache directory md-rule (C:\Users\ASUS\.gradle\caches\8.12.1\md-rule)"        [_thread_blocked, id=1244, stack(0x000000309f900000,0x000000309fa00000) (1024K)]
  0x00000160e0aab1b0 JavaThread "Cache worker for cache directory md-supplier (C:\Users\ASUS\.gradle\caches\8.12.1\md-supplier)"        [_thread_blocked, id=14000, stack(0x000000309fa00000,0x000000309fb00000) (1024K)]
  0x00000160e0aa76a0 JavaThread "Unconstrained build operations"        [_thread_blocked, id=11320, stack(0x000000309e100000,0x000000309e200000) (1024K)]
  0x00000160e0aa9770 JavaThread "Unconstrained build operations Thread 2"        [_thread_blocked, id=7616, stack(0x000000309fb00000,0x000000309fc00000) (1024K)]
  0x00000160e0aa9e00 JavaThread "Unconstrained build operations Thread 3"        [_thread_blocked, id=8448, stack(0x000000309fc00000,0x000000309fd00000) (1024K)]
  0x00000160e3e85de0 JavaThread "Unconstrained build operations Thread 4"        [_thread_blocked, id=516, stack(0x000000309fd00000,0x000000309fe00000) (1024K)]
  0x00000160e3e87eb0 JavaThread "Unconstrained build operations Thread 5"        [_thread_blocked, id=11608, stack(0x000000309fe00000,0x000000309ff00000) (1024K)]
  0x00000160e3e86b00 JavaThread "Unconstrained build operations Thread 6"        [_thread_blocked, id=1332, stack(0x000000309ff00000,0x00000030a0000000) (1024K)]
  0x00000160e3e923d0 JavaThread "C2 CompilerThread1"         daemon [_thread_in_native, id=3044, stack(0x00000030a0000000,0x00000030a0100000) (1024K)]
  0x00000160e3e850c0 JavaThread "Unconstrained build operations Thread 7"        [_thread_blocked, id=5276, stack(0x00000030a0100000,0x00000030a0200000) (1024K)]
  0x00000160e3e87820 JavaThread "Unconstrained build operations Thread 8"        [_thread_blocked, id=368, stack(0x00000030a0200000,0x00000030a0300000) (1024K)]
  0x00000160e3e87190 JavaThread "Unconstrained build operations Thread 9"        [_thread_blocked, id=11704, stack(0x00000030a0300000,0x00000030a0400000) (1024K)]
Total: 46

Other Threads:
  0x00000160c5606fc0 VMThread "VM Thread"                           [id=7156, stack(0x000000309d300000,0x000000309d400000) (1024K)]
  0x00000160c55f0bb0 WatcherThread "VM Periodic Task Thread"        [id=13620, stack(0x000000309d200000,0x000000309d300000) (1024K)]
  0x00000160a94ea050 WorkerThread "GC Thread#0"                     [id=14544, stack(0x000000309cd00000,0x000000309ce00000) (1024K)]
  0x00000160c5606c10 WorkerThread "GC Thread#1"                     [id=9204, stack(0x000000309de00000,0x000000309df00000) (1024K)]
  0x00000160c5607720 WorkerThread "GC Thread#2"                     [id=6140, stack(0x000000309df00000,0x000000309e000000) (1024K)]
  0x00000160c5607ad0 WorkerThread "GC Thread#3"                     [id=10616, stack(0x000000309e000000,0x000000309e100000) (1024K)]
  0x00000160a94eefa0 ConcurrentGCThread "G1 Main Marker"            [id=15292, stack(0x000000309ce00000,0x000000309cf00000) (1024K)]
  0x00000160a94f0000 WorkerThread "G1 Conc#0"                       [id=6568, stack(0x000000309cf00000,0x000000309d000000) (1024K)]
  0x00000160c54c65c0 ConcurrentGCThread "G1 Refine#0"               [id=5356, stack(0x000000309d000000,0x000000309d100000) (1024K)]
  0x00000160c54c6df0 ConcurrentGCThread "G1 Service"                [id=10284, stack(0x000000309d100000,0x000000309d200000) (1024K)]
Total: 10

Threads with active compile tasks:
C2 CompilerThread0  9131 6257   !   4       com.google.common.reflect.TypeVisitor::visit (225 bytes)
C2 CompilerThread1  9131 6243       4       org.objectweb.asm.MethodWriter::computeAllFrames (510 bytes)
Total: 2

VM state: not at safepoint (normal execution)

VM Mutex/Monitor currently owned by a thread: None

Heap address: 0x00000000e0000000, size: 512 MB, Compressed Oops mode: 32-bit

CDS archive(s) mapped at: [0x00000160c6000000-0x00000160c6c60000-0x00000160c6c60000), size 12976128, SharedBaseAddress: 0x00000160c6000000, ArchiveRelocationMode: 1.
Compressed class space mapped at: 0x00000160c7000000-0x00000160db000000, reserved size: 335544320
Narrow klass base: 0x00000160c6000000, Narrow klass shift: 0, Narrow klass range: 0x15000000

GC Precious Log:
 CardTable entry size: 512
 Card Set container configuration: InlinePtr #cards 5 size 8 Array Of Cards #cards 12 size 40 Howl #buckets 4 coarsen threshold 1843 Howl Bitmap #cards 512 size 80 coarsen threshold 460 Card regions per heap region 1 cards per card region 2048
 CPUs: 4 total, 4 available
 Memory: 8076M
 Large Page Support: Disabled
 NUMA Support: Disabled
 Compressed Oops: Enabled (32-bit)
 Heap Region Size: 1M
 Heap Min Capacity: 256M
 Heap Initial Capacity: 256M
 Heap Max Capacity: 512M
 Pre-touch: Disabled
 Parallel Workers: 4
 Concurrent Workers: 1
 Concurrent Refinement Workers: 4
 Periodic GC: Disabled

Heap:
 garbage-first heap   total reserved 524288K, committed 262144K, used 177237K [0x00000000e0000000, 0x0000000100000000)
  region size 1024K, 145 young (148480K), 4 survivors (4096K)
 Metaspace       used 51008K, committed 52800K, reserved 393216K
  class space    used 7481K, committed 8320K, reserved 327680K

Heap Regions: E=young(eden), S=young(survivor), O=old, HS=humongous(starts), HC=humongous(continues), CS=collection set, F=free, TAMS=top-at-mark-start, PB=parsable bottom
|   0|0x00000000e0000000, 0x00000000e0100000, 0x00000000e0100000|100%|HS|  |TAMS 0x00000000e0000000| PB 0x00000000e0000000| Complete |  0
|   1|0x00000000e0100000, 0x00000000e0200000, 0x00000000e0200000|100%|HC|  |TAMS 0x00000000e0100000| PB 0x00000000e0100000| Complete |  0
|   2|0x00000000e0200000, 0x00000000e0300000, 0x00000000e0300000|100%|HC|  |TAMS 0x00000000e0200000| PB 0x00000000e0200000| Complete |  0
|   3|0x00000000e0300000, 0x00000000e0400000, 0x00000000e0400000|100%|HS|  |TAMS 0x00000000e0300000| PB 0x00000000e0300000| Complete |  0
|   4|0x00000000e0400000, 0x00000000e0500000, 0x00000000e0500000|100%| O|  |TAMS 0x00000000e0400000| PB 0x00000000e0400000| Untracked |  0
|   5|0x00000000e0500000, 0x00000000e0600000, 0x00000000e0600000|100%| O|  |TAMS 0x00000000e0500000| PB 0x00000000e0500000| Untracked |  0
|   6|0x00000000e0600000, 0x00000000e0700000, 0x00000000e0700000|100%| O|  |TAMS 0x00000000e0600000| PB 0x00000000e0600000| Untracked |  0
|   7|0x00000000e0700000, 0x00000000e0800000, 0x00000000e0800000|100%|HS|  |TAMS 0x00000000e0700000| PB 0x00000000e0700000| Complete |  0
|   8|0x00000000e0800000, 0x00000000e0900000, 0x00000000e0900000|100%| O|  |TAMS 0x00000000e0800000| PB 0x00000000e0800000| Untracked |  0
|   9|0x00000000e0900000, 0x00000000e0a00000, 0x00000000e0a00000|100%| O|  |TAMS 0x00000000e0900000| PB 0x00000000e0900000| Untracked |  0
|  10|0x00000000e0a00000, 0x00000000e0b00000, 0x00000000e0b00000|100%| O|  |TAMS 0x00000000e0a00000| PB 0x00000000e0a00000| Untracked |  0
|  11|0x00000000e0b00000, 0x00000000e0c00000, 0x00000000e0c00000|100%| O|  |TAMS 0x00000000e0b00000| PB 0x00000000e0b00000| Untracked |  0
|  12|0x00000000e0c00000, 0x00000000e0d00000, 0x00000000e0d00000|100%| O|  |TAMS 0x00000000e0c00000| PB 0x00000000e0c00000| Untracked |  0
|  13|0x00000000e0d00000, 0x00000000e0e00000, 0x00000000e0e00000|100%| O|  |TAMS 0x00000000e0d00000| PB 0x00000000e0d00000| Untracked |  0
|  14|0x00000000e0e00000, 0x00000000e0f00000, 0x00000000e0f00000|100%| O|  |TAMS 0x00000000e0e00000| PB 0x00000000e0e00000| Untracked |  0
|  15|0x00000000e0f00000, 0x00000000e1000000, 0x00000000e1000000|100%| O|  |TAMS 0x00000000e0f00000| PB 0x00000000e0f00000| Untracked |  0
|  16|0x00000000e1000000, 0x00000000e1100000, 0x00000000e1100000|100%| O|  |TAMS 0x00000000e1000000| PB 0x00000000e1000000| Untracked |  0
|  17|0x00000000e1100000, 0x00000000e1200000, 0x00000000e1200000|100%| O|  |TAMS 0x00000000e1100000| PB 0x00000000e1100000| Untracked |  0
|  18|0x00000000e1200000, 0x00000000e1300000, 0x00000000e1300000|100%| O|  |TAMS 0x00000000e1200000| PB 0x00000000e1200000| Untracked |  0
|  19|0x00000000e1300000, 0x00000000e1400000, 0x00000000e1400000|100%| O|  |TAMS 0x00000000e1300000| PB 0x00000000e1300000| Untracked |  0
|  20|0x00000000e1400000, 0x00000000e1500000, 0x00000000e1500000|100%| O|  |TAMS 0x00000000e1400000| PB 0x00000000e1400000| Untracked |  0
|  21|0x00000000e1500000, 0x00000000e1600000, 0x00000000e1600000|100%| O|  |TAMS 0x00000000e1500000| PB 0x00000000e1500000| Untracked |  0
|  22|0x00000000e1600000, 0x00000000e1700000, 0x00000000e1700000|100%| O|  |TAMS 0x00000000e1600000| PB 0x00000000e1600000| Untracked |  0
|  23|0x00000000e1700000, 0x00000000e1800000, 0x00000000e1800000|100%| O|  |TAMS 0x00000000e1700000| PB 0x00000000e1700000| Untracked |  0
|  24|0x00000000e1800000, 0x00000000e1900000, 0x00000000e1900000|100%|HS|  |TAMS 0x00000000e1800000| PB 0x00000000e1800000| Complete |  0
|  25|0x00000000e1900000, 0x00000000e1900000, 0x00000000e1a00000|  0%| F|  |TAMS 0x00000000e1900000| PB 0x00000000e1900000| Untracked |  0
|  26|0x00000000e1a00000, 0x00000000e1a00000, 0x00000000e1b00000|  0%| F|  |TAMS 0x00000000e1a00000| PB 0x00000000e1a00000| Untracked |  0
|  27|0x00000000e1b00000, 0x00000000e1b00000, 0x00000000e1c00000|  0%| F|  |TAMS 0x00000000e1b00000| PB 0x00000000e1b00000| Untracked |  0
|  28|0x00000000e1c00000, 0x00000000e1c00000, 0x00000000e1d00000|  0%| F|  |TAMS 0x00000000e1c00000| PB 0x00000000e1c00000| Untracked |  0
|  29|0x00000000e1d00000, 0x00000000e1e00000, 0x00000000e1e00000|100%| O|  |TAMS 0x00000000e1d00000| PB 0x00000000e1d00000| Untracked |  0
|  30|0x00000000e1e00000, 0x00000000e1f00000, 0x00000000e1f00000|100%| O|  |TAMS 0x00000000e1e00000| PB 0x00000000e1e00000| Untracked |  0
|  31|0x00000000e1f00000, 0x00000000e2000000, 0x00000000e2000000|100%| O|  |TAMS 0x00000000e1f00000| PB 0x00000000e1f00000| Untracked |  0
|  32|0x00000000e2000000, 0x00000000e2100000, 0x00000000e2100000|100%| O|  |TAMS 0x00000000e2000000| PB 0x00000000e2000000| Untracked |  0
|  33|0x00000000e2100000, 0x00000000e2200000, 0x00000000e2200000|100%| O|Cm|TAMS 0x00000000e2100000| PB 0x00000000e2100000| Complete |  0
|  34|0x00000000e2200000, 0x00000000e2279000, 0x00000000e2300000| 47%| O|  |TAMS 0x00000000e2200000| PB 0x00000000e2200000| Untracked |  0
|  35|0x00000000e2300000, 0x00000000e2300000, 0x00000000e2400000|  0%| F|  |TAMS 0x00000000e2300000| PB 0x00000000e2300000| Untracked |  0
|  36|0x00000000e2400000, 0x00000000e2400000, 0x00000000e2500000|  0%| F|  |TAMS 0x00000000e2400000| PB 0x00000000e2400000| Untracked |  0
|  37|0x00000000e2500000, 0x00000000e2500000, 0x00000000e2600000|  0%| F|  |TAMS 0x00000000e2500000| PB 0x00000000e2500000| Untracked |  0
|  38|0x00000000e2600000, 0x00000000e2600000, 0x00000000e2700000|  0%| F|  |TAMS 0x00000000e2600000| PB 0x00000000e2600000| Untracked |  0
|  39|0x00000000e2700000, 0x00000000e2700000, 0x00000000e2800000|  0%| F|  |TAMS 0x00000000e2700000| PB 0x00000000e2700000| Untracked |  0
|  40|0x00000000e2800000, 0x00000000e2800000, 0x00000000e2900000|  0%| F|  |TAMS 0x00000000e2800000| PB 0x00000000e2800000| Untracked |  0
|  41|0x00000000e2900000, 0x00000000e2900000, 0x00000000e2a00000|  0%| F|  |TAMS 0x00000000e2900000| PB 0x00000000e2900000| Untracked |  0
|  42|0x00000000e2a00000, 0x00000000e2a00000, 0x00000000e2b00000|  0%| F|  |TAMS 0x00000000e2a00000| PB 0x00000000e2a00000| Untracked |  0
|  43|0x00000000e2b00000, 0x00000000e2b00000, 0x00000000e2c00000|  0%| F|  |TAMS 0x00000000e2b00000| PB 0x00000000e2b00000| Untracked |  0
|  44|0x00000000e2c00000, 0x00000000e2c00000, 0x00000000e2d00000|  0%| F|  |TAMS 0x00000000e2c00000| PB 0x00000000e2c00000| Untracked |  0
|  45|0x00000000e2d00000, 0x00000000e2d00000, 0x00000000e2e00000|  0%| F|  |TAMS 0x00000000e2d00000| PB 0x00000000e2d00000| Untracked |  0
|  46|0x00000000e2e00000, 0x00000000e2e00000, 0x00000000e2f00000|  0%| F|  |TAMS 0x00000000e2e00000| PB 0x00000000e2e00000| Untracked |  0
|  47|0x00000000e2f00000, 0x00000000e2f00000, 0x00000000e3000000|  0%| F|  |TAMS 0x00000000e2f00000| PB 0x00000000e2f00000| Untracked |  0
|  48|0x00000000e3000000, 0x00000000e3000000, 0x00000000e3100000|  0%| F|  |TAMS 0x00000000e3000000| PB 0x00000000e3000000| Untracked |  0
|  49|0x00000000e3100000, 0x00000000e3100000, 0x00000000e3200000|  0%| F|  |TAMS 0x00000000e3100000| PB 0x00000000e3100000| Untracked |  0
|  50|0x00000000e3200000, 0x00000000e3200000, 0x00000000e3300000|  0%| F|  |TAMS 0x00000000e3200000| PB 0x00000000e3200000| Untracked |  0
|  51|0x00000000e3300000, 0x00000000e3300000, 0x00000000e3400000|  0%| F|  |TAMS 0x00000000e3300000| PB 0x00000000e3300000| Untracked |  0
|  52|0x00000000e3400000, 0x00000000e3400000, 0x00000000e3500000|  0%| F|  |TAMS 0x00000000e3400000| PB 0x00000000e3400000| Untracked |  0
|  53|0x00000000e3500000, 0x00000000e3500000, 0x00000000e3600000|  0%| F|  |TAMS 0x00000000e3500000| PB 0x00000000e3500000| Untracked |  0
|  54|0x00000000e3600000, 0x00000000e3600000, 0x00000000e3700000|  0%| F|  |TAMS 0x00000000e3600000| PB 0x00000000e3600000| Untracked |  0
|  55|0x00000000e3700000, 0x00000000e3700000, 0x00000000e3800000|  0%| F|  |TAMS 0x00000000e3700000| PB 0x00000000e3700000| Untracked |  0
|  56|0x00000000e3800000, 0x00000000e3800000, 0x00000000e3900000|  0%| F|  |TAMS 0x00000000e3800000| PB 0x00000000e3800000| Untracked |  0
|  57|0x00000000e3900000, 0x00000000e3900000, 0x00000000e3a00000|  0%| F|  |TAMS 0x00000000e3900000| PB 0x00000000e3900000| Untracked |  0
|  58|0x00000000e3a00000, 0x00000000e3a00000, 0x00000000e3b00000|  0%| F|  |TAMS 0x00000000e3a00000| PB 0x00000000e3a00000| Untracked |  0
|  59|0x00000000e3b00000, 0x00000000e3b00000, 0x00000000e3c00000|  0%| F|  |TAMS 0x00000000e3b00000| PB 0x00000000e3b00000| Untracked |  0
|  60|0x00000000e3c00000, 0x00000000e3c00000, 0x00000000e3d00000|  0%| F|  |TAMS 0x00000000e3c00000| PB 0x00000000e3c00000| Untracked |  0
|  61|0x00000000e3d00000, 0x00000000e3d00000, 0x00000000e3e00000|  0%| F|  |TAMS 0x00000000e3d00000| PB 0x00000000e3d00000| Untracked |  0
|  62|0x00000000e3e00000, 0x00000000e3e00000, 0x00000000e3f00000|  0%| F|  |TAMS 0x00000000e3e00000| PB 0x00000000e3e00000| Untracked |  0
|  63|0x00000000e3f00000, 0x00000000e3f00000, 0x00000000e4000000|  0%| F|  |TAMS 0x00000000e3f00000| PB 0x00000000e3f00000| Untracked |  0
|  64|0x00000000e4000000, 0x00000000e4000000, 0x00000000e4100000|  0%| F|  |TAMS 0x00000000e4000000| PB 0x00000000e4000000| Untracked |  0
|  65|0x00000000e4100000, 0x00000000e4100000, 0x00000000e4200000|  0%| F|  |TAMS 0x00000000e4100000| PB 0x00000000e4100000| Untracked |  0
|  66|0x00000000e4200000, 0x00000000e4200000, 0x00000000e4300000|  0%| F|  |TAMS 0x00000000e4200000| PB 0x00000000e4200000| Untracked |  0
|  67|0x00000000e4300000, 0x00000000e4300000, 0x00000000e4400000|  0%| F|  |TAMS 0x00000000e4300000| PB 0x00000000e4300000| Untracked |  0
|  68|0x00000000e4400000, 0x00000000e4400000, 0x00000000e4500000|  0%| F|  |TAMS 0x00000000e4400000| PB 0x00000000e4400000| Untracked |  0
|  69|0x00000000e4500000, 0x00000000e4500000, 0x00000000e4600000|  0%| F|  |TAMS 0x00000000e4500000| PB 0x00000000e4500000| Untracked |  0
|  70|0x00000000e4600000, 0x00000000e4600000, 0x00000000e4700000|  0%| F|  |TAMS 0x00000000e4600000| PB 0x00000000e4600000| Untracked |  0
|  71|0x00000000e4700000, 0x00000000e4700000, 0x00000000e4800000|  0%| F|  |TAMS 0x00000000e4700000| PB 0x00000000e4700000| Untracked |  0
|  72|0x00000000e4800000, 0x00000000e4800000, 0x00000000e4900000|  0%| F|  |TAMS 0x00000000e4800000| PB 0x00000000e4800000| Untracked |  0
|  73|0x00000000e4900000, 0x00000000e4900000, 0x00000000e4a00000|  0%| F|  |TAMS 0x00000000e4900000| PB 0x00000000e4900000| Untracked |  0
|  74|0x00000000e4a00000, 0x00000000e4a00000, 0x00000000e4b00000|  0%| F|  |TAMS 0x00000000e4a00000| PB 0x00000000e4a00000| Untracked |  0
|  75|0x00000000e4b00000, 0x00000000e4b00000, 0x00000000e4c00000|  0%| F|  |TAMS 0x00000000e4b00000| PB 0x00000000e4b00000| Untracked |  0
|  76|0x00000000e4c00000, 0x00000000e4c00000, 0x00000000e4d00000|  0%| F|  |TAMS 0x00000000e4c00000| PB 0x00000000e4c00000| Untracked |  0
|  77|0x00000000e4d00000, 0x00000000e4d00000, 0x00000000e4e00000|  0%| F|  |TAMS 0x00000000e4d00000| PB 0x00000000e4d00000| Untracked |  0
|  78|0x00000000e4e00000, 0x00000000e4e00000, 0x00000000e4f00000|  0%| F|  |TAMS 0x00000000e4e00000| PB 0x00000000e4e00000| Untracked |  0
|  79|0x00000000e4f00000, 0x00000000e4f00000, 0x00000000e5000000|  0%| F|  |TAMS 0x00000000e4f00000| PB 0x00000000e4f00000| Untracked |  0
|  80|0x00000000e5000000, 0x00000000e5000000, 0x00000000e5100000|  0%| F|  |TAMS 0x00000000e5000000| PB 0x00000000e5000000| Untracked |  0
|  81|0x00000000e5100000, 0x00000000e5100000, 0x00000000e5200000|  0%| F|  |TAMS 0x00000000e5100000| PB 0x00000000e5100000| Untracked |  0
|  82|0x00000000e5200000, 0x00000000e5200000, 0x00000000e5300000|  0%| F|  |TAMS 0x00000000e5200000| PB 0x00000000e5200000| Untracked |  0
|  83|0x00000000e5300000, 0x00000000e5300000, 0x00000000e5400000|  0%| F|  |TAMS 0x00000000e5300000| PB 0x00000000e5300000| Untracked |  0
|  84|0x00000000e5400000, 0x00000000e5400000, 0x00000000e5500000|  0%| F|  |TAMS 0x00000000e5400000| PB 0x00000000e5400000| Untracked |  0
|  85|0x00000000e5500000, 0x00000000e5500000, 0x00000000e5600000|  0%| F|  |TAMS 0x00000000e5500000| PB 0x00000000e5500000| Untracked |  0
|  86|0x00000000e5600000, 0x00000000e5600000, 0x00000000e5700000|  0%| F|  |TAMS 0x00000000e5600000| PB 0x00000000e5600000| Untracked |  0
|  87|0x00000000e5700000, 0x00000000e5700000, 0x00000000e5800000|  0%| F|  |TAMS 0x00000000e5700000| PB 0x00000000e5700000| Untracked |  0
|  88|0x00000000e5800000, 0x00000000e5800000, 0x00000000e5900000|  0%| F|  |TAMS 0x00000000e5800000| PB 0x00000000e5800000| Untracked |  0
|  89|0x00000000e5900000, 0x00000000e5900000, 0x00000000e5a00000|  0%| F|  |TAMS 0x00000000e5900000| PB 0x00000000e5900000| Untracked |  0
|  90|0x00000000e5a00000, 0x00000000e5a00000, 0x00000000e5b00000|  0%| F|  |TAMS 0x00000000e5a00000| PB 0x00000000e5a00000| Untracked |  0
|  91|0x00000000e5b00000, 0x00000000e5b00000, 0x00000000e5c00000|  0%| F|  |TAMS 0x00000000e5b00000| PB 0x00000000e5b00000| Untracked |  0
|  92|0x00000000e5c00000, 0x00000000e5c00000, 0x00000000e5d00000|  0%| F|  |TAMS 0x00000000e5c00000| PB 0x00000000e5c00000| Untracked |  0
|  93|0x00000000e5d00000, 0x00000000e5d00000, 0x00000000e5e00000|  0%| F|  |TAMS 0x00000000e5d00000| PB 0x00000000e5d00000| Untracked |  0
|  94|0x00000000e5e00000, 0x00000000e5e00000, 0x00000000e5f00000|  0%| F|  |TAMS 0x00000000e5e00000| PB 0x00000000e5e00000| Untracked |  0
|  95|0x00000000e5f00000, 0x00000000e5f00000, 0x00000000e6000000|  0%| F|  |TAMS 0x00000000e5f00000| PB 0x00000000e5f00000| Untracked |  0
|  96|0x00000000e6000000, 0x00000000e6000000, 0x00000000e6100000|  0%| F|  |TAMS 0x00000000e6000000| PB 0x00000000e6000000| Untracked |  0
|  97|0x00000000e6100000, 0x00000000e6100000, 0x00000000e6200000|  0%| F|  |TAMS 0x00000000e6100000| PB 0x00000000e6100000| Untracked |  0
|  98|0x00000000e6200000, 0x00000000e6200000, 0x00000000e6300000|  0%| F|  |TAMS 0x00000000e6200000| PB 0x00000000e6200000| Untracked |  0
|  99|0x00000000e6300000, 0x00000000e6300000, 0x00000000e6400000|  0%| F|  |TAMS 0x00000000e6300000| PB 0x00000000e6300000| Untracked |  0
| 100|0x00000000e6400000, 0x00000000e6400000, 0x00000000e6500000|  0%| F|  |TAMS 0x00000000e6400000| PB 0x00000000e6400000| Untracked |  0
| 101|0x00000000e6500000, 0x00000000e6500000, 0x00000000e6600000|  0%| F|  |TAMS 0x00000000e6500000| PB 0x00000000e6500000| Untracked |  0
| 102|0x00000000e6600000, 0x00000000e6600000, 0x00000000e6700000|  0%| F|  |TAMS 0x00000000e6600000| PB 0x00000000e6600000| Untracked |  0
| 103|0x00000000e6700000, 0x00000000e6700000, 0x00000000e6800000|  0%| F|  |TAMS 0x00000000e6700000| PB 0x00000000e6700000| Untracked |  0
| 104|0x00000000e6800000, 0x00000000e6800000, 0x00000000e6900000|  0%| F|  |TAMS 0x00000000e6800000| PB 0x00000000e6800000| Untracked |  0
| 105|0x00000000e6900000, 0x00000000e6900000, 0x00000000e6a00000|  0%| F|  |TAMS 0x00000000e6900000| PB 0x00000000e6900000| Untracked |  0
| 106|0x00000000e6a00000, 0x00000000e6a00000, 0x00000000e6b00000|  0%| F|  |TAMS 0x00000000e6a00000| PB 0x00000000e6a00000| Untracked |  0
| 107|0x00000000e6b00000, 0x00000000e6b00000, 0x00000000e6c00000|  0%| F|  |TAMS 0x00000000e6b00000| PB 0x00000000e6b00000| Untracked |  0
| 108|0x00000000e6c00000, 0x00000000e6c00000, 0x00000000e6d00000|  0%| F|  |TAMS 0x00000000e6c00000| PB 0x00000000e6c00000| Untracked |  0
| 109|0x00000000e6d00000, 0x00000000e6d00000, 0x00000000e6e00000|  0%| F|  |TAMS 0x00000000e6d00000| PB 0x00000000e6d00000| Untracked |  0
| 110|0x00000000e6e00000, 0x00000000e6e00000, 0x00000000e6f00000|  0%| F|  |TAMS 0x00000000e6e00000| PB 0x00000000e6e00000| Untracked |  0
| 111|0x00000000e6f00000, 0x00000000e6f80000, 0x00000000e7000000| 50%| E|  |TAMS 0x00000000e6f00000| PB 0x00000000e6f00000| Complete |  0
| 112|0x00000000e7000000, 0x00000000e7100000, 0x00000000e7100000|100%| E|CS|TAMS 0x00000000e7000000| PB 0x00000000e7000000| Complete |  0
| 113|0x00000000e7100000, 0x00000000e7200000, 0x00000000e7200000|100%| E|CS|TAMS 0x00000000e7100000| PB 0x00000000e7100000| Complete |  0
| 114|0x00000000e7200000, 0x00000000e7300000, 0x00000000e7300000|100%| E|CS|TAMS 0x00000000e7200000| PB 0x00000000e7200000| Complete |  0
| 115|0x00000000e7300000, 0x00000000e7400000, 0x00000000e7400000|100%| E|CS|TAMS 0x00000000e7300000| PB 0x00000000e7300000| Complete |  0
| 116|0x00000000e7400000, 0x00000000e7500000, 0x00000000e7500000|100%| E|CS|TAMS 0x00000000e7400000| PB 0x00000000e7400000| Complete |  0
| 117|0x00000000e7500000, 0x00000000e7600000, 0x00000000e7600000|100%| E|CS|TAMS 0x00000000e7500000| PB 0x00000000e7500000| Complete |  0
| 118|0x00000000e7600000, 0x00000000e7700000, 0x00000000e7700000|100%| E|CS|TAMS 0x00000000e7600000| PB 0x00000000e7600000| Complete |  0
| 119|0x00000000e7700000, 0x00000000e7800000, 0x00000000e7800000|100%| E|CS|TAMS 0x00000000e7700000| PB 0x00000000e7700000| Complete |  0
| 120|0x00000000e7800000, 0x00000000e7900000, 0x00000000e7900000|100%| E|CS|TAMS 0x00000000e7800000| PB 0x00000000e7800000| Complete |  0
| 121|0x00000000e7900000, 0x00000000e7a00000, 0x00000000e7a00000|100%| E|CS|TAMS 0x00000000e7900000| PB 0x00000000e7900000| Complete |  0
| 122|0x00000000e7a00000, 0x00000000e7b00000, 0x00000000e7b00000|100%| E|CS|TAMS 0x00000000e7a00000| PB 0x00000000e7a00000| Complete |  0
| 123|0x00000000e7b00000, 0x00000000e7c00000, 0x00000000e7c00000|100%| E|CS|TAMS 0x00000000e7b00000| PB 0x00000000e7b00000| Complete |  0
| 124|0x00000000e7c00000, 0x00000000e7d00000, 0x00000000e7d00000|100%| E|CS|TAMS 0x00000000e7c00000| PB 0x00000000e7c00000| Complete |  0
| 125|0x00000000e7d00000, 0x00000000e7e00000, 0x00000000e7e00000|100%| E|CS|TAMS 0x00000000e7d00000| PB 0x00000000e7d00000| Complete |  0
| 126|0x00000000e7e00000, 0x00000000e7f00000, 0x00000000e7f00000|100%| E|CS|TAMS 0x00000000e7e00000| PB 0x00000000e7e00000| Complete |  0
| 127|0x00000000e7f00000, 0x00000000e8000000, 0x00000000e8000000|100%| E|CS|TAMS 0x00000000e7f00000| PB 0x00000000e7f00000| Complete |  0
| 128|0x00000000e8000000, 0x00000000e8100000, 0x00000000e8100000|100%| E|CS|TAMS 0x00000000e8000000| PB 0x00000000e8000000| Complete |  0
| 129|0x00000000e8100000, 0x00000000e8200000, 0x00000000e8200000|100%| E|CS|TAMS 0x00000000e8100000| PB 0x00000000e8100000| Complete |  0
| 130|0x00000000e8200000, 0x00000000e8300000, 0x00000000e8300000|100%| E|CS|TAMS 0x00000000e8200000| PB 0x00000000e8200000| Complete |  0
| 131|0x00000000e8300000, 0x00000000e8400000, 0x00000000e8400000|100%| E|CS|TAMS 0x00000000e8300000| PB 0x00000000e8300000| Complete |  0
| 132|0x00000000e8400000, 0x00000000e8500000, 0x00000000e8500000|100%| E|CS|TAMS 0x00000000e8400000| PB 0x00000000e8400000| Complete |  0
| 133|0x00000000e8500000, 0x00000000e8600000, 0x00000000e8600000|100%| E|CS|TAMS 0x00000000e8500000| PB 0x00000000e8500000| Complete |  0
| 134|0x00000000e8600000, 0x00000000e8700000, 0x00000000e8700000|100%| E|CS|TAMS 0x00000000e8600000| PB 0x00000000e8600000| Complete |  0
| 135|0x00000000e8700000, 0x00000000e8800000, 0x00000000e8800000|100%| E|CS|TAMS 0x00000000e8700000| PB 0x00000000e8700000| Complete |  0
| 136|0x00000000e8800000, 0x00000000e8900000, 0x00000000e8900000|100%| E|CS|TAMS 0x00000000e8800000| PB 0x00000000e8800000| Complete |  0
| 137|0x00000000e8900000, 0x00000000e8a00000, 0x00000000e8a00000|100%| E|CS|TAMS 0x00000000e8900000| PB 0x00000000e8900000| Complete |  0
| 138|0x00000000e8a00000, 0x00000000e8b00000, 0x00000000e8b00000|100%| E|CS|TAMS 0x00000000e8a00000| PB 0x00000000e8a00000| Complete |  0
| 139|0x00000000e8b00000, 0x00000000e8c00000, 0x00000000e8c00000|100%| E|CS|TAMS 0x00000000e8b00000| PB 0x00000000e8b00000| Complete |  0
| 140|0x00000000e8c00000, 0x00000000e8d00000, 0x00000000e8d00000|100%| E|CS|TAMS 0x00000000e8c00000| PB 0x00000000e8c00000| Complete |  0
| 141|0x00000000e8d00000, 0x00000000e8e00000, 0x00000000e8e00000|100%| E|CS|TAMS 0x00000000e8d00000| PB 0x00000000e8d00000| Complete |  0
| 142|0x00000000e8e00000, 0x00000000e8f00000, 0x00000000e8f00000|100%| E|CS|TAMS 0x00000000e8e00000| PB 0x00000000e8e00000| Complete |  0
| 143|0x00000000e8f00000, 0x00000000e9000000, 0x00000000e9000000|100%| E|CS|TAMS 0x00000000e8f00000| PB 0x00000000e8f00000| Complete |  0
| 144|0x00000000e9000000, 0x00000000e9100000, 0x00000000e9100000|100%| E|CS|TAMS 0x00000000e9000000| PB 0x00000000e9000000| Complete |  0
| 145|0x00000000e9100000, 0x00000000e9200000, 0x00000000e9200000|100%| E|CS|TAMS 0x00000000e9100000| PB 0x00000000e9100000| Complete |  0
| 146|0x00000000e9200000, 0x00000000e9300000, 0x00000000e9300000|100%| E|CS|TAMS 0x00000000e9200000| PB 0x00000000e9200000| Complete |  0
| 147|0x00000000e9300000, 0x00000000e9400000, 0x00000000e9400000|100%| E|CS|TAMS 0x00000000e9300000| PB 0x00000000e9300000| Complete |  0
| 148|0x00000000e9400000, 0x00000000e9500000, 0x00000000e9500000|100%| E|CS|TAMS 0x00000000e9400000| PB 0x00000000e9400000| Complete |  0
| 149|0x00000000e9500000, 0x00000000e9600000, 0x00000000e9600000|100%| E|CS|TAMS 0x00000000e9500000| PB 0x00000000e9500000| Complete |  0
| 150|0x00000000e9600000, 0x00000000e9700000, 0x00000000e9700000|100%| E|CS|TAMS 0x00000000e9600000| PB 0x00000000e9600000| Complete |  0
| 151|0x00000000e9700000, 0x00000000e9800000, 0x00000000e9800000|100%| E|CS|TAMS 0x00000000e9700000| PB 0x00000000e9700000| Complete |  0
| 152|0x00000000e9800000, 0x00000000e9900000, 0x00000000e9900000|100%| E|CS|TAMS 0x00000000e9800000| PB 0x00000000e9800000| Complete |  0
| 153|0x00000000e9900000, 0x00000000e9a00000, 0x00000000e9a00000|100%| E|CS|TAMS 0x00000000e9900000| PB 0x00000000e9900000| Complete |  0
| 154|0x00000000e9a00000, 0x00000000e9b00000, 0x00000000e9b00000|100%| E|CS|TAMS 0x00000000e9a00000| PB 0x00000000e9a00000| Complete |  0
| 155|0x00000000e9b00000, 0x00000000e9c00000, 0x00000000e9c00000|100%| E|CS|TAMS 0x00000000e9b00000| PB 0x00000000e9b00000| Complete |  0
| 156|0x00000000e9c00000, 0x00000000e9d00000, 0x00000000e9d00000|100%| E|CS|TAMS 0x00000000e9c00000| PB 0x00000000e9c00000| Complete |  0
| 157|0x00000000e9d00000, 0x00000000e9e00000, 0x00000000e9e00000|100%| E|CS|TAMS 0x00000000e9d00000| PB 0x00000000e9d00000| Complete |  0
| 158|0x00000000e9e00000, 0x00000000e9f00000, 0x00000000e9f00000|100%| E|CS|TAMS 0x00000000e9e00000| PB 0x00000000e9e00000| Complete |  0
| 159|0x00000000e9f00000, 0x00000000ea000000, 0x00000000ea000000|100%| E|CS|TAMS 0x00000000e9f00000| PB 0x00000000e9f00000| Complete |  0
| 160|0x00000000ea000000, 0x00000000ea100000, 0x00000000ea100000|100%| E|CS|TAMS 0x00000000ea000000| PB 0x00000000ea000000| Complete |  0
| 161|0x00000000ea100000, 0x00000000ea200000, 0x00000000ea200000|100%| E|CS|TAMS 0x00000000ea100000| PB 0x00000000ea100000| Complete |  0
| 162|0x00000000ea200000, 0x00000000ea300000, 0x00000000ea300000|100%| E|CS|TAMS 0x00000000ea200000| PB 0x00000000ea200000| Complete |  0
| 163|0x00000000ea300000, 0x00000000ea400000, 0x00000000ea400000|100%| E|CS|TAMS 0x00000000ea300000| PB 0x00000000ea300000| Complete |  0
| 164|0x00000000ea400000, 0x00000000ea500000, 0x00000000ea500000|100%| E|CS|TAMS 0x00000000ea400000| PB 0x00000000ea400000| Complete |  0
| 165|0x00000000ea500000, 0x00000000ea600000, 0x00000000ea600000|100%| E|CS|TAMS 0x00000000ea500000| PB 0x00000000ea500000| Complete |  0
| 166|0x00000000ea600000, 0x00000000ea700000, 0x00000000ea700000|100%| E|CS|TAMS 0x00000000ea600000| PB 0x00000000ea600000| Complete |  0
| 167|0x00000000ea700000, 0x00000000ea800000, 0x00000000ea800000|100%| E|CS|TAMS 0x00000000ea700000| PB 0x00000000ea700000| Complete |  0
| 168|0x00000000ea800000, 0x00000000ea900000, 0x00000000ea900000|100%| E|CS|TAMS 0x00000000ea800000| PB 0x00000000ea800000| Complete |  0
| 169|0x00000000ea900000, 0x00000000eaa00000, 0x00000000eaa00000|100%| E|CS|TAMS 0x00000000ea900000| PB 0x00000000ea900000| Complete |  0
| 170|0x00000000eaa00000, 0x00000000eab00000, 0x00000000eab00000|100%| E|CS|TAMS 0x00000000eaa00000| PB 0x00000000eaa00000| Complete |  0
| 171|0x00000000eab00000, 0x00000000eac00000, 0x00000000eac00000|100%| E|CS|TAMS 0x00000000eab00000| PB 0x00000000eab00000| Complete |  0
| 172|0x00000000eac00000, 0x00000000ead00000, 0x00000000ead00000|100%| E|CS|TAMS 0x00000000eac00000| PB 0x00000000eac00000| Complete |  0
| 173|0x00000000ead00000, 0x00000000eae00000, 0x00000000eae00000|100%| E|CS|TAMS 0x00000000ead00000| PB 0x00000000ead00000| Complete |  0
| 174|0x00000000eae00000, 0x00000000eaf00000, 0x00000000eaf00000|100%| E|CS|TAMS 0x00000000eae00000| PB 0x00000000eae00000| Complete |  0
| 175|0x00000000eaf00000, 0x00000000eb000000, 0x00000000eb000000|100%| E|CS|TAMS 0x00000000eaf00000| PB 0x00000000eaf00000| Complete |  0
| 176|0x00000000eb000000, 0x00000000eb100000, 0x00000000eb100000|100%| E|CS|TAMS 0x00000000eb000000| PB 0x00000000eb000000| Complete |  0
| 177|0x00000000eb100000, 0x00000000eb200000, 0x00000000eb200000|100%| E|CS|TAMS 0x00000000eb100000| PB 0x00000000eb100000| Complete |  0
| 178|0x00000000eb200000, 0x00000000eb300000, 0x00000000eb300000|100%| E|CS|TAMS 0x00000000eb200000| PB 0x00000000eb200000| Complete |  0
| 179|0x00000000eb300000, 0x00000000eb400000, 0x00000000eb400000|100%| E|CS|TAMS 0x00000000eb300000| PB 0x00000000eb300000| Complete |  0
| 180|0x00000000eb400000, 0x00000000eb500000, 0x00000000eb500000|100%| E|CS|TAMS 0x00000000eb400000| PB 0x00000000eb400000| Complete |  0
| 181|0x00000000eb500000, 0x00000000eb600000, 0x00000000eb600000|100%| E|CS|TAMS 0x00000000eb500000| PB 0x00000000eb500000| Complete |  0
| 182|0x00000000eb600000, 0x00000000eb700000, 0x00000000eb700000|100%| E|CS|TAMS 0x00000000eb600000| PB 0x00000000eb600000| Complete |  0
| 183|0x00000000eb700000, 0x00000000eb800000, 0x00000000eb800000|100%| E|CS|TAMS 0x00000000eb700000| PB 0x00000000eb700000| Complete |  0
| 184|0x00000000eb800000, 0x00000000eb900000, 0x00000000eb900000|100%| E|CS|TAMS 0x00000000eb800000| PB 0x00000000eb800000| Complete |  0
| 185|0x00000000eb900000, 0x00000000eba00000, 0x00000000eba00000|100%| E|CS|TAMS 0x00000000eb900000| PB 0x00000000eb900000| Complete |  0
| 186|0x00000000eba00000, 0x00000000ebb00000, 0x00000000ebb00000|100%| E|CS|TAMS 0x00000000eba00000| PB 0x00000000eba00000| Complete |  0
| 187|0x00000000ebb00000, 0x00000000ebc00000, 0x00000000ebc00000|100%| E|CS|TAMS 0x00000000ebb00000| PB 0x00000000ebb00000| Complete |  0
| 188|0x00000000ebc00000, 0x00000000ebd00000, 0x00000000ebd00000|100%| E|CS|TAMS 0x00000000ebc00000| PB 0x00000000ebc00000| Complete |  0
| 189|0x00000000ebd00000, 0x00000000ebe00000, 0x00000000ebe00000|100%| E|CS|TAMS 0x00000000ebd00000| PB 0x00000000ebd00000| Complete |  0
| 190|0x00000000ebe00000, 0x00000000ebf00000, 0x00000000ebf00000|100%| E|CS|TAMS 0x00000000ebe00000| PB 0x00000000ebe00000| Complete |  0
| 191|0x00000000ebf00000, 0x00000000ec000000, 0x00000000ec000000|100%| E|CS|TAMS 0x00000000ebf00000| PB 0x00000000ebf00000| Complete |  0
| 192|0x00000000ec000000, 0x00000000ec100000, 0x00000000ec100000|100%| E|CS|TAMS 0x00000000ec000000| PB 0x00000000ec000000| Complete |  0
| 193|0x00000000ec100000, 0x00000000ec200000, 0x00000000ec200000|100%| E|CS|TAMS 0x00000000ec100000| PB 0x00000000ec100000| Complete |  0
| 194|0x00000000ec200000, 0x00000000ec300000, 0x00000000ec300000|100%| E|  |TAMS 0x00000000ec200000| PB 0x00000000ec200000| Complete |  0
| 195|0x00000000ec300000, 0x00000000ec400000, 0x00000000ec400000|100%| E|CS|TAMS 0x00000000ec300000| PB 0x00000000ec300000| Complete |  0
| 196|0x00000000ec400000, 0x00000000ec500000, 0x00000000ec500000|100%| E|CS|TAMS 0x00000000ec400000| PB 0x00000000ec400000| Complete |  0
| 197|0x00000000ec500000, 0x00000000ec600000, 0x00000000ec600000|100%| E|CS|TAMS 0x00000000ec500000| PB 0x00000000ec500000| Complete |  0
| 198|0x00000000ec600000, 0x00000000ec700000, 0x00000000ec700000|100%| E|CS|TAMS 0x00000000ec600000| PB 0x00000000ec600000| Complete |  0
| 199|0x00000000ec700000, 0x00000000ec800000, 0x00000000ec800000|100%| E|CS|TAMS 0x00000000ec700000| PB 0x00000000ec700000| Complete |  0
| 200|0x00000000ec800000, 0x00000000ec900000, 0x00000000ec900000|100%| E|CS|TAMS 0x00000000ec800000| PB 0x00000000ec800000| Complete |  0
| 201|0x00000000ec900000, 0x00000000eca00000, 0x00000000eca00000|100%| E|CS|TAMS 0x00000000ec900000| PB 0x00000000ec900000| Complete |  0
| 202|0x00000000eca00000, 0x00000000ecb00000, 0x00000000ecb00000|100%| E|CS|TAMS 0x00000000eca00000| PB 0x00000000eca00000| Complete |  0
| 203|0x00000000ecb00000, 0x00000000ecc00000, 0x00000000ecc00000|100%| E|CS|TAMS 0x00000000ecb00000| PB 0x00000000ecb00000| Complete |  0
| 204|0x00000000ecc00000, 0x00000000ecd00000, 0x00000000ecd00000|100%| E|CS|TAMS 0x00000000ecc00000| PB 0x00000000ecc00000| Complete |  0
| 205|0x00000000ecd00000, 0x00000000ece00000, 0x00000000ece00000|100%| E|CS|TAMS 0x00000000ecd00000| PB 0x00000000ecd00000| Complete |  0
| 206|0x00000000ece00000, 0x00000000ecf00000, 0x00000000ecf00000|100%| E|CS|TAMS 0x00000000ece00000| PB 0x00000000ece00000| Complete |  0
| 207|0x00000000ecf00000, 0x00000000ed000000, 0x00000000ed000000|100%| E|CS|TAMS 0x00000000ecf00000| PB 0x00000000ecf00000| Complete |  0
| 208|0x00000000ed000000, 0x00000000ed100000, 0x00000000ed100000|100%| E|CS|TAMS 0x00000000ed000000| PB 0x00000000ed000000| Complete |  0
| 209|0x00000000ed100000, 0x00000000ed200000, 0x00000000ed200000|100%| E|CS|TAMS 0x00000000ed100000| PB 0x00000000ed100000| Complete |  0
| 210|0x00000000ed200000, 0x00000000ed300000, 0x00000000ed300000|100%| E|CS|TAMS 0x00000000ed200000| PB 0x00000000ed200000| Complete |  0
| 211|0x00000000ed300000, 0x00000000ed400000, 0x00000000ed400000|100%| E|CS|TAMS 0x00000000ed300000| PB 0x00000000ed300000| Complete |  0
| 212|0x00000000ed400000, 0x00000000ed500000, 0x00000000ed500000|100%| E|CS|TAMS 0x00000000ed400000| PB 0x00000000ed400000| Complete |  0
| 213|0x00000000ed500000, 0x00000000ed600000, 0x00000000ed600000|100%| E|CS|TAMS 0x00000000ed500000| PB 0x00000000ed500000| Complete |  0
| 214|0x00000000ed600000, 0x00000000ed700000, 0x00000000ed700000|100%| E|CS|TAMS 0x00000000ed600000| PB 0x00000000ed600000| Complete |  0
| 215|0x00000000ed700000, 0x00000000ed800000, 0x00000000ed800000|100%| E|CS|TAMS 0x00000000ed700000| PB 0x00000000ed700000| Complete |  0
| 216|0x00000000ed800000, 0x00000000ed900000, 0x00000000ed900000|100%| E|CS|TAMS 0x00000000ed800000| PB 0x00000000ed800000| Complete |  0
| 217|0x00000000ed900000, 0x00000000eda00000, 0x00000000eda00000|100%| E|CS|TAMS 0x00000000ed900000| PB 0x00000000ed900000| Complete |  0
| 218|0x00000000eda00000, 0x00000000edb00000, 0x00000000edb00000|100%| E|CS|TAMS 0x00000000eda00000| PB 0x00000000eda00000| Complete |  0
| 219|0x00000000edb00000, 0x00000000edc00000, 0x00000000edc00000|100%| E|CS|TAMS 0x00000000edb00000| PB 0x00000000edb00000| Complete |  0
| 220|0x00000000edc00000, 0x00000000edd00000, 0x00000000edd00000|100%| E|CS|TAMS 0x00000000edc00000| PB 0x00000000edc00000| Complete |  0
| 221|0x00000000edd00000, 0x00000000ede00000, 0x00000000ede00000|100%| E|CS|TAMS 0x00000000edd00000| PB 0x00000000edd00000| Complete |  0
| 222|0x00000000ede00000, 0x00000000edf00000, 0x00000000edf00000|100%| E|CS|TAMS 0x00000000ede00000| PB 0x00000000ede00000| Complete |  0
| 223|0x00000000edf00000, 0x00000000ee000000, 0x00000000ee000000|100%| E|CS|TAMS 0x00000000edf00000| PB 0x00000000edf00000| Complete |  0
| 224|0x00000000ee000000, 0x00000000ee100000, 0x00000000ee100000|100%| E|CS|TAMS 0x00000000ee000000| PB 0x00000000ee000000| Complete |  0
| 225|0x00000000ee100000, 0x00000000ee200000, 0x00000000ee200000|100%| E|CS|TAMS 0x00000000ee100000| PB 0x00000000ee100000| Complete |  0
| 226|0x00000000ee200000, 0x00000000ee300000, 0x00000000ee300000|100%| E|CS|TAMS 0x00000000ee200000| PB 0x00000000ee200000| Complete |  0
| 227|0x00000000ee300000, 0x00000000ee400000, 0x00000000ee400000|100%| E|CS|TAMS 0x00000000ee300000| PB 0x00000000ee300000| Complete |  0
| 228|0x00000000ee400000, 0x00000000ee500000, 0x00000000ee500000|100%| E|CS|TAMS 0x00000000ee400000| PB 0x00000000ee400000| Complete |  0
| 229|0x00000000ee500000, 0x00000000ee600000, 0x00000000ee600000|100%| E|CS|TAMS 0x00000000ee500000| PB 0x00000000ee500000| Complete |  0
| 230|0x00000000ee600000, 0x00000000ee700000, 0x00000000ee700000|100%| E|CS|TAMS 0x00000000ee600000| PB 0x00000000ee600000| Complete |  0
| 231|0x00000000ee700000, 0x00000000ee800000, 0x00000000ee800000|100%| E|CS|TAMS 0x00000000ee700000| PB 0x00000000ee700000| Complete |  0
| 232|0x00000000ee800000, 0x00000000ee900000, 0x00000000ee900000|100%| E|CS|TAMS 0x00000000ee800000| PB 0x00000000ee800000| Complete |  0
| 233|0x00000000ee900000, 0x00000000eea00000, 0x00000000eea00000|100%| E|CS|TAMS 0x00000000ee900000| PB 0x00000000ee900000| Complete |  0
| 234|0x00000000eea00000, 0x00000000eeb00000, 0x00000000eeb00000|100%| E|CS|TAMS 0x00000000eea00000| PB 0x00000000eea00000| Complete |  0
| 235|0x00000000eeb00000, 0x00000000eec00000, 0x00000000eec00000|100%| E|CS|TAMS 0x00000000eeb00000| PB 0x00000000eeb00000| Complete |  0
| 236|0x00000000eec00000, 0x00000000eed00000, 0x00000000eed00000|100%| E|CS|TAMS 0x00000000eec00000| PB 0x00000000eec00000| Complete |  0
| 237|0x00000000eed00000, 0x00000000eee00000, 0x00000000eee00000|100%| E|CS|TAMS 0x00000000eed00000| PB 0x00000000eed00000| Complete |  0
| 238|0x00000000eee00000, 0x00000000eef00000, 0x00000000eef00000|100%| E|CS|TAMS 0x00000000eee00000| PB 0x00000000eee00000| Complete |  0
| 239|0x00000000eef00000, 0x00000000ef000000, 0x00000000ef000000|100%| E|CS|TAMS 0x00000000eef00000| PB 0x00000000eef00000| Complete |  0
| 240|0x00000000ef000000, 0x00000000ef100000, 0x00000000ef100000|100%| E|CS|TAMS 0x00000000ef000000| PB 0x00000000ef000000| Complete |  0
| 241|0x00000000ef100000, 0x00000000ef200000, 0x00000000ef200000|100%| E|CS|TAMS 0x00000000ef100000| PB 0x00000000ef100000| Complete |  0
| 242|0x00000000ef200000, 0x00000000ef300000, 0x00000000ef300000|100%| E|CS|TAMS 0x00000000ef200000| PB 0x00000000ef200000| Complete |  0
| 243|0x00000000ef300000, 0x00000000ef400000, 0x00000000ef400000|100%| E|CS|TAMS 0x00000000ef300000| PB 0x00000000ef300000| Complete |  0
| 244|0x00000000ef400000, 0x00000000ef500000, 0x00000000ef500000|100%| E|CS|TAMS 0x00000000ef400000| PB 0x00000000ef400000| Complete |  0
| 245|0x00000000ef500000, 0x00000000ef600000, 0x00000000ef600000|100%| E|CS|TAMS 0x00000000ef500000| PB 0x00000000ef500000| Complete |  0
| 246|0x00000000ef600000, 0x00000000ef700000, 0x00000000ef700000|100%| E|CS|TAMS 0x00000000ef600000| PB 0x00000000ef600000| Complete |  0
| 247|0x00000000ef700000, 0x00000000ef800000, 0x00000000ef800000|100%| E|CS|TAMS 0x00000000ef700000| PB 0x00000000ef700000| Complete |  0
| 248|0x00000000ef800000, 0x00000000ef900000, 0x00000000ef900000|100%| E|CS|TAMS 0x00000000ef800000| PB 0x00000000ef800000| Complete |  0
| 249|0x00000000ef900000, 0x00000000efa00000, 0x00000000efa00000|100%| E|CS|TAMS 0x00000000ef900000| PB 0x00000000ef900000| Complete |  0
| 250|0x00000000efa00000, 0x00000000efa9c540, 0x00000000efb00000| 61%| S|CS|TAMS 0x00000000efa00000| PB 0x00000000efa00000| Complete |  0
| 251|0x00000000efb00000, 0x00000000efc00000, 0x00000000efc00000|100%| S|CS|TAMS 0x00000000efb00000| PB 0x00000000efb00000| Complete |  0
| 252|0x00000000efc00000, 0x00000000efd00000, 0x00000000efd00000|100%| S|CS|TAMS 0x00000000efc00000| PB 0x00000000efc00000| Complete |  0
| 253|0x00000000efd00000, 0x00000000efe00000, 0x00000000efe00000|100%| S|CS|TAMS 0x00000000efd00000| PB 0x00000000efd00000| Complete |  0
| 254|0x00000000efe00000, 0x00000000eff00000, 0x00000000eff00000|100%| E|CS|TAMS 0x00000000efe00000| PB 0x00000000efe00000| Complete |  0
| 255|0x00000000eff00000, 0x00000000f0000000, 0x00000000f0000000|100%| E|CS|TAMS 0x00000000eff00000| PB 0x00000000eff00000| Complete |  0

Card table byte_map: [0x00000160c2710000,0x00000160c2810000] _byte_map_base: 0x00000160c2010000

Marking Bits: (CMBitMap*) 0x00000160a94ea510
 Bits: [0x00000160c2810000, 0x00000160c3010000)

Polling page: 0x00000160a9320000

Metaspace:

Usage:
  Non-class:     42.56 MB used.
      Class:      7.32 MB used.
       Both:     49.88 MB used.

Virtual space:
  Non-class space:       64.00 MB reserved,      43.50 MB ( 68%) committed,  1 nodes.
      Class space:      320.00 MB reserved,       8.19 MB (  3%) committed,  1 nodes.
             Both:      384.00 MB reserved,      51.69 MB ( 13%) committed. 

Chunk freelists:
   Non-Class:  4.38 MB
       Class:  7.67 MB
        Both:  12.05 MB

MaxMetaspaceSize: 384.00 MB
CompressedClassSpaceSize: 320.00 MB
Initial GC threshold: 21.00 MB
Current GC threshold: 59.19 MB
CDS: on
 - commit_granule_bytes: 65536.
 - commit_granule_words: 8192.
 - virtual_space_node_default_size: 8388608.
 - enlarge_chunks_in_place: 1.
 - use_allocation_guard: 0.


Internal statistics:

num_allocs_failed_limit: 11.
num_arena_births: 3196.
num_arena_deaths: 0.
num_vsnodes_births: 2.
num_vsnodes_deaths: 0.
num_space_committed: 827.
num_space_uncommitted: 0.
num_chunks_returned_to_freelist: 11.
num_chunks_taken_from_freelist: 5527.
num_chunk_merges: 6.
num_chunk_splits: 3566.
num_chunks_enlarged: 2178.
num_inconsistent_stats: 0.

CodeHeap 'non-profiled nmethods': size=120000Kb used=3248Kb max_used=3248Kb free=116751Kb
 bounds [0x00000160baac0000, 0x00000160badf0000, 0x00000160c1ff0000]
CodeHeap 'profiled nmethods': size=120000Kb used=11016Kb max_used=11016Kb free=108983Kb
 bounds [0x00000160b2ff0000, 0x00000160b3ac0000, 0x00000160ba520000]
CodeHeap 'non-nmethods': size=5760Kb used=2764Kb max_used=2802Kb free=2995Kb
 bounds [0x00000160ba520000, 0x00000160ba7f0000, 0x00000160baac0000]
 total_blobs=6639 nmethods=5751 adapters=791
 compilation: enabled
              stopped_count=0, restarted_count=0
 full_count=0

Compilation events (20 events):
Event: 8.999 Thread 0x00000160c5640b90 6263       3       org.gradle.internal.instantiation.generator.DependencyInjectingInstantiator::verifyParameters (175 bytes)
Event: 9.000 Thread 0x00000160c5640b90 nmethod 6263 0x00000160b3a9ac10 code [0x00000160b3a9af60, 0x00000160b3a9c1f8]
Event: 9.001 Thread 0x00000160c5640b90 6264       3       org.gradle.internal.instantiation.generator.AsmBackedClassGenerator$ClassBuilderImpl::access$7700 (4 bytes)
Event: 9.001 Thread 0x00000160c5640b90 nmethod 6264 0x00000160b3a9c890 code [0x00000160b3a9ca20, 0x00000160b3a9cb18]
Event: 9.001 Thread 0x00000160c5640b90 6265       3       jdk.internal.org.objectweb.asm.ClassReader::<init> (371 bytes)
Event: 9.002 Thread 0x00000160c5640b90 nmethod 6265 0x00000160b3a9cb90 code [0x00000160b3a9cea0, 0x00000160b3a9e1f8]
Event: 9.008 Thread 0x00000160c5640b90 6267       3       com.google.common.collect.ImmutableCollection$Builder::expandedCapacity (45 bytes)
Event: 9.008 Thread 0x00000160c5640b90 nmethod 6267 0x00000160b3a9e790 code [0x00000160b3a9e960, 0x00000160b3a9ec70]
Event: 9.008 Thread 0x00000160c5640b90 6268       3       com.google.common.collect.ImmutableMap$Builder::build (170 bytes)
Event: 9.010 Thread 0x00000160c5640b90 nmethod 6268 0x00000160b3a9ed90 code [0x00000160b3a9f140, 0x00000160b3aa0b38]
Event: 9.010 Thread 0x00000160c5640b90 6269       3       com.google.common.reflect.TypeResolver$TypeTable::resolveInternal (105 bytes)
Event: 9.010 Thread 0x00000160c5640b90 nmethod 6269 0x00000160b3aa1390 code [0x00000160b3aa1660, 0x00000160b3aa25a0]
Event: 9.010 Thread 0x00000160c5640b90 6270       3       com.google.common.reflect.TypeResolver::<init> (6 bytes)
Event: 9.011 Thread 0x00000160c5640b90 nmethod 6270 0x00000160b3aa2a90 code [0x00000160b3aa2c40, 0x00000160b3aa2e60]
Event: 9.011 Thread 0x00000160c5640b90 6271       3       com.google.common.collect.LinkedHashMultimap::get (6 bytes)
Event: 9.011 Thread 0x00000160c5640b90 nmethod 6271 0x00000160b3aa2f90 code [0x00000160b3aa3180, 0x00000160b3aa3748]
Event: 9.011 Thread 0x00000160c5640b90 6272       3       com.google.common.collect.AbstractSetMultimap::wrapCollection (14 bytes)
Event: 9.011 Thread 0x00000160c5640b90 nmethod 6272 0x00000160b3aa3910 code [0x00000160b3aa3ac0, 0x00000160b3aa3d68]
Event: 9.014 Thread 0x00000160c5640b90 6273       1       org.gradle.api.internal.collections.AbstractIterationOrderRetainingElementSource$Element::isRealized (5 bytes)
Event: 9.014 Thread 0x00000160c5640b90 nmethod 6273 0x00000160badead10 code [0x00000160badeaea0, 0x00000160badeaf70]

GC Heap History (12 events):
Event: 0.317 GC heap before
{Heap before GC invocations=0 (full 0):
 garbage-first heap   total reserved 524288K, committed 262144K, used 14336K [0x00000000e0000000, 0x0000000100000000)
  region size 1024K, 14 young (14336K), 0 survivors (0K)
 Metaspace       used 799K, committed 960K, reserved 393216K
  class space    used 67K, committed 128K, reserved 327680K
}
Event: 0.330 GC heap after
{Heap after GC invocations=1 (full 0):
 garbage-first heap   total reserved 524288K, committed 262144K, used 1296K [0x00000000e0000000, 0x0000000100000000)
  region size 1024K, 2 young (2048K), 2 survivors (2048K)
 Metaspace       used 799K, committed 960K, reserved 393216K
  class space    used 67K, committed 128K, reserved 327680K
}
Event: 1.210 GC heap before
{Heap before GC invocations=1 (full 0):
 garbage-first heap   total reserved 524288K, committed 262144K, used 29968K [0x00000000e0000000, 0x0000000100000000)
  region size 1024K, 28 young (28672K), 2 survivors (2048K)
 Metaspace       used 4039K, committed 4224K, reserved 393216K
  class space    used 515K, committed 640K, reserved 327680K
}
Event: 1.214 GC heap after
{Heap after GC invocations=2 (full 0):
 garbage-first heap   total reserved 524288K, committed 262144K, used 10498K [0x00000000e0000000, 0x0000000100000000)
  region size 1024K, 4 young (4096K), 4 survivors (4096K)
 Metaspace       used 4039K, committed 4224K, reserved 393216K
  class space    used 515K, committed 640K, reserved 327680K
}
Event: 4.365 GC heap before
{Heap before GC invocations=2 (full 0):
 garbage-first heap   total reserved 524288K, committed 262144K, used 163074K [0x00000000e0000000, 0x0000000100000000)
  region size 1024K, 153 young (156672K), 4 survivors (4096K)
 Metaspace       used 20805K, committed 21504K, reserved 393216K
  class space    used 3101K, committed 3456K, reserved 327680K
}
Event: 4.385 GC heap after
{Heap after GC invocations=3 (full 0):
 garbage-first heap   total reserved 524288K, committed 262144K, used 24243K [0x00000000e0000000, 0x0000000100000000)
  region size 1024K, 17 young (17408K), 17 survivors (17408K)
 Metaspace       used 20805K, committed 21504K, reserved 393216K
  class space    used 3101K, committed 3456K, reserved 327680K
}
Event: 6.070 GC heap before
{Heap before GC invocations=4 (full 0):
 garbage-first heap   total reserved 524288K, committed 262144K, used 91827K [0x00000000e0000000, 0x0000000100000000)
  region size 1024K, 84 young (86016K), 17 survivors (17408K)
 Metaspace       used 31869K, committed 32896K, reserved 393216K
  class space    used 4636K, committed 5120K, reserved 327680K
}
Event: 6.087 GC heap after
{Heap after GC invocations=5 (full 0):
 garbage-first heap   total reserved 524288K, committed 262144K, used 30249K [0x00000000e0000000, 0x0000000100000000)
  region size 1024K, 7 young (7168K), 7 survivors (7168K)
 Metaspace       used 31869K, committed 32896K, reserved 393216K
  class space    used 4636K, committed 5120K, reserved 327680K
}
Event: 6.536 GC heap before
{Heap before GC invocations=5 (full 0):
 garbage-first heap   total reserved 524288K, committed 262144K, used 77353K [0x00000000e0000000, 0x0000000100000000)
  region size 1024K, 49 young (50176K), 7 survivors (7168K)
 Metaspace       used 34862K, committed 35968K, reserved 393216K
  class space    used 4966K, committed 5504K, reserved 327680K
}
Event: 6.544 GC heap after
{Heap after GC invocations=6 (full 0):
 garbage-first heap   total reserved 524288K, committed 262144K, used 33197K [0x00000000e0000000, 0x0000000100000000)
  region size 1024K, 4 young (4096K), 4 survivors (4096K)
 Metaspace       used 34862K, committed 35968K, reserved 393216K
  class space    used 4966K, committed 5504K, reserved 327680K
}
Event: 6.583 GC heap before
{Heap before GC invocations=6 (full 0):
 garbage-first heap   total reserved 524288K, committed 262144K, used 34221K [0x00000000e0000000, 0x0000000100000000)
  region size 1024K, 6 young (6144K), 4 survivors (4096K)
 Metaspace       used 35132K, committed 36288K, reserved 393216K
  class space    used 5014K, committed 5568K, reserved 327680K
}
Event: 6.586 GC heap after
{Heap after GC invocations=7 (full 0):
 garbage-first heap   total reserved 524288K, committed 262144K, used 32853K [0x00000000e0000000, 0x0000000100000000)
  region size 1024K, 4 young (4096K), 4 survivors (4096K)
 Metaspace       used 35132K, committed 36288K, reserved 393216K
  class space    used 5014K, committed 5568K, reserved 327680K
}

Dll operation events (15 events):
Event: 0.011 Loaded shared library C:\Users\ASUS\.jdks\openjdk-22.0.2\bin\java.dll
Event: 0.042 Loaded shared library C:\Users\ASUS\.jdks\openjdk-22.0.2\bin\jsvml.dll
Event: 0.083 Loaded shared library C:\Users\ASUS\.jdks\openjdk-22.0.2\bin\zip.dll
Event: 0.086 Loaded shared library C:\Users\ASUS\.jdks\openjdk-22.0.2\bin\instrument.dll
Event: 0.090 Loaded shared library C:\Users\ASUS\.jdks\openjdk-22.0.2\bin\net.dll
Event: 0.092 Loaded shared library C:\Users\ASUS\.jdks\openjdk-22.0.2\bin\nio.dll
Event: 0.094 Loaded shared library C:\Users\ASUS\.jdks\openjdk-22.0.2\bin\zip.dll
Event: 0.404 Loaded shared library C:\Users\ASUS\.jdks\openjdk-22.0.2\bin\jimage.dll
Event: 0.659 Loaded shared library C:\Users\ASUS\.jdks\openjdk-22.0.2\bin\verify.dll
Event: 0.969 Loaded shared library C:\Users\ASUS\.gradle\native\1def1411415f61bf3af743bc5b6707747c0891f09f0c88961ee8f79bc544acac\windows-amd64\native-platform.dll
Event: 0.974 Loaded shared library C:\Users\ASUS\.gradle\native\0.2.6\x86_64-windows-gnu\gradle-fileevents.dll
Event: 2.209 Loaded shared library C:\Users\ASUS\.jdks\openjdk-22.0.2\bin\management.dll
Event: 2.217 Loaded shared library C:\Users\ASUS\.jdks\openjdk-22.0.2\bin\management_ext.dll
Event: 2.410 Loaded shared library C:\Users\ASUS\.jdks\openjdk-22.0.2\bin\extnet.dll
Event: 2.716 Loaded shared library C:\Users\ASUS\.jdks\openjdk-22.0.2\bin\sunmscapi.dll

Deoptimization events (20 events):
Event: 8.731 Thread 0x00000160e3e87820 DEOPT PACKING pc=0x00000160b3458cfe sp=0x00000030a02fc700
Event: 8.731 Thread 0x00000160e3e87820 DEOPT UNPACKING pc=0x00000160ba574e42 sp=0x00000030a02fbc80 mode 0
Event: 8.775 Thread 0x00000160e3e87820 DEOPT PACKING pc=0x00000160b3458cfe sp=0x00000030a02fce80
Event: 8.775 Thread 0x00000160e3e87820 DEOPT UNPACKING pc=0x00000160ba574e42 sp=0x00000030a02fc400 mode 0
Event: 8.820 Thread 0x00000160e0749db0 DEOPT PACKING pc=0x00000160b38c7f79 sp=0x000000309ecfe660
Event: 8.820 Thread 0x00000160e0749db0 DEOPT UNPACKING pc=0x00000160ba574e42 sp=0x000000309ecfdb00 mode 0
Event: 8.836 Thread 0x00000160e3e850c0 DEOPT PACKING pc=0x00000160b3458cfe sp=0x00000030a01fd1f0
Event: 8.836 Thread 0x00000160e3e850c0 DEOPT UNPACKING pc=0x00000160ba574e42 sp=0x00000030a01fc770 mode 0
Event: 8.891 Thread 0x00000160e074c510 Uncommon trap: trap_request=0xffffffc6 fr.pc=0x00000160bab6ac2c relative=0x0000000000001dcc
Event: 8.891 Thread 0x00000160e074c510 Uncommon trap: reason=bimorphic_or_optimized_type_check action=maybe_recompile pc=0x00000160bab6ac2c method=java.util.HashMap.putVal(ILjava/lang/Object;Ljava/lang/Object;ZZ)Ljava/lang/Object; @ 91 c2
Event: 8.891 Thread 0x00000160e074c510 DEOPT PACKING pc=0x00000160bab6ac2c sp=0x000000309e8f8ce0
Event: 8.891 Thread 0x00000160e074c510 DEOPT UNPACKING pc=0x00000160ba5746a2 sp=0x000000309e8f8ba8 mode 2
Event: 8.891 Thread 0x00000160e074c510 Uncommon trap: trap_request=0xffffffc6 fr.pc=0x00000160bab6ac2c relative=0x0000000000001dcc
Event: 8.891 Thread 0x00000160e074c510 Uncommon trap: reason=bimorphic_or_optimized_type_check action=maybe_recompile pc=0x00000160bab6ac2c method=java.util.HashMap.putVal(ILjava/lang/Object;Ljava/lang/Object;ZZ)Ljava/lang/Object; @ 91 c2
Event: 8.891 Thread 0x00000160e074c510 DEOPT PACKING pc=0x00000160bab6ac2c sp=0x000000309e8f8ce0
Event: 8.891 Thread 0x00000160e074c510 DEOPT UNPACKING pc=0x00000160ba5746a2 sp=0x000000309e8f8ba8 mode 2
Event: 8.910 Thread 0x00000160e074c510 DEOPT PACKING pc=0x00000160b347f994 sp=0x000000309e8f5d00
Event: 8.910 Thread 0x00000160e074c510 DEOPT UNPACKING pc=0x00000160ba574e42 sp=0x000000309e8f5200 mode 0
Event: 8.918 Thread 0x00000160e074c510 DEOPT PACKING pc=0x00000160b3716c0a sp=0x000000309e8f8810
Event: 8.918 Thread 0x00000160e074c510 DEOPT UNPACKING pc=0x00000160ba574e42 sp=0x000000309e8f7cf0 mode 0

Classes loaded (20 events):
Event: 8.596 Loading class java/util/stream/DistinctOps$1$2
Event: 8.596 Loading class java/util/stream/DistinctOps$1$2 done
Event: 8.611 Loading class sun/reflect/ReflectionFactory
Event: 8.611 Loading class sun/reflect/ReflectionFactory done
Event: 8.611 Loading class sun/reflect/ReflectionFactory$1
Event: 8.611 Loading class sun/reflect/ReflectionFactory$1 done
Event: 8.654 Loading class java/nio/channels/Channels
Event: 8.655 Loading class java/nio/channels/Channels done
Event: 8.655 Loading class sun/nio/ch/Streams
Event: 8.655 Loading class sun/nio/ch/Streams done
Event: 8.655 Loading class sun/nio/ch/ChannelInputStream
Event: 8.656 Loading class sun/nio/ch/ChannelInputStream done
Event: 8.893 Loading class java/util/stream/SortedOps
Event: 8.894 Loading class java/util/stream/SortedOps done
Event: 8.894 Loading class java/util/stream/SortedOps$OfRef
Event: 8.894 Loading class java/util/stream/SortedOps$OfRef done
Event: 8.895 Loading class java/util/stream/SortedOps$SizedRefSortingSink
Event: 8.895 Loading class java/util/stream/SortedOps$AbstractRefSortingSink
Event: 8.895 Loading class java/util/stream/SortedOps$AbstractRefSortingSink done
Event: 8.895 Loading class java/util/stream/SortedOps$SizedRefSortingSink done

Classes unloaded (0 events):
No events

Classes redefined (0 events):
No events

Internal exceptions (20 events):
Event: 7.889 Thread 0x00000160e074c510 Exception <a 'java/lang/NoSuchMethodError'{0x00000000ea44cd18}: 'int java.lang.invoke.DirectMethodHandle$Holder.invokeSpecialIFC(java.lang.Object, java.lang.Object, java.lang.Object)'> (0x00000000ea44cd18) 
thrown [s\open\src\hotspot\share\interpreter\linkResolver.cpp, line 774]
Event: 7.940 Thread 0x00000160e074c510 Exception <a 'java/lang/NoSuchMethodError'{0x00000000ea03f0c0}: 'java.lang.Object java.lang.invoke.DirectMethodHandle$Holder.newInvokeSpecial(java.lang.Object, java.lang.Object, java.lang.Object, java.lang.Object, int)'> (0x00000000ea03f0c0) 
thrown [s\open\src\hotspot\share\interpreter\linkResolver.cpp, line 774]
Event: 7.941 Thread 0x00000160e074c510 Exception <a 'java/lang/NoSuchMethodError'{0x00000000ea0440c8}: 'java.lang.Object java.lang.invoke.DirectMethodHandle$Holder.invokeSpecial(java.lang.Object, java.lang.Object, java.lang.Object, java.lang.Object, java.lang.Object, int)'> (0x00000000ea0440c8) 
thrown [s\open\src\hotspot\share\interpreter\linkResolver.cpp, line 774]
Event: 7.941 Thread 0x00000160e074c510 Exception <a 'java/lang/NoSuchMethodError'{0x00000000ea048a68}: 'java.lang.Object java.lang.invoke.Invokers$Holder.linkToTargetMethod(java.lang.Object, java.lang.Object, java.lang.Object, int, java.lang.Object)'> (0x00000000ea048a68) 
thrown [s\open\src\hotspot\share\interpreter\linkResolver.cpp, line 774]
Event: 7.948 Thread 0x00000160e074c510 Exception <a 'java/lang/NoSuchMethodError'{0x00000000ea0b0fa0}: 'void java.lang.invoke.DirectMethodHandle$Holder.invokeStatic(java.lang.Object, java.lang.Object, java.lang.Object, int, java.lang.Object)'> (0x00000000ea0b0fa0) 
thrown [s\open\src\hotspot\share\interpreter\linkResolver.cpp, line 774]
Event: 7.968 Thread 0x00000160e074c510 Exception <a 'java/lang/NoSuchMethodError'{0x00000000e9e4db40}: 'int java.lang.invoke.DirectMethodHandle$Holder.invokeInterface(java.lang.Object, java.lang.Object, java.lang.Object, java.lang.Object, java.lang.Object)'> (0x00000000e9e4db40) 
thrown [s\open\src\hotspot\share\interpreter\linkResolver.cpp, line 774]
Event: 8.004 Thread 0x00000160e074c510 Exception <a 'java/lang/NoSuchMethodError'{0x00000000e9c61a88}: 'java.lang.Object java.lang.invoke.DirectMethodHandle$Holder.invokeVirtual(java.lang.Object, java.lang.Object, java.lang.Object, java.lang.Object, java.lang.Object, java.lang.Object, java.lang.Object, java.lang.Object, java.lang.Object, java.lang.Object, java.lang.Object, java.lang.Object, java.lang.Object, java.lang.Object, java.lang.Object)'> (0x00000000e9c61a88) 
thrown [s\open\src\hotspot\share\interpreter\linkResolver.cpp, line 774]
Event: 8.011 Thread 0x00000160e074c510 Exception <a 'java/lang/NoSuchMethodError'{0x00000000e9b38280}: 'java.lang.Object java.lang.invoke.DirectMethodHandle$Holder.newInvokeSpecial(java.lang.Object, java.lang.Object, java.lang.Object, java.lang.Object, java.lang.Object, java.lang.Object, java.lang.Object, java.lang.Object, java.lang.Object, java.lang.Object, java.lang.Object, java.lang.Object, java.lang.Object)'> (0x00000000e9b38280) 
thrown [s\open\src\hotspot\share\interpreter\linkResolver.cpp, line 774]
Event: 8.087 Thread 0x00000160e074c510 Exception <a 'java/lang/NoSuchMethodError'{0x00000000e9615ae8}: 'int java.lang.invoke.DirectMethodHandle$Holder.invokeInterface(java.lang.Object, java.lang.Object, java.lang.Object, java.lang.Object)'> (0x00000000e9615ae8) 
thrown [s\open\src\hotspot\share\interpreter\linkResolver.cpp, line 774]
Event: 8.282 Thread 0x00000160e074c510 Exception <a 'java/lang/NoSuchMethodError'{0x00000000e95d03e0}: 'java.lang.Object java.lang.invoke.DirectMethodHandle$Holder.invokeStatic(java.lang.Object, long, java.lang.Object)'> (0x00000000e95d03e0) 
thrown [s\open\src\hotspot\share\interpreter\linkResolver.cpp, line 774]
Event: 8.282 Thread 0x00000160e074c510 Exception <a 'java/lang/NoSuchMethodError'{0x00000000e95d7420}: 'java.lang.Object java.lang.invoke.DirectMethodHandle$Holder.newInvokeSpecial(java.lang.Object, long)'> (0x00000000e95d7420) 
thrown [s\open\src\hotspot\share\interpreter\linkResolver.cpp, line 774]
Event: 8.288 Thread 0x00000160e074c510 Exception <a 'java/lang/NoSuchMethodError'{0x00000000e943a6f8}: 'java.lang.Object java.lang.invoke.DirectMethodHandle$Holder.newInvokeSpecial(java.lang.Object, java.lang.Object, java.lang.Object, java.lang.Object, java.lang.Object, long, java.lang.Object)'> (0x00000000e943a6f8) 
thrown [s\open\src\hotspot\share\interpreter\linkResolver.cpp, line 774]
Event: 8.289 Thread 0x00000160e074c510 Exception <a 'java/lang/NoSuchMethodError'{0x00000000e9442d90}: 'java.lang.Object java.lang.invoke.Invokers$Holder.linkToTargetMethod(java.lang.Object, java.lang.Object, java.lang.Object, java.lang.Object, long, java.lang.Object, java.lang.Object)'> (0x00000000e9442d90) 
thrown [s\open\src\hotspot\share\interpreter\linkResolver.cpp, line 774]
Event: 8.293 Thread 0x00000160e074c510 Exception <a 'java/lang/NoSuchMethodError'{0x00000000e9488148}: 'java.lang.Object java.lang.invoke.DirectMethodHandle$Holder.newInvokeSpecial(java.lang.Object, java.lang.Object, java.lang.Object, long, java.lang.Object)'> (0x00000000e9488148) 
thrown [s\open\src\hotspot\share\interpreter\linkResolver.cpp, line 774]
Event: 8.293 Thread 0x00000160e074c510 Exception <a 'java/lang/NoSuchMethodError'{0x00000000e948cf88}: 'java.lang.Object java.lang.invoke.DirectMethodHandle$Holder.invokeSpecial(java.lang.Object, java.lang.Object, java.lang.Object, java.lang.Object, long, java.lang.Object)'> (0x00000000e948cf88) 
thrown [s\open\src\hotspot\share\interpreter\linkResolver.cpp, line 774]
Event: 8.293 Thread 0x00000160e074c510 Exception <a 'java/lang/NoSuchMethodError'{0x00000000e94911c8}: 'java.lang.Object java.lang.invoke.Invokers$Holder.linkToTargetMethod(java.lang.Object, java.lang.Object, long, java.lang.Object, java.lang.Object)'> (0x00000000e94911c8) 
thrown [s\open\src\hotspot\share\interpreter\linkResolver.cpp, line 774]
Event: 8.337 Thread 0x00000160e074c510 Exception <a 'java/lang/NoSuchMethodError'{0x00000000e928ac48}: 'java.lang.Object java.lang.invoke.DirectMethodHandle$Holder.invokeSpecial(java.lang.Object, java.lang.Object, long, java.lang.Object, java.lang.Object)'> (0x00000000e928ac48) 
thrown [s\open\src\hotspot\share\interpreter\linkResolver.cpp, line 774]
Event: 8.617 Thread 0x00000160e074c510 Exception <a 'java/lang/NoSuchMethodError'{0x00000000e8c7ce10}: 'java.lang.Object java.lang.invoke.DirectMethodHandle$Holder.newInvokeSpecial(java.lang.Object, java.lang.Object, java.lang.Object, java.lang.Object, int, java.lang.Object)'> (0x00000000e8c7ce10) 
thrown [s\open\src\hotspot\share\interpreter\linkResolver.cpp, line 774]
Event: 8.617 Thread 0x00000160e074c510 Exception <a 'java/lang/NoSuchMethodError'{0x00000000e8c85758}: 'java.lang.Object java.lang.invoke.Invokers$Holder.linkToTargetMethod(java.lang.Object, java.lang.Object, java.lang.Object, int, java.lang.Object, java.lang.Object)'> (0x00000000e8c85758) 
thrown [s\open\src\hotspot\share\interpreter\linkResolver.cpp, line 774]
Event: 8.717 Thread 0x00000160e074c510 Exception <a 'java/lang/NoSuchMethodError'{0x00000000e86cefc8}: 'java.lang.Object java.lang.invoke.DirectMethodHandle$Holder.invokeSpecialIFC(java.lang.Object, java.lang.Object, java.lang.Object)'> (0x00000000e86cefc8) 
thrown [s\open\src\hotspot\share\interpreter\linkResolver.cpp, line 774]

ZGC Phase Switch (0 events):
No events

VM Operations (20 events):
Event: 7.139 Executing VM operation: HandshakeAllThreads (Deoptimize)
Event: 7.139 Executing VM operation: HandshakeAllThreads (Deoptimize) done
Event: 7.183 Executing VM operation: ICBufferFull
Event: 7.183 Executing VM operation: ICBufferFull done
Event: 7.301 Executing VM operation: HandshakeAllThreads (Deoptimize)
Event: 7.301 Executing VM operation: HandshakeAllThreads (Deoptimize) done
Event: 7.778 Executing VM operation: ICBufferFull
Event: 7.778 Executing VM operation: ICBufferFull done
Event: 8.086 Executing VM operation: HandshakeAllThreads (Deoptimize)
Event: 8.086 Executing VM operation: HandshakeAllThreads (Deoptimize) done
Event: 8.524 Executing VM operation: ICBufferFull
Event: 8.524 Executing VM operation: ICBufferFull done
Event: 8.595 Executing VM operation: HandshakeAllThreads (Deoptimize)
Event: 8.596 Executing VM operation: HandshakeAllThreads (Deoptimize) done
Event: 8.614 Executing VM operation: HandshakeAllThreads (Deoptimize)
Event: 8.614 Executing VM operation: HandshakeAllThreads (Deoptimize) done
Event: 8.720 Executing VM operation: ICBufferFull
Event: 8.720 Executing VM operation: ICBufferFull done
Event: 8.889 Executing VM operation: ICBufferFull
Event: 8.889 Executing VM operation: ICBufferFull done

Memory protections (0 events):
No events

Nmethod flushes (20 events):
Event: 6.623 Thread 0x00000160c5606fc0 flushing  nmethod 0x00000160b3302010
Event: 6.623 Thread 0x00000160c5606fc0 flushing  nmethod 0x00000160b3303390
Event: 6.623 Thread 0x00000160c5606fc0 flushing  nmethod 0x00000160b3308490
Event: 6.623 Thread 0x00000160c5606fc0 flushing  nmethod 0x00000160b3344610
Event: 6.623 Thread 0x00000160c5606fc0 flushing  nmethod 0x00000160b3344a10
Event: 6.623 Thread 0x00000160c5606fc0 flushing  nmethod 0x00000160b3347710
Event: 6.623 Thread 0x00000160c5606fc0 flushing  nmethod 0x00000160b338dd90
Event: 6.623 Thread 0x00000160c5606fc0 flushing  nmethod 0x00000160b338e210
Event: 6.623 Thread 0x00000160c5606fc0 flushing  nmethod 0x00000160b3390910
Event: 6.623 Thread 0x00000160c5606fc0 flushing  nmethod 0x00000160b3398710
Event: 6.623 Thread 0x00000160c5606fc0 flushing  nmethod 0x00000160b33f4110
Event: 6.623 Thread 0x00000160c5606fc0 flushing  nmethod 0x00000160b33f5990
Event: 6.623 Thread 0x00000160c5606fc0 flushing  nmethod 0x00000160b33f7590
Event: 6.623 Thread 0x00000160c5606fc0 flushing  nmethod 0x00000160b341cf90
Event: 6.623 Thread 0x00000160c5606fc0 flushing  nmethod 0x00000160b341d910
Event: 6.623 Thread 0x00000160c5606fc0 flushing  nmethod 0x00000160b341de10
Event: 6.623 Thread 0x00000160c5606fc0 flushing  nmethod 0x00000160b3422a10
Event: 6.623 Thread 0x00000160c5606fc0 flushing  nmethod 0x00000160b3567590
Event: 6.623 Thread 0x00000160c5606fc0 flushing  nmethod 0x00000160b3567c10
Event: 6.623 Thread 0x00000160c5606fc0 flushing  nmethod 0x00000160b3567f10

Events (20 events):
Event: 4.966 Thread 0x00000160e074c510 Thread added: 0x00000160e0aa83c0
Event: 5.591 Thread 0x00000160c59db800 Thread exited: 0x00000160c59db800
Event: 6.012 Thread 0x00000160c563e0d0 Thread added: 0x00000160e1241bb0
Event: 6.214 Thread 0x00000160e074c510 Thread added: 0x00000160e0aa8a50
Event: 6.235 Thread 0x00000160e074c510 Thread added: 0x00000160e0aa48b0
Event: 6.393 Thread 0x00000160e074c510 Thread added: 0x00000160e0aa7d30
Event: 6.410 Thread 0x00000160e074c510 Thread added: 0x00000160e0aa3b90
Event: 6.885 Thread 0x00000160e074c510 Thread added: 0x00000160e0aa4f40
Event: 6.940 Thread 0x00000160e074c510 Thread added: 0x00000160e0aab1b0
Event: 7.914 Thread 0x00000160e1241bb0 Thread exited: 0x00000160e1241bb0
Event: 8.583 Thread 0x00000160e074c510 Thread added: 0x00000160e0aa76a0
Event: 8.583 Thread 0x00000160e074c510 Thread added: 0x00000160e0aa9770
Event: 8.583 Thread 0x00000160e074c510 Thread added: 0x00000160e0aa9e00
Event: 8.641 Thread 0x00000160e074c510 Thread added: 0x00000160e3e85de0
Event: 8.642 Thread 0x00000160e074c510 Thread added: 0x00000160e3e87eb0
Event: 8.644 Thread 0x00000160e074c510 Thread added: 0x00000160e3e86b00
Event: 8.670 Thread 0x00000160c5640b90 Thread added: 0x00000160e3e923d0
Event: 8.718 Thread 0x00000160e074c510 Thread added: 0x00000160e3e850c0
Event: 8.718 Thread 0x00000160e074c510 Thread added: 0x00000160e3e87820
Event: 8.719 Thread 0x00000160e074c510 Thread added: 0x00000160e3e87190


Dynamic libraries:
0x00007ff6e9b00000 - 0x00007ff6e9b0e000 	C:\Users\ASUS\.jdks\openjdk-22.0.2\bin\java.exe
0x00007fffc4990000 - 0x00007fffc4b88000 	C:\Windows\SYSTEM32\ntdll.dll
0x00007fffc3120000 - 0x00007fffc31df000 	C:\Windows\System32\KERNEL32.DLL
0x00007fffc2210000 - 0x00007fffc24e2000 	C:\Windows\System32\KERNELBASE.dll
0x00007fffc2110000 - 0x00007fffc2210000 	C:\Windows\System32\ucrtbase.dll
0x00007fffa6580000 - 0x00007fffa6597000 	C:\Users\ASUS\.jdks\openjdk-22.0.2\bin\jli.dll
0x00007fffa65a0000 - 0x00007fffa65bb000 	C:\Users\ASUS\.jdks\openjdk-22.0.2\bin\VCRUNTIME140.dll
0x00007fffc41e0000 - 0x00007fffc4381000 	C:\Windows\System32\USER32.dll
0x00007fffae9b0000 - 0x00007fffaec4a000 	C:\Windows\WinSxS\amd64_microsoft.windows.common-controls_6595b64144ccf1df_6.0.19041.1110_none_60b5254171f9507e\COMCTL32.dll
0x00007fffc2650000 - 0x00007fffc2672000 	C:\Windows\System32\win32u.dll
0x00007fffc4140000 - 0x00007fffc41de000 	C:\Windows\System32\msvcrt.dll
0x00007fffc3650000 - 0x00007fffc367b000 	C:\Windows\System32\GDI32.dll
0x00007fffc28c0000 - 0x00007fffc29cf000 	C:\Windows\System32\gdi32full.dll
0x00007fffc2680000 - 0x00007fffc271d000 	C:\Windows\System32\msvcp_win.dll
0x00007fffc4100000 - 0x00007fffc4132000 	C:\Windows\System32\IMM32.DLL
0x00007fffa6450000 - 0x00007fffa645c000 	C:\Users\ASUS\.jdks\openjdk-22.0.2\bin\vcruntime140_1.dll
0x00007fffa2340000 - 0x00007fffa23ce000 	C:\Users\ASUS\.jdks\openjdk-22.0.2\bin\msvcp140.dll
0x00007fff81c50000 - 0x00007fff82999000 	C:\Users\ASUS\.jdks\openjdk-22.0.2\bin\server\jvm.dll
0x00007fffc3fc0000 - 0x00007fffc406e000 	C:\Windows\System32\ADVAPI32.dll
0x00007fffc4840000 - 0x00007fffc48dc000 	C:\Windows\System32\sechost.dll
0x00007fffc4640000 - 0x00007fffc4765000 	C:\Windows\System32\RPCRT4.dll
0x00007fffc48e0000 - 0x00007fffc494b000 	C:\Windows\System32\WS2_32.dll
0x00007fffc1640000 - 0x00007fffc168b000 	C:\Windows\SYSTEM32\POWRPROF.dll
0x00007fffb86d0000 - 0x00007fffb86f7000 	C:\Windows\SYSTEM32\WINMM.dll
0x00007fffbc010000 - 0x00007fffbc01a000 	C:\Windows\SYSTEM32\VERSION.dll
0x00007fffc14c0000 - 0x00007fffc14d2000 	C:\Windows\SYSTEM32\UMPDC.dll
0x00007fffbff40000 - 0x00007fffbff52000 	C:\Windows\SYSTEM32\kernel.appcore.dll
0x00007fffa6440000 - 0x00007fffa644a000 	C:\Users\ASUS\.jdks\openjdk-22.0.2\bin\jimage.dll
0x00007fffab960000 - 0x00007fffabb44000 	C:\Windows\SYSTEM32\DBGHELP.DLL
0x00007fffaa590000 - 0x00007fffaa5c5000 	C:\Windows\SYSTEM32\dbgcore.DLL
0x00007fffc2080000 - 0x00007fffc2102000 	C:\Windows\System32\bcryptPrimitives.dll
0x00007fffa6430000 - 0x00007fffa643f000 	C:\Users\ASUS\.jdks\openjdk-22.0.2\bin\instrument.dll
0x00007fff962b0000 - 0x00007fff962ce000 	C:\Users\ASUS\.jdks\openjdk-22.0.2\bin\java.dll
0x00007fffc29d0000 - 0x00007fffc3115000 	C:\Windows\System32\SHELL32.dll
0x00007fffc44b0000 - 0x00007fffc45da000 	C:\Windows\System32\ole32.dll
0x00007fffc3680000 - 0x00007fffc39d5000 	C:\Windows\System32\combase.dll
0x00007fffc0140000 - 0x00007fffc08d2000 	C:\Windows\SYSTEM32\windows.storage.dll
0x00007fffc1ae0000 - 0x00007fffc1b10000 	C:\Windows\SYSTEM32\Wldp.dll
0x00007fffc3f00000 - 0x00007fffc3fad000 	C:\Windows\System32\SHCORE.dll
0x00007fffc3a70000 - 0x00007fffc3ac5000 	C:\Windows\System32\shlwapi.dll
0x00007fffc1fc0000 - 0x00007fffc1fdf000 	C:\Windows\SYSTEM32\profapi.dll
0x00007fff92980000 - 0x00007fff92a57000 	C:\Users\ASUS\.jdks\openjdk-22.0.2\bin\jsvml.dll
0x00007fff94a50000 - 0x00007fff94a67000 	C:\Users\ASUS\.jdks\openjdk-22.0.2\bin\zip.dll
0x00007fffa6420000 - 0x00007fffa6430000 	C:\Users\ASUS\.jdks\openjdk-22.0.2\bin\net.dll
0x00007fffc1840000 - 0x00007fffc18aa000 	C:\Windows\system32\mswsock.dll
0x00007fff94990000 - 0x00007fff949a6000 	C:\Users\ASUS\.jdks\openjdk-22.0.2\bin\nio.dll
0x00007fffa2330000 - 0x00007fffa2340000 	C:\Users\ASUS\.jdks\openjdk-22.0.2\bin\verify.dll
0x00007fffb5a50000 - 0x00007fffb5a77000 	C:\Users\ASUS\.gradle\native\1def1411415f61bf3af743bc5b6707747c0891f09f0c88961ee8f79bc544acac\windows-amd64\native-platform.dll
0x00007fff90c60000 - 0x00007fff90cd8000 	C:\Users\ASUS\.gradle\native\0.2.6\x86_64-windows-gnu\gradle-fileevents.dll
0x00007fffa1d40000 - 0x00007fffa1d4a000 	C:\Users\ASUS\.jdks\openjdk-22.0.2\bin\management.dll
0x00007fffa1b70000 - 0x00007fffa1b7b000 	C:\Users\ASUS\.jdks\openjdk-22.0.2\bin\management_ext.dll
0x00007fffc3ef0000 - 0x00007fffc3ef8000 	C:\Windows\System32\PSAPI.DLL
0x00007fffc14e0000 - 0x00007fffc151b000 	C:\Windows\SYSTEM32\IPHLPAPI.DLL
0x00007fffc4090000 - 0x00007fffc4098000 	C:\Windows\System32\NSI.dll
0x00007fff9bdb0000 - 0x00007fff9bdb9000 	C:\Users\ASUS\.jdks\openjdk-22.0.2\bin\extnet.dll
0x00007fffc1a30000 - 0x00007fffc1a48000 	C:\Windows\SYSTEM32\CRYPTSP.dll
0x00007fffc10f0000 - 0x00007fffc1124000 	C:\Windows\system32\rsaenh.dll
0x00007fffc2720000 - 0x00007fffc2747000 	C:\Windows\System32\bcrypt.dll
0x00007fffc1f80000 - 0x00007fffc1fae000 	C:\Windows\SYSTEM32\USERENV.dll
0x00007fffc1a50000 - 0x00007fffc1a5c000 	C:\Windows\SYSTEM32\CRYPTBASE.dll
0x00007fff96370000 - 0x00007fff9637e000 	C:\Users\ASUS\.jdks\openjdk-22.0.2\bin\sunmscapi.dll
0x00007fffc24f0000 - 0x00007fffc2646000 	C:\Windows\System32\CRYPT32.dll
0x00007fffc1b50000 - 0x00007fffc1b77000 	C:\Windows\SYSTEM32\ncrypt.dll
0x00007fffc1b10000 - 0x00007fffc1b4b000 	C:\Windows\SYSTEM32\NTASN1.dll
0x00007fff94b70000 - 0x00007fff94b77000 	C:\Windows\system32\wshunix.dll

dbghelp: loaded successfully - version: 4.0.5 - missing functions: none
symbol engine: initialized successfully - sym options: 0x614 - pdb path: .;C:\Users\ASUS\.jdks\openjdk-22.0.2\bin;C:\Windows\SYSTEM32;C:\Windows\WinSxS\amd64_microsoft.windows.common-controls_6595b64144ccf1df_6.0.19041.1110_none_60b5254171f9507e;C:\Users\ASUS\.jdks\openjdk-22.0.2\bin\server;C:\Users\ASUS\.gradle\native\1def1411415f61bf3af743bc5b6707747c0891f09f0c88961ee8f79bc544acac\windows-amd64;C:\Users\ASUS\.gradle\native\0.2.6\x86_64-windows-gnu

VM Arguments:
jvm_args: --add-opens=java.base/java.lang=ALL-UNNAMED --add-opens=java.base/java.lang.invoke=ALL-UNNAMED --add-opens=java.base/java.util=ALL-UNNAMED --add-opens=java.prefs/java.util.prefs=ALL-UNNAMED --add-exports=jdk.compiler/com.sun.tools.javac.api=ALL-UNNAMED --add-exports=jdk.compiler/com.sun.tools.javac.util=ALL-UNNAMED --add-opens=java.base/java.util=ALL-UNNAMED --add-opens=java.prefs/java.util.prefs=ALL-UNNAMED --add-opens=java.base/java.nio.charset=ALL-UNNAMED --add-opens=java.base/java.net=ALL-UNNAMED --add-opens=java.base/java.util.concurrent.atomic=ALL-UNNAMED --add-opens=java.xml/javax.xml.namespace=ALL-UNNAMED -XX:MaxMetaspaceSize=384m -XX:+HeapDumpOnOutOfMemoryError -Xms256m -Xmx512m -Dfile.encoding=windows-1252 -Duser.country=US -Duser.language=en -Duser.variant -javaagent:C:\Users\ASUS\.gradle\wrapper\dists\gradle-8.12.1-bin\eumc4uhoysa37zql93vfjkxy0\gradle-8.12.1\lib\agents\gradle-instrumentation-agent-8.12.1.jar 
java_command: org.gradle.launcher.daemon.bootstrap.GradleDaemon 8.12.1
java_class_path (initial): C:\Users\ASUS\.gradle\wrapper\dists\gradle-8.12.1-bin\eumc4uhoysa37zql93vfjkxy0\gradle-8.12.1\lib\gradle-daemon-main-8.12.1.jar
Launcher Type: SUN_STANDARD

[Global flags]
     intx CICompilerCount                          = 3                                         {product} {ergonomic}
   size_t CompressedClassSpaceSize                 = 335544320                                 {product} {ergonomic}
     uint ConcGCThreads                            = 1                                         {product} {ergonomic}
     uint G1ConcRefinementThreads                  = 4                                         {product} {ergonomic}
   size_t G1HeapRegionSize                         = 1048576                                   {product} {ergonomic}
     bool HeapDumpOnOutOfMemoryError               = true                                   {manageable} {command line}
   size_t InitialHeapSize                          = 268435456                                 {product} {command line}
   size_t MarkStackSize                            = 4194304                                   {product} {ergonomic}
   size_t MaxHeapSize                              = 536870912                                 {product} {command line}
   size_t MaxMetaspaceSize                         = 402653184                                 {product} {command line}
   size_t MaxNewSize                               = 321912832                                 {product} {ergonomic}
   size_t MinHeapDeltaBytes                        = 1048576                                   {product} {ergonomic}
   size_t MinHeapSize                              = 268435456                                 {product} {command line}
    uintx NonNMethodCodeHeapSize                   = 5832780                                {pd product} {ergonomic}
    uintx NonProfiledCodeHeapSize                  = 122912730                              {pd product} {ergonomic}
    uintx ProfiledCodeHeapSize                     = 122912730                              {pd product} {ergonomic}
    uintx ReservedCodeCacheSize                    = 251658240                              {pd product} {ergonomic}
     bool SegmentedCodeCache                       = true                                      {product} {ergonomic}
   size_t SoftMaxHeapSize                          = 536870912                              {manageable} {ergonomic}
     bool UseCompressedOops                        = true                           {product lp64_product} {ergonomic}
     bool UseG1GC                                  = true                                      {product} {ergonomic}
     bool UseLargePagesIndividualAllocation        = false                                  {pd product} {ergonomic}

Logging:
Log output configuration:
 #0: stdout all=warning uptime,level,tags foldmultilines=false
 #1: stderr all=off uptime,level,tags foldmultilines=false

Environment Variables:
PATH=C:\Python313\Scripts\;C:\Python313\;C:\Windows\system32;C:\Windows;C:\Windows\System32\Wbem;C:\Windows\System32\WindowsPowerShell\v1.0\;C:\Windows\System32\OpenSSH\;C:\Program Files\Git\cmd;C:\ProgramData\chocolatey\bin;C:\Users\ASUS\AppData\Local\nvm;C:\nvm4w\nodejs;D:\JAVA FULL STACK\;C:\Program Files\MySQL\MySQL Shell 8.0\bin\;C:\Users\ASUS\AppData\Local\Microsoft\WindowsApps;D:\WebStorm 2024.1.5\bin;;C:\Users\ASUS\AppData\Local\nvm;C:\nvm4w\nodejs;C:\Users\ASUS\AppData\Roaming\npm
USERNAME=ASUS
OS=Windows_NT
PROCESSOR_IDENTIFIER=Intel64 Family 6 Model 158 Stepping 9, GenuineIntel
TMP=C:\Users\ASUS\AppData\Local\Temp
TEMP=C:\Users\ASUS\AppData\Local\Temp




Periodic native trim disabled

---------------  S Y S T E M  ---------------

OS:
 Windows 10 , 64 bit Build 19041 (10.0.19041.2546)
OS uptime: 0 days 5:28 hours

CPU: total 4 (initial active 4) (4 cores per cpu, 1 threads per core) family 6 model 158 stepping 9 microcode 0xb4, cx8, cmov, fxsr, mmx, 3dnowpref, sse, sse2, sse3, ssse3, sse4.1, sse4.2, popcnt, lzcnt, tsc, tscinvbit, avx, avx2, aes, erms, clmul, bmi1, bmi2, adx, fma, vzeroupper, clflush, clflushopt, rdtscp, f16c
Processor Information for all 4 processors :
  Max Mhz: 2501, Current Mhz: 2501, Mhz Limit: 2501

Memory: 4k page, system-wide physical 8076M (491M free)
TotalPageFile size 16542M (AvailPageFile size 1M)
current process WorkingSet (physical memory assigned to process): 387M, peak: 387M
current process commit charge ("private bytes"): 478M, peak: 478M

vm_info: OpenJDK 64-Bit Server VM (22.0.2+9-70) for windows-amd64 JRE (22.0.2+9-70), built on 2024-06-04T16:52:23Z by "mach5one" with MS VC++ 17.6 (VS2022)

END.
