#
# There is insufficient memory for the Java Runtime Environment to continue.
# Native memory allocation (malloc) failed to allocate 1122896 bytes. Error detail: Chunk::new
# Possible reasons:
#   The system is out of physical RAM or swap space
#   This process is running with CompressedOops enabled, and the Java Heap may be blocking the growth of the native heap
# Possible solutions:
#   Reduce memory load on the system
#   Increase physical memory or swap space
#   Check if swap backing store is full
#   Decrease Java heap size (-Xmx/-Xms)
#   Decrease number of Java threads
#   Decrease Java thread stack sizes (-Xss)
#   Set larger code cache with -XX:ReservedCodeCacheSize=
#   JVM is running with Unscaled Compressed Oops mode in which the Java heap is
#     placed in the first 4GB address space. The Java Heap base address is the
#     maximum limit for the native heap growth. Please use -XX:HeapBaseMinAddress
#     to set the Java Heap base and to place the Java Heap above 4GB virtual address.
# This output file may be truncated or incomplete.
#
#  Out of Memory Error (arena.cpp:150), pid=11844, tid=13576
#
# JRE version: OpenJDK Runtime Environment (22.0.2+9) (build 22.0.2+9-70)
# Java VM: OpenJDK 64-Bit Server VM (22.0.2+9-70, mixed mode, sharing, tiered, compressed oops, compressed class ptrs, g1 gc, windows-amd64)
# No core dump will be written. Minidumps are not enabled by default on client versions of Windows
#

---------------  S U M M A R Y ------------

Command Line: --add-opens=java.base/java.lang=ALL-UNNAMED --add-opens=java.base/java.lang.invoke=ALL-UNNAMED --add-opens=java.base/java.util=ALL-UNNAMED --add-opens=java.prefs/java.util.prefs=ALL-UNNAMED --add-exports=jdk.compiler/com.sun.tools.javac.api=ALL-UNNAMED --add-exports=jdk.compiler/com.sun.tools.javac.util=ALL-UNNAMED --add-opens=java.base/java.util=ALL-UNNAMED --add-opens=java.prefs/java.util.prefs=ALL-UNNAMED --add-opens=java.base/java.nio.charset=ALL-UNNAMED --add-opens=java.base/java.net=ALL-UNNAMED --add-opens=java.base/java.util.concurrent.atomic=ALL-UNNAMED --add-opens=java.xml/javax.xml.namespace=ALL-UNNAMED -XX:MaxMetaspaceSize=384m -XX:+HeapDumpOnOutOfMemoryError -Xms256m -Xmx512m -Dfile.encoding=windows-1252 -Duser.country=US -Duser.language=en -Duser.variant -javaagent:C:\Users\ASUS\.gradle\wrapper\dists\gradle-8.12.1-bin\eumc4uhoysa37zql93vfjkxy0\gradle-8.12.1\lib\agents\gradle-instrumentation-agent-8.12.1.jar org.gradle.launcher.daemon.bootstrap.GradleDaemon 8.12.1

Host: Intel(R) Core(TM) i5-7300HQ CPU @ 2.50GHz, 4 cores, 7G,  Windows 10 , 64 bit Build 19041 (10.0.19041.2546)
Time: Wed Mar 12 00:38:29 2025 SE Asia Standard Time elapsed time: 2375.368816 seconds (0d 0h 39m 35s)

---------------  T H R E A D  ---------------

Current thread (0x000001e2aeb53b70):  JavaThread "C2 CompilerThread0" daemon [_thread_in_native, id=13576, stack(0x0000004199800000,0x0000004199900000) (1024K)]


Current CompileTask:
C2:2375368 15553       4       org.gradle.api.internal.artifacts.ivyservice.resolveengine.artifact.VariantResolvingArtifactSet::getOwnArtifacts (79 bytes)

Stack: [0x0000004199800000,0x0000004199900000]
Native frames: (J=compiled Java code, j=interpreted, Vv=VM code, C=native code)
V  [jvm.dll+0x6e26e9]  (no source info available)
V  [jvm.dll+0x875753]  (no source info available)
V  [jvm.dll+0x877b7e]  (no source info available)
V  [jvm.dll+0x878253]  (no source info available)
V  [jvm.dll+0x27fc86]  (no source info available)
V  [jvm.dll+0xc3d0f]  (no source info available)
V  [jvm.dll+0xc3f6b]  (no source info available)
V  [jvm.dll+0x2f3c7f]  (no source info available)
V  [jvm.dll+0x60c0fa]  (no source info available)
V  [jvm.dll+0x250c92]  (no source info available)
V  [jvm.dll+0x2492a6]  (no source info available)
V  [jvm.dll+0x246da6]  (no source info available)
V  [jvm.dll+0x1c4e80]  (no source info available)
V  [jvm.dll+0x2568f3]  (no source info available)
V  [jvm.dll+0x254baa]  (no source info available)
V  [jvm.dll+0x3f57a6]  (no source info available)
V  [jvm.dll+0x81dc0b]  (no source info available)
V  [jvm.dll+0x6e0d85]  (no source info available)
C  [ucrtbase.dll+0x21bb2]  (no source info available)
C  [KERNEL32.DLL+0x17614]  (no source info available)
C  [ntdll.dll+0x526a1]  (no source info available)


---------------  P R O C E S S  ---------------

Threads class SMR info:
_java_thread_list=0x000001e2ccaffae0, length=85, elements={
0x000001e2948f3990, 0x000001e2aeb4d590, 0x000001e2aeb502b0, 0x000001e2aeb50ec0,
0x000001e2aeb51920, 0x000001e2aeb52380, 0x000001e2aeb52de0, 0x000001e2aeb53b70,
0x000001e2aeb55a50, 0x000001e2aeb1e6f0, 0x000001e2c827da30, 0x000001e2c9962da0,
0x000001e2c9b618b0, 0x000001e2c9b9b550, 0x000001e2c9c15760, 0x000001e2c9c13d20,
0x000001e2c9c12970, 0x000001e2cc604ca0, 0x000001e2cc607400, 0x000001e2cc607a90,
0x000001e2cc6038f0, 0x000001e2cc603260, 0x000001e2cc6087b0, 0x000001e2cc608120,
0x000001e2ca55d5b0, 0x000001e2cca7cb50, 0x000001e2cca77c90, 0x000001e2cca789b0,
0x000001e2cca76f70, 0x000001e2cca7aa80, 0x000001e2cca796d0, 0x000001e2cca7b110,
0x000001e2cca77600, 0x000001e2cca7b7a0, 0x000001e2cca7d870, 0x000001e2cca768e0,
0x000001e2cda7d050, 0x000001e2cda7af80, 0x000001e2cda760c0, 0x000001e2cda78190,
0x000001e2cda7c330, 0x000001e2cda7d6e0, 0x000001e2cda79bd0, 0x000001e2cda7a260,
0x000001e2cda7b610, 0x000001e2cda77b00, 0x000001e2cda77470, 0x000001e2cda7bca0,
0x000001e2cda76de0, 0x000001e2cda78eb0, 0x000001e2cda7c9c0, 0x000001e2cda78820,
0x000001e2cda79540, 0x000001e2cda7a8f0, 0x000001e2c8c999f0, 0x000001e2c8c9bac0,
0x000001e2c8c97fb0, 0x000001e2c8c9a080, 0x000001e2c8c97920, 0x000001e2c8c9a710,
0x000001e2c8c9ef40, 0x000001e2c8c9ada0, 0x000001e2c8c98640, 0x000001e2c8c9b430,
0x000001e2c8c9c150, 0x000001e2c8c9c7e0, 0x000001e2c8c9d500, 0x000001e2c8c9ce70,
0x000001e2c8c9db90, 0x000001e2c8c9e220, 0x000001e2c8c98cd0, 0x000001e2ca561750,
0x000001e2ca55e2d0, 0x000001e2ca55cf20, 0x000001e2ca55b4e0, 0x000001e2ca55e960,
0x000001e2ca55eff0, 0x000001e2ca55f680, 0x000001e2ca55c200, 0x000001e2ca55c890,
0x000001e2ca55fd10, 0x000001e2ca5603a0, 0x000001e2ca560a30, 0x000001e2ca5610c0,
0x000001e2ca561de0
}

Java Threads: ( => current thread )
  0x000001e2948f3990 JavaThread "main"                              [_thread_blocked, id=7040, stack(0x0000004198900000,0x0000004198a00000) (1024K)]
  0x000001e2aeb4d590 JavaThread "Reference Handler"          daemon [_thread_blocked, id=132, stack(0x0000004199200000,0x0000004199300000) (1024K)]
  0x000001e2aeb502b0 JavaThread "Finalizer"                  daemon [_thread_blocked, id=10756, stack(0x0000004199300000,0x0000004199400000) (1024K)]
  0x000001e2aeb50ec0 JavaThread "Signal Dispatcher"          daemon [_thread_blocked, id=8304, stack(0x0000004199400000,0x0000004199500000) (1024K)]
  0x000001e2aeb51920 JavaThread "Attach Listener"            daemon [_thread_blocked, id=9912, stack(0x0000004199500000,0x0000004199600000) (1024K)]
  0x000001e2aeb52380 JavaThread "Service Thread"             daemon [_thread_blocked, id=9560, stack(0x0000004199600000,0x0000004199700000) (1024K)]
  0x000001e2aeb52de0 JavaThread "Monitor Deflation Thread"   daemon [_thread_blocked, id=8992, stack(0x0000004199700000,0x0000004199800000) (1024K)]
=>0x000001e2aeb53b70 JavaThread "C2 CompilerThread0"         daemon [_thread_in_native, id=13576, stack(0x0000004199800000,0x0000004199900000) (1024K)]
  0x000001e2aeb55a50 JavaThread "C1 CompilerThread0"         daemon [_thread_blocked, id=5736, stack(0x0000004199900000,0x0000004199a00000) (1024K)]
  0x000001e2aeb1e6f0 JavaThread "Common-Cleaner"             daemon [_thread_blocked, id=2060, stack(0x0000004199a00000,0x0000004199b00000) (1024K)]
  0x000001e2c827da30 JavaThread "Notification Thread"        daemon [_thread_blocked, id=12448, stack(0x0000004199b00000,0x0000004199c00000) (1024K)]
  0x000001e2c9962da0 JavaThread "Daemon health stats"               [_thread_blocked, id=9084, stack(0x0000004199f00000,0x000000419a000000) (1024K)]
  0x000001e2c9b618b0 JavaThread "Incoming local TCP Connector on port 50745"        [_thread_in_native, id=12452, stack(0x000000419a100000,0x000000419a200000) (1024K)]
  0x000001e2c9b9b550 JavaThread "Daemon periodic checks"            [_thread_blocked, id=10608, stack(0x000000419a200000,0x000000419a300000) (1024K)]
  0x000001e2c9c15760 JavaThread "Cache worker for journal cache (C:\Users\ASUS\.gradle\caches\journal-1)"        [_thread_blocked, id=5048, stack(0x000000419a000000,0x000000419a100000) (1024K)]
  0x000001e2c9c13d20 JavaThread "File lock request listener"        [_thread_in_native, id=12772, stack(0x000000419aa00000,0x000000419ab00000) (1024K)]
  0x000001e2c9c12970 JavaThread "Cache worker for file hash cache (C:\Users\ASUS\.gradle\caches\8.12.1\fileHashes)"        [_thread_blocked, id=6456, stack(0x000000419ab00000,0x000000419ac00000) (1024K)]
  0x000001e2cc604ca0 JavaThread "File watcher server"        daemon [_thread_in_native, id=12032, stack(0x000000419af00000,0x000000419b000000) (1024K)]
  0x000001e2cc607400 JavaThread "File watcher consumer"      daemon [_thread_blocked, id=11248, stack(0x000000419b000000,0x000000419b100000) (1024K)]
  0x000001e2cc607a90 JavaThread "jar transforms"                    [_thread_blocked, id=8284, stack(0x000000419b100000,0x000000419b200000) (1024K)]
  0x000001e2cc6038f0 JavaThread "jar transforms Thread 2"           [_thread_blocked, id=6952, stack(0x000000419b200000,0x000000419b300000) (1024K)]
  0x000001e2cc603260 JavaThread "Cache worker for file content cache (C:\Users\ASUS\.gradle\caches\8.12.1\fileContent)"        [_thread_blocked, id=6320, stack(0x000000419b400000,0x000000419b500000) (1024K)]
  0x000001e2cc6087b0 JavaThread "jar transforms Thread 3"           [_thread_blocked, id=1296, stack(0x000000419b500000,0x000000419b600000) (1024K)]
  0x000001e2cc608120 JavaThread "jar transforms Thread 4"           [_thread_blocked, id=3900, stack(0x000000419b600000,0x000000419b700000) (1024K)]
  0x000001e2ca55d5b0 JavaThread "Memory manager"                    [_thread_blocked, id=13264, stack(0x000000419c200000,0x000000419c300000) (1024K)]
  0x000001e2cca7cb50 JavaThread "Daemon Thread 5"                   [_thread_blocked, id=4160, stack(0x0000004198800000,0x0000004198900000) (1024K)]
  0x000001e2cca77c90 JavaThread "Handler for socket connection from /127.0.0.1:50745 to /127.0.0.1:52021"        [_thread_in_native, id=2764, stack(0x0000004198a00000,0x0000004198b00000) (1024K)]
  0x000001e2cca789b0 JavaThread "Cancel handler"                    [_thread_blocked, id=1864, stack(0x000000419a300000,0x000000419a400000) (1024K)]
  0x000001e2cca76f70 JavaThread "Daemon worker Thread 5"            [_thread_in_native, id=3084, stack(0x000000419a400000,0x000000419a500000) (1024K)]
  0x000001e2cca7aa80 JavaThread "Asynchronous log dispatcher for DefaultDaemonConnection: socket connection from /127.0.0.1:50745 to /127.0.0.1:52021"        [_thread_blocked, id=10656, stack(0x000000419a500000,0x000000419a600000) (1024K)]
  0x000001e2cca796d0 JavaThread "Stdin handler"                     [_thread_blocked, id=5160, stack(0x000000419a600000,0x000000419a700000) (1024K)]
  0x000001e2cca7b110 JavaThread "Daemon client event forwarder"        [_thread_blocked, id=11220, stack(0x000000419a700000,0x000000419a800000) (1024K)]
  0x000001e2cca77600 JavaThread "Cache worker for file hash cache (D:\codegym\case_study_6_back_end\Auction_Website_System\auction_website_system\auction_management\.gradle\8.12.1\fileHashes)"        [_thread_blocked, id=14284, stack(0x000000419a800000,0x000000419a900000) (1024K)]
  0x000001e2cca7b7a0 JavaThread "Cache worker for Build Output Cleanup Cache (D:\codegym\case_study_6_back_end\Auction_Website_System\auction_website_system\auction_management\.gradle\buildOutputCleanup)"        [_thread_blocked, id=8456, stack(0x000000419a900000,0x000000419aa00000) (1024K)]
  0x000001e2cca7d870 JavaThread "Cache worker for checksums cache (D:\codegym\case_study_6_back_end\Auction_Website_System\auction_website_system\auction_management\.gradle\8.12.1\checksums)"        [_thread_blocked, id=6392, stack(0x000000419ac00000,0x000000419ad00000) (1024K)]
  0x000001e2cca768e0 JavaThread "Cache worker for cache directory md-rule (C:\Users\ASUS\.gradle\caches\8.12.1\md-rule)"        [_thread_blocked, id=11272, stack(0x000000419ad00000,0x000000419ae00000) (1024K)]
  0x000001e2cda7d050 JavaThread "Cache worker for cache directory md-supplier (C:\Users\ASUS\.gradle\caches\8.12.1\md-supplier)"        [_thread_blocked, id=3636, stack(0x000000419ae00000,0x000000419af00000) (1024K)]
  0x000001e2cda7af80 JavaThread "Unconstrained build operations"        [_thread_blocked, id=8680, stack(0x000000419b300000,0x000000419b400000) (1024K)]
  0x000001e2cda760c0 JavaThread "Unconstrained build operations Thread 2"        [_thread_blocked, id=9080, stack(0x000000419b700000,0x000000419b800000) (1024K)]
  0x000001e2cda78190 JavaThread "Unconstrained build operations Thread 3"        [_thread_blocked, id=14152, stack(0x000000419b800000,0x000000419b900000) (1024K)]
  0x000001e2cda7c330 JavaThread "Unconstrained build operations Thread 4"        [_thread_blocked, id=10868, stack(0x000000419b900000,0x000000419ba00000) (1024K)]
  0x000001e2cda7d6e0 JavaThread "Unconstrained build operations Thread 5"        [_thread_blocked, id=9864, stack(0x000000419ba00000,0x000000419bb00000) (1024K)]
  0x000001e2cda79bd0 JavaThread "Unconstrained build operations Thread 6"        [_thread_blocked, id=11240, stack(0x000000419bb00000,0x000000419bc00000) (1024K)]
  0x000001e2cda7a260 JavaThread "ForkJoinPool.commonPool-worker-11" daemon [_thread_blocked, id=10360, stack(0x000000419bc00000,0x000000419bd00000) (1024K)]
  0x000001e2cda7b610 JavaThread "ForkJoinPool.commonPool-worker-12" daemon [_thread_blocked, id=11632, stack(0x000000419bd00000,0x000000419be00000) (1024K)]
  0x000001e2cda77b00 JavaThread "ForkJoinPool.commonPool-worker-13" daemon [_thread_blocked, id=13824, stack(0x000000419be00000,0x000000419bf00000) (1024K)]
  0x000001e2cda77470 JavaThread "Unconstrained build operations Thread 7"        [_thread_blocked, id=13940, stack(0x000000419bf00000,0x000000419c000000) (1024K)]
  0x000001e2cda7bca0 JavaThread "Unconstrained build operations Thread 8"        [_thread_blocked, id=11384, stack(0x000000419c000000,0x000000419c100000) (1024K)]
  0x000001e2cda76de0 JavaThread "Unconstrained build operations Thread 9"        [_thread_blocked, id=11028, stack(0x000000419c100000,0x000000419c200000) (1024K)]
  0x000001e2cda78eb0 JavaThread "Unconstrained build operations Thread 10"        [_thread_blocked, id=2868, stack(0x000000419c300000,0x000000419c400000) (1024K)]
  0x000001e2cda7c9c0 JavaThread "Unconstrained build operations Thread 11"        [_thread_blocked, id=13960, stack(0x000000419c400000,0x000000419c500000) (1024K)]
  0x000001e2cda78820 JavaThread "Unconstrained build operations Thread 12"        [_thread_blocked, id=8640, stack(0x000000419c500000,0x000000419c600000) (1024K)]
  0x000001e2cda79540 JavaThread "Unconstrained build operations Thread 13"        [_thread_blocked, id=2384, stack(0x000000419c600000,0x000000419c700000) (1024K)]
  0x000001e2cda7a8f0 JavaThread "Unconstrained build operations Thread 14"        [_thread_blocked, id=4416, stack(0x000000419c700000,0x000000419c800000) (1024K)]
  0x000001e2c8c999f0 JavaThread "Unconstrained build operations Thread 15"        [_thread_blocked, id=12604, stack(0x000000419c800000,0x000000419c900000) (1024K)]
  0x000001e2c8c9bac0 JavaThread "Unconstrained build operations Thread 16"        [_thread_blocked, id=8332, stack(0x000000419c900000,0x000000419ca00000) (1024K)]
  0x000001e2c8c97fb0 JavaThread "Unconstrained build operations Thread 17"        [_thread_blocked, id=8752, stack(0x000000419ca00000,0x000000419cb00000) (1024K)]
  0x000001e2c8c9a080 JavaThread "Unconstrained build operations Thread 18"        [_thread_blocked, id=14252, stack(0x000000419cb00000,0x000000419cc00000) (1024K)]
  0x000001e2c8c97920 JavaThread "Unconstrained build operations Thread 19"        [_thread_blocked, id=4432, stack(0x000000419cc00000,0x000000419cd00000) (1024K)]
  0x000001e2c8c9a710 JavaThread "Unconstrained build operations Thread 20"        [_thread_blocked, id=8920, stack(0x000000419cd00000,0x000000419ce00000) (1024K)]
  0x000001e2c8c9ef40 JavaThread "Unconstrained build operations Thread 21"        [_thread_blocked, id=11920, stack(0x000000419ce00000,0x000000419cf00000) (1024K)]
  0x000001e2c8c9ada0 JavaThread "Unconstrained build operations Thread 22"        [_thread_blocked, id=13324, stack(0x000000419cf00000,0x000000419d000000) (1024K)]
  0x000001e2c8c98640 JavaThread "Unconstrained build operations Thread 23"        [_thread_blocked, id=9152, stack(0x000000419d000000,0x000000419d100000) (1024K)]
  0x000001e2c8c9b430 JavaThread "Unconstrained build operations Thread 24"        [_thread_blocked, id=9076, stack(0x000000419d100000,0x000000419d200000) (1024K)]
  0x000001e2c8c9c150 JavaThread "Unconstrained build operations Thread 25"        [_thread_blocked, id=344, stack(0x000000419d200000,0x000000419d300000) (1024K)]
  0x000001e2c8c9c7e0 JavaThread "Unconstrained build operations Thread 26"        [_thread_blocked, id=14004, stack(0x000000419d300000,0x000000419d400000) (1024K)]
  0x000001e2c8c9d500 JavaThread "Unconstrained build operations Thread 27"        [_thread_blocked, id=9596, stack(0x000000419d400000,0x000000419d500000) (1024K)]
  0x000001e2c8c9ce70 JavaThread "Unconstrained build operations Thread 28"        [_thread_blocked, id=10080, stack(0x000000419d500000,0x000000419d600000) (1024K)]
  0x000001e2c8c9db90 JavaThread "Unconstrained build operations Thread 29"        [_thread_blocked, id=10624, stack(0x000000419d600000,0x000000419d700000) (1024K)]
  0x000001e2c8c9e220 JavaThread "Unconstrained build operations Thread 30"        [_thread_blocked, id=1968, stack(0x000000419d700000,0x000000419d800000) (1024K)]
  0x000001e2c8c98cd0 JavaThread "Unconstrained build operations Thread 31"        [_thread_blocked, id=4700, stack(0x000000419d800000,0x000000419d900000) (1024K)]
  0x000001e2ca561750 JavaThread "Unconstrained build operations Thread 32"        [_thread_blocked, id=1088, stack(0x000000419d900000,0x000000419da00000) (1024K)]
  0x000001e2ca55e2d0 JavaThread "Unconstrained build operations Thread 33"        [_thread_blocked, id=12928, stack(0x000000419da00000,0x000000419db00000) (1024K)]
  0x000001e2ca55cf20 JavaThread "Unconstrained build operations Thread 34"        [_thread_blocked, id=8480, stack(0x000000419db00000,0x000000419dc00000) (1024K)]
  0x000001e2ca55b4e0 JavaThread "Unconstrained build operations Thread 35"        [_thread_blocked, id=13200, stack(0x000000419dc00000,0x000000419dd00000) (1024K)]
  0x000001e2ca55e960 JavaThread "Unconstrained build operations Thread 36"        [_thread_blocked, id=7176, stack(0x000000419dd00000,0x000000419de00000) (1024K)]
  0x000001e2ca55eff0 JavaThread "Unconstrained build operations Thread 37"        [_thread_blocked, id=10260, stack(0x000000419de00000,0x000000419df00000) (1024K)]
  0x000001e2ca55f680 JavaThread "Unconstrained build operations Thread 38"        [_thread_blocked, id=616, stack(0x000000419df00000,0x000000419e000000) (1024K)]
  0x000001e2ca55c200 JavaThread "Unconstrained build operations Thread 39"        [_thread_blocked, id=2528, stack(0x000000419e000000,0x000000419e100000) (1024K)]
  0x000001e2ca55c890 JavaThread "Unconstrained build operations Thread 40"        [_thread_blocked, id=6588, stack(0x000000419e100000,0x000000419e200000) (1024K)]
  0x000001e2ca55fd10 JavaThread "included builds"                   [_thread_blocked, id=8012, stack(0x000000419e200000,0x000000419e300000) (1024K)]
  0x000001e2ca5603a0 JavaThread "Execution worker"                  [_thread_blocked, id=1220, stack(0x000000419e300000,0x000000419e400000) (1024K)]
  0x000001e2ca560a30 JavaThread "Execution worker Thread 2"         [_thread_blocked, id=11624, stack(0x000000419e400000,0x000000419e500000) (1024K)]
  0x000001e2ca5610c0 JavaThread "Execution worker Thread 3"         [_thread_blocked, id=12184, stack(0x000000419e500000,0x000000419e600000) (1024K)]
  0x000001e2ca561de0 JavaThread "Cache worker for execution history cache (D:\codegym\case_study_6_back_end\Auction_Website_System\auction_website_system\auction_management\.gradle\8.12.1\executionHistory)"        [_thread_blocked, id=7488, stack(0x000000419e600000,0x000000419e700000) (1024K)]
Total: 85

Other Threads:
  0x000001e2aeb334f0 VMThread "VM Thread"                           [id=11988, stack(0x0000004199100000,0x0000004199200000) (1024K)]
  0x000001e2aeb1bb90 WatcherThread "VM Periodic Task Thread"        [id=12804, stack(0x0000004199000000,0x0000004199100000) (1024K)]
  0x000001e29281a660 WorkerThread "GC Thread#0"                     [id=14112, stack(0x0000004198b00000,0x0000004198c00000) (1024K)]
  0x000001e2c82e2310 WorkerThread "GC Thread#1"                     [id=3244, stack(0x0000004199c00000,0x0000004199d00000) (1024K)]
  0x000001e2c82e26c0 WorkerThread "GC Thread#2"                     [id=10036, stack(0x0000004199d00000,0x0000004199e00000) (1024K)]
  0x000001e2c82e2a70 WorkerThread "GC Thread#3"                     [id=5596, stack(0x0000004199e00000,0x0000004199f00000) (1024K)]
  0x000001e29281e2f0 ConcurrentGCThread "G1 Main Marker"            [id=12364, stack(0x0000004198c00000,0x0000004198d00000) (1024K)]
  0x000001e29491ffe0 WorkerThread "G1 Conc#0"                       [id=13756, stack(0x0000004198d00000,0x0000004198e00000) (1024K)]
  0x000001e2949be720 ConcurrentGCThread "G1 Refine#0"               [id=12596, stack(0x0000004198e00000,0x0000004198f00000) (1024K)]
  0x000001e2ae9f0450 ConcurrentGCThread "G1 Service"                [id=8696, stack(0x0000004198f00000,0x0000004199000000) (1024K)]
Total: 10

Threads with active compile tasks:
C2 CompilerThread0  2375456 15553       4       org.gradle.api.internal.artifacts.ivyservice.resolveengine.artifact.VariantResolvingArtifactSet::getOwnArtifacts (79 bytes)
Total: 1

VM state: not at safepoint (normal execution)

VM Mutex/Monitor currently owned by a thread: None

Heap address: 0x00000000e0000000, size: 512 MB, Compressed Oops mode: 32-bit

CDS archive(s) mapped at: [0x000001e2af000000-0x000001e2afc60000-0x000001e2afc60000), size 12976128, SharedBaseAddress: 0x000001e2af000000, ArchiveRelocationMode: 1.
Compressed class space mapped at: 0x000001e2b0000000-0x000001e2c4000000, reserved size: 335544320
Narrow klass base: 0x000001e2af000000, Narrow klass shift: 0, Narrow klass range: 0x15000000

GC Precious Log:
 CardTable entry size: 512
 Card Set container configuration: InlinePtr #cards 5 size 8 Array Of Cards #cards 12 size 40 Howl #buckets 4 coarsen threshold 1843 Howl Bitmap #cards 512 size 80 coarsen threshold 460 Card regions per heap region 1 cards per card region 2048
 CPUs: 4 total, 4 available
 Memory: 8076M
 Large Page Support: Disabled
 NUMA Support: Disabled
 Compressed Oops: Enabled (32-bit)
 Heap Region Size: 1M
 Heap Min Capacity: 256M
 Heap Initial Capacity: 256M
 Heap Max Capacity: 512M
 Pre-touch: Disabled
 Parallel Workers: 4
 Concurrent Workers: 1
 Concurrent Refinement Workers: 4
 Periodic GC: Disabled

Heap:
 garbage-first heap   total reserved 524288K, committed 262144K, used 129840K [0x00000000e0000000, 0x0000000100000000)
  region size 1024K, 79 young (80896K), 11 survivors (11264K)
 Metaspace       used 64293K, committed 66496K, reserved 393216K
  class space    used 9031K, committed 10112K, reserved 327680K

Heap Regions: E=young(eden), S=young(survivor), O=old, HS=humongous(starts), HC=humongous(continues), CS=collection set, F=free, TAMS=top-at-mark-start, PB=parsable bottom
|   0|0x00000000e0000000, 0x00000000e0100000, 0x00000000e0100000|100%|HS|  |TAMS 0x00000000e0000000| PB 0x00000000e0000000| Complete |  0
|   1|0x00000000e0100000, 0x00000000e0200000, 0x00000000e0200000|100%|HC|  |TAMS 0x00000000e0100000| PB 0x00000000e0100000| Complete |  0
|   2|0x00000000e0200000, 0x00000000e0300000, 0x00000000e0300000|100%|HC|  |TAMS 0x00000000e0200000| PB 0x00000000e0200000| Complete |  0
|   3|0x00000000e0300000, 0x00000000e0400000, 0x00000000e0400000|100%| O|  |TAMS 0x00000000e0300000| PB 0x00000000e0300000| Untracked |  0
|   4|0x00000000e0400000, 0x00000000e0500000, 0x00000000e0500000|100%| O|  |TAMS 0x00000000e0400000| PB 0x00000000e0400000| Untracked |  0
|   5|0x00000000e0500000, 0x00000000e0600000, 0x00000000e0600000|100%| O|  |TAMS 0x00000000e0500000| PB 0x00000000e0500000| Untracked |  0
|   6|0x00000000e0600000, 0x00000000e0700000, 0x00000000e0700000|100%|HS|  |TAMS 0x00000000e0600000| PB 0x00000000e0600000| Complete |  0
|   7|0x00000000e0700000, 0x00000000e0800000, 0x00000000e0800000|100%| O|  |TAMS 0x00000000e0700000| PB 0x00000000e0700000| Untracked |  0
|   8|0x00000000e0800000, 0x00000000e0900000, 0x00000000e0900000|100%| O|  |TAMS 0x00000000e0800000| PB 0x00000000e0800000| Untracked |  0
|   9|0x00000000e0900000, 0x00000000e0a00000, 0x00000000e0a00000|100%| O|  |TAMS 0x00000000e0900000| PB 0x00000000e0900000| Untracked |  0
|  10|0x00000000e0a00000, 0x00000000e0b00000, 0x00000000e0b00000|100%| O|  |TAMS 0x00000000e0a00000| PB 0x00000000e0a00000| Untracked |  0
|  11|0x00000000e0b00000, 0x00000000e0c00000, 0x00000000e0c00000|100%| O|  |TAMS 0x00000000e0b00000| PB 0x00000000e0b00000| Untracked |  0
|  12|0x00000000e0c00000, 0x00000000e0d00000, 0x00000000e0d00000|100%| O|  |TAMS 0x00000000e0c00000| PB 0x00000000e0c00000| Untracked |  0
|  13|0x00000000e0d00000, 0x00000000e0e00000, 0x00000000e0e00000|100%| O|  |TAMS 0x00000000e0d00000| PB 0x00000000e0d00000| Untracked |  0
|  14|0x00000000e0e00000, 0x00000000e0f00000, 0x00000000e0f00000|100%| O|  |TAMS 0x00000000e0e00000| PB 0x00000000e0e00000| Untracked |  0
|  15|0x00000000e0f00000, 0x00000000e1000000, 0x00000000e1000000|100%| O|  |TAMS 0x00000000e0f00000| PB 0x00000000e0f00000| Untracked |  0
|  16|0x00000000e1000000, 0x00000000e1100000, 0x00000000e1100000|100%| O|  |TAMS 0x00000000e1000000| PB 0x00000000e1000000| Untracked |  0
|  17|0x00000000e1100000, 0x00000000e1200000, 0x00000000e1200000|100%| O|  |TAMS 0x00000000e1100000| PB 0x00000000e1100000| Untracked |  0
|  18|0x00000000e1200000, 0x00000000e1300000, 0x00000000e1300000|100%| O|  |TAMS 0x00000000e1200000| PB 0x00000000e1200000| Untracked |  0
|  19|0x00000000e1300000, 0x00000000e1400000, 0x00000000e1400000|100%| O|  |TAMS 0x00000000e1300000| PB 0x00000000e1300000| Untracked |  0
|  20|0x00000000e1400000, 0x00000000e1500000, 0x00000000e1500000|100%| O|  |TAMS 0x00000000e1400000| PB 0x00000000e1400000| Untracked |  0
|  21|0x00000000e1500000, 0x00000000e1600000, 0x00000000e1600000|100%| O|  |TAMS 0x00000000e1500000| PB 0x00000000e1500000| Untracked |  0
|  22|0x00000000e1600000, 0x00000000e16de390, 0x00000000e1700000| 86%| O|  |TAMS 0x00000000e1600000| PB 0x00000000e1600000| Untracked |  0
|  23|0x00000000e1700000, 0x00000000e1800000, 0x00000000e1800000|100%| O|  |TAMS 0x00000000e1700000| PB 0x00000000e1700000| Untracked |  0
|  24|0x00000000e1800000, 0x00000000e1900000, 0x00000000e1900000|100%| O|  |TAMS 0x00000000e1800000| PB 0x00000000e1800000| Untracked |  0
|  25|0x00000000e1900000, 0x00000000e1a00000, 0x00000000e1a00000|100%| O|  |TAMS 0x00000000e1900000| PB 0x00000000e1900000| Untracked |  0
|  26|0x00000000e1a00000, 0x00000000e1b00000, 0x00000000e1b00000|100%| O|  |TAMS 0x00000000e1a00000| PB 0x00000000e1a00000| Untracked |  0
|  27|0x00000000e1b00000, 0x00000000e1c00000, 0x00000000e1c00000|100%| O|  |TAMS 0x00000000e1b00000| PB 0x00000000e1b00000| Untracked |  0
|  28|0x00000000e1c00000, 0x00000000e1d00000, 0x00000000e1d00000|100%| O|  |TAMS 0x00000000e1c00000| PB 0x00000000e1c00000| Untracked |  0
|  29|0x00000000e1d00000, 0x00000000e1e00000, 0x00000000e1e00000|100%| O|  |TAMS 0x00000000e1d00000| PB 0x00000000e1d00000| Untracked |  0
|  30|0x00000000e1e00000, 0x00000000e1f00000, 0x00000000e1f00000|100%| O|  |TAMS 0x00000000e1e00000| PB 0x00000000e1e00000| Untracked |  0
|  31|0x00000000e1f00000, 0x00000000e2000000, 0x00000000e2000000|100%| O|  |TAMS 0x00000000e1f00000| PB 0x00000000e1f00000| Untracked |  0
|  32|0x00000000e2000000, 0x00000000e2100000, 0x00000000e2100000|100%| O|  |TAMS 0x00000000e2000000| PB 0x00000000e2000000| Untracked |  0
|  33|0x00000000e2100000, 0x00000000e2200000, 0x00000000e2200000|100%| O|  |TAMS 0x00000000e2100000| PB 0x00000000e2100000| Untracked |  0
|  34|0x00000000e2200000, 0x00000000e2300000, 0x00000000e2300000|100%| O|  |TAMS 0x00000000e2200000| PB 0x00000000e2200000| Untracked |  0
|  35|0x00000000e2300000, 0x00000000e2400000, 0x00000000e2400000|100%| O|  |TAMS 0x00000000e2300000| PB 0x00000000e2300000| Untracked |  0
|  36|0x00000000e2400000, 0x00000000e2500000, 0x00000000e2500000|100%| O|  |TAMS 0x00000000e2400000| PB 0x00000000e2400000| Untracked |  0
|  37|0x00000000e2500000, 0x00000000e2600000, 0x00000000e2600000|100%| O|  |TAMS 0x00000000e2500000| PB 0x00000000e2500000| Untracked |  0
|  38|0x00000000e2600000, 0x00000000e2700000, 0x00000000e2700000|100%| O|  |TAMS 0x00000000e2600000| PB 0x00000000e2600000| Untracked |  0
|  39|0x00000000e2700000, 0x00000000e2800000, 0x00000000e2800000|100%| O|  |TAMS 0x00000000e2700000| PB 0x00000000e2700000| Untracked |  0
|  40|0x00000000e2800000, 0x00000000e2900000, 0x00000000e2900000|100%| O|  |TAMS 0x00000000e2800000| PB 0x00000000e2800000| Untracked |  0
|  41|0x00000000e2900000, 0x00000000e2a00000, 0x00000000e2a00000|100%| O|  |TAMS 0x00000000e2900000| PB 0x00000000e2900000| Untracked |  0
|  42|0x00000000e2a00000, 0x00000000e2b00000, 0x00000000e2b00000|100%| O|  |TAMS 0x00000000e2a00000| PB 0x00000000e2a00000| Untracked |  0
|  43|0x00000000e2b00000, 0x00000000e2c00000, 0x00000000e2c00000|100%| O|  |TAMS 0x00000000e2b00000| PB 0x00000000e2b00000| Untracked |  0
|  44|0x00000000e2c00000, 0x00000000e2d00000, 0x00000000e2d00000|100%| O|  |TAMS 0x00000000e2c00000| PB 0x00000000e2c00000| Untracked |  0
|  45|0x00000000e2d00000, 0x00000000e2e00000, 0x00000000e2e00000|100%| O|  |TAMS 0x00000000e2d00000| PB 0x00000000e2d00000| Untracked |  0
|  46|0x00000000e2e00000, 0x00000000e2f00000, 0x00000000e2f00000|100%| O|  |TAMS 0x00000000e2e00000| PB 0x00000000e2e00000| Untracked |  0
|  47|0x00000000e2f00000, 0x00000000e3000000, 0x00000000e3000000|100%| O|  |TAMS 0x00000000e2f00000| PB 0x00000000e2f00000| Untracked |  0
|  48|0x00000000e3000000, 0x00000000e3100000, 0x00000000e3100000|100%| O|  |TAMS 0x00000000e3000000| PB 0x00000000e3000000| Untracked |  0
|  49|0x00000000e3100000, 0x00000000e3100000, 0x00000000e3200000|  0%| F|  |TAMS 0x00000000e3100000| PB 0x00000000e3100000| Untracked |  0
|  50|0x00000000e3200000, 0x00000000e3200000, 0x00000000e3300000|  0%| F|  |TAMS 0x00000000e3200000| PB 0x00000000e3200000| Untracked |  0
|  51|0x00000000e3300000, 0x00000000e3300000, 0x00000000e3400000|  0%| F|  |TAMS 0x00000000e3300000| PB 0x00000000e3300000| Untracked |  0
|  52|0x00000000e3400000, 0x00000000e3400000, 0x00000000e3500000|  0%| F|  |TAMS 0x00000000e3400000| PB 0x00000000e3400000| Untracked |  0
|  53|0x00000000e3500000, 0x00000000e3500000, 0x00000000e3600000|  0%| F|  |TAMS 0x00000000e3500000| PB 0x00000000e3500000| Untracked |  0
|  54|0x00000000e3600000, 0x00000000e3600000, 0x00000000e3700000|  0%| F|  |TAMS 0x00000000e3600000| PB 0x00000000e3600000| Untracked |  0
|  55|0x00000000e3700000, 0x00000000e3700000, 0x00000000e3800000|  0%| F|  |TAMS 0x00000000e3700000| PB 0x00000000e3700000| Untracked |  0
|  56|0x00000000e3800000, 0x00000000e3800000, 0x00000000e3900000|  0%| F|  |TAMS 0x00000000e3800000| PB 0x00000000e3800000| Untracked |  0
|  57|0x00000000e3900000, 0x00000000e3900000, 0x00000000e3a00000|  0%| F|  |TAMS 0x00000000e3900000| PB 0x00000000e3900000| Untracked |  0
|  58|0x00000000e3a00000, 0x00000000e3a00000, 0x00000000e3b00000|  0%| F|  |TAMS 0x00000000e3a00000| PB 0x00000000e3a00000| Untracked |  0
|  59|0x00000000e3b00000, 0x00000000e3b00000, 0x00000000e3c00000|  0%| F|  |TAMS 0x00000000e3b00000| PB 0x00000000e3b00000| Untracked |  0
|  60|0x00000000e3c00000, 0x00000000e3c00000, 0x00000000e3d00000|  0%| F|  |TAMS 0x00000000e3c00000| PB 0x00000000e3c00000| Untracked |  0
|  61|0x00000000e3d00000, 0x00000000e3d00000, 0x00000000e3e00000|  0%| F|  |TAMS 0x00000000e3d00000| PB 0x00000000e3d00000| Untracked |  0
|  62|0x00000000e3e00000, 0x00000000e3e00000, 0x00000000e3f00000|  0%| F|  |TAMS 0x00000000e3e00000| PB 0x00000000e3e00000| Untracked |  0
|  63|0x00000000e3f00000, 0x00000000e3f00000, 0x00000000e4000000|  0%| F|  |TAMS 0x00000000e3f00000| PB 0x00000000e3f00000| Untracked |  0
|  64|0x00000000e4000000, 0x00000000e4000000, 0x00000000e4100000|  0%| F|  |TAMS 0x00000000e4000000| PB 0x00000000e4000000| Untracked |  0
|  65|0x00000000e4100000, 0x00000000e4100000, 0x00000000e4200000|  0%| F|  |TAMS 0x00000000e4100000| PB 0x00000000e4100000| Untracked |  0
|  66|0x00000000e4200000, 0x00000000e4200000, 0x00000000e4300000|  0%| F|  |TAMS 0x00000000e4200000| PB 0x00000000e4200000| Untracked |  0
|  67|0x00000000e4300000, 0x00000000e4300000, 0x00000000e4400000|  0%| F|  |TAMS 0x00000000e4300000| PB 0x00000000e4300000| Untracked |  0
|  68|0x00000000e4400000, 0x00000000e4400000, 0x00000000e4500000|  0%| F|  |TAMS 0x00000000e4400000| PB 0x00000000e4400000| Untracked |  0
|  69|0x00000000e4500000, 0x00000000e4500000, 0x00000000e4600000|  0%| F|  |TAMS 0x00000000e4500000| PB 0x00000000e4500000| Untracked |  0
|  70|0x00000000e4600000, 0x00000000e4600000, 0x00000000e4700000|  0%| F|  |TAMS 0x00000000e4600000| PB 0x00000000e4600000| Untracked |  0
|  71|0x00000000e4700000, 0x00000000e4700000, 0x00000000e4800000|  0%| F|  |TAMS 0x00000000e4700000| PB 0x00000000e4700000| Untracked |  0
|  72|0x00000000e4800000, 0x00000000e4800000, 0x00000000e4900000|  0%| F|  |TAMS 0x00000000e4800000| PB 0x00000000e4800000| Untracked |  0
|  73|0x00000000e4900000, 0x00000000e4900000, 0x00000000e4a00000|  0%| F|  |TAMS 0x00000000e4900000| PB 0x00000000e4900000| Untracked |  0
|  74|0x00000000e4a00000, 0x00000000e4a00000, 0x00000000e4b00000|  0%| F|  |TAMS 0x00000000e4a00000| PB 0x00000000e4a00000| Untracked |  0
|  75|0x00000000e4b00000, 0x00000000e4b00000, 0x00000000e4c00000|  0%| F|  |TAMS 0x00000000e4b00000| PB 0x00000000e4b00000| Untracked |  0
|  76|0x00000000e4c00000, 0x00000000e4c00000, 0x00000000e4d00000|  0%| F|  |TAMS 0x00000000e4c00000| PB 0x00000000e4c00000| Untracked |  0
|  77|0x00000000e4d00000, 0x00000000e4d00000, 0x00000000e4e00000|  0%| F|  |TAMS 0x00000000e4d00000| PB 0x00000000e4d00000| Untracked |  0
|  78|0x00000000e4e00000, 0x00000000e4e00000, 0x00000000e4f00000|  0%| F|  |TAMS 0x00000000e4e00000| PB 0x00000000e4e00000| Untracked |  0
|  79|0x00000000e4f00000, 0x00000000e4f00000, 0x00000000e5000000|  0%| F|  |TAMS 0x00000000e4f00000| PB 0x00000000e4f00000| Untracked |  0
|  80|0x00000000e5000000, 0x00000000e5000000, 0x00000000e5100000|  0%| F|  |TAMS 0x00000000e5000000| PB 0x00000000e5000000| Untracked |  0
|  81|0x00000000e5100000, 0x00000000e5100000, 0x00000000e5200000|  0%| F|  |TAMS 0x00000000e5100000| PB 0x00000000e5100000| Untracked |  0
|  82|0x00000000e5200000, 0x00000000e5200000, 0x00000000e5300000|  0%| F|  |TAMS 0x00000000e5200000| PB 0x00000000e5200000| Untracked |  0
|  83|0x00000000e5300000, 0x00000000e5300000, 0x00000000e5400000|  0%| F|  |TAMS 0x00000000e5300000| PB 0x00000000e5300000| Untracked |  0
|  84|0x00000000e5400000, 0x00000000e5400000, 0x00000000e5500000|  0%| F|  |TAMS 0x00000000e5400000| PB 0x00000000e5400000| Untracked |  0
|  85|0x00000000e5500000, 0x00000000e5500000, 0x00000000e5600000|  0%| F|  |TAMS 0x00000000e5500000| PB 0x00000000e5500000| Untracked |  0
|  86|0x00000000e5600000, 0x00000000e5600000, 0x00000000e5700000|  0%| F|  |TAMS 0x00000000e5600000| PB 0x00000000e5600000| Untracked |  0
|  87|0x00000000e5700000, 0x00000000e5700000, 0x00000000e5800000|  0%| F|  |TAMS 0x00000000e5700000| PB 0x00000000e5700000| Untracked |  0
|  88|0x00000000e5800000, 0x00000000e5800000, 0x00000000e5900000|  0%| F|  |TAMS 0x00000000e5800000| PB 0x00000000e5800000| Untracked |  0
|  89|0x00000000e5900000, 0x00000000e5900000, 0x00000000e5a00000|  0%| F|  |TAMS 0x00000000e5900000| PB 0x00000000e5900000| Untracked |  0
|  90|0x00000000e5a00000, 0x00000000e5a00000, 0x00000000e5b00000|  0%| F|  |TAMS 0x00000000e5a00000| PB 0x00000000e5a00000| Untracked |  0
|  91|0x00000000e5b00000, 0x00000000e5b00000, 0x00000000e5c00000|  0%| F|  |TAMS 0x00000000e5b00000| PB 0x00000000e5b00000| Untracked |  0
|  92|0x00000000e5c00000, 0x00000000e5cee050, 0x00000000e5d00000| 92%| S|CS|TAMS 0x00000000e5c00000| PB 0x00000000e5c00000| Complete |  0
|  93|0x00000000e5d00000, 0x00000000e5d00000, 0x00000000e5e00000|  0%| F|  |TAMS 0x00000000e5d00000| PB 0x00000000e5d00000| Untracked |  0
|  94|0x00000000e5e00000, 0x00000000e5e00000, 0x00000000e5f00000|  0%| F|  |TAMS 0x00000000e5e00000| PB 0x00000000e5e00000| Untracked |  0
|  95|0x00000000e5f00000, 0x00000000e6000000, 0x00000000e6000000|100%| S|CS|TAMS 0x00000000e5f00000| PB 0x00000000e5f00000| Complete |  0
|  96|0x00000000e6000000, 0x00000000e6100000, 0x00000000e6100000|100%| S|CS|TAMS 0x00000000e6000000| PB 0x00000000e6000000| Complete |  0
|  97|0x00000000e6100000, 0x00000000e6200000, 0x00000000e6200000|100%| S|CS|TAMS 0x00000000e6100000| PB 0x00000000e6100000| Complete |  0
|  98|0x00000000e6200000, 0x00000000e6300000, 0x00000000e6300000|100%| S|CS|TAMS 0x00000000e6200000| PB 0x00000000e6200000| Complete |  0
|  99|0x00000000e6300000, 0x00000000e6400000, 0x00000000e6400000|100%| S|CS|TAMS 0x00000000e6300000| PB 0x00000000e6300000| Complete |  0
| 100|0x00000000e6400000, 0x00000000e6500000, 0x00000000e6500000|100%| S|CS|TAMS 0x00000000e6400000| PB 0x00000000e6400000| Complete |  0
| 101|0x00000000e6500000, 0x00000000e6600000, 0x00000000e6600000|100%| S|CS|TAMS 0x00000000e6500000| PB 0x00000000e6500000| Complete |  0
| 102|0x00000000e6600000, 0x00000000e6700000, 0x00000000e6700000|100%| S|CS|TAMS 0x00000000e6600000| PB 0x00000000e6600000| Complete |  0
| 103|0x00000000e6700000, 0x00000000e6700000, 0x00000000e6800000|  0%| F|  |TAMS 0x00000000e6700000| PB 0x00000000e6700000| Untracked |  0
| 104|0x00000000e6800000, 0x00000000e6800000, 0x00000000e6900000|  0%| F|  |TAMS 0x00000000e6800000| PB 0x00000000e6800000| Untracked |  0
| 105|0x00000000e6900000, 0x00000000e6900000, 0x00000000e6a00000|  0%| F|  |TAMS 0x00000000e6900000| PB 0x00000000e6900000| Untracked |  0
| 106|0x00000000e6a00000, 0x00000000e6a00000, 0x00000000e6b00000|  0%| F|  |TAMS 0x00000000e6a00000| PB 0x00000000e6a00000| Untracked |  0
| 107|0x00000000e6b00000, 0x00000000e6b00000, 0x00000000e6c00000|  0%| F|  |TAMS 0x00000000e6b00000| PB 0x00000000e6b00000| Untracked |  0
| 108|0x00000000e6c00000, 0x00000000e6c00000, 0x00000000e6d00000|  0%| F|  |TAMS 0x00000000e6c00000| PB 0x00000000e6c00000| Untracked |  0
| 109|0x00000000e6d00000, 0x00000000e6d00000, 0x00000000e6e00000|  0%| F|  |TAMS 0x00000000e6d00000| PB 0x00000000e6d00000| Untracked |  0
| 110|0x00000000e6e00000, 0x00000000e6e00000, 0x00000000e6f00000|  0%| F|  |TAMS 0x00000000e6e00000| PB 0x00000000e6e00000| Untracked |  0
| 111|0x00000000e6f00000, 0x00000000e7000000, 0x00000000e7000000|100%| S|CS|TAMS 0x00000000e6f00000| PB 0x00000000e6f00000| Complete |  0
| 112|0x00000000e7000000, 0x00000000e7100000, 0x00000000e7100000|100%| S|CS|TAMS 0x00000000e7000000| PB 0x00000000e7000000| Complete |  0
| 113|0x00000000e7100000, 0x00000000e7100000, 0x00000000e7200000|  0%| F|  |TAMS 0x00000000e7100000| PB 0x00000000e7100000| Untracked |  0
| 114|0x00000000e7200000, 0x00000000e7200000, 0x00000000e7300000|  0%| F|  |TAMS 0x00000000e7200000| PB 0x00000000e7200000| Untracked |  0
| 115|0x00000000e7300000, 0x00000000e7300000, 0x00000000e7400000|  0%| F|  |TAMS 0x00000000e7300000| PB 0x00000000e7300000| Untracked |  0
| 116|0x00000000e7400000, 0x00000000e7400000, 0x00000000e7500000|  0%| F|  |TAMS 0x00000000e7400000| PB 0x00000000e7400000| Untracked |  0
| 117|0x00000000e7500000, 0x00000000e7500000, 0x00000000e7600000|  0%| F|  |TAMS 0x00000000e7500000| PB 0x00000000e7500000| Untracked |  0
| 118|0x00000000e7600000, 0x00000000e7600000, 0x00000000e7700000|  0%| F|  |TAMS 0x00000000e7600000| PB 0x00000000e7600000| Untracked |  0
| 119|0x00000000e7700000, 0x00000000e7700000, 0x00000000e7800000|  0%| F|  |TAMS 0x00000000e7700000| PB 0x00000000e7700000| Untracked |  0
| 120|0x00000000e7800000, 0x00000000e7800000, 0x00000000e7900000|  0%| F|  |TAMS 0x00000000e7800000| PB 0x00000000e7800000| Untracked |  0
| 121|0x00000000e7900000, 0x00000000e7900000, 0x00000000e7a00000|  0%| F|  |TAMS 0x00000000e7900000| PB 0x00000000e7900000| Untracked |  0
| 122|0x00000000e7a00000, 0x00000000e7a00000, 0x00000000e7b00000|  0%| F|  |TAMS 0x00000000e7a00000| PB 0x00000000e7a00000| Untracked |  0
| 123|0x00000000e7b00000, 0x00000000e7b00000, 0x00000000e7c00000|  0%| F|  |TAMS 0x00000000e7b00000| PB 0x00000000e7b00000| Untracked |  0
| 124|0x00000000e7c00000, 0x00000000e7c00000, 0x00000000e7d00000|  0%| F|  |TAMS 0x00000000e7c00000| PB 0x00000000e7c00000| Untracked |  0
| 125|0x00000000e7d00000, 0x00000000e7d00000, 0x00000000e7e00000|  0%| F|  |TAMS 0x00000000e7d00000| PB 0x00000000e7d00000| Untracked |  0
| 126|0x00000000e7e00000, 0x00000000e7e00000, 0x00000000e7f00000|  0%| F|  |TAMS 0x00000000e7e00000| PB 0x00000000e7e00000| Untracked |  0
| 127|0x00000000e7f00000, 0x00000000e7f00000, 0x00000000e8000000|  0%| F|  |TAMS 0x00000000e7f00000| PB 0x00000000e7f00000| Untracked |  0
| 128|0x00000000e8000000, 0x00000000e8000000, 0x00000000e8100000|  0%| F|  |TAMS 0x00000000e8000000| PB 0x00000000e8000000| Untracked |  0
| 129|0x00000000e8100000, 0x00000000e8100000, 0x00000000e8200000|  0%| F|  |TAMS 0x00000000e8100000| PB 0x00000000e8100000| Untracked |  0
| 130|0x00000000e8200000, 0x00000000e8200000, 0x00000000e8300000|  0%| F|  |TAMS 0x00000000e8200000| PB 0x00000000e8200000| Untracked |  0
| 131|0x00000000e8300000, 0x00000000e8300000, 0x00000000e8400000|  0%| F|  |TAMS 0x00000000e8300000| PB 0x00000000e8300000| Untracked |  0
| 132|0x00000000e8400000, 0x00000000e8400000, 0x00000000e8500000|  0%| F|  |TAMS 0x00000000e8400000| PB 0x00000000e8400000| Untracked |  0
| 133|0x00000000e8500000, 0x00000000e8500000, 0x00000000e8600000|  0%| F|  |TAMS 0x00000000e8500000| PB 0x00000000e8500000| Untracked |  0
| 134|0x00000000e8600000, 0x00000000e8600000, 0x00000000e8700000|  0%| F|  |TAMS 0x00000000e8600000| PB 0x00000000e8600000| Untracked |  0
| 135|0x00000000e8700000, 0x00000000e8700000, 0x00000000e8800000|  0%| F|  |TAMS 0x00000000e8700000| PB 0x00000000e8700000| Untracked |  0
| 136|0x00000000e8800000, 0x00000000e8800000, 0x00000000e8900000|  0%| F|  |TAMS 0x00000000e8800000| PB 0x00000000e8800000| Untracked |  0
| 137|0x00000000e8900000, 0x00000000e8900000, 0x00000000e8a00000|  0%| F|  |TAMS 0x00000000e8900000| PB 0x00000000e8900000| Untracked |  0
| 138|0x00000000e8a00000, 0x00000000e8a00000, 0x00000000e8b00000|  0%| F|  |TAMS 0x00000000e8a00000| PB 0x00000000e8a00000| Untracked |  0
| 139|0x00000000e8b00000, 0x00000000e8b00000, 0x00000000e8c00000|  0%| F|  |TAMS 0x00000000e8b00000| PB 0x00000000e8b00000| Untracked |  0
| 140|0x00000000e8c00000, 0x00000000e8c00000, 0x00000000e8d00000|  0%| F|  |TAMS 0x00000000e8c00000| PB 0x00000000e8c00000| Untracked |  0
| 141|0x00000000e8d00000, 0x00000000e8d00000, 0x00000000e8e00000|  0%| F|  |TAMS 0x00000000e8d00000| PB 0x00000000e8d00000| Untracked |  0
| 142|0x00000000e8e00000, 0x00000000e8e00000, 0x00000000e8f00000|  0%| F|  |TAMS 0x00000000e8e00000| PB 0x00000000e8e00000| Untracked |  0
| 143|0x00000000e8f00000, 0x00000000e8f00000, 0x00000000e9000000|  0%| F|  |TAMS 0x00000000e8f00000| PB 0x00000000e8f00000| Untracked |  0
| 144|0x00000000e9000000, 0x00000000e9000000, 0x00000000e9100000|  0%| F|  |TAMS 0x00000000e9000000| PB 0x00000000e9000000| Untracked |  0
| 145|0x00000000e9100000, 0x00000000e9100000, 0x00000000e9200000|  0%| F|  |TAMS 0x00000000e9100000| PB 0x00000000e9100000| Untracked |  0
| 146|0x00000000e9200000, 0x00000000e9200000, 0x00000000e9300000|  0%| F|  |TAMS 0x00000000e9200000| PB 0x00000000e9200000| Untracked |  0
| 147|0x00000000e9300000, 0x00000000e9300000, 0x00000000e9400000|  0%| F|  |TAMS 0x00000000e9300000| PB 0x00000000e9300000| Untracked |  0
| 148|0x00000000e9400000, 0x00000000e9400000, 0x00000000e9500000|  0%| F|  |TAMS 0x00000000e9400000| PB 0x00000000e9400000| Untracked |  0
| 149|0x00000000e9500000, 0x00000000e9500000, 0x00000000e9600000|  0%| F|  |TAMS 0x00000000e9500000| PB 0x00000000e9500000| Untracked |  0
| 150|0x00000000e9600000, 0x00000000e9600000, 0x00000000e9700000|  0%| F|  |TAMS 0x00000000e9600000| PB 0x00000000e9600000| Untracked |  0
| 151|0x00000000e9700000, 0x00000000e9700000, 0x00000000e9800000|  0%| F|  |TAMS 0x00000000e9700000| PB 0x00000000e9700000| Untracked |  0
| 152|0x00000000e9800000, 0x00000000e9800000, 0x00000000e9900000|  0%| F|  |TAMS 0x00000000e9800000| PB 0x00000000e9800000| Untracked |  0
| 153|0x00000000e9900000, 0x00000000e9900000, 0x00000000e9a00000|  0%| F|  |TAMS 0x00000000e9900000| PB 0x00000000e9900000| Untracked |  0
| 154|0x00000000e9a00000, 0x00000000e9a00000, 0x00000000e9b00000|  0%| F|  |TAMS 0x00000000e9a00000| PB 0x00000000e9a00000| Untracked |  0
| 155|0x00000000e9b00000, 0x00000000e9b00000, 0x00000000e9c00000|  0%| F|  |TAMS 0x00000000e9b00000| PB 0x00000000e9b00000| Untracked |  0
| 156|0x00000000e9c00000, 0x00000000e9c00000, 0x00000000e9d00000|  0%| F|  |TAMS 0x00000000e9c00000| PB 0x00000000e9c00000| Untracked |  0
| 157|0x00000000e9d00000, 0x00000000e9d00000, 0x00000000e9e00000|  0%| F|  |TAMS 0x00000000e9d00000| PB 0x00000000e9d00000| Untracked |  0
| 158|0x00000000e9e00000, 0x00000000e9e00000, 0x00000000e9f00000|  0%| F|  |TAMS 0x00000000e9e00000| PB 0x00000000e9e00000| Untracked |  0
| 159|0x00000000e9f00000, 0x00000000e9f00000, 0x00000000ea000000|  0%| F|  |TAMS 0x00000000e9f00000| PB 0x00000000e9f00000| Untracked |  0
| 160|0x00000000ea000000, 0x00000000ea000000, 0x00000000ea100000|  0%| F|  |TAMS 0x00000000ea000000| PB 0x00000000ea000000| Untracked |  0
| 161|0x00000000ea100000, 0x00000000ea100000, 0x00000000ea200000|  0%| F|  |TAMS 0x00000000ea100000| PB 0x00000000ea100000| Untracked |  0
| 162|0x00000000ea200000, 0x00000000ea200000, 0x00000000ea300000|  0%| F|  |TAMS 0x00000000ea200000| PB 0x00000000ea200000| Untracked |  0
| 163|0x00000000ea300000, 0x00000000ea300000, 0x00000000ea400000|  0%| F|  |TAMS 0x00000000ea300000| PB 0x00000000ea300000| Untracked |  0
| 164|0x00000000ea400000, 0x00000000ea400000, 0x00000000ea500000|  0%| F|  |TAMS 0x00000000ea400000| PB 0x00000000ea400000| Untracked |  0
| 165|0x00000000ea500000, 0x00000000ea500000, 0x00000000ea600000|  0%| F|  |TAMS 0x00000000ea500000| PB 0x00000000ea500000| Untracked |  0
| 166|0x00000000ea600000, 0x00000000ea600000, 0x00000000ea700000|  0%| F|  |TAMS 0x00000000ea600000| PB 0x00000000ea600000| Untracked |  0
| 167|0x00000000ea700000, 0x00000000ea700000, 0x00000000ea800000|  0%| F|  |TAMS 0x00000000ea700000| PB 0x00000000ea700000| Untracked |  0
| 168|0x00000000ea800000, 0x00000000ea800000, 0x00000000ea900000|  0%| F|  |TAMS 0x00000000ea800000| PB 0x00000000ea800000| Untracked |  0
| 169|0x00000000ea900000, 0x00000000ea900000, 0x00000000eaa00000|  0%| F|  |TAMS 0x00000000ea900000| PB 0x00000000ea900000| Untracked |  0
| 170|0x00000000eaa00000, 0x00000000eaa00000, 0x00000000eab00000|  0%| F|  |TAMS 0x00000000eaa00000| PB 0x00000000eaa00000| Untracked |  0
| 171|0x00000000eab00000, 0x00000000eab00000, 0x00000000eac00000|  0%| F|  |TAMS 0x00000000eab00000| PB 0x00000000eab00000| Untracked |  0
| 172|0x00000000eac00000, 0x00000000eac00000, 0x00000000ead00000|  0%| F|  |TAMS 0x00000000eac00000| PB 0x00000000eac00000| Untracked |  0
| 173|0x00000000ead00000, 0x00000000ead00000, 0x00000000eae00000|  0%| F|  |TAMS 0x00000000ead00000| PB 0x00000000ead00000| Untracked |  0
| 174|0x00000000eae00000, 0x00000000eae00000, 0x00000000eaf00000|  0%| F|  |TAMS 0x00000000eae00000| PB 0x00000000eae00000| Untracked |  0
| 175|0x00000000eaf00000, 0x00000000eaf00000, 0x00000000eb000000|  0%| F|  |TAMS 0x00000000eaf00000| PB 0x00000000eaf00000| Untracked |  0
| 176|0x00000000eb000000, 0x00000000eb000000, 0x00000000eb100000|  0%| F|  |TAMS 0x00000000eb000000| PB 0x00000000eb000000| Untracked |  0
| 177|0x00000000eb100000, 0x00000000eb100000, 0x00000000eb200000|  0%| F|  |TAMS 0x00000000eb100000| PB 0x00000000eb100000| Untracked |  0
| 178|0x00000000eb200000, 0x00000000eb200000, 0x00000000eb300000|  0%| F|  |TAMS 0x00000000eb200000| PB 0x00000000eb200000| Untracked |  0
| 179|0x00000000eb300000, 0x00000000eb300000, 0x00000000eb400000|  0%| F|  |TAMS 0x00000000eb300000| PB 0x00000000eb300000| Untracked |  0
| 180|0x00000000eb400000, 0x00000000eb400000, 0x00000000eb500000|  0%| F|  |TAMS 0x00000000eb400000| PB 0x00000000eb400000| Untracked |  0
| 181|0x00000000eb500000, 0x00000000eb500000, 0x00000000eb600000|  0%| F|  |TAMS 0x00000000eb500000| PB 0x00000000eb500000| Untracked |  0
| 182|0x00000000eb600000, 0x00000000eb600000, 0x00000000eb700000|  0%| F|  |TAMS 0x00000000eb600000| PB 0x00000000eb600000| Untracked |  0
| 183|0x00000000eb700000, 0x00000000eb700000, 0x00000000eb800000|  0%| F|  |TAMS 0x00000000eb700000| PB 0x00000000eb700000| Untracked |  0
| 184|0x00000000eb800000, 0x00000000eb800000, 0x00000000eb900000|  0%| F|  |TAMS 0x00000000eb800000| PB 0x00000000eb800000| Untracked |  0
| 185|0x00000000eb900000, 0x00000000eb900000, 0x00000000eba00000|  0%| F|  |TAMS 0x00000000eb900000| PB 0x00000000eb900000| Untracked |  0
| 186|0x00000000eba00000, 0x00000000eba00000, 0x00000000ebb00000|  0%| F|  |TAMS 0x00000000eba00000| PB 0x00000000eba00000| Untracked |  0
| 187|0x00000000ebb00000, 0x00000000ebb00000, 0x00000000ebc00000|  0%| F|  |TAMS 0x00000000ebb00000| PB 0x00000000ebb00000| Untracked |  0
| 188|0x00000000ebc00000, 0x00000000ebc45938, 0x00000000ebd00000| 27%| E|  |TAMS 0x00000000ebc00000| PB 0x00000000ebc00000| Complete |  0
| 189|0x00000000ebd00000, 0x00000000ebe00000, 0x00000000ebe00000|100%| E|CS|TAMS 0x00000000ebd00000| PB 0x00000000ebd00000| Complete |  0
| 190|0x00000000ebe00000, 0x00000000ebf00000, 0x00000000ebf00000|100%| E|CS|TAMS 0x00000000ebe00000| PB 0x00000000ebe00000| Complete |  0
| 191|0x00000000ebf00000, 0x00000000ec000000, 0x00000000ec000000|100%| E|CS|TAMS 0x00000000ebf00000| PB 0x00000000ebf00000| Complete |  0
| 192|0x00000000ec000000, 0x00000000ec100000, 0x00000000ec100000|100%| E|CS|TAMS 0x00000000ec000000| PB 0x00000000ec000000| Complete |  0
| 193|0x00000000ec100000, 0x00000000ec200000, 0x00000000ec200000|100%| E|CS|TAMS 0x00000000ec100000| PB 0x00000000ec100000| Complete |  0
| 194|0x00000000ec200000, 0x00000000ec300000, 0x00000000ec300000|100%| E|CS|TAMS 0x00000000ec200000| PB 0x00000000ec200000| Complete |  0
| 195|0x00000000ec300000, 0x00000000ec400000, 0x00000000ec400000|100%| E|CS|TAMS 0x00000000ec300000| PB 0x00000000ec300000| Complete |  0
| 196|0x00000000ec400000, 0x00000000ec500000, 0x00000000ec500000|100%| E|CS|TAMS 0x00000000ec400000| PB 0x00000000ec400000| Complete |  0
| 197|0x00000000ec500000, 0x00000000ec600000, 0x00000000ec600000|100%| E|CS|TAMS 0x00000000ec500000| PB 0x00000000ec500000| Complete |  0
| 198|0x00000000ec600000, 0x00000000ec700000, 0x00000000ec700000|100%| E|CS|TAMS 0x00000000ec600000| PB 0x00000000ec600000| Complete |  0
| 199|0x00000000ec700000, 0x00000000ec800000, 0x00000000ec800000|100%| E|CS|TAMS 0x00000000ec700000| PB 0x00000000ec700000| Complete |  0
| 200|0x00000000ec800000, 0x00000000ec900000, 0x00000000ec900000|100%| E|CS|TAMS 0x00000000ec800000| PB 0x00000000ec800000| Complete |  0
| 201|0x00000000ec900000, 0x00000000eca00000, 0x00000000eca00000|100%| E|CS|TAMS 0x00000000ec900000| PB 0x00000000ec900000| Complete |  0
| 202|0x00000000eca00000, 0x00000000ecb00000, 0x00000000ecb00000|100%| E|CS|TAMS 0x00000000eca00000| PB 0x00000000eca00000| Complete |  0
| 203|0x00000000ecb00000, 0x00000000ecc00000, 0x00000000ecc00000|100%| E|CS|TAMS 0x00000000ecb00000| PB 0x00000000ecb00000| Complete |  0
| 204|0x00000000ecc00000, 0x00000000ecd00000, 0x00000000ecd00000|100%| E|CS|TAMS 0x00000000ecc00000| PB 0x00000000ecc00000| Complete |  0
| 205|0x00000000ecd00000, 0x00000000ece00000, 0x00000000ece00000|100%| E|CS|TAMS 0x00000000ecd00000| PB 0x00000000ecd00000| Complete |  0
| 206|0x00000000ece00000, 0x00000000ecf00000, 0x00000000ecf00000|100%| E|CS|TAMS 0x00000000ece00000| PB 0x00000000ece00000| Complete |  0
| 207|0x00000000ecf00000, 0x00000000ed000000, 0x00000000ed000000|100%| E|CS|TAMS 0x00000000ecf00000| PB 0x00000000ecf00000| Complete |  0
| 208|0x00000000ed000000, 0x00000000ed100000, 0x00000000ed100000|100%| E|CS|TAMS 0x00000000ed000000| PB 0x00000000ed000000| Complete |  0
| 209|0x00000000ed100000, 0x00000000ed200000, 0x00000000ed200000|100%| E|CS|TAMS 0x00000000ed100000| PB 0x00000000ed100000| Complete |  0
| 210|0x00000000ed200000, 0x00000000ed300000, 0x00000000ed300000|100%| E|CS|TAMS 0x00000000ed200000| PB 0x00000000ed200000| Complete |  0
| 211|0x00000000ed300000, 0x00000000ed400000, 0x00000000ed400000|100%| E|CS|TAMS 0x00000000ed300000| PB 0x00000000ed300000| Complete |  0
| 212|0x00000000ed400000, 0x00000000ed500000, 0x00000000ed500000|100%| E|CS|TAMS 0x00000000ed400000| PB 0x00000000ed400000| Complete |  0
| 213|0x00000000ed500000, 0x00000000ed600000, 0x00000000ed600000|100%| E|CS|TAMS 0x00000000ed500000| PB 0x00000000ed500000| Complete |  0
| 214|0x00000000ed600000, 0x00000000ed700000, 0x00000000ed700000|100%| E|CS|TAMS 0x00000000ed600000| PB 0x00000000ed600000| Complete |  0
| 215|0x00000000ed700000, 0x00000000ed800000, 0x00000000ed800000|100%| E|CS|TAMS 0x00000000ed700000| PB 0x00000000ed700000| Complete |  0
| 216|0x00000000ed800000, 0x00000000ed900000, 0x00000000ed900000|100%| E|CS|TAMS 0x00000000ed800000| PB 0x00000000ed800000| Complete |  0
| 217|0x00000000ed900000, 0x00000000eda00000, 0x00000000eda00000|100%| E|CS|TAMS 0x00000000ed900000| PB 0x00000000ed900000| Complete |  0
| 218|0x00000000eda00000, 0x00000000edb00000, 0x00000000edb00000|100%| E|CS|TAMS 0x00000000eda00000| PB 0x00000000eda00000| Complete |  0
| 219|0x00000000edb00000, 0x00000000edc00000, 0x00000000edc00000|100%| E|CS|TAMS 0x00000000edb00000| PB 0x00000000edb00000| Complete |  0
| 220|0x00000000edc00000, 0x00000000edd00000, 0x00000000edd00000|100%| E|CS|TAMS 0x00000000edc00000| PB 0x00000000edc00000| Complete |  0
| 221|0x00000000edd00000, 0x00000000ede00000, 0x00000000ede00000|100%| E|CS|TAMS 0x00000000edd00000| PB 0x00000000edd00000| Complete |  0
| 222|0x00000000ede00000, 0x00000000edf00000, 0x00000000edf00000|100%| E|CS|TAMS 0x00000000ede00000| PB 0x00000000ede00000| Complete |  0
| 223|0x00000000edf00000, 0x00000000ee000000, 0x00000000ee000000|100%| E|CS|TAMS 0x00000000edf00000| PB 0x00000000edf00000| Complete |  0
| 224|0x00000000ee000000, 0x00000000ee100000, 0x00000000ee100000|100%| E|CS|TAMS 0x00000000ee000000| PB 0x00000000ee000000| Complete |  0
| 225|0x00000000ee100000, 0x00000000ee200000, 0x00000000ee200000|100%| E|CS|TAMS 0x00000000ee100000| PB 0x00000000ee100000| Complete |  0
| 226|0x00000000ee200000, 0x00000000ee300000, 0x00000000ee300000|100%| E|CS|TAMS 0x00000000ee200000| PB 0x00000000ee200000| Complete |  0
| 227|0x00000000ee300000, 0x00000000ee400000, 0x00000000ee400000|100%| E|CS|TAMS 0x00000000ee300000| PB 0x00000000ee300000| Complete |  0
| 228|0x00000000ee400000, 0x00000000ee500000, 0x00000000ee500000|100%| E|CS|TAMS 0x00000000ee400000| PB 0x00000000ee400000| Complete |  0
| 229|0x00000000ee500000, 0x00000000ee600000, 0x00000000ee600000|100%| E|CS|TAMS 0x00000000ee500000| PB 0x00000000ee500000| Complete |  0
| 230|0x00000000ee600000, 0x00000000ee700000, 0x00000000ee700000|100%| E|CS|TAMS 0x00000000ee600000| PB 0x00000000ee600000| Complete |  0
| 231|0x00000000ee700000, 0x00000000ee800000, 0x00000000ee800000|100%| E|CS|TAMS 0x00000000ee700000| PB 0x00000000ee700000| Complete |  0
| 232|0x00000000ee800000, 0x00000000ee900000, 0x00000000ee900000|100%| E|CS|TAMS 0x00000000ee800000| PB 0x00000000ee800000| Complete |  0
| 233|0x00000000ee900000, 0x00000000eea00000, 0x00000000eea00000|100%| E|CS|TAMS 0x00000000ee900000| PB 0x00000000ee900000| Complete |  0
| 234|0x00000000eea00000, 0x00000000eeb00000, 0x00000000eeb00000|100%| E|CS|TAMS 0x00000000eea00000| PB 0x00000000eea00000| Complete |  0
| 235|0x00000000eeb00000, 0x00000000eec00000, 0x00000000eec00000|100%| E|CS|TAMS 0x00000000eeb00000| PB 0x00000000eeb00000| Complete |  0
| 236|0x00000000eec00000, 0x00000000eed00000, 0x00000000eed00000|100%| E|CS|TAMS 0x00000000eec00000| PB 0x00000000eec00000| Complete |  0
| 237|0x00000000eed00000, 0x00000000eee00000, 0x00000000eee00000|100%| E|CS|TAMS 0x00000000eed00000| PB 0x00000000eed00000| Complete |  0
| 238|0x00000000eee00000, 0x00000000eef00000, 0x00000000eef00000|100%| E|CS|TAMS 0x00000000eee00000| PB 0x00000000eee00000| Complete |  0
| 239|0x00000000eef00000, 0x00000000ef000000, 0x00000000ef000000|100%| E|CS|TAMS 0x00000000eef00000| PB 0x00000000eef00000| Complete |  0
| 240|0x00000000ef000000, 0x00000000ef100000, 0x00000000ef100000|100%| E|CS|TAMS 0x00000000ef000000| PB 0x00000000ef000000| Complete |  0
| 241|0x00000000ef100000, 0x00000000ef200000, 0x00000000ef200000|100%| E|CS|TAMS 0x00000000ef100000| PB 0x00000000ef100000| Complete |  0
| 242|0x00000000ef200000, 0x00000000ef300000, 0x00000000ef300000|100%| E|CS|TAMS 0x00000000ef200000| PB 0x00000000ef200000| Complete |  0
| 243|0x00000000ef300000, 0x00000000ef400000, 0x00000000ef400000|100%| E|CS|TAMS 0x00000000ef300000| PB 0x00000000ef300000| Complete |  0
| 244|0x00000000ef400000, 0x00000000ef500000, 0x00000000ef500000|100%| E|CS|TAMS 0x00000000ef400000| PB 0x00000000ef400000| Complete |  0
| 245|0x00000000ef500000, 0x00000000ef600000, 0x00000000ef600000|100%| E|CS|TAMS 0x00000000ef500000| PB 0x00000000ef500000| Complete |  0
| 246|0x00000000ef600000, 0x00000000ef700000, 0x00000000ef700000|100%| E|CS|TAMS 0x00000000ef600000| PB 0x00000000ef600000| Complete |  0
| 247|0x00000000ef700000, 0x00000000ef800000, 0x00000000ef800000|100%| E|CS|TAMS 0x00000000ef700000| PB 0x00000000ef700000| Complete |  0
| 248|0x00000000ef800000, 0x00000000ef900000, 0x00000000ef900000|100%| E|CS|TAMS 0x00000000ef800000| PB 0x00000000ef800000| Complete |  0
| 249|0x00000000ef900000, 0x00000000efa00000, 0x00000000efa00000|100%| E|CS|TAMS 0x00000000ef900000| PB 0x00000000ef900000| Complete |  0
| 250|0x00000000efa00000, 0x00000000efb00000, 0x00000000efb00000|100%| E|CS|TAMS 0x00000000efa00000| PB 0x00000000efa00000| Complete |  0
| 251|0x00000000efb00000, 0x00000000efc00000, 0x00000000efc00000|100%| E|CS|TAMS 0x00000000efb00000| PB 0x00000000efb00000| Complete |  0
| 252|0x00000000efc00000, 0x00000000efd00000, 0x00000000efd00000|100%| E|CS|TAMS 0x00000000efc00000| PB 0x00000000efc00000| Complete |  0
| 253|0x00000000efd00000, 0x00000000efe00000, 0x00000000efe00000|100%| E|CS|TAMS 0x00000000efd00000| PB 0x00000000efd00000| Complete |  0
| 254|0x00000000efe00000, 0x00000000eff00000, 0x00000000eff00000|100%| E|CS|TAMS 0x00000000efe00000| PB 0x00000000efe00000| Complete |  0
| 255|0x00000000eff00000, 0x00000000f0000000, 0x00000000f0000000|100%| E|CS|TAMS 0x00000000eff00000| PB 0x00000000eff00000| Complete |  0

Card table byte_map: [0x000001e2abc40000,0x000001e2abd40000] _byte_map_base: 0x000001e2ab540000

Marking Bits: (CMBitMap*) 0x000001e29281aa20
 Bits: [0x000001e2abd40000, 0x000001e2ac540000)

Polling page: 0x000001e2926d0000

Metaspace:

Usage:
  Non-class:     53.97 MB used.
      Class:      8.82 MB used.
       Both:     62.79 MB used.

Virtual space:
  Non-class space:       64.00 MB reserved,      55.06 MB ( 86%) committed,  1 nodes.
      Class space:      320.00 MB reserved,       9.88 MB (  3%) committed,  1 nodes.
             Both:      384.00 MB reserved,      64.94 MB ( 17%) committed. 

Chunk freelists:
   Non-Class:  8.04 MB
       Class:  6.03 MB
        Both:  14.07 MB

MaxMetaspaceSize: 384.00 MB
CompressedClassSpaceSize: 320.00 MB
Initial GC threshold: 21.00 MB
Current GC threshold: 98.06 MB
CDS: on
 - commit_granule_bytes: 65536.
 - commit_granule_words: 8192.
 - virtual_space_node_default_size: 8388608.
 - enlarge_chunks_in_place: 1.
 - use_allocation_guard: 0.


Internal statistics:

num_allocs_failed_limit: 9.
num_arena_births: 3922.
num_arena_deaths: 0.
num_vsnodes_births: 2.
num_vsnodes_deaths: 0.
num_space_committed: 1039.
num_space_uncommitted: 0.
num_chunks_returned_to_freelist: 9.
num_chunks_taken_from_freelist: 7182.
num_chunk_merges: 9.
num_chunk_splits: 4540.
num_chunks_enlarged: 2707.
num_inconsistent_stats: 0.

CodeHeap 'non-profiled nmethods': size=120000Kb used=10754Kb max_used=10754Kb free=109245Kb
 bounds [0x000001e2a4710000, 0x000001e2a51a0000, 0x000001e2abc40000]
CodeHeap 'profiled nmethods': size=120000Kb used=30328Kb max_used=30328Kb free=89671Kb
 bounds [0x000001e29cc40000, 0x000001e29e9e0000, 0x000001e2a4170000]
CodeHeap 'non-nmethods': size=5760Kb used=2783Kb max_used=2876Kb free=2976Kb
 bounds [0x000001e2a4170000, 0x000001e2a4450000, 0x000001e2a4710000]
 total_blobs=15720 nmethods=14820 adapters=803
 compilation: enabled
              stopped_count=0, restarted_count=0
 full_count=0

Compilation events (20 events):
Event: 2375.030 Thread 0x000001e2aeb55a50 15554       1       io.spring.gradle.dependencymanagement.org.apache.maven.model.Site::setName (6 bytes)
Event: 2375.030 Thread 0x000001e2aeb55a50 nmethod 15554 0x000001e2a518ee10 code [0x000001e2a518efa0, 0x000001e2a518f0b0]
Event: 2375.075 Thread 0x000001e2aeb55a50 15555       3       org.gradle.internal.resources.DefaultResourceLockCoordinationService$AcquireLocks::transform (62 bytes)
Event: 2375.075 Thread 0x000001e2aeb55a50 nmethod 15555 0x000001e29e9cfa90 code [0x000001e29e9cfca0, 0x000001e29e9d0378]
Event: 2375.241 Thread 0x000001e2aeb55a50 15557       3       org.gradle.internal.resources.DefaultResourceLockCoordinationService$ReleaseLocks::transform (42 bytes)
Event: 2375.242 Thread 0x000001e2aeb55a50 nmethod 15557 0x000001e29e9d0590 code [0x000001e29e9d0780, 0x000001e29e9d0d70]
Event: 2375.337 Thread 0x000001e2aeb55a50 15558       1       org.gradle.internal.jvm.DefaultModularitySpec_Decorated::getModelIdentityDisplayName (5 bytes)
Event: 2375.337 Thread 0x000001e2aeb55a50 nmethod 15558 0x000001e2a518f110 code [0x000001e2a518f2a0, 0x000001e2a518f368]
Event: 2375.337 Thread 0x000001e2aeb55a50 15559       1       org.gradle.api.internal.tasks.DefaultTaskInputPropertyRegistration::getPropertyName (5 bytes)
Event: 2375.338 Thread 0x000001e2aeb55a50 nmethod 15559 0x000001e2a518f410 code [0x000001e2a518f5a0, 0x000001e2a518f668]
Event: 2375.338 Thread 0x000001e2aeb55a50 15560       1       org.gradle.api.internal.tasks.DefaultTaskInputPropertyRegistration::getValue (5 bytes)
Event: 2375.338 Thread 0x000001e2aeb55a50 nmethod 15560 0x000001e2a518f710 code [0x000001e2a518f8a0, 0x000001e2a518f968]
Event: 2375.338 Thread 0x000001e2aeb55a50 15561       1       org.gradle.api.internal.tasks.DefaultTaskInputPropertyRegistration::isOptional (5 bytes)
Event: 2375.338 Thread 0x000001e2aeb55a50 nmethod 15561 0x000001e2a518fa10 code [0x000001e2a518fba0, 0x000001e2a518fc70]
Event: 2375.338 Thread 0x000001e2aeb55a50 15562       3       java.util.IdentityHashMap::remove (102 bytes)
Event: 2375.338 Thread 0x000001e2aeb55a50 nmethod 15562 0x000001e29e9d0f90 code [0x000001e29e9d11a0, 0x000001e29e9d1938]
Event: 2375.338 Thread 0x000001e2aeb55a50 15563       3       java.util.IdentityHashMap::closeDeletion (107 bytes)
Event: 2375.339 Thread 0x000001e2aeb55a50 nmethod 15563 0x000001e29e9d1c10 code [0x000001e29e9d1e20, 0x000001e29e9d2948]
Event: 2375.339 Thread 0x000001e2aeb55a50 15564       3       org.gradle.internal.properties.annotations.AbstractTypeMetadataWalker$InstanceTypeMetadataWalker::walkNestedChild (24 bytes)
Event: 2375.339 Thread 0x000001e2aeb55a50 nmethod 15564 0x000001e29e9d2c10 code [0x000001e29e9d2e20, 0x000001e29e9d3550]

GC Heap History (20 events):
Event: 15.811 GC heap before
{Heap before GC invocations=9 (full 0):
 garbage-first heap   total reserved 524288K, committed 262144K, used 72201K [0x00000000e0000000, 0x0000000100000000)
  region size 1024K, 42 young (43008K), 20 survivors (20480K)
 Metaspace       used 58149K, committed 60160K, reserved 393216K
  class space    used 8492K, committed 9472K, reserved 327680K
}
Event: 15.829 GC heap after
{Heap after GC invocations=10 (full 0):
 garbage-first heap   total reserved 524288K, committed 262144K, used 51544K [0x00000000e0000000, 0x0000000100000000)
  region size 1024K, 3 young (3072K), 3 survivors (3072K)
 Metaspace       used 58149K, committed 60160K, reserved 393216K
  class space    used 8492K, committed 9472K, reserved 327680K
}
Event: 39.442 GC heap before
{Heap before GC invocations=11 (full 0):
 garbage-first heap   total reserved 524288K, committed 262144K, used 204120K [0x00000000e0000000, 0x0000000100000000)
  region size 1024K, 153 young (156672K), 3 survivors (3072K)
 Metaspace       used 61863K, committed 64064K, reserved 393216K
  class space    used 8991K, committed 10048K, reserved 327680K
}
Event: 39.456 GC heap after
{Heap after GC invocations=12 (full 0):
 garbage-first heap   total reserved 524288K, committed 262144K, used 58701K [0x00000000e0000000, 0x0000000100000000)
  region size 1024K, 10 young (10240K), 10 survivors (10240K)
 Metaspace       used 61863K, committed 64064K, reserved 393216K
  class space    used 8991K, committed 10048K, reserved 327680K
}
Event: 41.284 GC heap before
{Heap before GC invocations=12 (full 0):
 garbage-first heap   total reserved 524288K, committed 262144K, used 205133K [0x00000000e0000000, 0x0000000100000000)
  region size 1024K, 153 young (156672K), 10 survivors (10240K)
 Metaspace       used 62645K, committed 64832K, reserved 393216K
  class space    used 9005K, committed 10048K, reserved 327680K
}
Event: 41.293 GC heap after
{Heap after GC invocations=13 (full 0):
 garbage-first heap   total reserved 524288K, committed 262144K, used 58903K [0x00000000e0000000, 0x0000000100000000)
  region size 1024K, 10 young (10240K), 10 survivors (10240K)
 Metaspace       used 62645K, committed 64832K, reserved 393216K
  class space    used 9005K, committed 10048K, reserved 327680K
}
Event: 117.343 GC heap before
{Heap before GC invocations=13 (full 0):
 garbage-first heap   total reserved 524288K, committed 262144K, used 204311K [0x00000000e0000000, 0x0000000100000000)
  region size 1024K, 153 young (156672K), 10 survivors (10240K)
 Metaspace       used 63161K, committed 65344K, reserved 393216K
  class space    used 9010K, committed 10112K, reserved 327680K
}
Event: 117.352 GC heap after
{Heap after GC invocations=14 (full 0):
 garbage-first heap   total reserved 524288K, committed 262144K, used 58953K [0x00000000e0000000, 0x0000000100000000)
  region size 1024K, 10 young (10240K), 10 survivors (10240K)
 Metaspace       used 63161K, committed 65344K, reserved 393216K
  class space    used 9010K, committed 10112K, reserved 327680K
}
Event: 125.274 GC heap before
{Heap before GC invocations=14 (full 0):
 garbage-first heap   total reserved 524288K, committed 262144K, used 204361K [0x00000000e0000000, 0x0000000100000000)
  region size 1024K, 153 young (156672K), 10 survivors (10240K)
 Metaspace       used 63510K, committed 65728K, reserved 393216K
  class space    used 9012K, committed 10112K, reserved 327680K
}
Event: 125.287 GC heap after
{Heap after GC invocations=15 (full 0):
 garbage-first heap   total reserved 524288K, committed 262144K, used 59896K [0x00000000e0000000, 0x0000000100000000)
  region size 1024K, 11 young (11264K), 11 survivors (11264K)
 Metaspace       used 63510K, committed 65728K, reserved 393216K
  class space    used 9012K, committed 10112K, reserved 327680K
}
Event: 127.932 GC heap before
{Heap before GC invocations=15 (full 0):
 garbage-first heap   total reserved 524288K, committed 262144K, used 205304K [0x00000000e0000000, 0x0000000100000000)
  region size 1024K, 153 young (156672K), 11 survivors (11264K)
 Metaspace       used 63717K, committed 65920K, reserved 393216K
  class space    used 9017K, committed 10112K, reserved 327680K
}
Event: 127.946 GC heap after
{Heap after GC invocations=16 (full 0):
 garbage-first heap   total reserved 524288K, committed 262144K, used 60561K [0x00000000e0000000, 0x0000000100000000)
  region size 1024K, 12 young (12288K), 12 survivors (12288K)
 Metaspace       used 63717K, committed 65920K, reserved 393216K
  class space    used 9017K, committed 10112K, reserved 327680K
}
Event: 262.692 GC heap before
{Heap before GC invocations=16 (full 0):
 garbage-first heap   total reserved 524288K, committed 262144K, used 203921K [0x00000000e0000000, 0x0000000100000000)
  region size 1024K, 153 young (156672K), 12 survivors (12288K)
 Metaspace       used 63892K, committed 66112K, reserved 393216K
  class space    used 9020K, committed 10112K, reserved 327680K
}
Event: 262.707 GC heap after
{Heap after GC invocations=17 (full 0):
 garbage-first heap   total reserved 524288K, committed 262144K, used 61304K [0x00000000e0000000, 0x0000000100000000)
  region size 1024K, 11 young (11264K), 11 survivors (11264K)
 Metaspace       used 63892K, committed 66112K, reserved 393216K
  class space    used 9020K, committed 10112K, reserved 327680K
}
Event: 2183.301 GC heap before
{Heap before GC invocations=17 (full 0):
 garbage-first heap   total reserved 524288K, committed 262144K, used 205688K [0x00000000e0000000, 0x0000000100000000)
  region size 1024K, 153 young (156672K), 11 survivors (11264K)
 Metaspace       used 64110K, committed 66304K, reserved 393216K
  class space    used 9025K, committed 10112K, reserved 327680K
}
Event: 2183.392 GC heap after
{Heap after GC invocations=18 (full 0):
 garbage-first heap   total reserved 524288K, committed 262144K, used 58232K [0x00000000e0000000, 0x0000000100000000)
  region size 1024K, 8 young (8192K), 8 survivors (8192K)
 Metaspace       used 64110K, committed 66304K, reserved 393216K
  class space    used 9025K, committed 10112K, reserved 327680K
}
Event: 2216.777 GC heap before
{Heap before GC invocations=18 (full 0):
 garbage-first heap   total reserved 524288K, committed 262144K, used 206712K [0x00000000e0000000, 0x0000000100000000)
  region size 1024K, 153 young (156672K), 8 survivors (8192K)
 Metaspace       used 64200K, committed 66368K, reserved 393216K
  class space    used 9029K, committed 10112K, reserved 327680K
}
Event: 2216.796 GC heap after
{Heap after GC invocations=19 (full 0):
 garbage-first heap   total reserved 524288K, committed 262144K, used 60175K [0x00000000e0000000, 0x0000000100000000)
  region size 1024K, 10 young (10240K), 10 survivors (10240K)
 Metaspace       used 64200K, committed 66368K, reserved 393216K
  class space    used 9029K, committed 10112K, reserved 327680K
}
Event: 2374.383 GC heap before
{Heap before GC invocations=19 (full 0):
 garbage-first heap   total reserved 524288K, committed 262144K, used 205583K [0x00000000e0000000, 0x0000000100000000)
  region size 1024K, 153 young (156672K), 10 survivors (10240K)
 Metaspace       used 64275K, committed 66496K, reserved 393216K
  class space    used 9030K, committed 10112K, reserved 327680K
}
Event: 2374.397 GC heap after
{Heap after GC invocations=20 (full 0):
 garbage-first heap   total reserved 524288K, committed 262144K, used 61232K [0x00000000e0000000, 0x0000000100000000)
  region size 1024K, 11 young (11264K), 11 survivors (11264K)
 Metaspace       used 64275K, committed 66496K, reserved 393216K
  class space    used 9030K, committed 10112K, reserved 327680K
}

Dll operation events (15 events):
Event: 0.038 Loaded shared library C:\Users\ASUS\.jdks\openjdk-22.0.2\bin\java.dll
Event: 0.120 Loaded shared library C:\Users\ASUS\.jdks\openjdk-22.0.2\bin\jsvml.dll
Event: 0.238 Loaded shared library C:\Users\ASUS\.jdks\openjdk-22.0.2\bin\zip.dll
Event: 0.247 Loaded shared library C:\Users\ASUS\.jdks\openjdk-22.0.2\bin\instrument.dll
Event: 0.263 Loaded shared library C:\Users\ASUS\.jdks\openjdk-22.0.2\bin\net.dll
Event: 0.277 Loaded shared library C:\Users\ASUS\.jdks\openjdk-22.0.2\bin\nio.dll
Event: 0.281 Loaded shared library C:\Users\ASUS\.jdks\openjdk-22.0.2\bin\zip.dll
Event: 0.998 Loaded shared library C:\Users\ASUS\.jdks\openjdk-22.0.2\bin\jimage.dll
Event: 1.384 Loaded shared library C:\Users\ASUS\.jdks\openjdk-22.0.2\bin\verify.dll
Event: 1.687 Loaded shared library C:\Users\ASUS\.gradle\native\1def1411415f61bf3af743bc5b6707747c0891f09f0c88961ee8f79bc544acac\windows-amd64\native-platform.dll
Event: 1.701 Loaded shared library C:\Users\ASUS\.gradle\native\0.2.6\x86_64-windows-gnu\gradle-fileevents.dll
Event: 3.595 Loaded shared library C:\Users\ASUS\.jdks\openjdk-22.0.2\bin\management.dll
Event: 3.603 Loaded shared library C:\Users\ASUS\.jdks\openjdk-22.0.2\bin\management_ext.dll
Event: 3.872 Loaded shared library C:\Users\ASUS\.jdks\openjdk-22.0.2\bin\extnet.dll
Event: 4.217 Loaded shared library C:\Users\ASUS\.jdks\openjdk-22.0.2\bin\sunmscapi.dll

Deoptimization events (20 events):
Event: 2373.900 Thread 0x000001e2cca76f70 DEOPT PACKING pc=0x000001e2a4fb6d20 sp=0x000000419a4f8b20
Event: 2373.900 Thread 0x000001e2cca76f70 DEOPT UNPACKING pc=0x000001e2a41c46a2 sp=0x000000419a4f8b00 mode 2
Event: 2374.246 Thread 0x000001e2cca76f70 DEOPT PACKING pc=0x000001e29e3926ca sp=0x000000419a4f80f0
Event: 2374.246 Thread 0x000001e2cca76f70 DEOPT UNPACKING pc=0x000001e2a41c4e42 sp=0x000000419a4f7488 mode 0
Event: 2374.599 Thread 0x000001e2cca76f70 Uncommon trap: trap_request=0xffffffbe fr.pc=0x000001e2a518237c relative=0x000000000000123c
Event: 2374.599 Thread 0x000001e2cca76f70 Uncommon trap: reason=profile_predicate action=maybe_recompile pc=0x000001e2a518237c method=io.spring.gradle.dependencymanagement.org.apache.maven.model.validation.DefaultModelValidator.validate20EffectivePluginDependencies(Lio/spring/gradle/dependencyman
Event: 2374.599 Thread 0x000001e2cca76f70 DEOPT PACKING pc=0x000001e2a518237c sp=0x000000419a4f9280
Event: 2374.599 Thread 0x000001e2cca76f70 DEOPT UNPACKING pc=0x000001e2a41c46a2 sp=0x000000419a4f9258 mode 2
Event: 2374.619 Thread 0x000001e2cca76f70 Uncommon trap: trap_request=0xffffffbe fr.pc=0x000001e2a518237c relative=0x000000000000123c
Event: 2374.619 Thread 0x000001e2cca76f70 Uncommon trap: reason=profile_predicate action=maybe_recompile pc=0x000001e2a518237c method=io.spring.gradle.dependencymanagement.org.apache.maven.model.validation.DefaultModelValidator.validate20EffectivePluginDependencies(Lio/spring/gradle/dependencyman
Event: 2374.619 Thread 0x000001e2cca76f70 DEOPT PACKING pc=0x000001e2a518237c sp=0x000000419a4f9280
Event: 2374.619 Thread 0x000001e2cca76f70 DEOPT UNPACKING pc=0x000001e2a41c46a2 sp=0x000000419a4f9258 mode 2
Event: 2374.619 Thread 0x000001e2cca76f70 Uncommon trap: trap_request=0xffffffbe fr.pc=0x000001e2a518237c relative=0x000000000000123c
Event: 2374.619 Thread 0x000001e2cca76f70 Uncommon trap: reason=profile_predicate action=maybe_recompile pc=0x000001e2a518237c method=io.spring.gradle.dependencymanagement.org.apache.maven.model.validation.DefaultModelValidator.validate20EffectivePluginDependencies(Lio/spring/gradle/dependencyman
Event: 2374.619 Thread 0x000001e2cca76f70 DEOPT PACKING pc=0x000001e2a518237c sp=0x000000419a4f9280
Event: 2374.619 Thread 0x000001e2cca76f70 DEOPT UNPACKING pc=0x000001e2a41c46a2 sp=0x000000419a4f9258 mode 2
Event: 2374.632 Thread 0x000001e2cca76f70 Uncommon trap: trap_request=0xffffffbe fr.pc=0x000001e2a518237c relative=0x000000000000123c
Event: 2374.632 Thread 0x000001e2cca76f70 Uncommon trap: reason=profile_predicate action=maybe_recompile pc=0x000001e2a518237c method=io.spring.gradle.dependencymanagement.org.apache.maven.model.validation.DefaultModelValidator.validate20EffectivePluginDependencies(Lio/spring/gradle/dependencyman
Event: 2374.632 Thread 0x000001e2cca76f70 DEOPT PACKING pc=0x000001e2a518237c sp=0x000000419a4f9280
Event: 2374.632 Thread 0x000001e2cca76f70 DEOPT UNPACKING pc=0x000001e2a41c46a2 sp=0x000000419a4f9258 mode 2

Classes loaded (20 events):
Event: 17.782 Loading class java/util/stream/ReduceOps$5ReducingSink
Event: 17.782 Loading class java/util/stream/ReduceOps$5ReducingSink done
Event: 17.782 Loading class java/util/stream/ReferencePipeline$4$1
Event: 17.782 Loading class java/util/stream/ReferencePipeline$4$1 done
Event: 17.863 Loading class java/util/concurrent/ConcurrentSkipListMap$KeySet
Event: 17.864 Loading class java/util/concurrent/ConcurrentSkipListMap$KeySet done
Event: 17.864 Loading class java/util/concurrent/ConcurrentSkipListMap$KeyIterator
Event: 17.864 Loading class java/util/concurrent/ConcurrentSkipListMap$KeyIterator done
Event: 18.157 Loading class java/util/concurrent/ConcurrentLinkedQueue$Itr
Event: 18.158 Loading class java/util/concurrent/ConcurrentLinkedQueue$Itr done
Event: 18.168 Loading class java/util/concurrent/ConcurrentHashMap$EntrySpliterator
Event: 18.169 Loading class java/util/concurrent/ConcurrentHashMap$EntrySpliterator done
Event: 18.248 Loading class java/time/Instant$1
Event: 18.248 Loading class java/time/Instant$1 done
Event: 18.282 Loading class java/util/concurrent/CompletableFuture$AsyncRun
Event: 18.282 Loading class java/util/concurrent/CompletableFuture$AsyncRun done
Event: 39.068 Loading class jdk/internal/math/FormattedFPDecimal
Event: 39.068 Loading class jdk/internal/math/FormattedFPDecimal done
Event: 39.217 Loading class java/util/AbstractList$ListItr
Event: 39.217 Loading class java/util/AbstractList$ListItr done

Classes unloaded (0 events):
No events

Classes redefined (0 events):
No events

Internal exceptions (20 events):
Event: 2180.986 Thread 0x000001e2cca789b0 Exception <a 'sun/nio/fs/WindowsException'{0x00000000e9384d68}> (0x00000000e9384d68) 
thrown [s\open\src\hotspot\share\prims\jni.cpp, line 520]
Event: 2180.986 Thread 0x000001e2cca789b0 Exception <a 'sun/nio/fs/WindowsException'{0x00000000e93864c8}> (0x00000000e93864c8) 
thrown [s\open\src\hotspot\share\prims\jni.cpp, line 520]
Event: 2180.987 Thread 0x000001e2cca789b0 Exception <a 'sun/nio/fs/WindowsException'{0x00000000e9387968}> (0x00000000e9387968) 
thrown [s\open\src\hotspot\share\prims\jni.cpp, line 520]
Event: 2182.199 Thread 0x000001e2cca789b0 Exception <a 'java/lang/NoClassDefFoundError'{0x00000000e8ef90f8}: org/jetbrains/kotlin/gradle/plugin/KotlinPluginWrapper> (0x00000000e8ef90f8) 
thrown [s\open\src\hotspot\share\oops\constantPool.cpp, line 872]
Event: 2182.199 Thread 0x000001e2cca789b0 Exception <a 'java/lang/NoClassDefFoundError'{0x00000000e8efb250}: org/graalvm/buildtools/gradle/NativeImagePlugin> (0x00000000e8efb250) 
thrown [s\open\src\hotspot\share\oops\constantPool.cpp, line 872]
Event: 2182.199 Thread 0x000001e2cca789b0 Exception <a 'java/lang/NoClassDefFoundError'{0x00000000e8efd398}: org/cyclonedx/gradle/CycloneDxPlugin> (0x00000000e8efd398) 
thrown [s\open\src\hotspot\share\oops\constantPool.cpp, line 872]
Event: 2216.061 Thread 0x000001e2cca789b0 Exception <a 'sun/nio/fs/WindowsException'{0x00000000e9e202a8}> (0x00000000e9e202a8) 
thrown [s\open\src\hotspot\share\prims\jni.cpp, line 520]
Event: 2216.061 Thread 0x000001e2cca789b0 Exception <a 'sun/nio/fs/WindowsException'{0x00000000e9e21760}> (0x00000000e9e21760) 
thrown [s\open\src\hotspot\share\prims\jni.cpp, line 520]
Event: 2216.061 Thread 0x000001e2cca789b0 Exception <a 'sun/nio/fs/WindowsException'{0x00000000e9e22c10}> (0x00000000e9e22c10) 
thrown [s\open\src\hotspot\share\prims\jni.cpp, line 520]
Event: 2216.061 Thread 0x000001e2cca789b0 Exception <a 'sun/nio/fs/WindowsException'{0x00000000e9e240b0}> (0x00000000e9e240b0) 
thrown [s\open\src\hotspot\share\prims\jni.cpp, line 520]
Event: 2216.197 Thread 0x000001e2cca789b0 Exception <a 'java/lang/NoClassDefFoundError'{0x00000000e9983140}: org/jetbrains/kotlin/gradle/plugin/KotlinPluginWrapper> (0x00000000e9983140) 
thrown [s\open\src\hotspot\share\oops\constantPool.cpp, line 872]
Event: 2216.197 Thread 0x000001e2cca789b0 Exception <a 'java/lang/NoClassDefFoundError'{0x00000000e9985298}: org/graalvm/buildtools/gradle/NativeImagePlugin> (0x00000000e9985298) 
thrown [s\open\src\hotspot\share\oops\constantPool.cpp, line 872]
Event: 2216.197 Thread 0x000001e2cca789b0 Exception <a 'java/lang/NoClassDefFoundError'{0x00000000e99873e0}: org/cyclonedx/gradle/CycloneDxPlugin> (0x00000000e99873e0) 
thrown [s\open\src\hotspot\share\oops\constantPool.cpp, line 872]
Event: 2373.777 Thread 0x000001e2cca76f70 Exception <a 'sun/nio/fs/WindowsException'{0x00000000eace3d78}> (0x00000000eace3d78) 
thrown [s\open\src\hotspot\share\prims\jni.cpp, line 520]
Event: 2373.777 Thread 0x000001e2cca76f70 Exception <a 'sun/nio/fs/WindowsException'{0x00000000eace5230}> (0x00000000eace5230) 
thrown [s\open\src\hotspot\share\prims\jni.cpp, line 520]
Event: 2373.777 Thread 0x000001e2cca76f70 Exception <a 'sun/nio/fs/WindowsException'{0x00000000eace6938}> (0x00000000eace6938) 
thrown [s\open\src\hotspot\share\prims\jni.cpp, line 520]
Event: 2373.777 Thread 0x000001e2cca76f70 Exception <a 'sun/nio/fs/WindowsException'{0x00000000eace7dd8}> (0x00000000eace7dd8) 
thrown [s\open\src\hotspot\share\prims\jni.cpp, line 520]
Event: 2373.953 Thread 0x000001e2cca76f70 Exception <a 'java/lang/NoClassDefFoundError'{0x00000000ea661f28}: org/jetbrains/kotlin/gradle/plugin/KotlinPluginWrapper> (0x00000000ea661f28) 
thrown [s\open\src\hotspot\share\oops\constantPool.cpp, line 872]
Event: 2373.953 Thread 0x000001e2cca76f70 Exception <a 'java/lang/NoClassDefFoundError'{0x00000000ea664080}: org/graalvm/buildtools/gradle/NativeImagePlugin> (0x00000000ea664080) 
thrown [s\open\src\hotspot\share\oops\constantPool.cpp, line 872]
Event: 2373.953 Thread 0x000001e2cca76f70 Exception <a 'java/lang/NoClassDefFoundError'{0x00000000ea6661c8}: org/cyclonedx/gradle/CycloneDxPlugin> (0x00000000ea6661c8) 
thrown [s\open\src\hotspot\share\oops\constantPool.cpp, line 872]

ZGC Phase Switch (0 events):
No events

VM Operations (20 events):
Event: 2183.301 Executing VM operation: G1CollectForAllocation (G1 Evacuation Pause)
Event: 2183.392 Executing VM operation: G1CollectForAllocation (G1 Evacuation Pause) done
Event: 2184.396 Executing VM operation: Cleanup
Event: 2184.397 Executing VM operation: Cleanup done
Event: 2185.398 Executing VM operation: Cleanup
Event: 2185.398 Executing VM operation: Cleanup done
Event: 2186.411 Executing VM operation: Cleanup
Event: 2186.411 Executing VM operation: Cleanup done
Event: 2216.628 Executing VM operation: Cleanup
Event: 2216.629 Executing VM operation: Cleanup done
Event: 2216.776 Executing VM operation: G1CollectForAllocation (G1 Evacuation Pause)
Event: 2216.796 Executing VM operation: G1CollectForAllocation (G1 Evacuation Pause) done
Event: 2217.801 Executing VM operation: Cleanup
Event: 2217.801 Executing VM operation: Cleanup done
Event: 2225.198 Executing VM operation: HandshakeAllThreads (HandshakeForDeflation)
Event: 2225.198 Executing VM operation: HandshakeAllThreads (HandshakeForDeflation) done
Event: 2225.198 Executing VM operation: RendezvousGCThreads
Event: 2225.198 Executing VM operation: RendezvousGCThreads done
Event: 2374.383 Executing VM operation: G1CollectForAllocation (G1 Evacuation Pause)
Event: 2374.397 Executing VM operation: G1CollectForAllocation (G1 Evacuation Pause) done

Memory protections (0 events):
No events

Nmethod flushes (20 events):
Event: 15.888 Thread 0x000001e2aeb334f0 flushing  nmethod 0x000001e29cfc5e10
Event: 15.888 Thread 0x000001e2aeb334f0 flushing  nmethod 0x000001e29d0a8190
Event: 15.888 Thread 0x000001e2aeb334f0 flushing  nmethod 0x000001e29d0d6c10
Event: 15.888 Thread 0x000001e2aeb334f0 flushing  nmethod 0x000001e29d0ff610
Event: 15.888 Thread 0x000001e2aeb334f0 flushing  nmethod 0x000001e29d109510
Event: 15.888 Thread 0x000001e2aeb334f0 flushing  nmethod 0x000001e29d1ea310
Event: 15.888 Thread 0x000001e2aeb334f0 flushing  nmethod 0x000001e29d258d10
Event: 15.888 Thread 0x000001e2aeb334f0 flushing  nmethod 0x000001e29d2c0910
Event: 15.888 Thread 0x000001e2aeb334f0 flushing  nmethod 0x000001e29d2c0e10
Event: 15.888 Thread 0x000001e2aeb334f0 flushing  nmethod 0x000001e29d2c1890
Event: 15.888 Thread 0x000001e2aeb334f0 flushing  nmethod 0x000001e29d2c5110
Event: 15.888 Thread 0x000001e2aeb334f0 flushing  nmethod 0x000001e29d2c5590
Event: 15.888 Thread 0x000001e2aeb334f0 flushing  nmethod 0x000001e29d338790
Event: 15.888 Thread 0x000001e2aeb334f0 flushing  nmethod 0x000001e29d339210
Event: 15.888 Thread 0x000001e2aeb334f0 flushing  nmethod 0x000001e29d33a190
Event: 15.888 Thread 0x000001e2aeb334f0 flushing  nmethod 0x000001e29d33bc10
Event: 15.888 Thread 0x000001e2aeb334f0 flushing  nmethod 0x000001e29d36ac10
Event: 15.888 Thread 0x000001e2aeb334f0 flushing  nmethod 0x000001e29d372110
Event: 15.888 Thread 0x000001e2aeb334f0 flushing  nmethod 0x000001e29d3e0890
Event: 15.888 Thread 0x000001e2aeb334f0 flushing  nmethod 0x000001e29d42e110

Events (20 events):
Event: 2374.074 Thread 0x000001e2cca76f70 Thread added: 0x000001e2c8c9ada0
Event: 2374.077 Thread 0x000001e2cca76f70 Thread added: 0x000001e2c8c98640
Event: 2374.082 Thread 0x000001e2cca76f70 Thread added: 0x000001e2c8c9b430
Event: 2374.086 Thread 0x000001e2cca76f70 Thread added: 0x000001e2c8c9c150
Event: 2374.090 Thread 0x000001e2cca76f70 Thread added: 0x000001e2c8c9c7e0
Event: 2374.096 Thread 0x000001e2cca76f70 Thread added: 0x000001e2c8c9d500
Event: 2374.102 Thread 0x000001e2cca76f70 Thread added: 0x000001e2c8c9ce70
Event: 2374.106 Thread 0x000001e2cca76f70 Thread added: 0x000001e2c8c9db90
Event: 2374.110 Thread 0x000001e2cca76f70 Thread added: 0x000001e2c8c9e220
Event: 2374.113 Thread 0x000001e2cca76f70 Thread added: 0x000001e2c8c98cd0
Event: 2374.117 Thread 0x000001e2cca76f70 Thread added: 0x000001e2ca561750
Event: 2374.122 Thread 0x000001e2cca76f70 Thread added: 0x000001e2ca55e2d0
Event: 2374.126 Thread 0x000001e2cca76f70 Thread added: 0x000001e2ca55cf20
Event: 2374.129 Thread 0x000001e2cca76f70 Thread added: 0x000001e2ca55b4e0
Event: 2374.133 Thread 0x000001e2cca76f70 Thread added: 0x000001e2ca55e960
Event: 2374.137 Thread 0x000001e2cca76f70 Thread added: 0x000001e2ca55eff0
Event: 2374.141 Thread 0x000001e2cca76f70 Thread added: 0x000001e2ca55f680
Event: 2374.144 Thread 0x000001e2cca76f70 Thread added: 0x000001e2ca55c200
Event: 2374.147 Thread 0x000001e2cca76f70 Thread added: 0x000001e2ca55c890
Event: 2375.355 Thread 0x000001e2cca76f70 Thread added: 0x000001e2ca55fd10


Dynamic libraries:
0x00007ff632340000 - 0x00007ff63234e000 	C:\Users\ASUS\.jdks\openjdk-22.0.2\bin\java.exe
0x00007ffa1c670000 - 0x00007ffa1c868000 	C:\Windows\SYSTEM32\ntdll.dll
0x00007ffa1ba50000 - 0x00007ffa1bb0f000 	C:\Windows\System32\KERNEL32.DLL
0x00007ffa1a0d0000 - 0x00007ffa1a3a2000 	C:\Windows\System32\KERNELBASE.dll
0x00007ffa1a520000 - 0x00007ffa1a620000 	C:\Windows\System32\ucrtbase.dll
0x00007ffa13fa0000 - 0x00007ffa13fb7000 	C:\Users\ASUS\.jdks\openjdk-22.0.2\bin\jli.dll
0x00007ffa1c380000 - 0x00007ffa1c521000 	C:\Windows\System32\USER32.dll
0x00007ffa19f90000 - 0x00007ffa19fb2000 	C:\Windows\System32\win32u.dll
0x00007ffa1ae00000 - 0x00007ffa1ae2b000 	C:\Windows\System32\GDI32.dll
0x00007ffa19fc0000 - 0x00007ffa1a0cf000 	C:\Windows\System32\gdi32full.dll
0x00007ffa19ef0000 - 0x00007ffa19f8d000 	C:\Windows\System32\msvcp_win.dll
0x00007ffa05bc0000 - 0x00007ffa05bdb000 	C:\Users\ASUS\.jdks\openjdk-22.0.2\bin\VCRUNTIME140.dll
0x00007ffa05100000 - 0x00007ffa0539a000 	C:\Windows\WinSxS\amd64_microsoft.windows.common-controls_6595b64144ccf1df_6.0.19041.1110_none_60b5254171f9507e\COMCTL32.dll
0x00007ffa1c530000 - 0x00007ffa1c5ce000 	C:\Windows\System32\msvcrt.dll
0x00007ffa1b3b0000 - 0x00007ffa1b3e2000 	C:\Windows\System32\IMM32.DLL
0x00007ffa15a60000 - 0x00007ffa15a6c000 	C:\Users\ASUS\.jdks\openjdk-22.0.2\bin\vcruntime140_1.dll
0x00007ff9f8980000 - 0x00007ff9f8a0e000 	C:\Users\ASUS\.jdks\openjdk-22.0.2\bin\msvcp140.dll
0x00007ff9d5110000 - 0x00007ff9d5e59000 	C:\Users\ASUS\.jdks\openjdk-22.0.2\bin\server\jvm.dll
0x00007ffa1bfa0000 - 0x00007ffa1c04e000 	C:\Windows\System32\ADVAPI32.dll
0x00007ffa1b600000 - 0x00007ffa1b69c000 	C:\Windows\System32\sechost.dll
0x00007ffa1b7e0000 - 0x00007ffa1b905000 	C:\Windows\System32\RPCRT4.dll
0x00007ffa1b9e0000 - 0x00007ffa1ba4b000 	C:\Windows\System32\WS2_32.dll
0x00007ffa192e0000 - 0x00007ffa1932b000 	C:\Windows\SYSTEM32\POWRPROF.dll
0x00007ffa10210000 - 0x00007ffa10237000 	C:\Windows\SYSTEM32\WINMM.dll
0x00007ffa13a70000 - 0x00007ffa13a7a000 	C:\Windows\SYSTEM32\VERSION.dll
0x00007ffa191a0000 - 0x00007ffa191b2000 	C:\Windows\SYSTEM32\UMPDC.dll
0x00007ffa17c20000 - 0x00007ffa17c32000 	C:\Windows\SYSTEM32\kernel.appcore.dll
0x00007ffa0dbd0000 - 0x00007ffa0dbda000 	C:\Users\ASUS\.jdks\openjdk-22.0.2\bin\jimage.dll
0x00007ffa02ae0000 - 0x00007ffa02cc4000 	C:\Windows\SYSTEM32\DBGHELP.DLL
0x00007ffa022b0000 - 0x00007ffa022e5000 	C:\Windows\SYSTEM32\dbgcore.DLL
0x00007ffa1a620000 - 0x00007ffa1a6a2000 	C:\Windows\System32\bcryptPrimitives.dll
0x00007ffa063f0000 - 0x00007ffa063ff000 	C:\Users\ASUS\.jdks\openjdk-22.0.2\bin\instrument.dll
0x00007ffa05b30000 - 0x00007ffa05b4e000 	C:\Users\ASUS\.jdks\openjdk-22.0.2\bin\java.dll
0x00007ffa1a6b0000 - 0x00007ffa1adf5000 	C:\Windows\System32\SHELL32.dll
0x00007ffa1b6a0000 - 0x00007ffa1b7ca000 	C:\Windows\System32\ole32.dll
0x00007ffa1bb20000 - 0x00007ffa1be75000 	C:\Windows\System32\combase.dll
0x00007ffa17e20000 - 0x00007ffa185b2000 	C:\Windows\SYSTEM32\windows.storage.dll
0x00007ffa197c0000 - 0x00007ffa197f0000 	C:\Windows\SYSTEM32\Wldp.dll
0x00007ffa1be80000 - 0x00007ffa1bf2d000 	C:\Windows\System32\SHCORE.dll
0x00007ffa1c5d0000 - 0x00007ffa1c625000 	C:\Windows\System32\shlwapi.dll
0x00007ffa19ca0000 - 0x00007ffa19cbf000 	C:\Windows\SYSTEM32\profapi.dll
0x00007ff9eb040000 - 0x00007ff9eb117000 	C:\Users\ASUS\.jdks\openjdk-22.0.2\bin\jsvml.dll
0x00007ff9fe3c0000 - 0x00007ff9fe3d7000 	C:\Users\ASUS\.jdks\openjdk-22.0.2\bin\zip.dll
0x00007ffa05bb0000 - 0x00007ffa05bc0000 	C:\Users\ASUS\.jdks\openjdk-22.0.2\bin\net.dll
0x00007ffa19520000 - 0x00007ffa1958a000 	C:\Windows\system32\mswsock.dll
0x00007ff9fe3a0000 - 0x00007ff9fe3b6000 	C:\Users\ASUS\.jdks\openjdk-22.0.2\bin\nio.dll
0x00007ffa02390000 - 0x00007ffa023a0000 	C:\Users\ASUS\.jdks\openjdk-22.0.2\bin\verify.dll
0x00007ffa123b0000 - 0x00007ffa123d7000 	C:\Users\ASUS\.gradle\native\1def1411415f61bf3af743bc5b6707747c0891f09f0c88961ee8f79bc544acac\windows-amd64\native-platform.dll
0x00007ff9ed5e0000 - 0x00007ff9ed658000 	C:\Users\ASUS\.gradle\native\0.2.6\x86_64-windows-gnu\gradle-fileevents.dll
0x00007ff9fe320000 - 0x00007ff9fe32a000 	C:\Users\ASUS\.jdks\openjdk-22.0.2\bin\management.dll
0x00007ff9fe310000 - 0x00007ff9fe31b000 	C:\Users\ASUS\.jdks\openjdk-22.0.2\bin\management_ext.dll
0x00007ffa1bb10000 - 0x00007ffa1bb18000 	C:\Windows\System32\PSAPI.DLL
0x00007ffa191c0000 - 0x00007ffa191fb000 	C:\Windows\SYSTEM32\IPHLPAPI.DLL
0x00007ffa1b7d0000 - 0x00007ffa1b7d8000 	C:\Windows\System32\NSI.dll
0x00007ff9fe130000 - 0x00007ff9fe139000 	C:\Users\ASUS\.jdks\openjdk-22.0.2\bin\extnet.dll
0x00007ffa19710000 - 0x00007ffa19728000 	C:\Windows\SYSTEM32\CRYPTSP.dll
0x00007ffa18d60000 - 0x00007ffa18d94000 	C:\Windows\system32\rsaenh.dll
0x00007ffa19d60000 - 0x00007ffa19d87000 	C:\Windows\System32\bcrypt.dll
0x00007ffa19c60000 - 0x00007ffa19c8e000 	C:\Windows\SYSTEM32\USERENV.dll
0x00007ffa19730000 - 0x00007ffa1973c000 	C:\Windows\SYSTEM32\CRYPTBASE.dll
0x00007ff9fe120000 - 0x00007ff9fe12e000 	C:\Users\ASUS\.jdks\openjdk-22.0.2\bin\sunmscapi.dll
0x00007ffa19d90000 - 0x00007ffa19ee6000 	C:\Windows\System32\CRYPT32.dll
0x00007ffa19830000 - 0x00007ffa19857000 	C:\Windows\SYSTEM32\ncrypt.dll
0x00007ffa197f0000 - 0x00007ffa1982b000 	C:\Windows\SYSTEM32\NTASN1.dll
0x00007ff9ebc70000 - 0x00007ff9ebc77000 	C:\Windows\system32\wshunix.dll

dbghelp: loaded successfully - version: 4.0.5 - missing functions: none
symbol engine: initialized successfully - sym options: 0x614 - pdb path: .;C:\Users\ASUS\.jdks\openjdk-22.0.2\bin;C:\Windows\SYSTEM32;C:\Windows\WinSxS\amd64_microsoft.windows.common-controls_6595b64144ccf1df_6.0.19041.1110_none_60b5254171f9507e;C:\Users\ASUS\.jdks\openjdk-22.0.2\bin\server;C:\Users\ASUS\.gradle\native\1def1411415f61bf3af743bc5b6707747c0891f09f0c88961ee8f79bc544acac\windows-amd64;C:\Users\ASUS\.gradle\native\0.2.6\x86_64-windows-gnu

VM Arguments:
jvm_args: --add-opens=java.base/java.lang=ALL-UNNAMED --add-opens=java.base/java.lang.invoke=ALL-UNNAMED --add-opens=java.base/java.util=ALL-UNNAMED --add-opens=java.prefs/java.util.prefs=ALL-UNNAMED --add-exports=jdk.compiler/com.sun.tools.javac.api=ALL-UNNAMED --add-exports=jdk.compiler/com.sun.tools.javac.util=ALL-UNNAMED --add-opens=java.base/java.util=ALL-UNNAMED --add-opens=java.prefs/java.util.prefs=ALL-UNNAMED --add-opens=java.base/java.nio.charset=ALL-UNNAMED --add-opens=java.base/java.net=ALL-UNNAMED --add-opens=java.base/java.util.concurrent.atomic=ALL-UNNAMED --add-opens=java.xml/javax.xml.namespace=ALL-UNNAMED -XX:MaxMetaspaceSize=384m -XX:+HeapDumpOnOutOfMemoryError -Xms256m -Xmx512m -Dfile.encoding=windows-1252 -Duser.country=US -Duser.language=en -Duser.variant -javaagent:C:\Users\ASUS\.gradle\wrapper\dists\gradle-8.12.1-bin\eumc4uhoysa37zql93vfjkxy0\gradle-8.12.1\lib\agents\gradle-instrumentation-agent-8.12.1.jar 
java_command: org.gradle.launcher.daemon.bootstrap.GradleDaemon 8.12.1
java_class_path (initial): C:\Users\ASUS\.gradle\wrapper\dists\gradle-8.12.1-bin\eumc4uhoysa37zql93vfjkxy0\gradle-8.12.1\lib\gradle-daemon-main-8.12.1.jar
Launcher Type: SUN_STANDARD

[Global flags]
     intx CICompilerCount                          = 3                                         {product} {ergonomic}
   size_t CompressedClassSpaceSize                 = 335544320                                 {product} {ergonomic}
     uint ConcGCThreads                            = 1                                         {product} {ergonomic}
     uint G1ConcRefinementThreads                  = 4                                         {product} {ergonomic}
   size_t G1HeapRegionSize                         = 1048576                                   {product} {ergonomic}
     bool HeapDumpOnOutOfMemoryError               = true                                   {manageable} {command line}
   size_t InitialHeapSize                          = 268435456                                 {product} {command line}
   size_t MarkStackSize                            = 4194304                                   {product} {ergonomic}
   size_t MaxHeapSize                              = 536870912                                 {product} {command line}
   size_t MaxMetaspaceSize                         = 402653184                                 {product} {command line}
   size_t MaxNewSize                               = 321912832                                 {product} {ergonomic}
   size_t MinHeapDeltaBytes                        = 1048576                                   {product} {ergonomic}
   size_t MinHeapSize                              = 268435456                                 {product} {command line}
    uintx NonNMethodCodeHeapSize                   = 5832780                                {pd product} {ergonomic}
    uintx NonProfiledCodeHeapSize                  = 122912730                              {pd product} {ergonomic}
    uintx ProfiledCodeHeapSize                     = 122912730                              {pd product} {ergonomic}
    uintx ReservedCodeCacheSize                    = 251658240                              {pd product} {ergonomic}
     bool SegmentedCodeCache                       = true                                      {product} {ergonomic}
   size_t SoftMaxHeapSize                          = 536870912                              {manageable} {ergonomic}
     bool UseCompressedOops                        = true                           {product lp64_product} {ergonomic}
     bool UseG1GC                                  = true                                      {product} {ergonomic}
     bool UseLargePagesIndividualAllocation        = false                                  {pd product} {ergonomic}

Logging:
Log output configuration:
 #0: stdout all=warning uptime,level,tags foldmultilines=false
 #1: stderr all=off uptime,level,tags foldmultilines=false

Environment Variables:
PATH=C:\Python313\Scripts\;C:\Python313\;C:\Windows\system32;C:\Windows;C:\Windows\System32\Wbem;C:\Windows\System32\WindowsPowerShell\v1.0\;C:\Windows\System32\OpenSSH\;C:\Program Files\Git\cmd;C:\ProgramData\chocolatey\bin;C:\Users\ASUS\AppData\Local\nvm;C:\nvm4w\nodejs;D:\JAVA FULL STACK\;C:\Program Files\MySQL\MySQL Shell 8.0\bin\;C:\Users\ASUS\AppData\Local\Microsoft\WindowsApps;D:\WebStorm 2024.1.5\bin;;C:\Users\ASUS\AppData\Local\nvm;C:\nvm4w\nodejs;C:\Users\ASUS\AppData\Roaming\npm
USERNAME=ASUS
OS=Windows_NT
PROCESSOR_IDENTIFIER=Intel64 Family 6 Model 158 Stepping 9, GenuineIntel
TMP=C:\Users\ASUS\AppData\Local\Temp
TEMP=C:\Users\ASUS\AppData\Local\Temp




Periodic native trim disabled

---------------  S Y S T E M  ---------------

OS:
 Windows 10 , 64 bit Build 19041 (10.0.19041.2546)
OS uptime: 0 days 13:13 hours

CPU: total 4 (initial active 4) (4 cores per cpu, 1 threads per core) family 6 model 158 stepping 9 microcode 0xb4, cx8, cmov, fxsr, mmx, 3dnowpref, sse, sse2, sse3, ssse3, sse4.1, sse4.2, popcnt, lzcnt, tsc, tscinvbit, avx, avx2, aes, erms, clmul, bmi1, bmi2, adx, fma, vzeroupper, clflush, clflushopt, rdtscp, f16c
Processor Information for all 4 processors :
  Max Mhz: 2501, Current Mhz: 2501, Mhz Limit: 2501

Memory: 4k page, system-wide physical 8076M (718M free)
TotalPageFile size 16542M (AvailPageFile size 21M)
current process WorkingSet (physical memory assigned to process): 340M, peak: 464M
current process commit charge ("private bytes"): 520M, peak: 537M

vm_info: OpenJDK 64-Bit Server VM (22.0.2+9-70) for windows-amd64 JRE (22.0.2+9-70), built on 2024-06-04T16:52:23Z by "mach5one" with MS VC++ 17.6 (VS2022)

END.
