#
# There is insufficient memory for the Java Runtime Environment to continue.
# Native memory allocation (malloc) failed to allocate 996736 bytes. Error detail: Chunk::new
# Possible reasons:
#   The system is out of physical RAM or swap space
#   This process is running with CompressedOops enabled, and the Java Heap may be blocking the growth of the native heap
# Possible solutions:
#   Reduce memory load on the system
#   Increase physical memory or swap space
#   Check if swap backing store is full
#   Decrease Java heap size (-Xmx/-Xms)
#   Decrease number of Java threads
#   Decrease Java thread stack sizes (-Xss)
#   Set larger code cache with -XX:ReservedCodeCacheSize=
#   JVM is running with Unscaled Compressed Oops mode in which the Java heap is
#     placed in the first 4GB address space. The Java Heap base address is the
#     maximum limit for the native heap growth. Please use -XX:HeapBaseMinAddress
#     to set the Java Heap base and to place the Java Heap above 4GB virtual address.
# This output file may be truncated or incomplete.
#
#  Out of Memory Error (arena.cpp:191), pid=9804, tid=11444
#
# JRE version: OpenJDK Runtime Environment Corretto-17.0.12.7.1 (17.0.12+7) (build 17.0.12+7-LTS)
# Java VM: OpenJDK 64-Bit Server VM Corretto-17.0.12.7.1 (17.0.12+7-LTS, mixed mode, sharing, tiered, compressed oops, compressed class ptrs, g1 gc, windows-amd64)
# No core dump will be written. Minidumps are not enabled by default on client versions of Windows
#

---------------  S U M M A R Y ------------

Command Line: --add-opens=java.base/java.lang=ALL-UNNAMED --add-opens=java.base/java.lang.invoke=ALL-UNNAMED --add-opens=java.base/java.util=ALL-UNNAMED --add-opens=java.prefs/java.util.prefs=ALL-UNNAMED --add-exports=jdk.compiler/com.sun.tools.javac.api=ALL-UNNAMED --add-exports=jdk.compiler/com.sun.tools.javac.util=ALL-UNNAMED --add-opens=java.base/java.util=ALL-UNNAMED --add-opens=java.prefs/java.util.prefs=ALL-UNNAMED --add-opens=java.base/java.nio.charset=ALL-UNNAMED --add-opens=java.base/java.net=ALL-UNNAMED --add-opens=java.base/java.util.concurrent.atomic=ALL-UNNAMED --add-opens=java.xml/javax.xml.namespace=ALL-UNNAMED -XX:MaxMetaspaceSize=384m -XX:+HeapDumpOnOutOfMemoryError -Xms256m -Xmx512m -Dfile.encoding=windows-1252 -Duser.country=US -Duser.language=en -Duser.variant -javaagent:C:\Users\ASUS\.gradle\wrapper\dists\gradle-8.12.1-bin\eumc4uhoysa37zql93vfjkxy0\gradle-8.12.1\lib\agents\gradle-instrumentation-agent-8.12.1.jar org.gradle.launcher.daemon.bootstrap.GradleDaemon 8.12.1

Host: Intel(R) Core(TM) i5-7300HQ CPU @ 2.50GHz, 4 cores, 7G,  Windows 10 , 64 bit Build 19041 (10.0.19041.2546)
Time: Tue Mar 11 10:18:19 2025 SE Asia Standard Time elapsed time: 3.276961 seconds (0d 0h 0m 3s)

---------------  T H R E A D  ---------------

Current thread (0x0000027237da8360):  JavaThread "C2 CompilerThread0" daemon [_thread_in_native, id=11444, stack(0x000000eb14f00000,0x000000eb15000000)]


Current CompileTask:
C2:   3277 2214       4       jdk.internal.org.objectweb.asm.Frame::execute (2305 bytes)

Stack: [0x000000eb14f00000,0x000000eb15000000]
Native frames: (J=compiled Java code, j=interpreted, Vv=VM code, C=native code)
V  [jvm.dll+0x67f4f9]
V  [jvm.dll+0x836eaa]
V  [jvm.dll+0x83896e]
V  [jvm.dll+0x838fd3]
V  [jvm.dll+0x247f6f]
V  [jvm.dll+0xac9d4]
V  [jvm.dll+0xad01c]
V  [jvm.dll+0x2af56f]
V  [jvm.dll+0x5864f7]
V  [jvm.dll+0x222e12]
V  [jvm.dll+0x22320f]
V  [jvm.dll+0x21c330]
V  [jvm.dll+0x219831]
V  [jvm.dll+0x1a57bd]
V  [jvm.dll+0x22966d]
V  [jvm.dll+0x22781c]
V  [jvm.dll+0x7ebec7]
V  [jvm.dll+0x7e62ac]
V  [jvm.dll+0x67e3c7]
C  [ucrtbase.dll+0x21bb2]
C  [KERNEL32.DLL+0x17614]
C  [ntdll.dll+0x526a1]


---------------  P R O C E S S  ---------------

Threads class SMR info:
_java_thread_list=0x0000027252f22e40, length=22, elements={
0x000002721da975c0, 0x0000027237d8baa0, 0x0000027237d8c570, 0x0000027237da2000,
0x0000027237da28d0, 0x0000027237da31a0, 0x0000027237da4a80, 0x0000027237da8360,
0x0000027237dbbd20, 0x0000027237dce850, 0x00000272511092a0, 0x000002725119bb70,
0x0000027252343310, 0x00000272519a3bf0, 0x00000272519183f0, 0x0000027252afbac0,
0x0000027251d141c0, 0x000002725185cc90, 0x000002725185eaf0, 0x000002725185d6b0,
0x000002725185f510, 0x000002725185fa20
}

Java Threads: ( => current thread )
  0x000002721da975c0 JavaThread "main" [_thread_blocked, id=13636, stack(0x000000eb14200000,0x000000eb14300000)]
  0x0000027237d8baa0 JavaThread "Reference Handler" daemon [_thread_blocked, id=14612, stack(0x000000eb14900000,0x000000eb14a00000)]
  0x0000027237d8c570 JavaThread "Finalizer" daemon [_thread_blocked, id=15648, stack(0x000000eb14a00000,0x000000eb14b00000)]
  0x0000027237da2000 JavaThread "Signal Dispatcher" daemon [_thread_blocked, id=7768, stack(0x000000eb14b00000,0x000000eb14c00000)]
  0x0000027237da28d0 JavaThread "Attach Listener" daemon [_thread_blocked, id=9308, stack(0x000000eb14c00000,0x000000eb14d00000)]
  0x0000027237da31a0 JavaThread "Service Thread" daemon [_thread_blocked, id=14676, stack(0x000000eb14d00000,0x000000eb14e00000)]
  0x0000027237da4a80 JavaThread "Monitor Deflation Thread" daemon [_thread_blocked, id=6008, stack(0x000000eb14e00000,0x000000eb14f00000)]
=>0x0000027237da8360 JavaThread "C2 CompilerThread0" daemon [_thread_in_native, id=11444, stack(0x000000eb14f00000,0x000000eb15000000)]
  0x0000027237dbbd20 JavaThread "C1 CompilerThread0" daemon [_thread_blocked, id=13728, stack(0x000000eb15000000,0x000000eb15100000)]
  0x0000027237dce850 JavaThread "Sweeper thread" daemon [_thread_blocked, id=8808, stack(0x000000eb15100000,0x000000eb15200000)]
  0x00000272511092a0 JavaThread "Common-Cleaner" daemon [_thread_blocked, id=6928, stack(0x000000eb15200000,0x000000eb15300000)]
  0x000002725119bb70 JavaThread "Notification Thread" daemon [_thread_blocked, id=11760, stack(0x000000eb15300000,0x000000eb15400000)]
  0x0000027252343310 JavaThread "Daemon health stats" [_thread_blocked, id=4060, stack(0x000000eb15900000,0x000000eb15a00000)]
  0x00000272519a3bf0 JavaThread "Incoming local TCP Connector on port 60387" [_thread_in_native, id=5792, stack(0x000000eb15800000,0x000000eb15900000)]
  0x00000272519183f0 JavaThread "Daemon periodic checks" [_thread_blocked, id=7832, stack(0x000000eb15a00000,0x000000eb15b00000)]
  0x0000027252afbac0 JavaThread "Daemon" [_thread_blocked, id=3408, stack(0x000000eb15b00000,0x000000eb15c00000)]
  0x0000027251d141c0 JavaThread "Handler for socket connection from /127.0.0.1:60387 to /127.0.0.1:60388" [_thread_in_native, id=6084, stack(0x000000eb15c00000,0x000000eb15d00000)]
  0x000002725185cc90 JavaThread "Cancel handler" [_thread_blocked, id=11420, stack(0x000000eb15d00000,0x000000eb15e00000)]
  0x000002725185eaf0 JavaThread "Daemon worker" [_thread_in_native, id=1984, stack(0x000000eb15e00000,0x000000eb15f00000)]
  0x000002725185d6b0 JavaThread "Asynchronous log dispatcher for DefaultDaemonConnection: socket connection from /127.0.0.1:60387 to /127.0.0.1:60388" [_thread_blocked, id=3672, stack(0x000000eb15f00000,0x000000eb16000000)]
  0x000002725185f510 JavaThread "Stdin handler" [_thread_blocked, id=10520, stack(0x000000eb16000000,0x000000eb16100000)]
  0x000002725185fa20 JavaThread "Daemon client event forwarder" [_thread_blocked, id=7052, stack(0x000000eb16100000,0x000000eb16200000)]

Other Threads:
  0x0000027237d84cc0 VMThread "VM Thread" [stack: 0x000000eb14800000,0x000000eb14900000] [id=8488]
  0x000002721da97fd0 WatcherThread [stack: 0x000000eb15400000,0x000000eb15500000] [id=5900]
  0x000002721dac3ac0 GCTaskThread "GC Thread#0" [stack: 0x000000eb14300000,0x000000eb14400000] [id=16308]
  0x000002725126b270 GCTaskThread "GC Thread#1" [stack: 0x000000eb15500000,0x000000eb15600000] [id=15544]
  0x0000027251272e60 GCTaskThread "GC Thread#2" [stack: 0x000000eb15600000,0x000000eb15700000] [id=9980]
  0x0000027251275130 GCTaskThread "GC Thread#3" [stack: 0x000000eb15700000,0x000000eb15800000] [id=15920]
  0x000002721dac87c0 ConcurrentGCThread "G1 Main Marker" [stack: 0x000000eb14400000,0x000000eb14500000] [id=8348]
  0x000002721dac8f90 ConcurrentGCThread "G1 Conc#0" [stack: 0x000000eb14500000,0x000000eb14600000] [id=10684]
  0x000002721db5e6f0 ConcurrentGCThread "G1 Refine#0" [stack: 0x000000eb14600000,0x000000eb14700000] [id=14808]
  0x0000027237c460d0 ConcurrentGCThread "G1 Service" [stack: 0x000000eb14700000,0x000000eb14800000] [id=6068]

Threads with active compile tasks:
C2 CompilerThread0     3317 2214       4       jdk.internal.org.objectweb.asm.Frame::execute (2305 bytes)

VM state: not at safepoint (normal execution)

VM Mutex/Monitor currently owned by a thread: None

Heap address: 0x00000000e0000000, size: 512 MB, Compressed Oops mode: 32-bit

CDS archive(s) mapped at: [0x0000027238000000-0x0000027238bb0000-0x0000027238bb0000), size 12255232, SharedBaseAddress: 0x0000027238000000, ArchiveRelocationMode: 1.
Compressed class space mapped at: 0x0000027239000000-0x000002724d000000, reserved size: 335544320
Narrow klass base: 0x0000027238000000, Narrow klass shift: 0, Narrow klass range: 0x100000000

GC Precious Log:
 CPUs: 4 total, 4 available
 Memory: 8076M
 Large Page Support: Disabled
 NUMA Support: Disabled
 Compressed Oops: Enabled (32-bit)
 Heap Region Size: 1M
 Heap Min Capacity: 256M
 Heap Initial Capacity: 256M
 Heap Max Capacity: 512M
 Pre-touch: Disabled
 Parallel Workers: 4
 Concurrent Workers: 1
 Concurrent Refinement Workers: 4
 Periodic GC: Disabled

Heap:
 garbage-first heap   total 262144K, used 124493K [0x00000000e0000000, 0x0000000100000000)
  region size 1024K, 114 young (116736K), 3 survivors (3072K)
 Metaspace       used 13531K, committed 13760K, reserved 393216K
  class space    used 1867K, committed 1984K, reserved 327680K

Heap Regions: E=young(eden), S=young(survivor), O=old, HS=humongous(starts), HC=humongous(continues), CS=collection set, F=free, OA=open archive, CA=closed archive, TAMS=top-at-mark-start (previous, next)
|   0|0x00000000e0000000, 0x00000000e0100000, 0x00000000e0100000|100%|HS|  |TAMS 0x00000000e0000000, 0x00000000e0000000| Complete 
|   1|0x00000000e0100000, 0x00000000e0200000, 0x00000000e0200000|100%|HC|  |TAMS 0x00000000e0100000, 0x00000000e0100000| Complete 
|   2|0x00000000e0200000, 0x00000000e0300000, 0x00000000e0300000|100%|HC|  |TAMS 0x00000000e0200000, 0x00000000e0200000| Complete 
|   3|0x00000000e0300000, 0x00000000e0400000, 0x00000000e0400000|100%| O|  |TAMS 0x00000000e0300000, 0x00000000e0300000| Untracked 
|   4|0x00000000e0400000, 0x00000000e0500000, 0x00000000e0500000|100%| O|  |TAMS 0x00000000e0400000, 0x00000000e0400000| Untracked 
|   5|0x00000000e0500000, 0x00000000e0600000, 0x00000000e0600000|100%| O|  |TAMS 0x00000000e0500000, 0x00000000e0500000| Untracked 
|   6|0x00000000e0600000, 0x00000000e0693600, 0x00000000e0700000| 57%| O|  |TAMS 0x00000000e0600000, 0x00000000e0600000| Untracked 
|   7|0x00000000e0700000, 0x00000000e0800000, 0x00000000e0800000|100%|HS|  |TAMS 0x00000000e0700000, 0x00000000e0700000| Complete 
|   8|0x00000000e0800000, 0x00000000e0900000, 0x00000000e0900000|100%|HS|  |TAMS 0x00000000e0800000, 0x00000000e0800000| Complete 
|   9|0x00000000e0900000, 0x00000000e0900000, 0x00000000e0a00000|  0%| F|  |TAMS 0x00000000e0900000, 0x00000000e0900000| Untracked 
|  10|0x00000000e0a00000, 0x00000000e0a00000, 0x00000000e0b00000|  0%| F|  |TAMS 0x00000000e0a00000, 0x00000000e0a00000| Untracked 
|  11|0x00000000e0b00000, 0x00000000e0b00000, 0x00000000e0c00000|  0%| F|  |TAMS 0x00000000e0b00000, 0x00000000e0b00000| Untracked 
|  12|0x00000000e0c00000, 0x00000000e0c00000, 0x00000000e0d00000|  0%| F|  |TAMS 0x00000000e0c00000, 0x00000000e0c00000| Untracked 
|  13|0x00000000e0d00000, 0x00000000e0d00000, 0x00000000e0e00000|  0%| F|  |TAMS 0x00000000e0d00000, 0x00000000e0d00000| Untracked 
|  14|0x00000000e0e00000, 0x00000000e0e00000, 0x00000000e0f00000|  0%| F|  |TAMS 0x00000000e0e00000, 0x00000000e0e00000| Untracked 
|  15|0x00000000e0f00000, 0x00000000e0f00000, 0x00000000e1000000|  0%| F|  |TAMS 0x00000000e0f00000, 0x00000000e0f00000| Untracked 
|  16|0x00000000e1000000, 0x00000000e1000000, 0x00000000e1100000|  0%| F|  |TAMS 0x00000000e1000000, 0x00000000e1000000| Untracked 
|  17|0x00000000e1100000, 0x00000000e1100000, 0x00000000e1200000|  0%| F|  |TAMS 0x00000000e1100000, 0x00000000e1100000| Untracked 
|  18|0x00000000e1200000, 0x00000000e1200000, 0x00000000e1300000|  0%| F|  |TAMS 0x00000000e1200000, 0x00000000e1200000| Untracked 
|  19|0x00000000e1300000, 0x00000000e1300000, 0x00000000e1400000|  0%| F|  |TAMS 0x00000000e1300000, 0x00000000e1300000| Untracked 
|  20|0x00000000e1400000, 0x00000000e1400000, 0x00000000e1500000|  0%| F|  |TAMS 0x00000000e1400000, 0x00000000e1400000| Untracked 
|  21|0x00000000e1500000, 0x00000000e1500000, 0x00000000e1600000|  0%| F|  |TAMS 0x00000000e1500000, 0x00000000e1500000| Untracked 
|  22|0x00000000e1600000, 0x00000000e1600000, 0x00000000e1700000|  0%| F|  |TAMS 0x00000000e1600000, 0x00000000e1600000| Untracked 
|  23|0x00000000e1700000, 0x00000000e1700000, 0x00000000e1800000|  0%| F|  |TAMS 0x00000000e1700000, 0x00000000e1700000| Untracked 
|  24|0x00000000e1800000, 0x00000000e1800000, 0x00000000e1900000|  0%| F|  |TAMS 0x00000000e1800000, 0x00000000e1800000| Untracked 
|  25|0x00000000e1900000, 0x00000000e1900000, 0x00000000e1a00000|  0%| F|  |TAMS 0x00000000e1900000, 0x00000000e1900000| Untracked 
|  26|0x00000000e1a00000, 0x00000000e1a00000, 0x00000000e1b00000|  0%| F|  |TAMS 0x00000000e1a00000, 0x00000000e1a00000| Untracked 
|  27|0x00000000e1b00000, 0x00000000e1b00000, 0x00000000e1c00000|  0%| F|  |TAMS 0x00000000e1b00000, 0x00000000e1b00000| Untracked 
|  28|0x00000000e1c00000, 0x00000000e1c00000, 0x00000000e1d00000|  0%| F|  |TAMS 0x00000000e1c00000, 0x00000000e1c00000| Untracked 
|  29|0x00000000e1d00000, 0x00000000e1d00000, 0x00000000e1e00000|  0%| F|  |TAMS 0x00000000e1d00000, 0x00000000e1d00000| Untracked 
|  30|0x00000000e1e00000, 0x00000000e1e00000, 0x00000000e1f00000|  0%| F|  |TAMS 0x00000000e1e00000, 0x00000000e1e00000| Untracked 
|  31|0x00000000e1f00000, 0x00000000e1f00000, 0x00000000e2000000|  0%| F|  |TAMS 0x00000000e1f00000, 0x00000000e1f00000| Untracked 
|  32|0x00000000e2000000, 0x00000000e2000000, 0x00000000e2100000|  0%| F|  |TAMS 0x00000000e2000000, 0x00000000e2000000| Untracked 
|  33|0x00000000e2100000, 0x00000000e2100000, 0x00000000e2200000|  0%| F|  |TAMS 0x00000000e2100000, 0x00000000e2100000| Untracked 
|  34|0x00000000e2200000, 0x00000000e2200000, 0x00000000e2300000|  0%| F|  |TAMS 0x00000000e2200000, 0x00000000e2200000| Untracked 
|  35|0x00000000e2300000, 0x00000000e2300000, 0x00000000e2400000|  0%| F|  |TAMS 0x00000000e2300000, 0x00000000e2300000| Untracked 
|  36|0x00000000e2400000, 0x00000000e2400000, 0x00000000e2500000|  0%| F|  |TAMS 0x00000000e2400000, 0x00000000e2400000| Untracked 
|  37|0x00000000e2500000, 0x00000000e2500000, 0x00000000e2600000|  0%| F|  |TAMS 0x00000000e2500000, 0x00000000e2500000| Untracked 
|  38|0x00000000e2600000, 0x00000000e2600000, 0x00000000e2700000|  0%| F|  |TAMS 0x00000000e2600000, 0x00000000e2600000| Untracked 
|  39|0x00000000e2700000, 0x00000000e2700000, 0x00000000e2800000|  0%| F|  |TAMS 0x00000000e2700000, 0x00000000e2700000| Untracked 
|  40|0x00000000e2800000, 0x00000000e2800000, 0x00000000e2900000|  0%| F|  |TAMS 0x00000000e2800000, 0x00000000e2800000| Untracked 
|  41|0x00000000e2900000, 0x00000000e2900000, 0x00000000e2a00000|  0%| F|  |TAMS 0x00000000e2900000, 0x00000000e2900000| Untracked 
|  42|0x00000000e2a00000, 0x00000000e2a00000, 0x00000000e2b00000|  0%| F|  |TAMS 0x00000000e2a00000, 0x00000000e2a00000| Untracked 
|  43|0x00000000e2b00000, 0x00000000e2b00000, 0x00000000e2c00000|  0%| F|  |TAMS 0x00000000e2b00000, 0x00000000e2b00000| Untracked 
|  44|0x00000000e2c00000, 0x00000000e2c00000, 0x00000000e2d00000|  0%| F|  |TAMS 0x00000000e2c00000, 0x00000000e2c00000| Untracked 
|  45|0x00000000e2d00000, 0x00000000e2d00000, 0x00000000e2e00000|  0%| F|  |TAMS 0x00000000e2d00000, 0x00000000e2d00000| Untracked 
|  46|0x00000000e2e00000, 0x00000000e2e00000, 0x00000000e2f00000|  0%| F|  |TAMS 0x00000000e2e00000, 0x00000000e2e00000| Untracked 
|  47|0x00000000e2f00000, 0x00000000e2f00000, 0x00000000e3000000|  0%| F|  |TAMS 0x00000000e2f00000, 0x00000000e2f00000| Untracked 
|  48|0x00000000e3000000, 0x00000000e3000000, 0x00000000e3100000|  0%| F|  |TAMS 0x00000000e3000000, 0x00000000e3000000| Untracked 
|  49|0x00000000e3100000, 0x00000000e3100000, 0x00000000e3200000|  0%| F|  |TAMS 0x00000000e3100000, 0x00000000e3100000| Untracked 
|  50|0x00000000e3200000, 0x00000000e3200000, 0x00000000e3300000|  0%| F|  |TAMS 0x00000000e3200000, 0x00000000e3200000| Untracked 
|  51|0x00000000e3300000, 0x00000000e3300000, 0x00000000e3400000|  0%| F|  |TAMS 0x00000000e3300000, 0x00000000e3300000| Untracked 
|  52|0x00000000e3400000, 0x00000000e3400000, 0x00000000e3500000|  0%| F|  |TAMS 0x00000000e3400000, 0x00000000e3400000| Untracked 
|  53|0x00000000e3500000, 0x00000000e3500000, 0x00000000e3600000|  0%| F|  |TAMS 0x00000000e3500000, 0x00000000e3500000| Untracked 
|  54|0x00000000e3600000, 0x00000000e3600000, 0x00000000e3700000|  0%| F|  |TAMS 0x00000000e3600000, 0x00000000e3600000| Untracked 
|  55|0x00000000e3700000, 0x00000000e3700000, 0x00000000e3800000|  0%| F|  |TAMS 0x00000000e3700000, 0x00000000e3700000| Untracked 
|  56|0x00000000e3800000, 0x00000000e3800000, 0x00000000e3900000|  0%| F|  |TAMS 0x00000000e3800000, 0x00000000e3800000| Untracked 
|  57|0x00000000e3900000, 0x00000000e3900000, 0x00000000e3a00000|  0%| F|  |TAMS 0x00000000e3900000, 0x00000000e3900000| Untracked 
|  58|0x00000000e3a00000, 0x00000000e3a00000, 0x00000000e3b00000|  0%| F|  |TAMS 0x00000000e3a00000, 0x00000000e3a00000| Untracked 
|  59|0x00000000e3b00000, 0x00000000e3b00000, 0x00000000e3c00000|  0%| F|  |TAMS 0x00000000e3b00000, 0x00000000e3b00000| Untracked 
|  60|0x00000000e3c00000, 0x00000000e3c00000, 0x00000000e3d00000|  0%| F|  |TAMS 0x00000000e3c00000, 0x00000000e3c00000| Untracked 
|  61|0x00000000e3d00000, 0x00000000e3d00000, 0x00000000e3e00000|  0%| F|  |TAMS 0x00000000e3d00000, 0x00000000e3d00000| Untracked 
|  62|0x00000000e3e00000, 0x00000000e3e00000, 0x00000000e3f00000|  0%| F|  |TAMS 0x00000000e3e00000, 0x00000000e3e00000| Untracked 
|  63|0x00000000e3f00000, 0x00000000e3f00000, 0x00000000e4000000|  0%| F|  |TAMS 0x00000000e3f00000, 0x00000000e3f00000| Untracked 
|  64|0x00000000e4000000, 0x00000000e4000000, 0x00000000e4100000|  0%| F|  |TAMS 0x00000000e4000000, 0x00000000e4000000| Untracked 
|  65|0x00000000e4100000, 0x00000000e4100000, 0x00000000e4200000|  0%| F|  |TAMS 0x00000000e4100000, 0x00000000e4100000| Untracked 
|  66|0x00000000e4200000, 0x00000000e4200000, 0x00000000e4300000|  0%| F|  |TAMS 0x00000000e4200000, 0x00000000e4200000| Untracked 
|  67|0x00000000e4300000, 0x00000000e4300000, 0x00000000e4400000|  0%| F|  |TAMS 0x00000000e4300000, 0x00000000e4300000| Untracked 
|  68|0x00000000e4400000, 0x00000000e4400000, 0x00000000e4500000|  0%| F|  |TAMS 0x00000000e4400000, 0x00000000e4400000| Untracked 
|  69|0x00000000e4500000, 0x00000000e4500000, 0x00000000e4600000|  0%| F|  |TAMS 0x00000000e4500000, 0x00000000e4500000| Untracked 
|  70|0x00000000e4600000, 0x00000000e4600000, 0x00000000e4700000|  0%| F|  |TAMS 0x00000000e4600000, 0x00000000e4600000| Untracked 
|  71|0x00000000e4700000, 0x00000000e4700000, 0x00000000e4800000|  0%| F|  |TAMS 0x00000000e4700000, 0x00000000e4700000| Untracked 
|  72|0x00000000e4800000, 0x00000000e4800000, 0x00000000e4900000|  0%| F|  |TAMS 0x00000000e4800000, 0x00000000e4800000| Untracked 
|  73|0x00000000e4900000, 0x00000000e4900000, 0x00000000e4a00000|  0%| F|  |TAMS 0x00000000e4900000, 0x00000000e4900000| Untracked 
|  74|0x00000000e4a00000, 0x00000000e4a00000, 0x00000000e4b00000|  0%| F|  |TAMS 0x00000000e4a00000, 0x00000000e4a00000| Untracked 
|  75|0x00000000e4b00000, 0x00000000e4b00000, 0x00000000e4c00000|  0%| F|  |TAMS 0x00000000e4b00000, 0x00000000e4b00000| Untracked 
|  76|0x00000000e4c00000, 0x00000000e4c00000, 0x00000000e4d00000|  0%| F|  |TAMS 0x00000000e4c00000, 0x00000000e4c00000| Untracked 
|  77|0x00000000e4d00000, 0x00000000e4d00000, 0x00000000e4e00000|  0%| F|  |TAMS 0x00000000e4d00000, 0x00000000e4d00000| Untracked 
|  78|0x00000000e4e00000, 0x00000000e4e00000, 0x00000000e4f00000|  0%| F|  |TAMS 0x00000000e4e00000, 0x00000000e4e00000| Untracked 
|  79|0x00000000e4f00000, 0x00000000e4f00000, 0x00000000e5000000|  0%| F|  |TAMS 0x00000000e4f00000, 0x00000000e4f00000| Untracked 
|  80|0x00000000e5000000, 0x00000000e5000000, 0x00000000e5100000|  0%| F|  |TAMS 0x00000000e5000000, 0x00000000e5000000| Untracked 
|  81|0x00000000e5100000, 0x00000000e5100000, 0x00000000e5200000|  0%| F|  |TAMS 0x00000000e5100000, 0x00000000e5100000| Untracked 
|  82|0x00000000e5200000, 0x00000000e5200000, 0x00000000e5300000|  0%| F|  |TAMS 0x00000000e5200000, 0x00000000e5200000| Untracked 
|  83|0x00000000e5300000, 0x00000000e5300000, 0x00000000e5400000|  0%| F|  |TAMS 0x00000000e5300000, 0x00000000e5300000| Untracked 
|  84|0x00000000e5400000, 0x00000000e5400000, 0x00000000e5500000|  0%| F|  |TAMS 0x00000000e5400000, 0x00000000e5400000| Untracked 
|  85|0x00000000e5500000, 0x00000000e5500000, 0x00000000e5600000|  0%| F|  |TAMS 0x00000000e5500000, 0x00000000e5500000| Untracked 
|  86|0x00000000e5600000, 0x00000000e5600000, 0x00000000e5700000|  0%| F|  |TAMS 0x00000000e5600000, 0x00000000e5600000| Untracked 
|  87|0x00000000e5700000, 0x00000000e5700000, 0x00000000e5800000|  0%| F|  |TAMS 0x00000000e5700000, 0x00000000e5700000| Untracked 
|  88|0x00000000e5800000, 0x00000000e5800000, 0x00000000e5900000|  0%| F|  |TAMS 0x00000000e5800000, 0x00000000e5800000| Untracked 
|  89|0x00000000e5900000, 0x00000000e5900000, 0x00000000e5a00000|  0%| F|  |TAMS 0x00000000e5900000, 0x00000000e5900000| Untracked 
|  90|0x00000000e5a00000, 0x00000000e5a00000, 0x00000000e5b00000|  0%| F|  |TAMS 0x00000000e5a00000, 0x00000000e5a00000| Untracked 
|  91|0x00000000e5b00000, 0x00000000e5b00000, 0x00000000e5c00000|  0%| F|  |TAMS 0x00000000e5b00000, 0x00000000e5b00000| Untracked 
|  92|0x00000000e5c00000, 0x00000000e5c00000, 0x00000000e5d00000|  0%| F|  |TAMS 0x00000000e5c00000, 0x00000000e5c00000| Untracked 
|  93|0x00000000e5d00000, 0x00000000e5d00000, 0x00000000e5e00000|  0%| F|  |TAMS 0x00000000e5d00000, 0x00000000e5d00000| Untracked 
|  94|0x00000000e5e00000, 0x00000000e5e00000, 0x00000000e5f00000|  0%| F|  |TAMS 0x00000000e5e00000, 0x00000000e5e00000| Untracked 
|  95|0x00000000e5f00000, 0x00000000e5f00000, 0x00000000e6000000|  0%| F|  |TAMS 0x00000000e5f00000, 0x00000000e5f00000| Untracked 
|  96|0x00000000e6000000, 0x00000000e6000000, 0x00000000e6100000|  0%| F|  |TAMS 0x00000000e6000000, 0x00000000e6000000| Untracked 
|  97|0x00000000e6100000, 0x00000000e6100000, 0x00000000e6200000|  0%| F|  |TAMS 0x00000000e6100000, 0x00000000e6100000| Untracked 
|  98|0x00000000e6200000, 0x00000000e6200000, 0x00000000e6300000|  0%| F|  |TAMS 0x00000000e6200000, 0x00000000e6200000| Untracked 
|  99|0x00000000e6300000, 0x00000000e6300000, 0x00000000e6400000|  0%| F|  |TAMS 0x00000000e6300000, 0x00000000e6300000| Untracked 
| 100|0x00000000e6400000, 0x00000000e6400000, 0x00000000e6500000|  0%| F|  |TAMS 0x00000000e6400000, 0x00000000e6400000| Untracked 
| 101|0x00000000e6500000, 0x00000000e6500000, 0x00000000e6600000|  0%| F|  |TAMS 0x00000000e6500000, 0x00000000e6500000| Untracked 
| 102|0x00000000e6600000, 0x00000000e6600000, 0x00000000e6700000|  0%| F|  |TAMS 0x00000000e6600000, 0x00000000e6600000| Untracked 
| 103|0x00000000e6700000, 0x00000000e6700000, 0x00000000e6800000|  0%| F|  |TAMS 0x00000000e6700000, 0x00000000e6700000| Untracked 
| 104|0x00000000e6800000, 0x00000000e6800000, 0x00000000e6900000|  0%| F|  |TAMS 0x00000000e6800000, 0x00000000e6800000| Untracked 
| 105|0x00000000e6900000, 0x00000000e6900000, 0x00000000e6a00000|  0%| F|  |TAMS 0x00000000e6900000, 0x00000000e6900000| Untracked 
| 106|0x00000000e6a00000, 0x00000000e6a00000, 0x00000000e6b00000|  0%| F|  |TAMS 0x00000000e6a00000, 0x00000000e6a00000| Untracked 
| 107|0x00000000e6b00000, 0x00000000e6b00000, 0x00000000e6c00000|  0%| F|  |TAMS 0x00000000e6b00000, 0x00000000e6b00000| Untracked 
| 108|0x00000000e6c00000, 0x00000000e6c00000, 0x00000000e6d00000|  0%| F|  |TAMS 0x00000000e6c00000, 0x00000000e6c00000| Untracked 
| 109|0x00000000e6d00000, 0x00000000e6d00000, 0x00000000e6e00000|  0%| F|  |TAMS 0x00000000e6d00000, 0x00000000e6d00000| Untracked 
| 110|0x00000000e6e00000, 0x00000000e6e00000, 0x00000000e6f00000|  0%| F|  |TAMS 0x00000000e6e00000, 0x00000000e6e00000| Untracked 
| 111|0x00000000e6f00000, 0x00000000e6f00000, 0x00000000e7000000|  0%| F|  |TAMS 0x00000000e6f00000, 0x00000000e6f00000| Untracked 
| 112|0x00000000e7000000, 0x00000000e7000000, 0x00000000e7100000|  0%| F|  |TAMS 0x00000000e7000000, 0x00000000e7000000| Untracked 
| 113|0x00000000e7100000, 0x00000000e7100000, 0x00000000e7200000|  0%| F|  |TAMS 0x00000000e7100000, 0x00000000e7100000| Untracked 
| 114|0x00000000e7200000, 0x00000000e7200000, 0x00000000e7300000|  0%| F|  |TAMS 0x00000000e7200000, 0x00000000e7200000| Untracked 
| 115|0x00000000e7300000, 0x00000000e7300000, 0x00000000e7400000|  0%| F|  |TAMS 0x00000000e7300000, 0x00000000e7300000| Untracked 
| 116|0x00000000e7400000, 0x00000000e7400000, 0x00000000e7500000|  0%| F|  |TAMS 0x00000000e7400000, 0x00000000e7400000| Untracked 
| 117|0x00000000e7500000, 0x00000000e7500000, 0x00000000e7600000|  0%| F|  |TAMS 0x00000000e7500000, 0x00000000e7500000| Untracked 
| 118|0x00000000e7600000, 0x00000000e7600000, 0x00000000e7700000|  0%| F|  |TAMS 0x00000000e7600000, 0x00000000e7600000| Untracked 
| 119|0x00000000e7700000, 0x00000000e7700000, 0x00000000e7800000|  0%| F|  |TAMS 0x00000000e7700000, 0x00000000e7700000| Untracked 
| 120|0x00000000e7800000, 0x00000000e7800000, 0x00000000e7900000|  0%| F|  |TAMS 0x00000000e7800000, 0x00000000e7800000| Untracked 
| 121|0x00000000e7900000, 0x00000000e7900000, 0x00000000e7a00000|  0%| F|  |TAMS 0x00000000e7900000, 0x00000000e7900000| Untracked 
| 122|0x00000000e7a00000, 0x00000000e7a00000, 0x00000000e7b00000|  0%| F|  |TAMS 0x00000000e7a00000, 0x00000000e7a00000| Untracked 
| 123|0x00000000e7b00000, 0x00000000e7b00000, 0x00000000e7c00000|  0%| F|  |TAMS 0x00000000e7b00000, 0x00000000e7b00000| Untracked 
| 124|0x00000000e7c00000, 0x00000000e7c00000, 0x00000000e7d00000|  0%| F|  |TAMS 0x00000000e7c00000, 0x00000000e7c00000| Untracked 
| 125|0x00000000e7d00000, 0x00000000e7d00000, 0x00000000e7e00000|  0%| F|  |TAMS 0x00000000e7d00000, 0x00000000e7d00000| Untracked 
| 126|0x00000000e7e00000, 0x00000000e7e00000, 0x00000000e7f00000|  0%| F|  |TAMS 0x00000000e7e00000, 0x00000000e7e00000| Untracked 
| 127|0x00000000e7f00000, 0x00000000e7f00000, 0x00000000e8000000|  0%| F|  |TAMS 0x00000000e7f00000, 0x00000000e7f00000| Untracked 
| 128|0x00000000e8000000, 0x00000000e8000000, 0x00000000e8100000|  0%| F|  |TAMS 0x00000000e8000000, 0x00000000e8000000| Untracked 
| 129|0x00000000e8100000, 0x00000000e8100000, 0x00000000e8200000|  0%| F|  |TAMS 0x00000000e8100000, 0x00000000e8100000| Untracked 
| 130|0x00000000e8200000, 0x00000000e8200000, 0x00000000e8300000|  0%| F|  |TAMS 0x00000000e8200000, 0x00000000e8200000| Untracked 
| 131|0x00000000e8300000, 0x00000000e8300000, 0x00000000e8400000|  0%| F|  |TAMS 0x00000000e8300000, 0x00000000e8300000| Untracked 
| 132|0x00000000e8400000, 0x00000000e8400000, 0x00000000e8500000|  0%| F|  |TAMS 0x00000000e8400000, 0x00000000e8400000| Untracked 
| 133|0x00000000e8500000, 0x00000000e8500000, 0x00000000e8600000|  0%| F|  |TAMS 0x00000000e8500000, 0x00000000e8500000| Untracked 
| 134|0x00000000e8600000, 0x00000000e8600000, 0x00000000e8700000|  0%| F|  |TAMS 0x00000000e8600000, 0x00000000e8600000| Untracked 
| 135|0x00000000e8700000, 0x00000000e8700000, 0x00000000e8800000|  0%| F|  |TAMS 0x00000000e8700000, 0x00000000e8700000| Untracked 
| 136|0x00000000e8800000, 0x00000000e8800000, 0x00000000e8900000|  0%| F|  |TAMS 0x00000000e8800000, 0x00000000e8800000| Untracked 
| 137|0x00000000e8900000, 0x00000000e8900000, 0x00000000e8a00000|  0%| F|  |TAMS 0x00000000e8900000, 0x00000000e8900000| Untracked 
| 138|0x00000000e8a00000, 0x00000000e8a00000, 0x00000000e8b00000|  0%| F|  |TAMS 0x00000000e8a00000, 0x00000000e8a00000| Untracked 
| 139|0x00000000e8b00000, 0x00000000e8b00000, 0x00000000e8c00000|  0%| F|  |TAMS 0x00000000e8b00000, 0x00000000e8b00000| Untracked 
| 140|0x00000000e8c00000, 0x00000000e8c00000, 0x00000000e8d00000|  0%| F|  |TAMS 0x00000000e8c00000, 0x00000000e8c00000| Untracked 
| 141|0x00000000e8d00000, 0x00000000e8d00000, 0x00000000e8e00000|  0%| F|  |TAMS 0x00000000e8d00000, 0x00000000e8d00000| Untracked 
| 142|0x00000000e8e00000, 0x00000000e8f00000, 0x00000000e8f00000|100%| E|  |TAMS 0x00000000e8e00000, 0x00000000e8e00000| Complete 
| 143|0x00000000e8f00000, 0x00000000e9000000, 0x00000000e9000000|100%| E|CS|TAMS 0x00000000e8f00000, 0x00000000e8f00000| Complete 
| 144|0x00000000e9000000, 0x00000000e9100000, 0x00000000e9100000|100%| E|CS|TAMS 0x00000000e9000000, 0x00000000e9000000| Complete 
| 145|0x00000000e9100000, 0x00000000e9200000, 0x00000000e9200000|100%| E|CS|TAMS 0x00000000e9100000, 0x00000000e9100000| Complete 
| 146|0x00000000e9200000, 0x00000000e9300000, 0x00000000e9300000|100%| E|CS|TAMS 0x00000000e9200000, 0x00000000e9200000| Complete 
| 147|0x00000000e9300000, 0x00000000e9400000, 0x00000000e9400000|100%| E|CS|TAMS 0x00000000e9300000, 0x00000000e9300000| Complete 
| 148|0x00000000e9400000, 0x00000000e9500000, 0x00000000e9500000|100%| E|CS|TAMS 0x00000000e9400000, 0x00000000e9400000| Complete 
| 149|0x00000000e9500000, 0x00000000e9600000, 0x00000000e9600000|100%| E|CS|TAMS 0x00000000e9500000, 0x00000000e9500000| Complete 
| 150|0x00000000e9600000, 0x00000000e9700000, 0x00000000e9700000|100%| E|CS|TAMS 0x00000000e9600000, 0x00000000e9600000| Complete 
| 151|0x00000000e9700000, 0x00000000e9800000, 0x00000000e9800000|100%| E|CS|TAMS 0x00000000e9700000, 0x00000000e9700000| Complete 
| 152|0x00000000e9800000, 0x00000000e9900000, 0x00000000e9900000|100%| E|CS|TAMS 0x00000000e9800000, 0x00000000e9800000| Complete 
| 153|0x00000000e9900000, 0x00000000e9a00000, 0x00000000e9a00000|100%| E|CS|TAMS 0x00000000e9900000, 0x00000000e9900000| Complete 
| 154|0x00000000e9a00000, 0x00000000e9b00000, 0x00000000e9b00000|100%| E|CS|TAMS 0x00000000e9a00000, 0x00000000e9a00000| Complete 
| 155|0x00000000e9b00000, 0x00000000e9c00000, 0x00000000e9c00000|100%| E|CS|TAMS 0x00000000e9b00000, 0x00000000e9b00000| Complete 
| 156|0x00000000e9c00000, 0x00000000e9d00000, 0x00000000e9d00000|100%| E|CS|TAMS 0x00000000e9c00000, 0x00000000e9c00000| Complete 
| 157|0x00000000e9d00000, 0x00000000e9e00000, 0x00000000e9e00000|100%| E|CS|TAMS 0x00000000e9d00000, 0x00000000e9d00000| Complete 
| 158|0x00000000e9e00000, 0x00000000e9f00000, 0x00000000e9f00000|100%| E|CS|TAMS 0x00000000e9e00000, 0x00000000e9e00000| Complete 
| 159|0x00000000e9f00000, 0x00000000ea000000, 0x00000000ea000000|100%| E|CS|TAMS 0x00000000e9f00000, 0x00000000e9f00000| Complete 
| 160|0x00000000ea000000, 0x00000000ea100000, 0x00000000ea100000|100%| E|CS|TAMS 0x00000000ea000000, 0x00000000ea000000| Complete 
| 161|0x00000000ea100000, 0x00000000ea200000, 0x00000000ea200000|100%| E|CS|TAMS 0x00000000ea100000, 0x00000000ea100000| Complete 
| 162|0x00000000ea200000, 0x00000000ea300000, 0x00000000ea300000|100%| E|CS|TAMS 0x00000000ea200000, 0x00000000ea200000| Complete 
| 163|0x00000000ea300000, 0x00000000ea400000, 0x00000000ea400000|100%| E|CS|TAMS 0x00000000ea300000, 0x00000000ea300000| Complete 
| 164|0x00000000ea400000, 0x00000000ea500000, 0x00000000ea500000|100%| E|CS|TAMS 0x00000000ea400000, 0x00000000ea400000| Complete 
| 165|0x00000000ea500000, 0x00000000ea600000, 0x00000000ea600000|100%| E|CS|TAMS 0x00000000ea500000, 0x00000000ea500000| Complete 
| 166|0x00000000ea600000, 0x00000000ea700000, 0x00000000ea700000|100%| E|CS|TAMS 0x00000000ea600000, 0x00000000ea600000| Complete 
| 167|0x00000000ea700000, 0x00000000ea800000, 0x00000000ea800000|100%| E|CS|TAMS 0x00000000ea700000, 0x00000000ea700000| Complete 
| 168|0x00000000ea800000, 0x00000000ea900000, 0x00000000ea900000|100%| E|CS|TAMS 0x00000000ea800000, 0x00000000ea800000| Complete 
| 169|0x00000000ea900000, 0x00000000eaa00000, 0x00000000eaa00000|100%| E|CS|TAMS 0x00000000ea900000, 0x00000000ea900000| Complete 
| 170|0x00000000eaa00000, 0x00000000eab00000, 0x00000000eab00000|100%| E|CS|TAMS 0x00000000eaa00000, 0x00000000eaa00000| Complete 
| 171|0x00000000eab00000, 0x00000000eac00000, 0x00000000eac00000|100%| E|CS|TAMS 0x00000000eab00000, 0x00000000eab00000| Complete 
| 172|0x00000000eac00000, 0x00000000ead00000, 0x00000000ead00000|100%| E|CS|TAMS 0x00000000eac00000, 0x00000000eac00000| Complete 
| 173|0x00000000ead00000, 0x00000000eae00000, 0x00000000eae00000|100%| E|CS|TAMS 0x00000000ead00000, 0x00000000ead00000| Complete 
| 174|0x00000000eae00000, 0x00000000eaf00000, 0x00000000eaf00000|100%| E|CS|TAMS 0x00000000eae00000, 0x00000000eae00000| Complete 
| 175|0x00000000eaf00000, 0x00000000eb000000, 0x00000000eb000000|100%| E|CS|TAMS 0x00000000eaf00000, 0x00000000eaf00000| Complete 
| 176|0x00000000eb000000, 0x00000000eb100000, 0x00000000eb100000|100%| E|CS|TAMS 0x00000000eb000000, 0x00000000eb000000| Complete 
| 177|0x00000000eb100000, 0x00000000eb200000, 0x00000000eb200000|100%| E|CS|TAMS 0x00000000eb100000, 0x00000000eb100000| Complete 
| 178|0x00000000eb200000, 0x00000000eb300000, 0x00000000eb300000|100%| E|CS|TAMS 0x00000000eb200000, 0x00000000eb200000| Complete 
| 179|0x00000000eb300000, 0x00000000eb400000, 0x00000000eb400000|100%| E|CS|TAMS 0x00000000eb300000, 0x00000000eb300000| Complete 
| 180|0x00000000eb400000, 0x00000000eb500000, 0x00000000eb500000|100%| E|CS|TAMS 0x00000000eb400000, 0x00000000eb400000| Complete 
| 181|0x00000000eb500000, 0x00000000eb600000, 0x00000000eb600000|100%| E|CS|TAMS 0x00000000eb500000, 0x00000000eb500000| Complete 
| 182|0x00000000eb600000, 0x00000000eb700000, 0x00000000eb700000|100%| E|CS|TAMS 0x00000000eb600000, 0x00000000eb600000| Complete 
| 183|0x00000000eb700000, 0x00000000eb800000, 0x00000000eb800000|100%| E|CS|TAMS 0x00000000eb700000, 0x00000000eb700000| Complete 
| 184|0x00000000eb800000, 0x00000000eb900000, 0x00000000eb900000|100%| E|CS|TAMS 0x00000000eb800000, 0x00000000eb800000| Complete 
| 185|0x00000000eb900000, 0x00000000eba00000, 0x00000000eba00000|100%| E|CS|TAMS 0x00000000eb900000, 0x00000000eb900000| Complete 
| 186|0x00000000eba00000, 0x00000000ebb00000, 0x00000000ebb00000|100%| E|CS|TAMS 0x00000000eba00000, 0x00000000eba00000| Complete 
| 187|0x00000000ebb00000, 0x00000000ebc00000, 0x00000000ebc00000|100%| E|CS|TAMS 0x00000000ebb00000, 0x00000000ebb00000| Complete 
| 188|0x00000000ebc00000, 0x00000000ebd00000, 0x00000000ebd00000|100%| E|CS|TAMS 0x00000000ebc00000, 0x00000000ebc00000| Complete 
| 189|0x00000000ebd00000, 0x00000000ebe00000, 0x00000000ebe00000|100%| E|CS|TAMS 0x00000000ebd00000, 0x00000000ebd00000| Complete 
| 190|0x00000000ebe00000, 0x00000000ebf00000, 0x00000000ebf00000|100%| E|CS|TAMS 0x00000000ebe00000, 0x00000000ebe00000| Complete 
| 191|0x00000000ebf00000, 0x00000000ec000000, 0x00000000ec000000|100%| E|CS|TAMS 0x00000000ebf00000, 0x00000000ebf00000| Complete 
| 192|0x00000000ec000000, 0x00000000ec100000, 0x00000000ec100000|100%| E|CS|TAMS 0x00000000ec000000, 0x00000000ec000000| Complete 
| 193|0x00000000ec100000, 0x00000000ec200000, 0x00000000ec200000|100%| E|CS|TAMS 0x00000000ec100000, 0x00000000ec100000| Complete 
| 194|0x00000000ec200000, 0x00000000ec300000, 0x00000000ec300000|100%| E|CS|TAMS 0x00000000ec200000, 0x00000000ec200000| Complete 
| 195|0x00000000ec300000, 0x00000000ec400000, 0x00000000ec400000|100%| E|CS|TAMS 0x00000000ec300000, 0x00000000ec300000| Complete 
| 196|0x00000000ec400000, 0x00000000ec500000, 0x00000000ec500000|100%| E|CS|TAMS 0x00000000ec400000, 0x00000000ec400000| Complete 
| 197|0x00000000ec500000, 0x00000000ec600000, 0x00000000ec600000|100%| E|CS|TAMS 0x00000000ec500000, 0x00000000ec500000| Complete 
| 198|0x00000000ec600000, 0x00000000ec700000, 0x00000000ec700000|100%| E|CS|TAMS 0x00000000ec600000, 0x00000000ec600000| Complete 
| 199|0x00000000ec700000, 0x00000000ec800000, 0x00000000ec800000|100%| E|CS|TAMS 0x00000000ec700000, 0x00000000ec700000| Complete 
| 200|0x00000000ec800000, 0x00000000ec900000, 0x00000000ec900000|100%| E|CS|TAMS 0x00000000ec800000, 0x00000000ec800000| Complete 
| 201|0x00000000ec900000, 0x00000000eca00000, 0x00000000eca00000|100%| E|CS|TAMS 0x00000000ec900000, 0x00000000ec900000| Complete 
| 202|0x00000000eca00000, 0x00000000ecb00000, 0x00000000ecb00000|100%| E|CS|TAMS 0x00000000eca00000, 0x00000000eca00000| Complete 
| 203|0x00000000ecb00000, 0x00000000ecc00000, 0x00000000ecc00000|100%| E|CS|TAMS 0x00000000ecb00000, 0x00000000ecb00000| Complete 
| 204|0x00000000ecc00000, 0x00000000ecd00000, 0x00000000ecd00000|100%| E|CS|TAMS 0x00000000ecc00000, 0x00000000ecc00000| Complete 
| 205|0x00000000ecd00000, 0x00000000ece00000, 0x00000000ece00000|100%| E|CS|TAMS 0x00000000ecd00000, 0x00000000ecd00000| Complete 
| 206|0x00000000ece00000, 0x00000000ecf00000, 0x00000000ecf00000|100%| E|CS|TAMS 0x00000000ece00000, 0x00000000ece00000| Complete 
| 207|0x00000000ecf00000, 0x00000000ed000000, 0x00000000ed000000|100%| E|CS|TAMS 0x00000000ecf00000, 0x00000000ecf00000| Complete 
| 208|0x00000000ed000000, 0x00000000ed100000, 0x00000000ed100000|100%| E|CS|TAMS 0x00000000ed000000, 0x00000000ed000000| Complete 
| 209|0x00000000ed100000, 0x00000000ed200000, 0x00000000ed200000|100%| E|CS|TAMS 0x00000000ed100000, 0x00000000ed100000| Complete 
| 210|0x00000000ed200000, 0x00000000ed300000, 0x00000000ed300000|100%| E|CS|TAMS 0x00000000ed200000, 0x00000000ed200000| Complete 
| 211|0x00000000ed300000, 0x00000000ed400000, 0x00000000ed400000|100%| E|CS|TAMS 0x00000000ed300000, 0x00000000ed300000| Complete 
| 212|0x00000000ed400000, 0x00000000ed500000, 0x00000000ed500000|100%| E|CS|TAMS 0x00000000ed400000, 0x00000000ed400000| Complete 
| 213|0x00000000ed500000, 0x00000000ed600000, 0x00000000ed600000|100%| E|CS|TAMS 0x00000000ed500000, 0x00000000ed500000| Complete 
| 214|0x00000000ed600000, 0x00000000ed700000, 0x00000000ed700000|100%| E|CS|TAMS 0x00000000ed600000, 0x00000000ed600000| Complete 
| 215|0x00000000ed700000, 0x00000000ed800000, 0x00000000ed800000|100%| E|CS|TAMS 0x00000000ed700000, 0x00000000ed700000| Complete 
| 216|0x00000000ed800000, 0x00000000ed900000, 0x00000000ed900000|100%| E|CS|TAMS 0x00000000ed800000, 0x00000000ed800000| Complete 
| 217|0x00000000ed900000, 0x00000000eda00000, 0x00000000eda00000|100%| E|CS|TAMS 0x00000000ed900000, 0x00000000ed900000| Complete 
| 218|0x00000000eda00000, 0x00000000edb00000, 0x00000000edb00000|100%| E|CS|TAMS 0x00000000eda00000, 0x00000000eda00000| Complete 
| 219|0x00000000edb00000, 0x00000000edc00000, 0x00000000edc00000|100%| E|CS|TAMS 0x00000000edb00000, 0x00000000edb00000| Complete 
| 220|0x00000000edc00000, 0x00000000edd00000, 0x00000000edd00000|100%| E|CS|TAMS 0x00000000edc00000, 0x00000000edc00000| Complete 
| 221|0x00000000edd00000, 0x00000000ede00000, 0x00000000ede00000|100%| E|CS|TAMS 0x00000000edd00000, 0x00000000edd00000| Complete 
| 222|0x00000000ede00000, 0x00000000edf00000, 0x00000000edf00000|100%| E|CS|TAMS 0x00000000ede00000, 0x00000000ede00000| Complete 
| 223|0x00000000edf00000, 0x00000000ee000000, 0x00000000ee000000|100%| E|CS|TAMS 0x00000000edf00000, 0x00000000edf00000| Complete 
| 224|0x00000000ee000000, 0x00000000ee100000, 0x00000000ee100000|100%| E|CS|TAMS 0x00000000ee000000, 0x00000000ee000000| Complete 
| 225|0x00000000ee100000, 0x00000000ee200000, 0x00000000ee200000|100%| E|CS|TAMS 0x00000000ee100000, 0x00000000ee100000| Complete 
| 226|0x00000000ee200000, 0x00000000ee300000, 0x00000000ee300000|100%| E|CS|TAMS 0x00000000ee200000, 0x00000000ee200000| Complete 
| 227|0x00000000ee300000, 0x00000000ee400000, 0x00000000ee400000|100%| E|CS|TAMS 0x00000000ee300000, 0x00000000ee300000| Complete 
| 228|0x00000000ee400000, 0x00000000ee500000, 0x00000000ee500000|100%| E|CS|TAMS 0x00000000ee400000, 0x00000000ee400000| Complete 
| 229|0x00000000ee500000, 0x00000000ee600000, 0x00000000ee600000|100%| E|CS|TAMS 0x00000000ee500000, 0x00000000ee500000| Complete 
| 230|0x00000000ee600000, 0x00000000ee700000, 0x00000000ee700000|100%| E|CS|TAMS 0x00000000ee600000, 0x00000000ee600000| Complete 
| 231|0x00000000ee700000, 0x00000000ee800000, 0x00000000ee800000|100%| E|CS|TAMS 0x00000000ee700000, 0x00000000ee700000| Complete 
| 232|0x00000000ee800000, 0x00000000ee900000, 0x00000000ee900000|100%| S|CS|TAMS 0x00000000ee800000, 0x00000000ee800000| Complete 
| 233|0x00000000ee900000, 0x00000000eea00000, 0x00000000eea00000|100%| S|CS|TAMS 0x00000000ee900000, 0x00000000ee900000| Complete 
| 234|0x00000000eea00000, 0x00000000eeb00000, 0x00000000eeb00000|100%| S|CS|TAMS 0x00000000eea00000, 0x00000000eea00000| Complete 
| 235|0x00000000eeb00000, 0x00000000eec00000, 0x00000000eec00000|100%| E|CS|TAMS 0x00000000eeb00000, 0x00000000eeb00000| Complete 
| 236|0x00000000eec00000, 0x00000000eed00000, 0x00000000eed00000|100%| E|CS|TAMS 0x00000000eec00000, 0x00000000eec00000| Complete 
| 237|0x00000000eed00000, 0x00000000eee00000, 0x00000000eee00000|100%| E|CS|TAMS 0x00000000eed00000, 0x00000000eed00000| Complete 
| 238|0x00000000eee00000, 0x00000000eef00000, 0x00000000eef00000|100%| E|CS|TAMS 0x00000000eee00000, 0x00000000eee00000| Complete 
| 239|0x00000000eef00000, 0x00000000ef000000, 0x00000000ef000000|100%| E|CS|TAMS 0x00000000eef00000, 0x00000000eef00000| Complete 
| 240|0x00000000ef000000, 0x00000000ef100000, 0x00000000ef100000|100%| E|CS|TAMS 0x00000000ef000000, 0x00000000ef000000| Complete 
| 241|0x00000000ef100000, 0x00000000ef200000, 0x00000000ef200000|100%| E|CS|TAMS 0x00000000ef100000, 0x00000000ef100000| Complete 
| 242|0x00000000ef200000, 0x00000000ef300000, 0x00000000ef300000|100%| E|CS|TAMS 0x00000000ef200000, 0x00000000ef200000| Complete 
| 243|0x00000000ef300000, 0x00000000ef400000, 0x00000000ef400000|100%| E|CS|TAMS 0x00000000ef300000, 0x00000000ef300000| Complete 
| 244|0x00000000ef400000, 0x00000000ef500000, 0x00000000ef500000|100%| E|CS|TAMS 0x00000000ef400000, 0x00000000ef400000| Complete 
| 245|0x00000000ef500000, 0x00000000ef600000, 0x00000000ef600000|100%| E|CS|TAMS 0x00000000ef500000, 0x00000000ef500000| Complete 
| 246|0x00000000ef600000, 0x00000000ef700000, 0x00000000ef700000|100%| E|CS|TAMS 0x00000000ef600000, 0x00000000ef600000| Complete 
| 247|0x00000000ef700000, 0x00000000ef800000, 0x00000000ef800000|100%| E|CS|TAMS 0x00000000ef700000, 0x00000000ef700000| Complete 
| 248|0x00000000ef800000, 0x00000000ef900000, 0x00000000ef900000|100%| E|CS|TAMS 0x00000000ef800000, 0x00000000ef800000| Complete 
| 249|0x00000000ef900000, 0x00000000efa00000, 0x00000000efa00000|100%| E|CS|TAMS 0x00000000ef900000, 0x00000000ef900000| Complete 
| 250|0x00000000efa00000, 0x00000000efb00000, 0x00000000efb00000|100%| E|CS|TAMS 0x00000000efa00000, 0x00000000efa00000| Complete 
| 251|0x00000000efb00000, 0x00000000efc00000, 0x00000000efc00000|100%| E|CS|TAMS 0x00000000efb00000, 0x00000000efb00000| Complete 
| 252|0x00000000efc00000, 0x00000000efd00000, 0x00000000efd00000|100%| E|CS|TAMS 0x00000000efc00000, 0x00000000efc00000| Complete 
| 253|0x00000000efd00000, 0x00000000efe00000, 0x00000000efe00000|100%| E|CS|TAMS 0x00000000efd00000, 0x00000000efd00000| Complete 
| 254|0x00000000efe00000, 0x00000000eff00000, 0x00000000eff00000|100%| E|CS|TAMS 0x00000000efe00000, 0x00000000efe00000| Complete 
| 255|0x00000000eff00000, 0x00000000f0000000, 0x00000000f0000000|100%| E|CS|TAMS 0x00000000eff00000, 0x00000000eff00000| Complete 

Card table byte_map: [0x00000272345d0000,0x00000272346d0000] _byte_map_base: 0x0000027233ed0000

Marking Bits (Prev, Next): (CMBitMap*) 0x000002721dac3e90, (CMBitMap*) 0x000002721dac3ed0
 Prev Bits: [0x00000272347d0000, 0x0000027234fd0000)
 Next Bits: [0x0000027234fd0000, 0x00000272357d0000)

Polling page: 0x000002721ba50000

Metaspace:

Usage:
  Non-class:     11.41 MB used.
      Class:      1.83 MB used.
       Both:     13.23 MB used.

Virtual space:
  Non-class space:       64.00 MB reserved,      11.56 MB ( 18%) committed,  1 nodes.
      Class space:      320.00 MB reserved,       1.94 MB ( <1%) committed,  1 nodes.
             Both:      384.00 MB reserved,      13.50 MB (  4%) committed. 

Chunk freelists:
   Non-Class:  3.98 MB
       Class:  14.00 MB
        Both:  17.98 MB

MaxMetaspaceSize: 384.00 MB
CompressedClassSpaceSize: 320.00 MB
Initial GC threshold: 21.00 MB
Current GC threshold: 21.00 MB
CDS: on
MetaspaceReclaimPolicy: balanced
 - commit_granule_bytes: 65536.
 - commit_granule_words: 8192.
 - virtual_space_node_default_size: 8388608.
 - enlarge_chunks_in_place: 1.
 - new_chunks_are_fully_committed: 0.
 - uncommit_free_chunks: 1.
 - use_allocation_guard: 0.
 - handle_deallocations: 1.


Internal statistics:

num_allocs_failed_limit: 0.
num_arena_births: 166.
num_arena_deaths: 0.
num_vsnodes_births: 2.
num_vsnodes_deaths: 0.
num_space_committed: 216.
num_space_uncommitted: 0.
num_chunks_returned_to_freelist: 0.
num_chunks_taken_from_freelist: 565.
num_chunk_merges: 0.
num_chunk_splits: 389.
num_chunks_enlarged: 294.
num_inconsistent_stats: 0.

CodeHeap 'non-profiled nmethods': size=120000Kb used=1062Kb max_used=1062Kb free=118938Kb
 bounds [0x000002722d0a0000, 0x000002722d310000, 0x00000272345d0000]
CodeHeap 'profiled nmethods': size=120000Kb used=4672Kb max_used=4672Kb free=115327Kb
 bounds [0x00000272255d0000, 0x0000027225a70000, 0x000002722cb00000]
CodeHeap 'non-nmethods': size=5760Kb used=1217Kb max_used=1236Kb free=4542Kb
 bounds [0x000002722cb00000, 0x000002722cd70000, 0x000002722d0a0000]
 total_blobs=2796 nmethods=2274 adapters=434
 compilation: enabled
              stopped_count=0, restarted_count=0
 full_count=0

Compilation events (20 events):
Event: 3.242 Thread 0x0000027237dbbd20 nmethod 2243 0x0000027225a43d90 code [0x0000027225a43f80, 0x0000027225a443e8]
Event: 3.243 Thread 0x0000027237dbbd20 2244       3       java.lang.ClassLoader::createOrGetClassLoaderValueMap (37 bytes)
Event: 3.243 Thread 0x0000027237dbbd20 nmethod 2244 0x0000027225a44610 code [0x0000027225a447e0, 0x0000027225a44b68]
Event: 3.245 Thread 0x0000027237dbbd20 2246       3       org.gradle.internal.service.DefaultServiceRegistry$FactoryService::<init> (14 bytes)
Event: 3.245 Thread 0x0000027237dbbd20 nmethod 2246 0x0000027225a44c90 code [0x0000027225a44e40, 0x0000027225a44fe8]
Event: 3.245 Thread 0x0000027237dbbd20 2248       3       org.gradle.internal.service.DefaultServiceRegistry::validateImplementationForServiceTypes (84 bytes)
Event: 3.246 Thread 0x0000027237dbbd20 nmethod 2248 0x0000027225a45090 code [0x0000027225a453a0, 0x0000027225a465d8]
Event: 3.246 Thread 0x0000027237dbbd20 2247       3       org.gradle.internal.service.DefaultServiceRegistry::access$2700 (6 bytes)
Event: 3.246 Thread 0x0000027237dbbd20 nmethod 2247 0x0000027225a46c10 code [0x0000027225a46da0, 0x0000027225a46ea8]
Event: 3.259 Thread 0x0000027237dbbd20 2249       3       java.lang.Class::createAnnotationData (195 bytes)
Event: 3.261 Thread 0x0000027237dbbd20 nmethod 2249 0x0000027225a46f90 code [0x0000027225a47300, 0x0000027225a488d8]
Event: 3.261 Thread 0x0000027237dbbd20 2250       3       java.lang.Class$Atomic::casAnnotationData (13 bytes)
Event: 3.262 Thread 0x0000027237dbbd20 nmethod 2250 0x0000027225a48f90 code [0x0000027225a49120, 0x0000027225a49278]
Event: 3.265 Thread 0x0000027237dbbd20 2252       3       java.lang.reflect.Executable::getGenericParameterTypes (20 bytes)
Event: 3.266 Thread 0x0000027237dbbd20 nmethod 2252 0x0000027225a49310 code [0x0000027225a49520, 0x0000027225a49c68]
Event: 3.266 Thread 0x0000027237dbbd20 2253       3       java.lang.reflect.Method::getGenericReturnType (20 bytes)
Event: 3.267 Thread 0x0000027237dbbd20 nmethod 2253 0x0000027225a49e10 code [0x0000027225a4a0c0, 0x0000027225a4b1f8]
Event: 3.273 Thread 0x0000027237dbbd20 2254       3       java.lang.invoke.MethodHandleNatives::canBeCalledVirtual (50 bytes)
Event: 3.274 Thread 0x0000027237dbbd20 nmethod 2254 0x0000027225a4b710 code [0x0000027225a4b900, 0x0000027225a4bdc8]
Event: 3.274 Thread 0x0000027237dbbd20 2255       3       org.gradle.internal.service.RelevantMethods$RelevantMethodsBuilder::addMethod (260 bytes)

GC Heap History (4 events):
Event: 0.247 GC heap before
{Heap before GC invocations=0 (full 0):
 garbage-first heap   total 262144K, used 13312K [0x00000000e0000000, 0x0000000100000000)
  region size 1024K, 13 young (13312K), 0 survivors (0K)
 Metaspace       used 741K, committed 832K, reserved 393216K
  class space    used 61K, committed 128K, reserved 327680K
}
Event: 0.249 GC heap after
{Heap after GC invocations=1 (full 0):
 garbage-first heap   total 262144K, used 1280K [0x00000000e0000000, 0x0000000100000000)
  region size 1024K, 2 young (2048K), 2 survivors (2048K)
 Metaspace       used 741K, committed 832K, reserved 393216K
  class space    used 61K, committed 128K, reserved 327680K
}
Event: 1.119 GC heap before
{Heap before GC invocations=1 (full 0):
 garbage-first heap   total 262144K, used 22784K [0x00000000e0000000, 0x0000000100000000)
  region size 1024K, 21 young (21504K), 2 survivors (2048K)
 Metaspace       used 2823K, committed 2944K, reserved 393216K
  class space    used 324K, committed 384K, reserved 327680K
}
Event: 1.122 GC heap after
{Heap after GC invocations=2 (full 0):
 garbage-first heap   total 262144K, used 9805K [0x00000000e0000000, 0x0000000100000000)
  region size 1024K, 3 young (3072K), 3 survivors (3072K)
 Metaspace       used 2823K, committed 2944K, reserved 393216K
  class space    used 324K, committed 384K, reserved 327680K
}

Dll operation events (15 events):
Event: 0.012 Loaded shared library C:\Users\ASUS\.jdks\corretto-17.0.12\bin\java.dll
Event: 0.034 Loaded shared library C:\Users\ASUS\.jdks\corretto-17.0.12\bin\jsvml.dll
Event: 0.085 Loaded shared library C:\Users\ASUS\.jdks\corretto-17.0.12\bin\zip.dll
Event: 0.088 Loaded shared library C:\Users\ASUS\.jdks\corretto-17.0.12\bin\instrument.dll
Event: 0.093 Loaded shared library C:\Users\ASUS\.jdks\corretto-17.0.12\bin\net.dll
Event: 0.095 Loaded shared library C:\Users\ASUS\.jdks\corretto-17.0.12\bin\nio.dll
Event: 0.097 Loaded shared library C:\Users\ASUS\.jdks\corretto-17.0.12\bin\zip.dll
Event: 0.286 Loaded shared library C:\Users\ASUS\.jdks\corretto-17.0.12\bin\jimage.dll
Event: 0.816 Loaded shared library C:\Users\ASUS\.jdks\corretto-17.0.12\bin\verify.dll
Event: 1.083 Loaded shared library C:\Users\ASUS\.gradle\native\1def1411415f61bf3af743bc5b6707747c0891f09f0c88961ee8f79bc544acac\windows-amd64\native-platform.dll
Event: 1.095 Loaded shared library C:\Users\ASUS\.gradle\native\0.2.6\x86_64-windows-gnu\gradle-fileevents.dll
Event: 2.051 Loaded shared library C:\Users\ASUS\.jdks\corretto-17.0.12\bin\management.dll
Event: 2.058 Loaded shared library C:\Users\ASUS\.jdks\corretto-17.0.12\bin\management_ext.dll
Event: 2.318 Loaded shared library C:\Users\ASUS\.jdks\corretto-17.0.12\bin\extnet.dll
Event: 2.566 Loaded shared library C:\Users\ASUS\.jdks\corretto-17.0.12\bin\sunmscapi.dll

Deoptimization events (20 events):
Event: 2.707 Thread 0x0000027251d141c0 Uncommon trap: trap_request=0xffffffde fr.pc=0x000002722d190540 relative=0x0000000000000120
Event: 2.707 Thread 0x0000027251d141c0 Uncommon trap: reason=class_check action=maybe_recompile pc=0x000002722d190540 method=jdk.internal.misc.Unsafe.allocateUninitializedArray(Ljava/lang/Class;I)Ljava/lang/Object; @ 51 c2
Event: 2.707 Thread 0x0000027251d141c0 DEOPT PACKING pc=0x000002722d190540 sp=0x000000eb15cf8430
Event: 2.707 Thread 0x0000027251d141c0 DEOPT UNPACKING pc=0x000002722cb569a3 sp=0x000000eb15cf83b8 mode 2
Event: 2.708 Thread 0x0000027251d141c0 Uncommon trap: trap_request=0xffffffde fr.pc=0x000002722d190540 relative=0x0000000000000120
Event: 2.708 Thread 0x0000027251d141c0 Uncommon trap: reason=class_check action=maybe_recompile pc=0x000002722d190540 method=jdk.internal.misc.Unsafe.allocateUninitializedArray(Ljava/lang/Class;I)Ljava/lang/Object; @ 51 c2
Event: 2.708 Thread 0x0000027251d141c0 DEOPT PACKING pc=0x000002722d190540 sp=0x000000eb15cfa120
Event: 2.708 Thread 0x0000027251d141c0 DEOPT UNPACKING pc=0x000002722cb569a3 sp=0x000000eb15cfa0a8 mode 2
Event: 2.994 Thread 0x000002725185eaf0 Uncommon trap: trap_request=0xffffff45 fr.pc=0x000002722d1833c8 relative=0x0000000000000428
Event: 2.994 Thread 0x000002725185eaf0 Uncommon trap: reason=unstable_if action=reinterpret pc=0x000002722d1833c8 method=java.util.HashMap.getNode(Ljava/lang/Object;)Ljava/util/HashMap$Node; @ 66 c2
Event: 2.994 Thread 0x000002725185eaf0 DEOPT PACKING pc=0x000002722d1833c8 sp=0x000000eb15efc050
Event: 2.994 Thread 0x000002725185eaf0 DEOPT UNPACKING pc=0x000002722cb569a3 sp=0x000000eb15efbf90 mode 2
Event: 2.994 Thread 0x000002725185eaf0 Uncommon trap: trap_request=0xffffff45 fr.pc=0x000002722d0e8658 relative=0x0000000000000418
Event: 2.994 Thread 0x000002725185eaf0 Uncommon trap: reason=unstable_if action=reinterpret pc=0x000002722d0e8658 method=java.util.HashMap.getNode(Ljava/lang/Object;)Ljava/util/HashMap$Node; @ 66 c2
Event: 2.994 Thread 0x000002725185eaf0 DEOPT PACKING pc=0x000002722d0e8658 sp=0x000000eb15efc000
Event: 2.994 Thread 0x000002725185eaf0 DEOPT UNPACKING pc=0x000002722cb569a3 sp=0x000000eb15efbf90 mode 2
Event: 3.003 Thread 0x000002725185eaf0 Uncommon trap: trap_request=0xffffff45 fr.pc=0x000002722d131d00 relative=0x0000000000000260
Event: 3.003 Thread 0x000002725185eaf0 Uncommon trap: reason=unstable_if action=reinterpret pc=0x000002722d131d00 method=java.util.concurrent.ConcurrentHashMap.get(Ljava/lang/Object;)Ljava/lang/Object; @ 76 c2
Event: 3.003 Thread 0x000002725185eaf0 DEOPT PACKING pc=0x000002722d131d00 sp=0x000000eb15efb570
Event: 3.003 Thread 0x000002725185eaf0 DEOPT UNPACKING pc=0x000002722cb569a3 sp=0x000000eb15efb4e8 mode 2

Classes loaded (20 events):
Event: 3.006 Loading class java/util/stream/MatchOps$MatchOp
Event: 3.006 Loading class java/util/stream/MatchOps$MatchOp done
Event: 3.006 Loading class java/util/stream/MatchOps$BooleanTerminalSink
Event: 3.006 Loading class java/util/stream/MatchOps$BooleanTerminalSink done
Event: 3.006 Loading class java/util/stream/MatchOps$1MatchSink
Event: 3.007 Loading class java/util/stream/MatchOps$1MatchSink done
Event: 3.045 Loading class java/lang/TypeNotPresentException
Event: 3.045 Loading class java/lang/TypeNotPresentException done
Event: 3.070 Loading class java/lang/invoke/MethodHandle$1
Event: 3.071 Loading class java/lang/invoke/MethodHandle$1 done
Event: 3.098 Loading class java/util/ConcurrentModificationException
Event: 3.098 Loading class java/util/ConcurrentModificationException done
Event: 3.130 Loading class java/lang/management/MemoryType
Event: 3.130 Loading class java/lang/management/MemoryType done
Event: 3.130 Loading class java/lang/management/MemoryUsage
Event: 3.130 Loading class java/lang/management/MemoryUsage done
Event: 3.130 Loading class java/util/concurrent/LinkedBlockingDeque$Node
Event: 3.132 Loading class java/util/concurrent/LinkedBlockingDeque$Node done
Event: 3.137 Loading class sun/reflect/generics/scope/ConstructorScope
Event: 3.137 Loading class sun/reflect/generics/scope/ConstructorScope done

Classes unloaded (0 events):
No events

Classes redefined (0 events):
No events

Internal exceptions (20 events):
Event: 1.097 Thread 0x000002721da975c0 Exception <a 'java/lang/NoSuchMethodError'{0x00000000eeb62e18}: 'void java.lang.invoke.DirectMethodHandle$Holder.invokeInterface(java.lang.Object, java.lang.Object, java.lang.Object)'> (0x00000000eeb62e18) 
thrown [s\src\hotspot\share\interpreter\linkResolver.cpp, line 759]
Event: 1.144 Thread 0x000002721da975c0 Exception <a 'java/lang/NoSuchMethodError'{0x00000000efe0baa8}: 'int java.lang.invoke.DirectMethodHandle$Holder.invokeStatic(java.lang.Object)'> (0x00000000efe0baa8) 
thrown [s\src\hotspot\share\interpreter\linkResolver.cpp, line 759]
Event: 1.145 Thread 0x000002721da975c0 Exception <a 'java/lang/NoSuchMethodError'{0x00000000efe0ef58}: 'int java.lang.invoke.DirectMethodHandle$Holder.invokeStaticInit(java.lang.Object)'> (0x00000000efe0ef58) 
thrown [s\src\hotspot\share\interpreter\linkResolver.cpp, line 759]
Event: 2.048 Thread 0x000002721da975c0 Exception <a 'java/lang/NoSuchMethodError'{0x00000000eb266390}: 'java.lang.Object java.lang.invoke.DirectMethodHandle$Holder.invokeStaticInit(java.lang.Object)'> (0x00000000eb266390) 
thrown [s\src\hotspot\share\interpreter\linkResolver.cpp, line 759]
Event: 2.086 Thread 0x000002721da975c0 Exception <a 'java/lang/NoSuchMethodError'{0x00000000eb2ef988}: 'java.lang.Object java.lang.invoke.DirectMethodHandle$Holder.invokeInterface(java.lang.Object, java.lang.Object)'> (0x00000000eb2ef988) 
thrown [s\src\hotspot\share\interpreter\linkResolver.cpp, line 759]
Event: 2.322 Thread 0x000002721da975c0 Exception <a 'java/lang/NoSuchMethodError'{0x00000000eaecd9c8}: 'void java.lang.invoke.DirectMethodHandle$Holder.invokeStatic(java.lang.Object, java.lang.Object, java.lang.Object)'> (0x00000000eaecd9c8) 
thrown [s\src\hotspot\share\interpreter\linkResolver.cpp, line 759]
Event: 2.378 Thread 0x000002721da975c0 Exception <a 'java/lang/NoSuchMethodError'{0x00000000eab5bec8}: 'java.lang.Object java.lang.invoke.DirectMethodHandle$Holder.invokeStaticInit(java.lang.Object, int, int, int, int)'> (0x00000000eab5bec8) 
thrown [s\src\hotspot\share\interpreter\linkResolver.cpp, line 759]
Event: 2.442 Thread 0x000002721da975c0 Exception <a 'java/lang/NoSuchMethodError'{0x00000000eabafef8}: 'java.lang.Object java.lang.invoke.DirectMethodHandle$Holder.invokeStaticInit(java.lang.Object, java.lang.Object, int, int, int, int)'> (0x00000000eabafef8) 
thrown [s\src\hotspot\share\interpreter\linkResolver.cpp, line 759]
Event: 2.536 Thread 0x000002721da975c0 Exception <a 'java/io/IOException'{0x00000000ea8c5288}> (0x00000000ea8c5288) 
thrown [s\src\hotspot\share\prims\jni.cpp, line 516]
Event: 2.554 Thread 0x000002721da975c0 Implicit null exception at 0x000002722d112ad5 to 0x000002722d1130e0
Event: 2.560 Thread 0x000002721da975c0 Exception <a 'java/lang/NoSuchMethodError'{0x00000000ea72bc50}: 'java.lang.Object java.lang.invoke.DirectMethodHandle$Holder.newInvokeSpecial(java.lang.Object, java.lang.Object, java.lang.Object, java.lang.Object, java.lang.Object)'> (0x00000000ea72bc50) 
thrown [s\src\hotspot\share\interpreter\linkResolver.cpp, line 759]
Event: 2.764 Thread 0x0000027252afbac0 Exception <a 'java/lang/NoSuchMethodError'{0x00000000ea57e920}: 'void java.lang.invoke.DirectMethodHandle$Holder.invokeSpecial(java.lang.Object, java.lang.Object, java.lang.Object)'> (0x00000000ea57e920) 
thrown [s\src\hotspot\share\interpreter\linkResolver.cpp, line 759]
Event: 2.872 Thread 0x000002725185eaf0 Exception <a 'java/lang/NoSuchMethodError'{0x00000000e9fda408}: 'long java.lang.invoke.DirectMethodHandle$Holder.invokeInterface(java.lang.Object, java.lang.Object)'> (0x00000000e9fda408) 
thrown [s\src\hotspot\share\interpreter\linkResolver.cpp, line 759]
Event: 2.963 Thread 0x000002725185eaf0 Exception <a 'java/lang/NoSuchMethodError'{0x00000000e9a5ad18}: 'void java.lang.invoke.DirectMethodHandle$Holder.invokeStatic(java.lang.Object, java.lang.Object)'> (0x00000000e9a5ad18) 
thrown [s\src\hotspot\share\interpreter\linkResolver.cpp, line 759]
Event: 3.009 Thread 0x000002725185eaf0 Exception <a 'java/lang/NoSuchMethodError'{0x00000000e9876788}: 'int java.lang.invoke.DirectMethodHandle$Holder.invokeVirtual(java.lang.Object, java.lang.Object, java.lang.Object)'> (0x00000000e9876788) 
thrown [s\src\hotspot\share\interpreter\linkResolver.cpp, line 759]
Event: 3.073 Thread 0x000002725185eaf0 Exception <a 'java/lang/NoSuchMethodError'{0x00000000e950b5a8}: 'java.lang.Object java.lang.invoke.DirectMethodHandle$Holder.newInvokeSpecial(java.lang.Object, java.lang.Object, java.lang.Object, java.lang.Object, java.lang.Object, java.lang.Object)'> (0x00000000e950b5a8) 
thrown [s\src\hotspot\share\interpreter\linkResolver.cpp, line 759]
Event: 3.164 Thread 0x000002725185eaf0 Exception <a 'java/lang/NoSuchMethodError'{0x00000000e9216190}: 'void java.lang.invoke.DelegatingMethodHandle$Holder.reinvoke_L(java.lang.Object, java.lang.Object, java.lang.Object, java.lang.Object, java.lang.Object, java.lang.Object, java.lang.Object, java.lang.Object, java.lang.Object, java.lang.Object)'> (0x00000000e9216190) 
thrown [s\src\hotspot\share\interpreter\linkResolver.cpp, line 759]
Event: 3.165 Thread 0x000002725185eaf0 Exception <a 'java/lang/NoSuchMethodError'{0x00000000e921e600}: 'java.lang.Object java.lang.invoke.DirectMethodHandle$Holder.invokeSpecial(java.lang.Object, java.lang.Object, java.lang.Object, java.lang.Object, java.lang.Object, java.lang.Object, java.lang.Object, java.lang.Object, java.lang.Object, java.lang.Object)'> (0x00000000e921e600) 
thrown [s\src\hotspot\share\interpreter\linkResolver.cpp, line 759]
Event: 3.166 Thread 0x000002725185eaf0 Exception <a 'java/lang/NoSuchMethodError'{0x00000000e9222ed0}: 'java.lang.Object java.lang.invoke.Invokers$Holder.invoker(java.lang.Object, java.lang.Object, java.lang.Object, java.lang.Object, java.lang.Object, java.lang.Object, java.lang.Object, java.lang.Object, java.lang.Object, java.lang.Object)'> (0x00000000e9222ed0) 
thrown [s\src\hotspot\share\interpreter\linkResolver.cpp, line 759]
Event: 3.167 Thread 0x000002725185eaf0 Exception <a 'java/lang/NoSuchMethodError'{0x00000000e9228a58}: 'java.lang.Object java.lang.invoke.DirectMethodHandle$Holder.invokeSpecial(java.lang.Object, java.lang.Object, java.lang.Object, java.lang.Object, java.lang.Object, java.lang.Object, java.lang.Object, java.lang.Object, java.lang.Object, java.lang.Object, java.lang.Object)'> (0x00000000e9228a58) 
thrown [s\src\hotspot\share\interpreter\linkResolver.cpp, line 759]

VM Operations (20 events):
Event: 2.013 Executing VM operation: HandshakeAllThreads
Event: 2.013 Executing VM operation: HandshakeAllThreads done
Event: 2.015 Executing VM operation: HandshakeAllThreads
Event: 2.015 Executing VM operation: HandshakeAllThreads done
Event: 2.083 Executing VM operation: HandshakeAllThreads
Event: 2.083 Executing VM operation: HandshakeAllThreads done
Event: 2.132 Executing VM operation: HandshakeAllThreads
Event: 2.132 Executing VM operation: HandshakeAllThreads done
Event: 2.132 Executing VM operation: Cleanup
Event: 2.132 Executing VM operation: Cleanup done
Event: 2.308 Executing VM operation: HandshakeAllThreads
Event: 2.308 Executing VM operation: HandshakeAllThreads done
Event: 2.358 Executing VM operation: HandshakeAllThreads
Event: 2.358 Executing VM operation: HandshakeAllThreads done
Event: 2.390 Executing VM operation: HandshakeAllThreads
Event: 2.390 Executing VM operation: HandshakeAllThreads done
Event: 2.440 Executing VM operation: HandshakeAllThreads
Event: 2.440 Executing VM operation: HandshakeAllThreads done
Event: 2.591 Executing VM operation: HandshakeAllThreads
Event: 2.591 Executing VM operation: HandshakeAllThreads done

Events (20 events):
Event: 0.045 Thread 0x0000027237da28d0 Thread added: 0x0000027237da28d0
Event: 0.046 Thread 0x0000027237da31a0 Thread added: 0x0000027237da31a0
Event: 0.046 Thread 0x0000027237da4a80 Thread added: 0x0000027237da4a80
Event: 0.046 Thread 0x0000027237da8360 Thread added: 0x0000027237da8360
Event: 0.046 Thread 0x0000027237dbbd20 Thread added: 0x0000027237dbbd20
Event: 0.046 Thread 0x0000027237dce850 Thread added: 0x0000027237dce850
Event: 0.061 Thread 0x00000272511092a0 Thread added: 0x00000272511092a0
Event: 0.104 Thread 0x000002725119bb70 Thread added: 0x000002725119bb70
Event: 0.944 Thread 0x00000272519a3bf0 Thread added: 0x00000272519a3bf0
Event: 2.108 Thread 0x0000027252343310 Thread added: 0x0000027252343310
Event: 2.449 Thread 0x00000272519a3bf0 Thread exited: 0x00000272519a3bf0
Event: 2.455 Thread 0x00000272519a3bf0 Thread added: 0x00000272519a3bf0
Event: 2.571 Thread 0x00000272519183f0 Thread added: 0x00000272519183f0
Event: 2.659 Thread 0x0000027252afbac0 Thread added: 0x0000027252afbac0
Event: 2.666 Thread 0x0000027251d141c0 Thread added: 0x0000027251d141c0
Event: 2.749 Thread 0x000002725185cc90 Thread added: 0x000002725185cc90
Event: 2.766 Thread 0x000002725185eaf0 Thread added: 0x000002725185eaf0
Event: 2.813 Thread 0x000002725185d6b0 Thread added: 0x000002725185d6b0
Event: 2.818 Thread 0x000002725185f510 Thread added: 0x000002725185f510
Event: 2.820 Thread 0x000002725185fa20 Thread added: 0x000002725185fa20


Dynamic libraries:
0x00007ff6fb2d0000 - 0x00007ff6fb2de000 	C:\Users\ASUS\.jdks\corretto-17.0.12\bin\java.exe
0x00007ffd493f0000 - 0x00007ffd495e8000 	C:\Windows\SYSTEM32\ntdll.dll
0x00007ffd483d0000 - 0x00007ffd4848f000 	C:\Windows\System32\KERNEL32.DLL
0x00007ffd46f30000 - 0x00007ffd47202000 	C:\Windows\System32\KERNELBASE.dll
0x00007ffd46b30000 - 0x00007ffd46c30000 	C:\Windows\System32\ucrtbase.dll
0x00007ffd428b0000 - 0x00007ffd428cb000 	C:\Users\ASUS\.jdks\corretto-17.0.12\bin\VCRUNTIME140.dll
0x00007ffd423a0000 - 0x00007ffd423b7000 	C:\Users\ASUS\.jdks\corretto-17.0.12\bin\jli.dll
0x00007ffd48670000 - 0x00007ffd48811000 	C:\Windows\System32\USER32.dll
0x00007ffd47210000 - 0x00007ffd47232000 	C:\Windows\System32\win32u.dll
0x00007ffd34700000 - 0x00007ffd3499a000 	C:\Windows\WinSxS\amd64_microsoft.windows.common-controls_6595b64144ccf1df_6.0.19041.1110_none_60b5254171f9507e\COMCTL32.dll
0x00007ffd47ce0000 - 0x00007ffd47d0b000 	C:\Windows\System32\GDI32.dll
0x00007ffd47d10000 - 0x00007ffd47dae000 	C:\Windows\System32\msvcrt.dll
0x00007ffd46d80000 - 0x00007ffd46e8f000 	C:\Windows\System32\gdi32full.dll
0x00007ffd46e90000 - 0x00007ffd46f2d000 	C:\Windows\System32\msvcp_win.dll
0x00007ffd47430000 - 0x00007ffd47462000 	C:\Windows\System32\IMM32.DLL
0x00007ffd42940000 - 0x00007ffd4294c000 	C:\Users\ASUS\.jdks\corretto-17.0.12\bin\vcruntime140_1.dll
0x00007ffd194f0000 - 0x00007ffd1957d000 	C:\Users\ASUS\.jdks\corretto-17.0.12\bin\msvcp140.dll
0x00007ffd02a20000 - 0x00007ffd0368a000 	C:\Users\ASUS\.jdks\corretto-17.0.12\bin\server\jvm.dll
0x00007ffd482c0000 - 0x00007ffd4836e000 	C:\Windows\System32\ADVAPI32.dll
0x00007ffd47c30000 - 0x00007ffd47ccc000 	C:\Windows\System32\sechost.dll
0x00007ffd48490000 - 0x00007ffd485b5000 	C:\Windows\System32\RPCRT4.dll
0x00007ffd47db0000 - 0x00007ffd47e1b000 	C:\Windows\System32\WS2_32.dll
0x00007ffd460b0000 - 0x00007ffd460fb000 	C:\Windows\SYSTEM32\POWRPROF.dll
0x00007ffd40e40000 - 0x00007ffd40e4a000 	C:\Windows\SYSTEM32\VERSION.dll
0x00007ffd3dce0000 - 0x00007ffd3dd07000 	C:\Windows\SYSTEM32\WINMM.dll
0x00007ffd45f20000 - 0x00007ffd45f32000 	C:\Windows\SYSTEM32\UMPDC.dll
0x00007ffd449a0000 - 0x00007ffd449b2000 	C:\Windows\SYSTEM32\kernel.appcore.dll
0x00007ffd3fb70000 - 0x00007ffd3fb7a000 	C:\Users\ASUS\.jdks\corretto-17.0.12\bin\jimage.dll
0x00007ffd31310000 - 0x00007ffd314f4000 	C:\Windows\SYSTEM32\DBGHELP.DLL
0x00007ffd30510000 - 0x00007ffd30545000 	C:\Windows\SYSTEM32\dbgcore.DLL
0x00007ffd473a0000 - 0x00007ffd47422000 	C:\Windows\System32\bcryptPrimitives.dll
0x00007ffd33550000 - 0x00007ffd3355e000 	C:\Users\ASUS\.jdks\corretto-17.0.12\bin\instrument.dll
0x00007ffd27750000 - 0x00007ffd27775000 	C:\Users\ASUS\.jdks\corretto-17.0.12\bin\java.dll
0x00007ffd18af0000 - 0x00007ffd18bc7000 	C:\Users\ASUS\.jdks\corretto-17.0.12\bin\jsvml.dll
0x00007ffd48b40000 - 0x00007ffd49285000 	C:\Windows\System32\SHELL32.dll
0x00007ffd44ba0000 - 0x00007ffd45332000 	C:\Windows\SYSTEM32\windows.storage.dll
0x00007ffd47e20000 - 0x00007ffd48175000 	C:\Windows\System32\combase.dll
0x00007ffd46540000 - 0x00007ffd46570000 	C:\Windows\SYSTEM32\Wldp.dll
0x00007ffd485c0000 - 0x00007ffd4866d000 	C:\Windows\System32\SHCORE.dll
0x00007ffd48370000 - 0x00007ffd483c5000 	C:\Windows\System32\shlwapi.dll
0x00007ffd46a20000 - 0x00007ffd46a3f000 	C:\Windows\SYSTEM32\profapi.dll
0x00007ffd33530000 - 0x00007ffd33548000 	C:\Users\ASUS\.jdks\corretto-17.0.12\bin\zip.dll
0x00007ffd2c9e0000 - 0x00007ffd2c9f9000 	C:\Users\ASUS\.jdks\corretto-17.0.12\bin\net.dll
0x00007ffd3eca0000 - 0x00007ffd3edac000 	C:\Windows\SYSTEM32\WINHTTP.dll
0x00007ffd462a0000 - 0x00007ffd4630a000 	C:\Windows\system32\mswsock.dll
0x00007ffd28b60000 - 0x00007ffd28b76000 	C:\Users\ASUS\.jdks\corretto-17.0.12\bin\nio.dll
0x00007ffd2c980000 - 0x00007ffd2c990000 	C:\Users\ASUS\.jdks\corretto-17.0.12\bin\verify.dll
0x00007ffd3fab0000 - 0x00007ffd3fad7000 	C:\Users\ASUS\.gradle\native\1def1411415f61bf3af743bc5b6707747c0891f09f0c88961ee8f79bc544acac\windows-amd64\native-platform.dll
0x00007ffd177a0000 - 0x00007ffd17818000 	C:\Users\ASUS\.gradle\native\0.2.6\x86_64-windows-gnu\gradle-fileevents.dll
0x00007ffd2b9f0000 - 0x00007ffd2b9f9000 	C:\Users\ASUS\.jdks\corretto-17.0.12\bin\management.dll
0x00007ffd28b10000 - 0x00007ffd28b1b000 	C:\Users\ASUS\.jdks\corretto-17.0.12\bin\management_ext.dll
0x00007ffd48ad0000 - 0x00007ffd48ad8000 	C:\Windows\System32\PSAPI.DLL
0x00007ffd45f40000 - 0x00007ffd45f7b000 	C:\Windows\SYSTEM32\IPHLPAPI.DLL
0x00007ffd47cd0000 - 0x00007ffd47cd8000 	C:\Windows\System32\NSI.dll
0x00007ffd3fe30000 - 0x00007ffd3fe47000 	C:\Windows\SYSTEM32\dhcpcsvc6.DLL
0x00007ffd40360000 - 0x00007ffd4037d000 	C:\Windows\SYSTEM32\dhcpcsvc.DLL
0x00007ffd45f80000 - 0x00007ffd4604b000 	C:\Windows\SYSTEM32\DNSAPI.dll
0x00007ffd28210000 - 0x00007ffd28219000 	C:\Users\ASUS\.jdks\corretto-17.0.12\bin\extnet.dll
0x00007ffd46490000 - 0x00007ffd464a8000 	C:\Windows\SYSTEM32\CRYPTSP.dll
0x00007ffd45b50000 - 0x00007ffd45b84000 	C:\Windows\system32\rsaenh.dll
0x00007ffd46c30000 - 0x00007ffd46c57000 	C:\Windows\System32\bcrypt.dll
0x00007ffd469e0000 - 0x00007ffd46a0e000 	C:\Windows\SYSTEM32\USERENV.dll
0x00007ffd464b0000 - 0x00007ffd464bc000 	C:\Windows\SYSTEM32\CRYPTBASE.dll
0x00007ffd27190000 - 0x00007ffd2719e000 	C:\Users\ASUS\.jdks\corretto-17.0.12\bin\sunmscapi.dll
0x00007ffd47240000 - 0x00007ffd47396000 	C:\Windows\System32\CRYPT32.dll
0x00007ffd465b0000 - 0x00007ffd465d7000 	C:\Windows\SYSTEM32\ncrypt.dll
0x00007ffd46570000 - 0x00007ffd465ab000 	C:\Windows\SYSTEM32\NTASN1.dll
0x00007ffd339d0000 - 0x00007ffd339d7000 	C:\Windows\system32\wshunix.dll

dbghelp: loaded successfully - version: 4.0.5 - missing functions: none
symbol engine: initialized successfully - sym options: 0x614 - pdb path: .;C:\Users\ASUS\.jdks\corretto-17.0.12\bin;C:\Windows\SYSTEM32;C:\Windows\WinSxS\amd64_microsoft.windows.common-controls_6595b64144ccf1df_6.0.19041.1110_none_60b5254171f9507e;C:\Users\ASUS\.jdks\corretto-17.0.12\bin\server;C:\Users\ASUS\.gradle\native\1def1411415f61bf3af743bc5b6707747c0891f09f0c88961ee8f79bc544acac\windows-amd64;C:\Users\ASUS\.gradle\native\0.2.6\x86_64-windows-gnu

VM Arguments:
jvm_args: --add-opens=java.base/java.lang=ALL-UNNAMED --add-opens=java.base/java.lang.invoke=ALL-UNNAMED --add-opens=java.base/java.util=ALL-UNNAMED --add-opens=java.prefs/java.util.prefs=ALL-UNNAMED --add-exports=jdk.compiler/com.sun.tools.javac.api=ALL-UNNAMED --add-exports=jdk.compiler/com.sun.tools.javac.util=ALL-UNNAMED --add-opens=java.base/java.util=ALL-UNNAMED --add-opens=java.prefs/java.util.prefs=ALL-UNNAMED --add-opens=java.base/java.nio.charset=ALL-UNNAMED --add-opens=java.base/java.net=ALL-UNNAMED --add-opens=java.base/java.util.concurrent.atomic=ALL-UNNAMED --add-opens=java.xml/javax.xml.namespace=ALL-UNNAMED -XX:MaxMetaspaceSize=384m -XX:+HeapDumpOnOutOfMemoryError -Xms256m -Xmx512m -Dfile.encoding=windows-1252 -Duser.country=US -Duser.language=en -Duser.variant -javaagent:C:\Users\ASUS\.gradle\wrapper\dists\gradle-8.12.1-bin\eumc4uhoysa37zql93vfjkxy0\gradle-8.12.1\lib\agents\gradle-instrumentation-agent-8.12.1.jar 
java_command: org.gradle.launcher.daemon.bootstrap.GradleDaemon 8.12.1
java_class_path (initial): C:\Users\ASUS\.gradle\wrapper\dists\gradle-8.12.1-bin\eumc4uhoysa37zql93vfjkxy0\gradle-8.12.1\lib\gradle-daemon-main-8.12.1.jar
Launcher Type: SUN_STANDARD

[Global flags]
     intx CICompilerCount                          = 3                                         {product} {ergonomic}
   size_t CompressedClassSpaceSize                 = 335544320                                 {product} {ergonomic}
     uint ConcGCThreads                            = 1                                         {product} {ergonomic}
     uint G1ConcRefinementThreads                  = 4                                         {product} {ergonomic}
   size_t G1HeapRegionSize                         = 1048576                                   {product} {ergonomic}
    uintx GCDrainStackTargetSize                   = 64                                        {product} {ergonomic}
     bool HeapDumpOnOutOfMemoryError               = true                                   {manageable} {command line}
   size_t InitialHeapSize                          = 268435456                                 {product} {command line}
   size_t MarkStackSize                            = 4194304                                   {product} {ergonomic}
   size_t MaxHeapSize                              = 536870912                                 {product} {command line}
   size_t MaxMetaspaceSize                         = 402653184                                 {product} {command line}
   size_t MaxNewSize                               = 321912832                                 {product} {ergonomic}
   size_t MinHeapDeltaBytes                        = 1048576                                   {product} {ergonomic}
   size_t MinHeapSize                              = 268435456                                 {product} {command line}
    uintx NonNMethodCodeHeapSize                   = 5832780                                {pd product} {ergonomic}
    uintx NonProfiledCodeHeapSize                  = 122912730                              {pd product} {ergonomic}
    uintx ProfiledCodeHeapSize                     = 122912730                              {pd product} {ergonomic}
    uintx ReservedCodeCacheSize                    = 251658240                              {pd product} {ergonomic}
     bool SegmentedCodeCache                       = true                                      {product} {ergonomic}
   size_t SoftMaxHeapSize                          = 536870912                              {manageable} {ergonomic}
     bool UseCompressedClassPointers               = true                           {product lp64_product} {ergonomic}
     bool UseCompressedOops                        = true                           {product lp64_product} {ergonomic}
     bool UseG1GC                                  = true                                      {product} {ergonomic}
     bool UseLargePagesIndividualAllocation        = false                                  {pd product} {ergonomic}

Logging:
Log output configuration:
 #0: stdout all=warning uptime,level,tags
 #1: stderr all=off uptime,level,tags

Environment Variables:
PATH=C:\Python313\Scripts\;C:\Python313\;C:\Windows\system32;C:\Windows;C:\Windows\System32\Wbem;C:\Windows\System32\WindowsPowerShell\v1.0\;C:\Windows\System32\OpenSSH\;C:\Program Files\Git\cmd;C:\ProgramData\chocolatey\bin;C:\Users\ASUS\AppData\Local\nvm;C:\nvm4w\nodejs;D:\JAVA FULL STACK\;C:\Program Files\MySQL\MySQL Shell 8.0\bin\;C:\Users\ASUS\AppData\Local\Microsoft\WindowsApps;D:\WebStorm 2024.1.5\bin;;C:\Users\ASUS\AppData\Local\nvm;C:\nvm4w\nodejs;C:\Users\ASUS\AppData\Roaming\npm
USERNAME=ASUS
OS=Windows_NT
PROCESSOR_IDENTIFIER=Intel64 Family 6 Model 158 Stepping 9, GenuineIntel
TMP=C:\Users\ASUS\AppData\Local\Temp
TEMP=C:\Users\ASUS\AppData\Local\Temp



Periodic native trim disabled


---------------  S Y S T E M  ---------------

OS:
 Windows 10 , 64 bit Build 19041 (10.0.19041.2546)
OS uptime: 1 days 10:12 hours

CPU: total 4 (initial active 4) (4 cores per cpu, 1 threads per core) family 6 model 158 stepping 9 microcode 0xb4, cx8, cmov, fxsr, mmx, 3dnowpref, sse, sse2, sse3, ssse3, sse4.1, sse4.2, popcnt, lzcnt, tsc, tscinvbit, avx, avx2, aes, erms, clmul, bmi1, bmi2, adx, fma, vzeroupper, clflush, clflushopt
Processor Information for all 4 processors :
  Max Mhz: 2501, Current Mhz: 2501, Mhz Limit: 2501

Memory: 4k page, system-wide physical 8076M (364M free)
TotalPageFile size 16542M (AvailPageFile size 1M)
current process WorkingSet (physical memory assigned to process): 205M, peak: 205M
current process commit charge ("private bytes"): 383M, peak: 384M

vm_info: OpenJDK 64-Bit Server VM (17.0.12+7-LTS) for windows-amd64 JRE (17.0.12+7-LTS), built on Jul 10 2024 20:46:33 by "Administrator" with MS VC++ 16.10 / 16.11 (VS2019)

END.
